[2024-10-13T08:25:19.155+0000] {processor.py:186} INFO - Started process (PID=84) to work on /home/airflow/.local/lib/python3.12/site-packages/airflow/example_dags/example_branch_python_dop_operator_3.py
[2024-10-13T08:25:19.156+0000] {processor.py:914} INFO - Processing file /home/airflow/.local/lib/python3.12/site-packages/airflow/example_dags/example_branch_python_dop_operator_3.py for tasks to queue
[2024-10-13T08:25:19.159+0000] {logging_mixin.py:190} INFO - [2024-10-13T08:25:19.158+0000] {dagbag.py:588} INFO - Filling up the DagBag from /home/airflow/.local/lib/python3.12/site-packages/airflow/example_dags/example_branch_python_dop_operator_3.py
[2024-10-13T08:25:19.172+0000] {processor.py:925} INFO - DAG(s) 'example_branch_dop_operator_v3' retrieved from /home/airflow/.local/lib/python3.12/site-packages/airflow/example_dags/example_branch_python_dop_operator_3.py
[2024-10-13T08:25:19.206+0000] {logging_mixin.py:190} INFO - [2024-10-13T08:25:19.205+0000] {dag.py:3239} INFO - Sync 1 DAGs
[2024-10-13T08:25:19.237+0000] {logging_mixin.py:190} INFO - [2024-10-13T08:25:19.237+0000] {dag.py:4180} INFO - Setting next_dagrun for example_branch_dop_operator_v3 to 2024-10-13 08:24:00+00:00, run_after=2024-10-13 08:25:00+00:00
[2024-10-13T08:25:19.262+0000] {processor.py:208} INFO - Processing /home/airflow/.local/lib/python3.12/site-packages/airflow/example_dags/example_branch_python_dop_operator_3.py took 0.114 seconds
[2024-10-13T08:25:49.756+0000] {processor.py:186} INFO - Started process (PID=147) to work on /home/airflow/.local/lib/python3.12/site-packages/airflow/example_dags/example_branch_python_dop_operator_3.py
[2024-10-13T08:25:49.757+0000] {processor.py:914} INFO - Processing file /home/airflow/.local/lib/python3.12/site-packages/airflow/example_dags/example_branch_python_dop_operator_3.py for tasks to queue
[2024-10-13T08:25:49.760+0000] {logging_mixin.py:190} INFO - [2024-10-13T08:25:49.760+0000] {dagbag.py:588} INFO - Filling up the DagBag from /home/airflow/.local/lib/python3.12/site-packages/airflow/example_dags/example_branch_python_dop_operator_3.py
[2024-10-13T08:25:49.774+0000] {processor.py:925} INFO - DAG(s) 'example_branch_dop_operator_v3' retrieved from /home/airflow/.local/lib/python3.12/site-packages/airflow/example_dags/example_branch_python_dop_operator_3.py
[2024-10-13T08:25:49.809+0000] {logging_mixin.py:190} INFO - [2024-10-13T08:25:49.808+0000] {dag.py:3239} INFO - Sync 1 DAGs
[2024-10-13T08:25:49.853+0000] {logging_mixin.py:190} INFO - [2024-10-13T08:25:49.853+0000] {dag.py:4180} INFO - Setting next_dagrun for example_branch_dop_operator_v3 to 2024-10-13 08:24:00+00:00, run_after=2024-10-13 08:25:00+00:00
[2024-10-13T08:25:49.876+0000] {processor.py:208} INFO - Processing /home/airflow/.local/lib/python3.12/site-packages/airflow/example_dags/example_branch_python_dop_operator_3.py took 0.127 seconds
[2024-10-13T08:26:20.074+0000] {processor.py:186} INFO - Started process (PID=210) to work on /home/airflow/.local/lib/python3.12/site-packages/airflow/example_dags/example_branch_python_dop_operator_3.py
[2024-10-13T08:26:20.075+0000] {processor.py:914} INFO - Processing file /home/airflow/.local/lib/python3.12/site-packages/airflow/example_dags/example_branch_python_dop_operator_3.py for tasks to queue
[2024-10-13T08:26:20.077+0000] {logging_mixin.py:190} INFO - [2024-10-13T08:26:20.077+0000] {dagbag.py:588} INFO - Filling up the DagBag from /home/airflow/.local/lib/python3.12/site-packages/airflow/example_dags/example_branch_python_dop_operator_3.py
[2024-10-13T08:26:20.086+0000] {processor.py:925} INFO - DAG(s) 'example_branch_dop_operator_v3' retrieved from /home/airflow/.local/lib/python3.12/site-packages/airflow/example_dags/example_branch_python_dop_operator_3.py
[2024-10-13T08:26:20.103+0000] {logging_mixin.py:190} INFO - [2024-10-13T08:26:20.103+0000] {dag.py:3239} INFO - Sync 1 DAGs
[2024-10-13T08:26:20.130+0000] {logging_mixin.py:190} INFO - [2024-10-13T08:26:20.129+0000] {dag.py:4180} INFO - Setting next_dagrun for example_branch_dop_operator_v3 to 2024-10-13 08:25:00+00:00, run_after=2024-10-13 08:26:00+00:00
[2024-10-13T08:26:20.150+0000] {processor.py:208} INFO - Processing /home/airflow/.local/lib/python3.12/site-packages/airflow/example_dags/example_branch_python_dop_operator_3.py took 0.081 seconds
[2024-10-13T08:26:50.462+0000] {processor.py:186} INFO - Started process (PID=273) to work on /home/airflow/.local/lib/python3.12/site-packages/airflow/example_dags/example_branch_python_dop_operator_3.py
[2024-10-13T08:26:50.463+0000] {processor.py:914} INFO - Processing file /home/airflow/.local/lib/python3.12/site-packages/airflow/example_dags/example_branch_python_dop_operator_3.py for tasks to queue
[2024-10-13T08:26:50.465+0000] {logging_mixin.py:190} INFO - [2024-10-13T08:26:50.465+0000] {dagbag.py:588} INFO - Filling up the DagBag from /home/airflow/.local/lib/python3.12/site-packages/airflow/example_dags/example_branch_python_dop_operator_3.py
[2024-10-13T08:26:50.475+0000] {processor.py:925} INFO - DAG(s) 'example_branch_dop_operator_v3' retrieved from /home/airflow/.local/lib/python3.12/site-packages/airflow/example_dags/example_branch_python_dop_operator_3.py
[2024-10-13T08:26:50.492+0000] {logging_mixin.py:190} INFO - [2024-10-13T08:26:50.492+0000] {dag.py:3239} INFO - Sync 1 DAGs
[2024-10-13T08:26:50.517+0000] {logging_mixin.py:190} INFO - [2024-10-13T08:26:50.517+0000] {dag.py:4180} INFO - Setting next_dagrun for example_branch_dop_operator_v3 to 2024-10-13 08:25:00+00:00, run_after=2024-10-13 08:26:00+00:00
[2024-10-13T08:26:50.535+0000] {processor.py:208} INFO - Processing /home/airflow/.local/lib/python3.12/site-packages/airflow/example_dags/example_branch_python_dop_operator_3.py took 0.079 seconds
[2024-10-13T08:27:21.116+0000] {processor.py:186} INFO - Started process (PID=336) to work on /home/airflow/.local/lib/python3.12/site-packages/airflow/example_dags/example_branch_python_dop_operator_3.py
[2024-10-13T08:27:21.117+0000] {processor.py:914} INFO - Processing file /home/airflow/.local/lib/python3.12/site-packages/airflow/example_dags/example_branch_python_dop_operator_3.py for tasks to queue
[2024-10-13T08:27:21.120+0000] {logging_mixin.py:190} INFO - [2024-10-13T08:27:21.119+0000] {dagbag.py:588} INFO - Filling up the DagBag from /home/airflow/.local/lib/python3.12/site-packages/airflow/example_dags/example_branch_python_dop_operator_3.py
[2024-10-13T08:27:21.131+0000] {processor.py:925} INFO - DAG(s) 'example_branch_dop_operator_v3' retrieved from /home/airflow/.local/lib/python3.12/site-packages/airflow/example_dags/example_branch_python_dop_operator_3.py
[2024-10-13T08:27:21.150+0000] {logging_mixin.py:190} INFO - [2024-10-13T08:27:21.150+0000] {dag.py:3239} INFO - Sync 1 DAGs
[2024-10-13T08:27:21.179+0000] {logging_mixin.py:190} INFO - [2024-10-13T08:27:21.179+0000] {dag.py:4180} INFO - Setting next_dagrun for example_branch_dop_operator_v3 to 2024-10-13 08:26:00+00:00, run_after=2024-10-13 08:27:00+00:00
[2024-10-13T08:27:21.202+0000] {processor.py:208} INFO - Processing /home/airflow/.local/lib/python3.12/site-packages/airflow/example_dags/example_branch_python_dop_operator_3.py took 0.092 seconds
[2024-10-13T08:27:51.508+0000] {processor.py:186} INFO - Started process (PID=399) to work on /home/airflow/.local/lib/python3.12/site-packages/airflow/example_dags/example_branch_python_dop_operator_3.py
[2024-10-13T08:27:51.509+0000] {processor.py:914} INFO - Processing file /home/airflow/.local/lib/python3.12/site-packages/airflow/example_dags/example_branch_python_dop_operator_3.py for tasks to queue
[2024-10-13T08:27:51.511+0000] {logging_mixin.py:190} INFO - [2024-10-13T08:27:51.511+0000] {dagbag.py:588} INFO - Filling up the DagBag from /home/airflow/.local/lib/python3.12/site-packages/airflow/example_dags/example_branch_python_dop_operator_3.py
[2024-10-13T08:27:51.522+0000] {processor.py:925} INFO - DAG(s) 'example_branch_dop_operator_v3' retrieved from /home/airflow/.local/lib/python3.12/site-packages/airflow/example_dags/example_branch_python_dop_operator_3.py
[2024-10-13T08:27:51.541+0000] {logging_mixin.py:190} INFO - [2024-10-13T08:27:51.540+0000] {dag.py:3239} INFO - Sync 1 DAGs
[2024-10-13T08:27:51.565+0000] {logging_mixin.py:190} INFO - [2024-10-13T08:27:51.564+0000] {dag.py:4180} INFO - Setting next_dagrun for example_branch_dop_operator_v3 to 2024-10-13 08:26:00+00:00, run_after=2024-10-13 08:27:00+00:00
[2024-10-13T08:27:51.584+0000] {processor.py:208} INFO - Processing /home/airflow/.local/lib/python3.12/site-packages/airflow/example_dags/example_branch_python_dop_operator_3.py took 0.081 seconds
[2024-10-13T08:28:21.835+0000] {processor.py:186} INFO - Started process (PID=462) to work on /home/airflow/.local/lib/python3.12/site-packages/airflow/example_dags/example_branch_python_dop_operator_3.py
[2024-10-13T08:28:21.836+0000] {processor.py:914} INFO - Processing file /home/airflow/.local/lib/python3.12/site-packages/airflow/example_dags/example_branch_python_dop_operator_3.py for tasks to queue
[2024-10-13T08:28:21.838+0000] {logging_mixin.py:190} INFO - [2024-10-13T08:28:21.837+0000] {dagbag.py:588} INFO - Filling up the DagBag from /home/airflow/.local/lib/python3.12/site-packages/airflow/example_dags/example_branch_python_dop_operator_3.py
[2024-10-13T08:28:21.848+0000] {processor.py:925} INFO - DAG(s) 'example_branch_dop_operator_v3' retrieved from /home/airflow/.local/lib/python3.12/site-packages/airflow/example_dags/example_branch_python_dop_operator_3.py
[2024-10-13T08:28:21.867+0000] {logging_mixin.py:190} INFO - [2024-10-13T08:28:21.867+0000] {dag.py:3239} INFO - Sync 1 DAGs
[2024-10-13T08:28:21.892+0000] {logging_mixin.py:190} INFO - [2024-10-13T08:28:21.891+0000] {dag.py:4180} INFO - Setting next_dagrun for example_branch_dop_operator_v3 to 2024-10-13 08:27:00+00:00, run_after=2024-10-13 08:28:00+00:00
[2024-10-13T08:28:21.912+0000] {processor.py:208} INFO - Processing /home/airflow/.local/lib/python3.12/site-packages/airflow/example_dags/example_branch_python_dop_operator_3.py took 0.083 seconds
[2024-10-13T08:28:52.197+0000] {processor.py:186} INFO - Started process (PID=525) to work on /home/airflow/.local/lib/python3.12/site-packages/airflow/example_dags/example_branch_python_dop_operator_3.py
[2024-10-13T08:28:52.198+0000] {processor.py:914} INFO - Processing file /home/airflow/.local/lib/python3.12/site-packages/airflow/example_dags/example_branch_python_dop_operator_3.py for tasks to queue
[2024-10-13T08:28:52.199+0000] {logging_mixin.py:190} INFO - [2024-10-13T08:28:52.199+0000] {dagbag.py:588} INFO - Filling up the DagBag from /home/airflow/.local/lib/python3.12/site-packages/airflow/example_dags/example_branch_python_dop_operator_3.py
[2024-10-13T08:28:52.209+0000] {processor.py:925} INFO - DAG(s) 'example_branch_dop_operator_v3' retrieved from /home/airflow/.local/lib/python3.12/site-packages/airflow/example_dags/example_branch_python_dop_operator_3.py
[2024-10-13T08:28:52.227+0000] {logging_mixin.py:190} INFO - [2024-10-13T08:28:52.227+0000] {dag.py:3239} INFO - Sync 1 DAGs
[2024-10-13T08:28:52.252+0000] {logging_mixin.py:190} INFO - [2024-10-13T08:28:52.252+0000] {dag.py:4180} INFO - Setting next_dagrun for example_branch_dop_operator_v3 to 2024-10-13 08:27:00+00:00, run_after=2024-10-13 08:28:00+00:00
[2024-10-13T08:28:52.271+0000] {processor.py:208} INFO - Processing /home/airflow/.local/lib/python3.12/site-packages/airflow/example_dags/example_branch_python_dop_operator_3.py took 0.079 seconds
[2024-10-13T08:29:22.683+0000] {processor.py:186} INFO - Started process (PID=588) to work on /home/airflow/.local/lib/python3.12/site-packages/airflow/example_dags/example_branch_python_dop_operator_3.py
[2024-10-13T08:29:22.684+0000] {processor.py:914} INFO - Processing file /home/airflow/.local/lib/python3.12/site-packages/airflow/example_dags/example_branch_python_dop_operator_3.py for tasks to queue
[2024-10-13T08:29:22.686+0000] {logging_mixin.py:190} INFO - [2024-10-13T08:29:22.686+0000] {dagbag.py:588} INFO - Filling up the DagBag from /home/airflow/.local/lib/python3.12/site-packages/airflow/example_dags/example_branch_python_dop_operator_3.py
[2024-10-13T08:29:22.696+0000] {processor.py:925} INFO - DAG(s) 'example_branch_dop_operator_v3' retrieved from /home/airflow/.local/lib/python3.12/site-packages/airflow/example_dags/example_branch_python_dop_operator_3.py
[2024-10-13T08:29:22.713+0000] {logging_mixin.py:190} INFO - [2024-10-13T08:29:22.713+0000] {dag.py:3239} INFO - Sync 1 DAGs
[2024-10-13T08:29:22.738+0000] {logging_mixin.py:190} INFO - [2024-10-13T08:29:22.738+0000] {dag.py:4180} INFO - Setting next_dagrun for example_branch_dop_operator_v3 to 2024-10-13 08:28:00+00:00, run_after=2024-10-13 08:29:00+00:00
[2024-10-13T08:29:22.757+0000] {processor.py:208} INFO - Processing /home/airflow/.local/lib/python3.12/site-packages/airflow/example_dags/example_branch_python_dop_operator_3.py took 0.080 seconds
[2024-10-13T08:29:53.228+0000] {processor.py:186} INFO - Started process (PID=651) to work on /home/airflow/.local/lib/python3.12/site-packages/airflow/example_dags/example_branch_python_dop_operator_3.py
[2024-10-13T08:29:53.229+0000] {processor.py:914} INFO - Processing file /home/airflow/.local/lib/python3.12/site-packages/airflow/example_dags/example_branch_python_dop_operator_3.py for tasks to queue
[2024-10-13T08:29:53.232+0000] {logging_mixin.py:190} INFO - [2024-10-13T08:29:53.232+0000] {dagbag.py:588} INFO - Filling up the DagBag from /home/airflow/.local/lib/python3.12/site-packages/airflow/example_dags/example_branch_python_dop_operator_3.py
[2024-10-13T08:29:53.242+0000] {processor.py:925} INFO - DAG(s) 'example_branch_dop_operator_v3' retrieved from /home/airflow/.local/lib/python3.12/site-packages/airflow/example_dags/example_branch_python_dop_operator_3.py
[2024-10-13T08:29:53.257+0000] {logging_mixin.py:190} INFO - [2024-10-13T08:29:53.257+0000] {dag.py:3239} INFO - Sync 1 DAGs
[2024-10-13T08:29:53.285+0000] {logging_mixin.py:190} INFO - [2024-10-13T08:29:53.285+0000] {dag.py:4180} INFO - Setting next_dagrun for example_branch_dop_operator_v3 to 2024-10-13 08:28:00+00:00, run_after=2024-10-13 08:29:00+00:00
[2024-10-13T08:29:53.303+0000] {processor.py:208} INFO - Processing /home/airflow/.local/lib/python3.12/site-packages/airflow/example_dags/example_branch_python_dop_operator_3.py took 0.080 seconds
[2024-10-13T08:30:23.769+0000] {processor.py:186} INFO - Started process (PID=718) to work on /home/airflow/.local/lib/python3.12/site-packages/airflow/example_dags/example_branch_python_dop_operator_3.py
[2024-10-13T08:30:23.770+0000] {processor.py:914} INFO - Processing file /home/airflow/.local/lib/python3.12/site-packages/airflow/example_dags/example_branch_python_dop_operator_3.py for tasks to queue
[2024-10-13T08:30:23.773+0000] {logging_mixin.py:190} INFO - [2024-10-13T08:30:23.772+0000] {dagbag.py:588} INFO - Filling up the DagBag from /home/airflow/.local/lib/python3.12/site-packages/airflow/example_dags/example_branch_python_dop_operator_3.py
[2024-10-13T08:30:23.783+0000] {processor.py:925} INFO - DAG(s) 'example_branch_dop_operator_v3' retrieved from /home/airflow/.local/lib/python3.12/site-packages/airflow/example_dags/example_branch_python_dop_operator_3.py
[2024-10-13T08:30:23.801+0000] {logging_mixin.py:190} INFO - [2024-10-13T08:30:23.801+0000] {dag.py:3239} INFO - Sync 1 DAGs
[2024-10-13T08:30:23.826+0000] {logging_mixin.py:190} INFO - [2024-10-13T08:30:23.826+0000] {dag.py:4180} INFO - Setting next_dagrun for example_branch_dop_operator_v3 to 2024-10-13 08:29:00+00:00, run_after=2024-10-13 08:30:00+00:00
[2024-10-13T08:30:23.847+0000] {processor.py:208} INFO - Processing /home/airflow/.local/lib/python3.12/site-packages/airflow/example_dags/example_branch_python_dop_operator_3.py took 0.083 seconds
[2024-10-13T08:30:54.250+0000] {processor.py:186} INFO - Started process (PID=781) to work on /home/airflow/.local/lib/python3.12/site-packages/airflow/example_dags/example_branch_python_dop_operator_3.py
[2024-10-13T08:30:54.251+0000] {processor.py:914} INFO - Processing file /home/airflow/.local/lib/python3.12/site-packages/airflow/example_dags/example_branch_python_dop_operator_3.py for tasks to queue
[2024-10-13T08:30:54.254+0000] {logging_mixin.py:190} INFO - [2024-10-13T08:30:54.253+0000] {dagbag.py:588} INFO - Filling up the DagBag from /home/airflow/.local/lib/python3.12/site-packages/airflow/example_dags/example_branch_python_dop_operator_3.py
[2024-10-13T08:30:54.264+0000] {processor.py:925} INFO - DAG(s) 'example_branch_dop_operator_v3' retrieved from /home/airflow/.local/lib/python3.12/site-packages/airflow/example_dags/example_branch_python_dop_operator_3.py
[2024-10-13T08:30:54.280+0000] {logging_mixin.py:190} INFO - [2024-10-13T08:30:54.280+0000] {dag.py:3239} INFO - Sync 1 DAGs
[2024-10-13T08:30:54.305+0000] {logging_mixin.py:190} INFO - [2024-10-13T08:30:54.305+0000] {dag.py:4180} INFO - Setting next_dagrun for example_branch_dop_operator_v3 to 2024-10-13 08:29:00+00:00, run_after=2024-10-13 08:30:00+00:00
[2024-10-13T08:30:54.323+0000] {processor.py:208} INFO - Processing /home/airflow/.local/lib/python3.12/site-packages/airflow/example_dags/example_branch_python_dop_operator_3.py took 0.078 seconds
[2024-10-13T08:31:25.047+0000] {processor.py:186} INFO - Started process (PID=848) to work on /home/airflow/.local/lib/python3.12/site-packages/airflow/example_dags/example_branch_python_dop_operator_3.py
[2024-10-13T08:31:25.048+0000] {processor.py:914} INFO - Processing file /home/airflow/.local/lib/python3.12/site-packages/airflow/example_dags/example_branch_python_dop_operator_3.py for tasks to queue
[2024-10-13T08:31:25.051+0000] {logging_mixin.py:190} INFO - [2024-10-13T08:31:25.051+0000] {dagbag.py:588} INFO - Filling up the DagBag from /home/airflow/.local/lib/python3.12/site-packages/airflow/example_dags/example_branch_python_dop_operator_3.py
[2024-10-13T08:31:25.061+0000] {processor.py:925} INFO - DAG(s) 'example_branch_dop_operator_v3' retrieved from /home/airflow/.local/lib/python3.12/site-packages/airflow/example_dags/example_branch_python_dop_operator_3.py
[2024-10-13T08:31:25.079+0000] {logging_mixin.py:190} INFO - [2024-10-13T08:31:25.079+0000] {dag.py:3239} INFO - Sync 1 DAGs
[2024-10-13T08:31:25.107+0000] {logging_mixin.py:190} INFO - [2024-10-13T08:31:25.107+0000] {dag.py:4180} INFO - Setting next_dagrun for example_branch_dop_operator_v3 to 2024-10-13 08:30:00+00:00, run_after=2024-10-13 08:31:00+00:00
[2024-10-13T08:31:25.127+0000] {processor.py:208} INFO - Processing /home/airflow/.local/lib/python3.12/site-packages/airflow/example_dags/example_branch_python_dop_operator_3.py took 0.085 seconds
[2024-10-13T08:31:55.802+0000] {processor.py:186} INFO - Started process (PID=914) to work on /home/airflow/.local/lib/python3.12/site-packages/airflow/example_dags/example_branch_python_dop_operator_3.py
[2024-10-13T08:31:55.803+0000] {processor.py:914} INFO - Processing file /home/airflow/.local/lib/python3.12/site-packages/airflow/example_dags/example_branch_python_dop_operator_3.py for tasks to queue
[2024-10-13T08:31:55.805+0000] {logging_mixin.py:190} INFO - [2024-10-13T08:31:55.805+0000] {dagbag.py:588} INFO - Filling up the DagBag from /home/airflow/.local/lib/python3.12/site-packages/airflow/example_dags/example_branch_python_dop_operator_3.py
[2024-10-13T08:31:55.814+0000] {processor.py:925} INFO - DAG(s) 'example_branch_dop_operator_v3' retrieved from /home/airflow/.local/lib/python3.12/site-packages/airflow/example_dags/example_branch_python_dop_operator_3.py
[2024-10-13T08:31:55.833+0000] {logging_mixin.py:190} INFO - [2024-10-13T08:31:55.832+0000] {dag.py:3239} INFO - Sync 1 DAGs
[2024-10-13T08:31:55.860+0000] {logging_mixin.py:190} INFO - [2024-10-13T08:31:55.860+0000] {dag.py:4180} INFO - Setting next_dagrun for example_branch_dop_operator_v3 to 2024-10-13 08:30:00+00:00, run_after=2024-10-13 08:31:00+00:00
[2024-10-13T08:31:55.882+0000] {processor.py:208} INFO - Processing /home/airflow/.local/lib/python3.12/site-packages/airflow/example_dags/example_branch_python_dop_operator_3.py took 0.086 seconds
[2024-10-13T08:32:26.365+0000] {processor.py:186} INFO - Started process (PID=977) to work on /home/airflow/.local/lib/python3.12/site-packages/airflow/example_dags/example_branch_python_dop_operator_3.py
[2024-10-13T08:32:26.366+0000] {processor.py:914} INFO - Processing file /home/airflow/.local/lib/python3.12/site-packages/airflow/example_dags/example_branch_python_dop_operator_3.py for tasks to queue
[2024-10-13T08:32:26.369+0000] {logging_mixin.py:190} INFO - [2024-10-13T08:32:26.368+0000] {dagbag.py:588} INFO - Filling up the DagBag from /home/airflow/.local/lib/python3.12/site-packages/airflow/example_dags/example_branch_python_dop_operator_3.py
[2024-10-13T08:32:26.379+0000] {processor.py:925} INFO - DAG(s) 'example_branch_dop_operator_v3' retrieved from /home/airflow/.local/lib/python3.12/site-packages/airflow/example_dags/example_branch_python_dop_operator_3.py
[2024-10-13T08:32:26.397+0000] {logging_mixin.py:190} INFO - [2024-10-13T08:32:26.397+0000] {dag.py:3239} INFO - Sync 1 DAGs
[2024-10-13T08:32:26.422+0000] {logging_mixin.py:190} INFO - [2024-10-13T08:32:26.422+0000] {dag.py:4180} INFO - Setting next_dagrun for example_branch_dop_operator_v3 to 2024-10-13 08:31:00+00:00, run_after=2024-10-13 08:32:00+00:00
[2024-10-13T08:32:26.443+0000] {processor.py:208} INFO - Processing /home/airflow/.local/lib/python3.12/site-packages/airflow/example_dags/example_branch_python_dop_operator_3.py took 0.083 seconds
[2024-10-13T08:32:56.771+0000] {processor.py:186} INFO - Started process (PID=1040) to work on /home/airflow/.local/lib/python3.12/site-packages/airflow/example_dags/example_branch_python_dop_operator_3.py
[2024-10-13T08:32:56.772+0000] {processor.py:914} INFO - Processing file /home/airflow/.local/lib/python3.12/site-packages/airflow/example_dags/example_branch_python_dop_operator_3.py for tasks to queue
[2024-10-13T08:32:56.775+0000] {logging_mixin.py:190} INFO - [2024-10-13T08:32:56.774+0000] {dagbag.py:588} INFO - Filling up the DagBag from /home/airflow/.local/lib/python3.12/site-packages/airflow/example_dags/example_branch_python_dop_operator_3.py
[2024-10-13T08:32:56.790+0000] {processor.py:925} INFO - DAG(s) 'example_branch_dop_operator_v3' retrieved from /home/airflow/.local/lib/python3.12/site-packages/airflow/example_dags/example_branch_python_dop_operator_3.py
[2024-10-13T08:32:56.811+0000] {logging_mixin.py:190} INFO - [2024-10-13T08:32:56.811+0000] {dag.py:3239} INFO - Sync 1 DAGs
[2024-10-13T08:32:56.840+0000] {logging_mixin.py:190} INFO - [2024-10-13T08:32:56.840+0000] {dag.py:4180} INFO - Setting next_dagrun for example_branch_dop_operator_v3 to 2024-10-13 08:31:00+00:00, run_after=2024-10-13 08:32:00+00:00
[2024-10-13T08:32:56.868+0000] {processor.py:208} INFO - Processing /home/airflow/.local/lib/python3.12/site-packages/airflow/example_dags/example_branch_python_dop_operator_3.py took 0.105 seconds
[2024-10-13T08:33:27.453+0000] {processor.py:186} INFO - Started process (PID=1103) to work on /home/airflow/.local/lib/python3.12/site-packages/airflow/example_dags/example_branch_python_dop_operator_3.py
[2024-10-13T08:33:27.454+0000] {processor.py:914} INFO - Processing file /home/airflow/.local/lib/python3.12/site-packages/airflow/example_dags/example_branch_python_dop_operator_3.py for tasks to queue
[2024-10-13T08:33:27.456+0000] {logging_mixin.py:190} INFO - [2024-10-13T08:33:27.456+0000] {dagbag.py:588} INFO - Filling up the DagBag from /home/airflow/.local/lib/python3.12/site-packages/airflow/example_dags/example_branch_python_dop_operator_3.py
[2024-10-13T08:33:27.467+0000] {processor.py:925} INFO - DAG(s) 'example_branch_dop_operator_v3' retrieved from /home/airflow/.local/lib/python3.12/site-packages/airflow/example_dags/example_branch_python_dop_operator_3.py
[2024-10-13T08:33:27.484+0000] {logging_mixin.py:190} INFO - [2024-10-13T08:33:27.484+0000] {dag.py:3239} INFO - Sync 1 DAGs
[2024-10-13T08:33:27.509+0000] {logging_mixin.py:190} INFO - [2024-10-13T08:33:27.509+0000] {dag.py:4180} INFO - Setting next_dagrun for example_branch_dop_operator_v3 to 2024-10-13 08:32:00+00:00, run_after=2024-10-13 08:33:00+00:00
[2024-10-13T08:33:27.530+0000] {processor.py:208} INFO - Processing /home/airflow/.local/lib/python3.12/site-packages/airflow/example_dags/example_branch_python_dop_operator_3.py took 0.082 seconds
[2024-10-13T08:33:57.861+0000] {processor.py:186} INFO - Started process (PID=1166) to work on /home/airflow/.local/lib/python3.12/site-packages/airflow/example_dags/example_branch_python_dop_operator_3.py
[2024-10-13T08:33:57.862+0000] {processor.py:914} INFO - Processing file /home/airflow/.local/lib/python3.12/site-packages/airflow/example_dags/example_branch_python_dop_operator_3.py for tasks to queue
[2024-10-13T08:33:57.864+0000] {logging_mixin.py:190} INFO - [2024-10-13T08:33:57.864+0000] {dagbag.py:588} INFO - Filling up the DagBag from /home/airflow/.local/lib/python3.12/site-packages/airflow/example_dags/example_branch_python_dop_operator_3.py
[2024-10-13T08:33:57.873+0000] {processor.py:925} INFO - DAG(s) 'example_branch_dop_operator_v3' retrieved from /home/airflow/.local/lib/python3.12/site-packages/airflow/example_dags/example_branch_python_dop_operator_3.py
[2024-10-13T08:33:57.892+0000] {logging_mixin.py:190} INFO - [2024-10-13T08:33:57.892+0000] {dag.py:3239} INFO - Sync 1 DAGs
[2024-10-13T08:33:57.922+0000] {logging_mixin.py:190} INFO - [2024-10-13T08:33:57.922+0000] {dag.py:4180} INFO - Setting next_dagrun for example_branch_dop_operator_v3 to 2024-10-13 08:32:00+00:00, run_after=2024-10-13 08:33:00+00:00
[2024-10-13T08:33:57.946+0000] {processor.py:208} INFO - Processing /home/airflow/.local/lib/python3.12/site-packages/airflow/example_dags/example_branch_python_dop_operator_3.py took 0.092 seconds
[2024-10-13T08:34:28.213+0000] {processor.py:186} INFO - Started process (PID=1229) to work on /home/airflow/.local/lib/python3.12/site-packages/airflow/example_dags/example_branch_python_dop_operator_3.py
[2024-10-13T08:34:28.215+0000] {processor.py:914} INFO - Processing file /home/airflow/.local/lib/python3.12/site-packages/airflow/example_dags/example_branch_python_dop_operator_3.py for tasks to queue
[2024-10-13T08:34:28.217+0000] {logging_mixin.py:190} INFO - [2024-10-13T08:34:28.216+0000] {dagbag.py:588} INFO - Filling up the DagBag from /home/airflow/.local/lib/python3.12/site-packages/airflow/example_dags/example_branch_python_dop_operator_3.py
[2024-10-13T08:34:28.227+0000] {processor.py:925} INFO - DAG(s) 'example_branch_dop_operator_v3' retrieved from /home/airflow/.local/lib/python3.12/site-packages/airflow/example_dags/example_branch_python_dop_operator_3.py
[2024-10-13T08:34:28.244+0000] {logging_mixin.py:190} INFO - [2024-10-13T08:34:28.244+0000] {dag.py:3239} INFO - Sync 1 DAGs
[2024-10-13T08:34:28.267+0000] {logging_mixin.py:190} INFO - [2024-10-13T08:34:28.267+0000] {dag.py:4180} INFO - Setting next_dagrun for example_branch_dop_operator_v3 to 2024-10-13 08:33:00+00:00, run_after=2024-10-13 08:34:00+00:00
[2024-10-13T08:34:28.286+0000] {processor.py:208} INFO - Processing /home/airflow/.local/lib/python3.12/site-packages/airflow/example_dags/example_branch_python_dop_operator_3.py took 0.078 seconds
[2024-10-13T08:34:59.042+0000] {processor.py:186} INFO - Started process (PID=1292) to work on /home/airflow/.local/lib/python3.12/site-packages/airflow/example_dags/example_branch_python_dop_operator_3.py
[2024-10-13T08:34:59.044+0000] {processor.py:914} INFO - Processing file /home/airflow/.local/lib/python3.12/site-packages/airflow/example_dags/example_branch_python_dop_operator_3.py for tasks to queue
[2024-10-13T08:34:59.046+0000] {logging_mixin.py:190} INFO - [2024-10-13T08:34:59.046+0000] {dagbag.py:588} INFO - Filling up the DagBag from /home/airflow/.local/lib/python3.12/site-packages/airflow/example_dags/example_branch_python_dop_operator_3.py
[2024-10-13T08:34:59.057+0000] {processor.py:925} INFO - DAG(s) 'example_branch_dop_operator_v3' retrieved from /home/airflow/.local/lib/python3.12/site-packages/airflow/example_dags/example_branch_python_dop_operator_3.py
[2024-10-13T08:34:59.083+0000] {logging_mixin.py:190} INFO - [2024-10-13T08:34:59.082+0000] {dag.py:3239} INFO - Sync 1 DAGs
[2024-10-13T08:34:59.123+0000] {logging_mixin.py:190} INFO - [2024-10-13T08:34:59.123+0000] {dag.py:4180} INFO - Setting next_dagrun for example_branch_dop_operator_v3 to 2024-10-13 08:33:00+00:00, run_after=2024-10-13 08:34:00+00:00
[2024-10-13T08:34:59.163+0000] {processor.py:208} INFO - Processing /home/airflow/.local/lib/python3.12/site-packages/airflow/example_dags/example_branch_python_dop_operator_3.py took 0.128 seconds
[2024-10-13T08:35:29.259+0000] {processor.py:186} INFO - Started process (PID=1355) to work on /home/airflow/.local/lib/python3.12/site-packages/airflow/example_dags/example_branch_python_dop_operator_3.py
[2024-10-13T08:35:29.261+0000] {processor.py:914} INFO - Processing file /home/airflow/.local/lib/python3.12/site-packages/airflow/example_dags/example_branch_python_dop_operator_3.py for tasks to queue
[2024-10-13T08:35:29.263+0000] {logging_mixin.py:190} INFO - [2024-10-13T08:35:29.262+0000] {dagbag.py:588} INFO - Filling up the DagBag from /home/airflow/.local/lib/python3.12/site-packages/airflow/example_dags/example_branch_python_dop_operator_3.py
[2024-10-13T08:35:29.273+0000] {processor.py:925} INFO - DAG(s) 'example_branch_dop_operator_v3' retrieved from /home/airflow/.local/lib/python3.12/site-packages/airflow/example_dags/example_branch_python_dop_operator_3.py
[2024-10-13T08:35:29.290+0000] {logging_mixin.py:190} INFO - [2024-10-13T08:35:29.290+0000] {dag.py:3239} INFO - Sync 1 DAGs
[2024-10-13T08:35:29.331+0000] {logging_mixin.py:190} INFO - [2024-10-13T08:35:29.331+0000] {dag.py:4180} INFO - Setting next_dagrun for example_branch_dop_operator_v3 to 2024-10-13 08:34:00+00:00, run_after=2024-10-13 08:35:00+00:00
[2024-10-13T08:35:29.351+0000] {processor.py:208} INFO - Processing /home/airflow/.local/lib/python3.12/site-packages/airflow/example_dags/example_branch_python_dop_operator_3.py took 0.098 seconds
[2024-10-13T08:35:59.485+0000] {processor.py:186} INFO - Started process (PID=1418) to work on /home/airflow/.local/lib/python3.12/site-packages/airflow/example_dags/example_branch_python_dop_operator_3.py
[2024-10-13T08:35:59.486+0000] {processor.py:914} INFO - Processing file /home/airflow/.local/lib/python3.12/site-packages/airflow/example_dags/example_branch_python_dop_operator_3.py for tasks to queue
[2024-10-13T08:35:59.489+0000] {logging_mixin.py:190} INFO - [2024-10-13T08:35:59.488+0000] {dagbag.py:588} INFO - Filling up the DagBag from /home/airflow/.local/lib/python3.12/site-packages/airflow/example_dags/example_branch_python_dop_operator_3.py
[2024-10-13T08:35:59.499+0000] {processor.py:925} INFO - DAG(s) 'example_branch_dop_operator_v3' retrieved from /home/airflow/.local/lib/python3.12/site-packages/airflow/example_dags/example_branch_python_dop_operator_3.py
[2024-10-13T08:35:59.518+0000] {logging_mixin.py:190} INFO - [2024-10-13T08:35:59.518+0000] {dag.py:3239} INFO - Sync 1 DAGs
[2024-10-13T08:35:59.546+0000] {logging_mixin.py:190} INFO - [2024-10-13T08:35:59.545+0000] {dag.py:4180} INFO - Setting next_dagrun for example_branch_dop_operator_v3 to 2024-10-13 08:34:00+00:00, run_after=2024-10-13 08:35:00+00:00
[2024-10-13T08:35:59.567+0000] {processor.py:208} INFO - Processing /home/airflow/.local/lib/python3.12/site-packages/airflow/example_dags/example_branch_python_dop_operator_3.py took 0.088 seconds
[2024-10-13T08:36:30.388+0000] {processor.py:186} INFO - Started process (PID=1481) to work on /home/airflow/.local/lib/python3.12/site-packages/airflow/example_dags/example_branch_python_dop_operator_3.py
[2024-10-13T08:36:30.389+0000] {processor.py:914} INFO - Processing file /home/airflow/.local/lib/python3.12/site-packages/airflow/example_dags/example_branch_python_dop_operator_3.py for tasks to queue
[2024-10-13T08:36:30.391+0000] {logging_mixin.py:190} INFO - [2024-10-13T08:36:30.391+0000] {dagbag.py:588} INFO - Filling up the DagBag from /home/airflow/.local/lib/python3.12/site-packages/airflow/example_dags/example_branch_python_dop_operator_3.py
[2024-10-13T08:36:30.401+0000] {processor.py:925} INFO - DAG(s) 'example_branch_dop_operator_v3' retrieved from /home/airflow/.local/lib/python3.12/site-packages/airflow/example_dags/example_branch_python_dop_operator_3.py
[2024-10-13T08:36:30.419+0000] {logging_mixin.py:190} INFO - [2024-10-13T08:36:30.419+0000] {dag.py:3239} INFO - Sync 1 DAGs
[2024-10-13T08:36:30.444+0000] {logging_mixin.py:190} INFO - [2024-10-13T08:36:30.444+0000] {dag.py:4180} INFO - Setting next_dagrun for example_branch_dop_operator_v3 to 2024-10-13 08:35:00+00:00, run_after=2024-10-13 08:36:00+00:00
[2024-10-13T08:36:30.462+0000] {processor.py:208} INFO - Processing /home/airflow/.local/lib/python3.12/site-packages/airflow/example_dags/example_branch_python_dop_operator_3.py took 0.080 seconds
[2024-10-13T08:37:01.304+0000] {processor.py:186} INFO - Started process (PID=1544) to work on /home/airflow/.local/lib/python3.12/site-packages/airflow/example_dags/example_branch_python_dop_operator_3.py
[2024-10-13T08:37:01.305+0000] {processor.py:914} INFO - Processing file /home/airflow/.local/lib/python3.12/site-packages/airflow/example_dags/example_branch_python_dop_operator_3.py for tasks to queue
[2024-10-13T08:37:01.307+0000] {logging_mixin.py:190} INFO - [2024-10-13T08:37:01.307+0000] {dagbag.py:588} INFO - Filling up the DagBag from /home/airflow/.local/lib/python3.12/site-packages/airflow/example_dags/example_branch_python_dop_operator_3.py
[2024-10-13T08:37:01.317+0000] {processor.py:925} INFO - DAG(s) 'example_branch_dop_operator_v3' retrieved from /home/airflow/.local/lib/python3.12/site-packages/airflow/example_dags/example_branch_python_dop_operator_3.py
[2024-10-13T08:37:01.337+0000] {logging_mixin.py:190} INFO - [2024-10-13T08:37:01.336+0000] {dag.py:3239} INFO - Sync 1 DAGs
[2024-10-13T08:37:01.361+0000] {logging_mixin.py:190} INFO - [2024-10-13T08:37:01.361+0000] {dag.py:4180} INFO - Setting next_dagrun for example_branch_dop_operator_v3 to 2024-10-13 08:36:00+00:00, run_after=2024-10-13 08:37:00+00:00
[2024-10-13T08:37:01.382+0000] {processor.py:208} INFO - Processing /home/airflow/.local/lib/python3.12/site-packages/airflow/example_dags/example_branch_python_dop_operator_3.py took 0.084 seconds
[2024-10-13T08:37:32.214+0000] {processor.py:186} INFO - Started process (PID=1607) to work on /home/airflow/.local/lib/python3.12/site-packages/airflow/example_dags/example_branch_python_dop_operator_3.py
[2024-10-13T08:37:32.216+0000] {processor.py:914} INFO - Processing file /home/airflow/.local/lib/python3.12/site-packages/airflow/example_dags/example_branch_python_dop_operator_3.py for tasks to queue
[2024-10-13T08:37:32.218+0000] {logging_mixin.py:190} INFO - [2024-10-13T08:37:32.217+0000] {dagbag.py:588} INFO - Filling up the DagBag from /home/airflow/.local/lib/python3.12/site-packages/airflow/example_dags/example_branch_python_dop_operator_3.py
[2024-10-13T08:37:32.228+0000] {processor.py:925} INFO - DAG(s) 'example_branch_dop_operator_v3' retrieved from /home/airflow/.local/lib/python3.12/site-packages/airflow/example_dags/example_branch_python_dop_operator_3.py
[2024-10-13T08:37:32.249+0000] {logging_mixin.py:190} INFO - [2024-10-13T08:37:32.248+0000] {dag.py:3239} INFO - Sync 1 DAGs
[2024-10-13T08:37:32.275+0000] {logging_mixin.py:190} INFO - [2024-10-13T08:37:32.275+0000] {dag.py:4180} INFO - Setting next_dagrun for example_branch_dop_operator_v3 to 2024-10-13 08:36:00+00:00, run_after=2024-10-13 08:37:00+00:00
[2024-10-13T08:37:32.296+0000] {processor.py:208} INFO - Processing /home/airflow/.local/lib/python3.12/site-packages/airflow/example_dags/example_branch_python_dop_operator_3.py took 0.088 seconds
[2024-10-13T08:38:02.374+0000] {processor.py:186} INFO - Started process (PID=1670) to work on /home/airflow/.local/lib/python3.12/site-packages/airflow/example_dags/example_branch_python_dop_operator_3.py
[2024-10-13T08:38:02.377+0000] {processor.py:914} INFO - Processing file /home/airflow/.local/lib/python3.12/site-packages/airflow/example_dags/example_branch_python_dop_operator_3.py for tasks to queue
[2024-10-13T08:38:02.379+0000] {logging_mixin.py:190} INFO - [2024-10-13T08:38:02.379+0000] {dagbag.py:588} INFO - Filling up the DagBag from /home/airflow/.local/lib/python3.12/site-packages/airflow/example_dags/example_branch_python_dop_operator_3.py
[2024-10-13T08:38:02.390+0000] {processor.py:925} INFO - DAG(s) 'example_branch_dop_operator_v3' retrieved from /home/airflow/.local/lib/python3.12/site-packages/airflow/example_dags/example_branch_python_dop_operator_3.py
[2024-10-13T08:38:02.409+0000] {logging_mixin.py:190} INFO - [2024-10-13T08:38:02.409+0000] {dag.py:3239} INFO - Sync 1 DAGs
[2024-10-13T08:38:02.435+0000] {logging_mixin.py:190} INFO - [2024-10-13T08:38:02.435+0000] {dag.py:4180} INFO - Setting next_dagrun for example_branch_dop_operator_v3 to 2024-10-13 08:37:00+00:00, run_after=2024-10-13 08:38:00+00:00
[2024-10-13T08:38:02.453+0000] {processor.py:208} INFO - Processing /home/airflow/.local/lib/python3.12/site-packages/airflow/example_dags/example_branch_python_dop_operator_3.py took 0.084 seconds
[2024-10-13T08:38:33.335+0000] {processor.py:186} INFO - Started process (PID=1733) to work on /home/airflow/.local/lib/python3.12/site-packages/airflow/example_dags/example_branch_python_dop_operator_3.py
[2024-10-13T08:38:33.336+0000] {processor.py:914} INFO - Processing file /home/airflow/.local/lib/python3.12/site-packages/airflow/example_dags/example_branch_python_dop_operator_3.py for tasks to queue
[2024-10-13T08:38:33.338+0000] {logging_mixin.py:190} INFO - [2024-10-13T08:38:33.338+0000] {dagbag.py:588} INFO - Filling up the DagBag from /home/airflow/.local/lib/python3.12/site-packages/airflow/example_dags/example_branch_python_dop_operator_3.py
[2024-10-13T08:38:33.348+0000] {processor.py:925} INFO - DAG(s) 'example_branch_dop_operator_v3' retrieved from /home/airflow/.local/lib/python3.12/site-packages/airflow/example_dags/example_branch_python_dop_operator_3.py
[2024-10-13T08:38:33.365+0000] {logging_mixin.py:190} INFO - [2024-10-13T08:38:33.365+0000] {dag.py:3239} INFO - Sync 1 DAGs
[2024-10-13T08:38:33.392+0000] {logging_mixin.py:190} INFO - [2024-10-13T08:38:33.391+0000] {dag.py:4180} INFO - Setting next_dagrun for example_branch_dop_operator_v3 to 2024-10-13 08:37:00+00:00, run_after=2024-10-13 08:38:00+00:00
[2024-10-13T08:38:33.411+0000] {processor.py:208} INFO - Processing /home/airflow/.local/lib/python3.12/site-packages/airflow/example_dags/example_branch_python_dop_operator_3.py took 0.082 seconds
[2024-10-13T08:39:03.837+0000] {processor.py:186} INFO - Started process (PID=1796) to work on /home/airflow/.local/lib/python3.12/site-packages/airflow/example_dags/example_branch_python_dop_operator_3.py
[2024-10-13T08:39:03.839+0000] {processor.py:914} INFO - Processing file /home/airflow/.local/lib/python3.12/site-packages/airflow/example_dags/example_branch_python_dop_operator_3.py for tasks to queue
[2024-10-13T08:39:03.841+0000] {logging_mixin.py:190} INFO - [2024-10-13T08:39:03.841+0000] {dagbag.py:588} INFO - Filling up the DagBag from /home/airflow/.local/lib/python3.12/site-packages/airflow/example_dags/example_branch_python_dop_operator_3.py
[2024-10-13T08:39:03.852+0000] {processor.py:925} INFO - DAG(s) 'example_branch_dop_operator_v3' retrieved from /home/airflow/.local/lib/python3.12/site-packages/airflow/example_dags/example_branch_python_dop_operator_3.py
[2024-10-13T08:39:03.871+0000] {logging_mixin.py:190} INFO - [2024-10-13T08:39:03.871+0000] {dag.py:3239} INFO - Sync 1 DAGs
[2024-10-13T08:39:03.896+0000] {logging_mixin.py:190} INFO - [2024-10-13T08:39:03.896+0000] {dag.py:4180} INFO - Setting next_dagrun for example_branch_dop_operator_v3 to 2024-10-13 08:38:00+00:00, run_after=2024-10-13 08:39:00+00:00
[2024-10-13T08:39:03.917+0000] {processor.py:208} INFO - Processing /home/airflow/.local/lib/python3.12/site-packages/airflow/example_dags/example_branch_python_dop_operator_3.py took 0.086 seconds
[2024-10-13T08:39:34.523+0000] {processor.py:186} INFO - Started process (PID=1859) to work on /home/airflow/.local/lib/python3.12/site-packages/airflow/example_dags/example_branch_python_dop_operator_3.py
[2024-10-13T08:39:34.524+0000] {processor.py:914} INFO - Processing file /home/airflow/.local/lib/python3.12/site-packages/airflow/example_dags/example_branch_python_dop_operator_3.py for tasks to queue
[2024-10-13T08:39:34.527+0000] {logging_mixin.py:190} INFO - [2024-10-13T08:39:34.526+0000] {dagbag.py:588} INFO - Filling up the DagBag from /home/airflow/.local/lib/python3.12/site-packages/airflow/example_dags/example_branch_python_dop_operator_3.py
[2024-10-13T08:39:34.537+0000] {processor.py:925} INFO - DAG(s) 'example_branch_dop_operator_v3' retrieved from /home/airflow/.local/lib/python3.12/site-packages/airflow/example_dags/example_branch_python_dop_operator_3.py
[2024-10-13T08:39:34.556+0000] {logging_mixin.py:190} INFO - [2024-10-13T08:39:34.555+0000] {dag.py:3239} INFO - Sync 1 DAGs
[2024-10-13T08:39:34.583+0000] {logging_mixin.py:190} INFO - [2024-10-13T08:39:34.583+0000] {dag.py:4180} INFO - Setting next_dagrun for example_branch_dop_operator_v3 to 2024-10-13 08:38:00+00:00, run_after=2024-10-13 08:39:00+00:00
[2024-10-13T08:39:34.601+0000] {processor.py:208} INFO - Processing /home/airflow/.local/lib/python3.12/site-packages/airflow/example_dags/example_branch_python_dop_operator_3.py took 0.084 seconds
[2024-10-13T08:40:06.218+0000] {processor.py:186} INFO - Started process (PID=1922) to work on /home/airflow/.local/lib/python3.12/site-packages/airflow/example_dags/example_branch_python_dop_operator_3.py
[2024-10-13T08:40:06.219+0000] {processor.py:914} INFO - Processing file /home/airflow/.local/lib/python3.12/site-packages/airflow/example_dags/example_branch_python_dop_operator_3.py for tasks to queue
[2024-10-13T08:40:06.221+0000] {logging_mixin.py:190} INFO - [2024-10-13T08:40:06.221+0000] {dagbag.py:588} INFO - Filling up the DagBag from /home/airflow/.local/lib/python3.12/site-packages/airflow/example_dags/example_branch_python_dop_operator_3.py
[2024-10-13T08:40:06.232+0000] {processor.py:925} INFO - DAG(s) 'example_branch_dop_operator_v3' retrieved from /home/airflow/.local/lib/python3.12/site-packages/airflow/example_dags/example_branch_python_dop_operator_3.py
[2024-10-13T08:40:06.252+0000] {logging_mixin.py:190} INFO - [2024-10-13T08:40:06.252+0000] {dag.py:3239} INFO - Sync 1 DAGs
[2024-10-13T08:40:06.280+0000] {logging_mixin.py:190} INFO - [2024-10-13T08:40:06.280+0000] {dag.py:4180} INFO - Setting next_dagrun for example_branch_dop_operator_v3 to 2024-10-13 08:39:00+00:00, run_after=2024-10-13 08:40:00+00:00
[2024-10-13T08:40:06.300+0000] {processor.py:208} INFO - Processing /home/airflow/.local/lib/python3.12/site-packages/airflow/example_dags/example_branch_python_dop_operator_3.py took 0.088 seconds
[2024-10-13T08:40:52.355+0000] {processor.py:186} INFO - Started process (PID=1990) to work on /home/airflow/.local/lib/python3.12/site-packages/airflow/example_dags/example_branch_python_dop_operator_3.py
[2024-10-13T08:40:52.357+0000] {processor.py:914} INFO - Processing file /home/airflow/.local/lib/python3.12/site-packages/airflow/example_dags/example_branch_python_dop_operator_3.py for tasks to queue
[2024-10-13T08:40:52.360+0000] {logging_mixin.py:190} INFO - [2024-10-13T08:40:52.360+0000] {dagbag.py:588} INFO - Filling up the DagBag from /home/airflow/.local/lib/python3.12/site-packages/airflow/example_dags/example_branch_python_dop_operator_3.py
[2024-10-13T08:40:52.380+0000] {processor.py:925} INFO - DAG(s) 'example_branch_dop_operator_v3' retrieved from /home/airflow/.local/lib/python3.12/site-packages/airflow/example_dags/example_branch_python_dop_operator_3.py
[2024-10-13T08:40:52.414+0000] {logging_mixin.py:190} INFO - [2024-10-13T08:40:52.413+0000] {dag.py:3239} INFO - Sync 1 DAGs
[2024-10-13T08:40:52.460+0000] {logging_mixin.py:190} INFO - [2024-10-13T08:40:52.460+0000] {dag.py:4180} INFO - Setting next_dagrun for example_branch_dop_operator_v3 to 2024-10-13 08:39:00+00:00, run_after=2024-10-13 08:40:00+00:00
[2024-10-13T08:40:52.487+0000] {processor.py:208} INFO - Processing /home/airflow/.local/lib/python3.12/site-packages/airflow/example_dags/example_branch_python_dop_operator_3.py took 0.140 seconds
[2024-10-13T08:41:36.353+0000] {processor.py:186} INFO - Started process (PID=2059) to work on /home/airflow/.local/lib/python3.12/site-packages/airflow/example_dags/example_branch_python_dop_operator_3.py
[2024-10-13T08:41:36.355+0000] {processor.py:914} INFO - Processing file /home/airflow/.local/lib/python3.12/site-packages/airflow/example_dags/example_branch_python_dop_operator_3.py for tasks to queue
[2024-10-13T08:41:36.357+0000] {logging_mixin.py:190} INFO - [2024-10-13T08:41:36.357+0000] {dagbag.py:588} INFO - Filling up the DagBag from /home/airflow/.local/lib/python3.12/site-packages/airflow/example_dags/example_branch_python_dop_operator_3.py
[2024-10-13T08:41:36.369+0000] {processor.py:925} INFO - DAG(s) 'example_branch_dop_operator_v3' retrieved from /home/airflow/.local/lib/python3.12/site-packages/airflow/example_dags/example_branch_python_dop_operator_3.py
[2024-10-13T08:41:36.390+0000] {logging_mixin.py:190} INFO - [2024-10-13T08:41:36.390+0000] {dag.py:3239} INFO - Sync 1 DAGs
[2024-10-13T08:41:36.417+0000] {logging_mixin.py:190} INFO - [2024-10-13T08:41:36.416+0000] {dag.py:4180} INFO - Setting next_dagrun for example_branch_dop_operator_v3 to 2024-10-13 08:40:00+00:00, run_after=2024-10-13 08:41:00+00:00
[2024-10-13T08:41:36.439+0000] {processor.py:208} INFO - Processing /home/airflow/.local/lib/python3.12/site-packages/airflow/example_dags/example_branch_python_dop_operator_3.py took 0.092 seconds
[2024-10-13T08:42:06.768+0000] {processor.py:186} INFO - Started process (PID=2122) to work on /home/airflow/.local/lib/python3.12/site-packages/airflow/example_dags/example_branch_python_dop_operator_3.py
[2024-10-13T08:42:06.774+0000] {processor.py:914} INFO - Processing file /home/airflow/.local/lib/python3.12/site-packages/airflow/example_dags/example_branch_python_dop_operator_3.py for tasks to queue
[2024-10-13T08:42:06.779+0000] {logging_mixin.py:190} INFO - [2024-10-13T08:42:06.778+0000] {dagbag.py:588} INFO - Filling up the DagBag from /home/airflow/.local/lib/python3.12/site-packages/airflow/example_dags/example_branch_python_dop_operator_3.py
[2024-10-13T08:42:06.794+0000] {processor.py:925} INFO - DAG(s) 'example_branch_dop_operator_v3' retrieved from /home/airflow/.local/lib/python3.12/site-packages/airflow/example_dags/example_branch_python_dop_operator_3.py
[2024-10-13T08:42:06.818+0000] {logging_mixin.py:190} INFO - [2024-10-13T08:42:06.817+0000] {dag.py:3239} INFO - Sync 1 DAGs
[2024-10-13T08:42:06.852+0000] {logging_mixin.py:190} INFO - [2024-10-13T08:42:06.852+0000] {dag.py:4180} INFO - Setting next_dagrun for example_branch_dop_operator_v3 to 2024-10-13 08:41:00+00:00, run_after=2024-10-13 08:42:00+00:00
[2024-10-13T08:42:06.877+0000] {processor.py:208} INFO - Processing /home/airflow/.local/lib/python3.12/site-packages/airflow/example_dags/example_branch_python_dop_operator_3.py took 0.119 seconds
[2024-10-13T08:42:38.045+0000] {processor.py:186} INFO - Started process (PID=2185) to work on /home/airflow/.local/lib/python3.12/site-packages/airflow/example_dags/example_branch_python_dop_operator_3.py
[2024-10-13T08:42:38.046+0000] {processor.py:914} INFO - Processing file /home/airflow/.local/lib/python3.12/site-packages/airflow/example_dags/example_branch_python_dop_operator_3.py for tasks to queue
[2024-10-13T08:42:38.049+0000] {logging_mixin.py:190} INFO - [2024-10-13T08:42:38.048+0000] {dagbag.py:588} INFO - Filling up the DagBag from /home/airflow/.local/lib/python3.12/site-packages/airflow/example_dags/example_branch_python_dop_operator_3.py
[2024-10-13T08:42:38.062+0000] {processor.py:925} INFO - DAG(s) 'example_branch_dop_operator_v3' retrieved from /home/airflow/.local/lib/python3.12/site-packages/airflow/example_dags/example_branch_python_dop_operator_3.py
[2024-10-13T08:42:38.086+0000] {logging_mixin.py:190} INFO - [2024-10-13T08:42:38.086+0000] {dag.py:3239} INFO - Sync 1 DAGs
[2024-10-13T08:42:38.124+0000] {logging_mixin.py:190} INFO - [2024-10-13T08:42:38.123+0000] {dag.py:4180} INFO - Setting next_dagrun for example_branch_dop_operator_v3 to 2024-10-13 08:41:00+00:00, run_after=2024-10-13 08:42:00+00:00
[2024-10-13T08:42:38.150+0000] {processor.py:208} INFO - Processing /home/airflow/.local/lib/python3.12/site-packages/airflow/example_dags/example_branch_python_dop_operator_3.py took 0.113 seconds
[2024-10-13T08:43:08.349+0000] {processor.py:186} INFO - Started process (PID=2248) to work on /home/airflow/.local/lib/python3.12/site-packages/airflow/example_dags/example_branch_python_dop_operator_3.py
[2024-10-13T08:43:08.351+0000] {processor.py:914} INFO - Processing file /home/airflow/.local/lib/python3.12/site-packages/airflow/example_dags/example_branch_python_dop_operator_3.py for tasks to queue
[2024-10-13T08:43:08.353+0000] {logging_mixin.py:190} INFO - [2024-10-13T08:43:08.353+0000] {dagbag.py:588} INFO - Filling up the DagBag from /home/airflow/.local/lib/python3.12/site-packages/airflow/example_dags/example_branch_python_dop_operator_3.py
[2024-10-13T08:43:08.363+0000] {processor.py:925} INFO - DAG(s) 'example_branch_dop_operator_v3' retrieved from /home/airflow/.local/lib/python3.12/site-packages/airflow/example_dags/example_branch_python_dop_operator_3.py
[2024-10-13T08:43:08.382+0000] {logging_mixin.py:190} INFO - [2024-10-13T08:43:08.381+0000] {dag.py:3239} INFO - Sync 1 DAGs
[2024-10-13T08:43:08.409+0000] {logging_mixin.py:190} INFO - [2024-10-13T08:43:08.408+0000] {dag.py:4180} INFO - Setting next_dagrun for example_branch_dop_operator_v3 to 2024-10-13 08:42:00+00:00, run_after=2024-10-13 08:43:00+00:00
[2024-10-13T08:43:08.430+0000] {processor.py:208} INFO - Processing /home/airflow/.local/lib/python3.12/site-packages/airflow/example_dags/example_branch_python_dop_operator_3.py took 0.087 seconds
[2024-10-13T08:43:38.856+0000] {processor.py:186} INFO - Started process (PID=2311) to work on /home/airflow/.local/lib/python3.12/site-packages/airflow/example_dags/example_branch_python_dop_operator_3.py
[2024-10-13T08:43:38.857+0000] {processor.py:914} INFO - Processing file /home/airflow/.local/lib/python3.12/site-packages/airflow/example_dags/example_branch_python_dop_operator_3.py for tasks to queue
[2024-10-13T08:43:38.859+0000] {logging_mixin.py:190} INFO - [2024-10-13T08:43:38.859+0000] {dagbag.py:588} INFO - Filling up the DagBag from /home/airflow/.local/lib/python3.12/site-packages/airflow/example_dags/example_branch_python_dop_operator_3.py
[2024-10-13T08:43:38.871+0000] {processor.py:925} INFO - DAG(s) 'example_branch_dop_operator_v3' retrieved from /home/airflow/.local/lib/python3.12/site-packages/airflow/example_dags/example_branch_python_dop_operator_3.py
[2024-10-13T08:43:38.890+0000] {logging_mixin.py:190} INFO - [2024-10-13T08:43:38.890+0000] {dag.py:3239} INFO - Sync 1 DAGs
[2024-10-13T08:43:38.917+0000] {logging_mixin.py:190} INFO - [2024-10-13T08:43:38.917+0000] {dag.py:4180} INFO - Setting next_dagrun for example_branch_dop_operator_v3 to 2024-10-13 08:42:00+00:00, run_after=2024-10-13 08:43:00+00:00
[2024-10-13T08:43:38.938+0000] {processor.py:208} INFO - Processing /home/airflow/.local/lib/python3.12/site-packages/airflow/example_dags/example_branch_python_dop_operator_3.py took 0.088 seconds
[2024-10-13T08:44:09.484+0000] {processor.py:186} INFO - Started process (PID=2374) to work on /home/airflow/.local/lib/python3.12/site-packages/airflow/example_dags/example_branch_python_dop_operator_3.py
[2024-10-13T08:44:09.485+0000] {processor.py:914} INFO - Processing file /home/airflow/.local/lib/python3.12/site-packages/airflow/example_dags/example_branch_python_dop_operator_3.py for tasks to queue
[2024-10-13T08:44:09.488+0000] {logging_mixin.py:190} INFO - [2024-10-13T08:44:09.487+0000] {dagbag.py:588} INFO - Filling up the DagBag from /home/airflow/.local/lib/python3.12/site-packages/airflow/example_dags/example_branch_python_dop_operator_3.py
[2024-10-13T08:44:09.498+0000] {processor.py:925} INFO - DAG(s) 'example_branch_dop_operator_v3' retrieved from /home/airflow/.local/lib/python3.12/site-packages/airflow/example_dags/example_branch_python_dop_operator_3.py
[2024-10-13T08:44:09.519+0000] {logging_mixin.py:190} INFO - [2024-10-13T08:44:09.518+0000] {dag.py:3239} INFO - Sync 1 DAGs
[2024-10-13T08:44:09.547+0000] {logging_mixin.py:190} INFO - [2024-10-13T08:44:09.547+0000] {dag.py:4180} INFO - Setting next_dagrun for example_branch_dop_operator_v3 to 2024-10-13 08:43:00+00:00, run_after=2024-10-13 08:44:00+00:00
[2024-10-13T08:44:09.570+0000] {processor.py:208} INFO - Processing /home/airflow/.local/lib/python3.12/site-packages/airflow/example_dags/example_branch_python_dop_operator_3.py took 0.092 seconds
[2024-10-13T08:44:40.295+0000] {processor.py:186} INFO - Started process (PID=2438) to work on /home/airflow/.local/lib/python3.12/site-packages/airflow/example_dags/example_branch_python_dop_operator_3.py
[2024-10-13T08:44:40.297+0000] {processor.py:914} INFO - Processing file /home/airflow/.local/lib/python3.12/site-packages/airflow/example_dags/example_branch_python_dop_operator_3.py for tasks to queue
[2024-10-13T08:44:40.299+0000] {logging_mixin.py:190} INFO - [2024-10-13T08:44:40.298+0000] {dagbag.py:588} INFO - Filling up the DagBag from /home/airflow/.local/lib/python3.12/site-packages/airflow/example_dags/example_branch_python_dop_operator_3.py
[2024-10-13T08:44:40.309+0000] {processor.py:925} INFO - DAG(s) 'example_branch_dop_operator_v3' retrieved from /home/airflow/.local/lib/python3.12/site-packages/airflow/example_dags/example_branch_python_dop_operator_3.py
[2024-10-13T08:44:40.327+0000] {logging_mixin.py:190} INFO - [2024-10-13T08:44:40.327+0000] {dag.py:3239} INFO - Sync 1 DAGs
[2024-10-13T08:44:40.353+0000] {logging_mixin.py:190} INFO - [2024-10-13T08:44:40.353+0000] {dag.py:4180} INFO - Setting next_dagrun for example_branch_dop_operator_v3 to 2024-10-13 08:43:00+00:00, run_after=2024-10-13 08:44:00+00:00
[2024-10-13T08:44:40.374+0000] {processor.py:208} INFO - Processing /home/airflow/.local/lib/python3.12/site-packages/airflow/example_dags/example_branch_python_dop_operator_3.py took 0.084 seconds
[2024-10-13T08:45:11.481+0000] {processor.py:186} INFO - Started process (PID=2501) to work on /home/airflow/.local/lib/python3.12/site-packages/airflow/example_dags/example_branch_python_dop_operator_3.py
[2024-10-13T08:45:11.482+0000] {processor.py:914} INFO - Processing file /home/airflow/.local/lib/python3.12/site-packages/airflow/example_dags/example_branch_python_dop_operator_3.py for tasks to queue
[2024-10-13T08:45:11.484+0000] {logging_mixin.py:190} INFO - [2024-10-13T08:45:11.484+0000] {dagbag.py:588} INFO - Filling up the DagBag from /home/airflow/.local/lib/python3.12/site-packages/airflow/example_dags/example_branch_python_dop_operator_3.py
[2024-10-13T08:45:11.495+0000] {processor.py:925} INFO - DAG(s) 'example_branch_dop_operator_v3' retrieved from /home/airflow/.local/lib/python3.12/site-packages/airflow/example_dags/example_branch_python_dop_operator_3.py
[2024-10-13T08:45:11.514+0000] {logging_mixin.py:190} INFO - [2024-10-13T08:45:11.514+0000] {dag.py:3239} INFO - Sync 1 DAGs
[2024-10-13T08:45:11.540+0000] {logging_mixin.py:190} INFO - [2024-10-13T08:45:11.540+0000] {dag.py:4180} INFO - Setting next_dagrun for example_branch_dop_operator_v3 to 2024-10-13 08:44:00+00:00, run_after=2024-10-13 08:45:00+00:00
[2024-10-13T08:45:11.564+0000] {processor.py:208} INFO - Processing /home/airflow/.local/lib/python3.12/site-packages/airflow/example_dags/example_branch_python_dop_operator_3.py took 0.089 seconds
[2024-10-13T08:45:42.330+0000] {processor.py:186} INFO - Started process (PID=2564) to work on /home/airflow/.local/lib/python3.12/site-packages/airflow/example_dags/example_branch_python_dop_operator_3.py
[2024-10-13T08:45:42.331+0000] {processor.py:914} INFO - Processing file /home/airflow/.local/lib/python3.12/site-packages/airflow/example_dags/example_branch_python_dop_operator_3.py for tasks to queue
[2024-10-13T08:45:42.333+0000] {logging_mixin.py:190} INFO - [2024-10-13T08:45:42.333+0000] {dagbag.py:588} INFO - Filling up the DagBag from /home/airflow/.local/lib/python3.12/site-packages/airflow/example_dags/example_branch_python_dop_operator_3.py
[2024-10-13T08:45:42.344+0000] {processor.py:925} INFO - DAG(s) 'example_branch_dop_operator_v3' retrieved from /home/airflow/.local/lib/python3.12/site-packages/airflow/example_dags/example_branch_python_dop_operator_3.py
[2024-10-13T08:45:42.364+0000] {logging_mixin.py:190} INFO - [2024-10-13T08:45:42.364+0000] {dag.py:3239} INFO - Sync 1 DAGs
[2024-10-13T08:45:42.392+0000] {logging_mixin.py:190} INFO - [2024-10-13T08:45:42.392+0000] {dag.py:4180} INFO - Setting next_dagrun for example_branch_dop_operator_v3 to 2024-10-13 08:44:00+00:00, run_after=2024-10-13 08:45:00+00:00
[2024-10-13T08:45:42.411+0000] {processor.py:208} INFO - Processing /home/airflow/.local/lib/python3.12/site-packages/airflow/example_dags/example_branch_python_dop_operator_3.py took 0.088 seconds
[2024-10-13T08:46:13.234+0000] {processor.py:186} INFO - Started process (PID=2627) to work on /home/airflow/.local/lib/python3.12/site-packages/airflow/example_dags/example_branch_python_dop_operator_3.py
[2024-10-13T08:46:13.235+0000] {processor.py:914} INFO - Processing file /home/airflow/.local/lib/python3.12/site-packages/airflow/example_dags/example_branch_python_dop_operator_3.py for tasks to queue
[2024-10-13T08:46:13.237+0000] {logging_mixin.py:190} INFO - [2024-10-13T08:46:13.237+0000] {dagbag.py:588} INFO - Filling up the DagBag from /home/airflow/.local/lib/python3.12/site-packages/airflow/example_dags/example_branch_python_dop_operator_3.py
[2024-10-13T08:46:13.247+0000] {processor.py:925} INFO - DAG(s) 'example_branch_dop_operator_v3' retrieved from /home/airflow/.local/lib/python3.12/site-packages/airflow/example_dags/example_branch_python_dop_operator_3.py
[2024-10-13T08:46:13.268+0000] {logging_mixin.py:190} INFO - [2024-10-13T08:46:13.268+0000] {dag.py:3239} INFO - Sync 1 DAGs
[2024-10-13T08:46:13.294+0000] {logging_mixin.py:190} INFO - [2024-10-13T08:46:13.293+0000] {dag.py:4180} INFO - Setting next_dagrun for example_branch_dop_operator_v3 to 2024-10-13 08:45:00+00:00, run_after=2024-10-13 08:46:00+00:00
[2024-10-13T08:46:13.312+0000] {processor.py:208} INFO - Processing /home/airflow/.local/lib/python3.12/site-packages/airflow/example_dags/example_branch_python_dop_operator_3.py took 0.083 seconds
[2024-10-13T08:46:44.823+0000] {processor.py:186} INFO - Started process (PID=2690) to work on /home/airflow/.local/lib/python3.12/site-packages/airflow/example_dags/example_branch_python_dop_operator_3.py
[2024-10-13T08:46:44.824+0000] {processor.py:914} INFO - Processing file /home/airflow/.local/lib/python3.12/site-packages/airflow/example_dags/example_branch_python_dop_operator_3.py for tasks to queue
[2024-10-13T08:46:44.828+0000] {logging_mixin.py:190} INFO - [2024-10-13T08:46:44.827+0000] {dagbag.py:588} INFO - Filling up the DagBag from /home/airflow/.local/lib/python3.12/site-packages/airflow/example_dags/example_branch_python_dop_operator_3.py
[2024-10-13T08:46:44.840+0000] {processor.py:925} INFO - DAG(s) 'example_branch_dop_operator_v3' retrieved from /home/airflow/.local/lib/python3.12/site-packages/airflow/example_dags/example_branch_python_dop_operator_3.py
[2024-10-13T08:46:44.864+0000] {logging_mixin.py:190} INFO - [2024-10-13T08:46:44.863+0000] {dag.py:3239} INFO - Sync 1 DAGs
[2024-10-13T08:46:44.895+0000] {logging_mixin.py:190} INFO - [2024-10-13T08:46:44.895+0000] {dag.py:4180} INFO - Setting next_dagrun for example_branch_dop_operator_v3 to 2024-10-13 08:45:00+00:00, run_after=2024-10-13 08:46:00+00:00
[2024-10-13T08:46:44.917+0000] {processor.py:208} INFO - Processing /home/airflow/.local/lib/python3.12/site-packages/airflow/example_dags/example_branch_python_dop_operator_3.py took 0.100 seconds
[2024-10-13T08:47:15.942+0000] {processor.py:186} INFO - Started process (PID=2754) to work on /home/airflow/.local/lib/python3.12/site-packages/airflow/example_dags/example_branch_python_dop_operator_3.py
[2024-10-13T08:47:15.943+0000] {processor.py:914} INFO - Processing file /home/airflow/.local/lib/python3.12/site-packages/airflow/example_dags/example_branch_python_dop_operator_3.py for tasks to queue
[2024-10-13T08:47:15.945+0000] {logging_mixin.py:190} INFO - [2024-10-13T08:47:15.945+0000] {dagbag.py:588} INFO - Filling up the DagBag from /home/airflow/.local/lib/python3.12/site-packages/airflow/example_dags/example_branch_python_dop_operator_3.py
[2024-10-13T08:47:15.959+0000] {processor.py:925} INFO - DAG(s) 'example_branch_dop_operator_v3' retrieved from /home/airflow/.local/lib/python3.12/site-packages/airflow/example_dags/example_branch_python_dop_operator_3.py
[2024-10-13T08:47:15.985+0000] {logging_mixin.py:190} INFO - [2024-10-13T08:47:15.984+0000] {dag.py:3239} INFO - Sync 1 DAGs
[2024-10-13T08:47:16.018+0000] {logging_mixin.py:190} INFO - [2024-10-13T08:47:16.017+0000] {dag.py:4180} INFO - Setting next_dagrun for example_branch_dop_operator_v3 to 2024-10-13 08:46:00+00:00, run_after=2024-10-13 08:47:00+00:00
[2024-10-13T08:47:16.040+0000] {processor.py:208} INFO - Processing /home/airflow/.local/lib/python3.12/site-packages/airflow/example_dags/example_branch_python_dop_operator_3.py took 0.105 seconds
[2024-10-13T08:47:46.732+0000] {processor.py:186} INFO - Started process (PID=2817) to work on /home/airflow/.local/lib/python3.12/site-packages/airflow/example_dags/example_branch_python_dop_operator_3.py
[2024-10-13T08:47:46.735+0000] {processor.py:914} INFO - Processing file /home/airflow/.local/lib/python3.12/site-packages/airflow/example_dags/example_branch_python_dop_operator_3.py for tasks to queue
[2024-10-13T08:47:46.740+0000] {logging_mixin.py:190} INFO - [2024-10-13T08:47:46.739+0000] {dagbag.py:588} INFO - Filling up the DagBag from /home/airflow/.local/lib/python3.12/site-packages/airflow/example_dags/example_branch_python_dop_operator_3.py
[2024-10-13T08:47:46.759+0000] {processor.py:925} INFO - DAG(s) 'example_branch_dop_operator_v3' retrieved from /home/airflow/.local/lib/python3.12/site-packages/airflow/example_dags/example_branch_python_dop_operator_3.py
[2024-10-13T08:47:46.811+0000] {logging_mixin.py:190} INFO - [2024-10-13T08:47:46.811+0000] {dag.py:3239} INFO - Sync 1 DAGs
[2024-10-13T08:47:46.856+0000] {logging_mixin.py:190} INFO - [2024-10-13T08:47:46.856+0000] {dag.py:4180} INFO - Setting next_dagrun for example_branch_dop_operator_v3 to 2024-10-13 08:46:00+00:00, run_after=2024-10-13 08:47:00+00:00
[2024-10-13T08:47:46.884+0000] {processor.py:208} INFO - Processing /home/airflow/.local/lib/python3.12/site-packages/airflow/example_dags/example_branch_python_dop_operator_3.py took 0.161 seconds
[2024-10-13T08:48:17.716+0000] {processor.py:186} INFO - Started process (PID=2881) to work on /home/airflow/.local/lib/python3.12/site-packages/airflow/example_dags/example_branch_python_dop_operator_3.py
[2024-10-13T08:48:17.717+0000] {processor.py:914} INFO - Processing file /home/airflow/.local/lib/python3.12/site-packages/airflow/example_dags/example_branch_python_dop_operator_3.py for tasks to queue
[2024-10-13T08:48:17.719+0000] {logging_mixin.py:190} INFO - [2024-10-13T08:48:17.719+0000] {dagbag.py:588} INFO - Filling up the DagBag from /home/airflow/.local/lib/python3.12/site-packages/airflow/example_dags/example_branch_python_dop_operator_3.py
[2024-10-13T08:48:17.729+0000] {processor.py:925} INFO - DAG(s) 'example_branch_dop_operator_v3' retrieved from /home/airflow/.local/lib/python3.12/site-packages/airflow/example_dags/example_branch_python_dop_operator_3.py
[2024-10-13T08:48:17.749+0000] {logging_mixin.py:190} INFO - [2024-10-13T08:48:17.748+0000] {dag.py:3239} INFO - Sync 1 DAGs
[2024-10-13T08:48:17.774+0000] {logging_mixin.py:190} INFO - [2024-10-13T08:48:17.774+0000] {dag.py:4180} INFO - Setting next_dagrun for example_branch_dop_operator_v3 to 2024-10-13 08:47:00+00:00, run_after=2024-10-13 08:48:00+00:00
[2024-10-13T08:48:17.794+0000] {processor.py:208} INFO - Processing /home/airflow/.local/lib/python3.12/site-packages/airflow/example_dags/example_branch_python_dop_operator_3.py took 0.084 seconds
[2024-10-13T08:48:48.824+0000] {processor.py:186} INFO - Started process (PID=2944) to work on /home/airflow/.local/lib/python3.12/site-packages/airflow/example_dags/example_branch_python_dop_operator_3.py
[2024-10-13T08:48:48.825+0000] {processor.py:914} INFO - Processing file /home/airflow/.local/lib/python3.12/site-packages/airflow/example_dags/example_branch_python_dop_operator_3.py for tasks to queue
[2024-10-13T08:48:48.827+0000] {logging_mixin.py:190} INFO - [2024-10-13T08:48:48.827+0000] {dagbag.py:588} INFO - Filling up the DagBag from /home/airflow/.local/lib/python3.12/site-packages/airflow/example_dags/example_branch_python_dop_operator_3.py
[2024-10-13T08:48:48.838+0000] {processor.py:925} INFO - DAG(s) 'example_branch_dop_operator_v3' retrieved from /home/airflow/.local/lib/python3.12/site-packages/airflow/example_dags/example_branch_python_dop_operator_3.py
[2024-10-13T08:48:48.856+0000] {logging_mixin.py:190} INFO - [2024-10-13T08:48:48.856+0000] {dag.py:3239} INFO - Sync 1 DAGs
[2024-10-13T08:48:48.883+0000] {logging_mixin.py:190} INFO - [2024-10-13T08:48:48.882+0000] {dag.py:4180} INFO - Setting next_dagrun for example_branch_dop_operator_v3 to 2024-10-13 08:47:00+00:00, run_after=2024-10-13 08:48:00+00:00
[2024-10-13T08:48:48.902+0000] {processor.py:208} INFO - Processing /home/airflow/.local/lib/python3.12/site-packages/airflow/example_dags/example_branch_python_dop_operator_3.py took 0.083 seconds
[2024-10-13T08:49:20.129+0000] {processor.py:186} INFO - Started process (PID=3007) to work on /home/airflow/.local/lib/python3.12/site-packages/airflow/example_dags/example_branch_python_dop_operator_3.py
[2024-10-13T08:49:20.131+0000] {processor.py:914} INFO - Processing file /home/airflow/.local/lib/python3.12/site-packages/airflow/example_dags/example_branch_python_dop_operator_3.py for tasks to queue
[2024-10-13T08:49:20.133+0000] {logging_mixin.py:190} INFO - [2024-10-13T08:49:20.133+0000] {dagbag.py:588} INFO - Filling up the DagBag from /home/airflow/.local/lib/python3.12/site-packages/airflow/example_dags/example_branch_python_dop_operator_3.py
[2024-10-13T08:49:20.145+0000] {processor.py:925} INFO - DAG(s) 'example_branch_dop_operator_v3' retrieved from /home/airflow/.local/lib/python3.12/site-packages/airflow/example_dags/example_branch_python_dop_operator_3.py
[2024-10-13T08:49:20.166+0000] {logging_mixin.py:190} INFO - [2024-10-13T08:49:20.166+0000] {dag.py:3239} INFO - Sync 1 DAGs
[2024-10-13T08:49:20.197+0000] {logging_mixin.py:190} INFO - [2024-10-13T08:49:20.197+0000] {dag.py:4180} INFO - Setting next_dagrun for example_branch_dop_operator_v3 to 2024-10-13 08:48:00+00:00, run_after=2024-10-13 08:49:00+00:00
[2024-10-13T08:49:20.217+0000] {processor.py:208} INFO - Processing /home/airflow/.local/lib/python3.12/site-packages/airflow/example_dags/example_branch_python_dop_operator_3.py took 0.094 seconds
[2024-10-13T08:49:51.456+0000] {processor.py:186} INFO - Started process (PID=3070) to work on /home/airflow/.local/lib/python3.12/site-packages/airflow/example_dags/example_branch_python_dop_operator_3.py
[2024-10-13T08:49:51.457+0000] {processor.py:914} INFO - Processing file /home/airflow/.local/lib/python3.12/site-packages/airflow/example_dags/example_branch_python_dop_operator_3.py for tasks to queue
[2024-10-13T08:49:51.459+0000] {logging_mixin.py:190} INFO - [2024-10-13T08:49:51.459+0000] {dagbag.py:588} INFO - Filling up the DagBag from /home/airflow/.local/lib/python3.12/site-packages/airflow/example_dags/example_branch_python_dop_operator_3.py
[2024-10-13T08:49:51.470+0000] {processor.py:925} INFO - DAG(s) 'example_branch_dop_operator_v3' retrieved from /home/airflow/.local/lib/python3.12/site-packages/airflow/example_dags/example_branch_python_dop_operator_3.py
[2024-10-13T08:49:51.488+0000] {logging_mixin.py:190} INFO - [2024-10-13T08:49:51.488+0000] {dag.py:3239} INFO - Sync 1 DAGs
[2024-10-13T08:49:51.514+0000] {logging_mixin.py:190} INFO - [2024-10-13T08:49:51.514+0000] {dag.py:4180} INFO - Setting next_dagrun for example_branch_dop_operator_v3 to 2024-10-13 08:48:00+00:00, run_after=2024-10-13 08:49:00+00:00
[2024-10-13T08:49:51.537+0000] {processor.py:208} INFO - Processing /home/airflow/.local/lib/python3.12/site-packages/airflow/example_dags/example_branch_python_dop_operator_3.py took 0.087 seconds
[2024-10-13T08:50:22.571+0000] {processor.py:186} INFO - Started process (PID=3133) to work on /home/airflow/.local/lib/python3.12/site-packages/airflow/example_dags/example_branch_python_dop_operator_3.py
[2024-10-13T08:50:22.572+0000] {processor.py:914} INFO - Processing file /home/airflow/.local/lib/python3.12/site-packages/airflow/example_dags/example_branch_python_dop_operator_3.py for tasks to queue
[2024-10-13T08:50:22.574+0000] {logging_mixin.py:190} INFO - [2024-10-13T08:50:22.574+0000] {dagbag.py:588} INFO - Filling up the DagBag from /home/airflow/.local/lib/python3.12/site-packages/airflow/example_dags/example_branch_python_dop_operator_3.py
[2024-10-13T08:50:22.584+0000] {processor.py:925} INFO - DAG(s) 'example_branch_dop_operator_v3' retrieved from /home/airflow/.local/lib/python3.12/site-packages/airflow/example_dags/example_branch_python_dop_operator_3.py
[2024-10-13T08:50:22.601+0000] {logging_mixin.py:190} INFO - [2024-10-13T08:50:22.601+0000] {dag.py:3239} INFO - Sync 1 DAGs
[2024-10-13T08:50:22.626+0000] {logging_mixin.py:190} INFO - [2024-10-13T08:50:22.626+0000] {dag.py:4180} INFO - Setting next_dagrun for example_branch_dop_operator_v3 to 2024-10-13 08:49:00+00:00, run_after=2024-10-13 08:50:00+00:00
[2024-10-13T08:50:22.648+0000] {processor.py:208} INFO - Processing /home/airflow/.local/lib/python3.12/site-packages/airflow/example_dags/example_branch_python_dop_operator_3.py took 0.083 seconds
[2024-10-13T08:50:54.020+0000] {processor.py:186} INFO - Started process (PID=3196) to work on /home/airflow/.local/lib/python3.12/site-packages/airflow/example_dags/example_branch_python_dop_operator_3.py
[2024-10-13T08:50:54.022+0000] {processor.py:914} INFO - Processing file /home/airflow/.local/lib/python3.12/site-packages/airflow/example_dags/example_branch_python_dop_operator_3.py for tasks to queue
[2024-10-13T08:50:54.024+0000] {logging_mixin.py:190} INFO - [2024-10-13T08:50:54.024+0000] {dagbag.py:588} INFO - Filling up the DagBag from /home/airflow/.local/lib/python3.12/site-packages/airflow/example_dags/example_branch_python_dop_operator_3.py
[2024-10-13T08:50:54.036+0000] {processor.py:925} INFO - DAG(s) 'example_branch_dop_operator_v3' retrieved from /home/airflow/.local/lib/python3.12/site-packages/airflow/example_dags/example_branch_python_dop_operator_3.py
[2024-10-13T08:50:54.056+0000] {logging_mixin.py:190} INFO - [2024-10-13T08:50:54.055+0000] {dag.py:3239} INFO - Sync 1 DAGs
[2024-10-13T08:50:54.088+0000] {logging_mixin.py:190} INFO - [2024-10-13T08:50:54.087+0000] {dag.py:4180} INFO - Setting next_dagrun for example_branch_dop_operator_v3 to 2024-10-13 08:49:00+00:00, run_after=2024-10-13 08:50:00+00:00
[2024-10-13T08:50:54.110+0000] {processor.py:208} INFO - Processing /home/airflow/.local/lib/python3.12/site-packages/airflow/example_dags/example_branch_python_dop_operator_3.py took 0.096 seconds
[2024-10-13T08:51:26.418+0000] {processor.py:186} INFO - Started process (PID=3259) to work on /home/airflow/.local/lib/python3.12/site-packages/airflow/example_dags/example_branch_python_dop_operator_3.py
[2024-10-13T08:51:26.419+0000] {processor.py:914} INFO - Processing file /home/airflow/.local/lib/python3.12/site-packages/airflow/example_dags/example_branch_python_dop_operator_3.py for tasks to queue
[2024-10-13T08:51:26.422+0000] {logging_mixin.py:190} INFO - [2024-10-13T08:51:26.421+0000] {dagbag.py:588} INFO - Filling up the DagBag from /home/airflow/.local/lib/python3.12/site-packages/airflow/example_dags/example_branch_python_dop_operator_3.py
[2024-10-13T08:51:26.435+0000] {processor.py:925} INFO - DAG(s) 'example_branch_dop_operator_v3' retrieved from /home/airflow/.local/lib/python3.12/site-packages/airflow/example_dags/example_branch_python_dop_operator_3.py
[2024-10-13T08:51:26.458+0000] {logging_mixin.py:190} INFO - [2024-10-13T08:51:26.458+0000] {dag.py:3239} INFO - Sync 1 DAGs
[2024-10-13T08:51:26.488+0000] {logging_mixin.py:190} INFO - [2024-10-13T08:51:26.488+0000] {dag.py:4180} INFO - Setting next_dagrun for example_branch_dop_operator_v3 to 2024-10-13 08:50:00+00:00, run_after=2024-10-13 08:51:00+00:00
[2024-10-13T08:51:26.662+0000] {processor.py:208} INFO - Processing /home/airflow/.local/lib/python3.12/site-packages/airflow/example_dags/example_branch_python_dop_operator_3.py took 0.251 seconds
[2024-10-13T08:51:56.886+0000] {processor.py:186} INFO - Started process (PID=3322) to work on /home/airflow/.local/lib/python3.12/site-packages/airflow/example_dags/example_branch_python_dop_operator_3.py
[2024-10-13T08:51:56.887+0000] {processor.py:914} INFO - Processing file /home/airflow/.local/lib/python3.12/site-packages/airflow/example_dags/example_branch_python_dop_operator_3.py for tasks to queue
[2024-10-13T08:51:56.890+0000] {logging_mixin.py:190} INFO - [2024-10-13T08:51:56.889+0000] {dagbag.py:588} INFO - Filling up the DagBag from /home/airflow/.local/lib/python3.12/site-packages/airflow/example_dags/example_branch_python_dop_operator_3.py
[2024-10-13T08:51:56.903+0000] {processor.py:925} INFO - DAG(s) 'example_branch_dop_operator_v3' retrieved from /home/airflow/.local/lib/python3.12/site-packages/airflow/example_dags/example_branch_python_dop_operator_3.py
[2024-10-13T08:51:56.924+0000] {logging_mixin.py:190} INFO - [2024-10-13T08:51:56.924+0000] {dag.py:3239} INFO - Sync 1 DAGs
[2024-10-13T08:51:56.954+0000] {logging_mixin.py:190} INFO - [2024-10-13T08:51:56.954+0000] {dag.py:4180} INFO - Setting next_dagrun for example_branch_dop_operator_v3 to 2024-10-13 08:50:00+00:00, run_after=2024-10-13 08:51:00+00:00
[2024-10-13T08:51:56.981+0000] {processor.py:208} INFO - Processing /home/airflow/.local/lib/python3.12/site-packages/airflow/example_dags/example_branch_python_dop_operator_3.py took 0.102 seconds
[2024-10-13T08:52:27.719+0000] {processor.py:186} INFO - Started process (PID=3385) to work on /home/airflow/.local/lib/python3.12/site-packages/airflow/example_dags/example_branch_python_dop_operator_3.py
[2024-10-13T08:52:27.720+0000] {processor.py:914} INFO - Processing file /home/airflow/.local/lib/python3.12/site-packages/airflow/example_dags/example_branch_python_dop_operator_3.py for tasks to queue
[2024-10-13T08:52:27.723+0000] {logging_mixin.py:190} INFO - [2024-10-13T08:52:27.722+0000] {dagbag.py:588} INFO - Filling up the DagBag from /home/airflow/.local/lib/python3.12/site-packages/airflow/example_dags/example_branch_python_dop_operator_3.py
[2024-10-13T08:52:27.733+0000] {processor.py:925} INFO - DAG(s) 'example_branch_dop_operator_v3' retrieved from /home/airflow/.local/lib/python3.12/site-packages/airflow/example_dags/example_branch_python_dop_operator_3.py
[2024-10-13T08:52:27.750+0000] {logging_mixin.py:190} INFO - [2024-10-13T08:52:27.750+0000] {dag.py:3239} INFO - Sync 1 DAGs
[2024-10-13T08:52:27.775+0000] {logging_mixin.py:190} INFO - [2024-10-13T08:52:27.775+0000] {dag.py:4180} INFO - Setting next_dagrun for example_branch_dop_operator_v3 to 2024-10-13 08:51:00+00:00, run_after=2024-10-13 08:52:00+00:00
[2024-10-13T08:52:27.795+0000] {processor.py:208} INFO - Processing /home/airflow/.local/lib/python3.12/site-packages/airflow/example_dags/example_branch_python_dop_operator_3.py took 0.083 seconds
[2024-10-13T08:52:59.205+0000] {processor.py:186} INFO - Started process (PID=3448) to work on /home/airflow/.local/lib/python3.12/site-packages/airflow/example_dags/example_branch_python_dop_operator_3.py
[2024-10-13T08:52:59.206+0000] {processor.py:914} INFO - Processing file /home/airflow/.local/lib/python3.12/site-packages/airflow/example_dags/example_branch_python_dop_operator_3.py for tasks to queue
[2024-10-13T08:52:59.209+0000] {logging_mixin.py:190} INFO - [2024-10-13T08:52:59.208+0000] {dagbag.py:588} INFO - Filling up the DagBag from /home/airflow/.local/lib/python3.12/site-packages/airflow/example_dags/example_branch_python_dop_operator_3.py
[2024-10-13T08:52:59.220+0000] {processor.py:925} INFO - DAG(s) 'example_branch_dop_operator_v3' retrieved from /home/airflow/.local/lib/python3.12/site-packages/airflow/example_dags/example_branch_python_dop_operator_3.py
[2024-10-13T08:52:59.242+0000] {logging_mixin.py:190} INFO - [2024-10-13T08:52:59.242+0000] {dag.py:3239} INFO - Sync 1 DAGs
[2024-10-13T08:52:59.269+0000] {logging_mixin.py:190} INFO - [2024-10-13T08:52:59.268+0000] {dag.py:4180} INFO - Setting next_dagrun for example_branch_dop_operator_v3 to 2024-10-13 08:51:00+00:00, run_after=2024-10-13 08:52:00+00:00
[2024-10-13T08:52:59.289+0000] {processor.py:208} INFO - Processing /home/airflow/.local/lib/python3.12/site-packages/airflow/example_dags/example_branch_python_dop_operator_3.py took 0.092 seconds
