[2024-10-13T08:25:12.601+0000] {processor.py:186} INFO - Started process (PID=43) to work on /home/airflow/.local/lib/python3.12/site-packages/airflow/example_dags/example_inlet_event_extra.py
[2024-10-13T08:25:12.602+0000] {processor.py:914} INFO - Processing file /home/airflow/.local/lib/python3.12/site-packages/airflow/example_dags/example_inlet_event_extra.py for tasks to queue
[2024-10-13T08:25:12.612+0000] {logging_mixin.py:190} INFO - [2024-10-13T08:25:12.611+0000] {dagbag.py:588} INFO - Filling up the DagBag from /home/airflow/.local/lib/python3.12/site-packages/airflow/example_dags/example_inlet_event_extra.py
[2024-10-13T08:25:13.807+0000] {processor.py:925} INFO - DAG(s) 'read_dataset_event_from_classic', 'read_dataset_event' retrieved from /home/airflow/.local/lib/python3.12/site-packages/airflow/example_dags/example_inlet_event_extra.py
[2024-10-13T08:25:13.862+0000] {logging_mixin.py:190} INFO - [2024-10-13T08:25:13.862+0000] {dag.py:3239} INFO - Sync 2 DAGs
[2024-10-13T08:25:13.969+0000] {logging_mixin.py:190} INFO - [2024-10-13T08:25:13.968+0000] {dag.py:4180} INFO - Setting next_dagrun for read_dataset_event to 2024-10-12 00:00:00+00:00, run_after=2024-10-13 00:00:00+00:00
[2024-10-13T08:25:13.978+0000] {logging_mixin.py:190} INFO - [2024-10-13T08:25:13.978+0000] {dag.py:4180} INFO - Setting next_dagrun for read_dataset_event_from_classic to 2024-10-12 00:00:00+00:00, run_after=2024-10-13 00:00:00+00:00
[2024-10-13T08:25:14.015+0000] {processor.py:208} INFO - Processing /home/airflow/.local/lib/python3.12/site-packages/airflow/example_dags/example_inlet_event_extra.py took 1.420 seconds
[2024-10-13T08:25:44.285+0000] {processor.py:186} INFO - Started process (PID=105) to work on /home/airflow/.local/lib/python3.12/site-packages/airflow/example_dags/example_inlet_event_extra.py
[2024-10-13T08:25:44.286+0000] {processor.py:914} INFO - Processing file /home/airflow/.local/lib/python3.12/site-packages/airflow/example_dags/example_inlet_event_extra.py for tasks to queue
[2024-10-13T08:25:44.288+0000] {logging_mixin.py:190} INFO - [2024-10-13T08:25:44.287+0000] {dagbag.py:588} INFO - Filling up the DagBag from /home/airflow/.local/lib/python3.12/site-packages/airflow/example_dags/example_inlet_event_extra.py
[2024-10-13T08:25:44.418+0000] {processor.py:925} INFO - DAG(s) 'read_dataset_event', 'read_dataset_event_from_classic' retrieved from /home/airflow/.local/lib/python3.12/site-packages/airflow/example_dags/example_inlet_event_extra.py
[2024-10-13T08:25:44.438+0000] {logging_mixin.py:190} INFO - [2024-10-13T08:25:44.438+0000] {dag.py:3239} INFO - Sync 2 DAGs
[2024-10-13T08:25:44.460+0000] {logging_mixin.py:190} INFO - [2024-10-13T08:25:44.460+0000] {dag.py:4180} INFO - Setting next_dagrun for read_dataset_event to 2024-10-12 00:00:00+00:00, run_after=2024-10-13 00:00:00+00:00
[2024-10-13T08:25:44.464+0000] {logging_mixin.py:190} INFO - [2024-10-13T08:25:44.464+0000] {dag.py:4180} INFO - Setting next_dagrun for read_dataset_event_from_classic to 2024-10-12 00:00:00+00:00, run_after=2024-10-13 00:00:00+00:00
[2024-10-13T08:25:44.478+0000] {processor.py:208} INFO - Processing /home/airflow/.local/lib/python3.12/site-packages/airflow/example_dags/example_inlet_event_extra.py took 0.198 seconds
[2024-10-13T08:26:14.882+0000] {processor.py:186} INFO - Started process (PID=169) to work on /home/airflow/.local/lib/python3.12/site-packages/airflow/example_dags/example_inlet_event_extra.py
[2024-10-13T08:26:14.883+0000] {processor.py:914} INFO - Processing file /home/airflow/.local/lib/python3.12/site-packages/airflow/example_dags/example_inlet_event_extra.py for tasks to queue
[2024-10-13T08:26:14.885+0000] {logging_mixin.py:190} INFO - [2024-10-13T08:26:14.885+0000] {dagbag.py:588} INFO - Filling up the DagBag from /home/airflow/.local/lib/python3.12/site-packages/airflow/example_dags/example_inlet_event_extra.py
[2024-10-13T08:26:15.006+0000] {processor.py:925} INFO - DAG(s) 'read_dataset_event', 'read_dataset_event_from_classic' retrieved from /home/airflow/.local/lib/python3.12/site-packages/airflow/example_dags/example_inlet_event_extra.py
[2024-10-13T08:26:15.026+0000] {logging_mixin.py:190} INFO - [2024-10-13T08:26:15.026+0000] {dag.py:3239} INFO - Sync 2 DAGs
[2024-10-13T08:26:15.049+0000] {logging_mixin.py:190} INFO - [2024-10-13T08:26:15.049+0000] {dag.py:4180} INFO - Setting next_dagrun for read_dataset_event to 2024-10-12 00:00:00+00:00, run_after=2024-10-13 00:00:00+00:00
[2024-10-13T08:26:15.054+0000] {logging_mixin.py:190} INFO - [2024-10-13T08:26:15.054+0000] {dag.py:4180} INFO - Setting next_dagrun for read_dataset_event_from_classic to 2024-10-12 00:00:00+00:00, run_after=2024-10-13 00:00:00+00:00
[2024-10-13T08:26:15.070+0000] {processor.py:208} INFO - Processing /home/airflow/.local/lib/python3.12/site-packages/airflow/example_dags/example_inlet_event_extra.py took 0.194 seconds
[2024-10-13T08:26:45.394+0000] {processor.py:186} INFO - Started process (PID=232) to work on /home/airflow/.local/lib/python3.12/site-packages/airflow/example_dags/example_inlet_event_extra.py
[2024-10-13T08:26:45.395+0000] {processor.py:914} INFO - Processing file /home/airflow/.local/lib/python3.12/site-packages/airflow/example_dags/example_inlet_event_extra.py for tasks to queue
[2024-10-13T08:26:45.398+0000] {logging_mixin.py:190} INFO - [2024-10-13T08:26:45.397+0000] {dagbag.py:588} INFO - Filling up the DagBag from /home/airflow/.local/lib/python3.12/site-packages/airflow/example_dags/example_inlet_event_extra.py
[2024-10-13T08:26:45.552+0000] {processor.py:925} INFO - DAG(s) 'read_dataset_event', 'read_dataset_event_from_classic' retrieved from /home/airflow/.local/lib/python3.12/site-packages/airflow/example_dags/example_inlet_event_extra.py
[2024-10-13T08:26:45.574+0000] {logging_mixin.py:190} INFO - [2024-10-13T08:26:45.574+0000] {dag.py:3239} INFO - Sync 2 DAGs
[2024-10-13T08:26:45.603+0000] {logging_mixin.py:190} INFO - [2024-10-13T08:26:45.603+0000] {dag.py:4180} INFO - Setting next_dagrun for read_dataset_event to 2024-10-12 00:00:00+00:00, run_after=2024-10-13 00:00:00+00:00
[2024-10-13T08:26:45.609+0000] {logging_mixin.py:190} INFO - [2024-10-13T08:26:45.609+0000] {dag.py:4180} INFO - Setting next_dagrun for read_dataset_event_from_classic to 2024-10-12 00:00:00+00:00, run_after=2024-10-13 00:00:00+00:00
[2024-10-13T08:26:45.653+0000] {processor.py:208} INFO - Processing /home/airflow/.local/lib/python3.12/site-packages/airflow/example_dags/example_inlet_event_extra.py took 0.265 seconds
[2024-10-13T08:27:15.700+0000] {processor.py:186} INFO - Started process (PID=295) to work on /home/airflow/.local/lib/python3.12/site-packages/airflow/example_dags/example_inlet_event_extra.py
[2024-10-13T08:27:15.701+0000] {processor.py:914} INFO - Processing file /home/airflow/.local/lib/python3.12/site-packages/airflow/example_dags/example_inlet_event_extra.py for tasks to queue
[2024-10-13T08:27:15.703+0000] {logging_mixin.py:190} INFO - [2024-10-13T08:27:15.703+0000] {dagbag.py:588} INFO - Filling up the DagBag from /home/airflow/.local/lib/python3.12/site-packages/airflow/example_dags/example_inlet_event_extra.py
[2024-10-13T08:27:15.830+0000] {processor.py:925} INFO - DAG(s) 'read_dataset_event', 'read_dataset_event_from_classic' retrieved from /home/airflow/.local/lib/python3.12/site-packages/airflow/example_dags/example_inlet_event_extra.py
[2024-10-13T08:27:15.849+0000] {logging_mixin.py:190} INFO - [2024-10-13T08:27:15.849+0000] {dag.py:3239} INFO - Sync 2 DAGs
[2024-10-13T08:27:15.873+0000] {logging_mixin.py:190} INFO - [2024-10-13T08:27:15.873+0000] {dag.py:4180} INFO - Setting next_dagrun for read_dataset_event to 2024-10-12 00:00:00+00:00, run_after=2024-10-13 00:00:00+00:00
[2024-10-13T08:27:15.877+0000] {logging_mixin.py:190} INFO - [2024-10-13T08:27:15.877+0000] {dag.py:4180} INFO - Setting next_dagrun for read_dataset_event_from_classic to 2024-10-12 00:00:00+00:00, run_after=2024-10-13 00:00:00+00:00
[2024-10-13T08:27:15.895+0000] {processor.py:208} INFO - Processing /home/airflow/.local/lib/python3.12/site-packages/airflow/example_dags/example_inlet_event_extra.py took 0.200 seconds
[2024-10-13T08:27:46.360+0000] {processor.py:186} INFO - Started process (PID=358) to work on /home/airflow/.local/lib/python3.12/site-packages/airflow/example_dags/example_inlet_event_extra.py
[2024-10-13T08:27:46.361+0000] {processor.py:914} INFO - Processing file /home/airflow/.local/lib/python3.12/site-packages/airflow/example_dags/example_inlet_event_extra.py for tasks to queue
[2024-10-13T08:27:46.363+0000] {logging_mixin.py:190} INFO - [2024-10-13T08:27:46.362+0000] {dagbag.py:588} INFO - Filling up the DagBag from /home/airflow/.local/lib/python3.12/site-packages/airflow/example_dags/example_inlet_event_extra.py
[2024-10-13T08:27:46.498+0000] {processor.py:925} INFO - DAG(s) 'read_dataset_event', 'read_dataset_event_from_classic' retrieved from /home/airflow/.local/lib/python3.12/site-packages/airflow/example_dags/example_inlet_event_extra.py
[2024-10-13T08:27:46.516+0000] {logging_mixin.py:190} INFO - [2024-10-13T08:27:46.516+0000] {dag.py:3239} INFO - Sync 2 DAGs
[2024-10-13T08:27:46.539+0000] {logging_mixin.py:190} INFO - [2024-10-13T08:27:46.539+0000] {dag.py:4180} INFO - Setting next_dagrun for read_dataset_event to 2024-10-12 00:00:00+00:00, run_after=2024-10-13 00:00:00+00:00
[2024-10-13T08:27:46.543+0000] {logging_mixin.py:190} INFO - [2024-10-13T08:27:46.543+0000] {dag.py:4180} INFO - Setting next_dagrun for read_dataset_event_from_classic to 2024-10-12 00:00:00+00:00, run_after=2024-10-13 00:00:00+00:00
[2024-10-13T08:27:46.561+0000] {processor.py:208} INFO - Processing /home/airflow/.local/lib/python3.12/site-packages/airflow/example_dags/example_inlet_event_extra.py took 0.207 seconds
[2024-10-13T08:28:16.596+0000] {processor.py:186} INFO - Started process (PID=421) to work on /home/airflow/.local/lib/python3.12/site-packages/airflow/example_dags/example_inlet_event_extra.py
[2024-10-13T08:28:16.598+0000] {processor.py:914} INFO - Processing file /home/airflow/.local/lib/python3.12/site-packages/airflow/example_dags/example_inlet_event_extra.py for tasks to queue
[2024-10-13T08:28:16.601+0000] {logging_mixin.py:190} INFO - [2024-10-13T08:28:16.600+0000] {dagbag.py:588} INFO - Filling up the DagBag from /home/airflow/.local/lib/python3.12/site-packages/airflow/example_dags/example_inlet_event_extra.py
[2024-10-13T08:28:16.734+0000] {processor.py:925} INFO - DAG(s) 'read_dataset_event', 'read_dataset_event_from_classic' retrieved from /home/airflow/.local/lib/python3.12/site-packages/airflow/example_dags/example_inlet_event_extra.py
[2024-10-13T08:28:16.767+0000] {logging_mixin.py:190} INFO - [2024-10-13T08:28:16.767+0000] {dag.py:3239} INFO - Sync 2 DAGs
[2024-10-13T08:28:16.793+0000] {logging_mixin.py:190} INFO - [2024-10-13T08:28:16.793+0000] {dag.py:4180} INFO - Setting next_dagrun for read_dataset_event to 2024-10-12 00:00:00+00:00, run_after=2024-10-13 00:00:00+00:00
[2024-10-13T08:28:16.798+0000] {logging_mixin.py:190} INFO - [2024-10-13T08:28:16.798+0000] {dag.py:4180} INFO - Setting next_dagrun for read_dataset_event_from_classic to 2024-10-12 00:00:00+00:00, run_after=2024-10-13 00:00:00+00:00
[2024-10-13T08:28:16.815+0000] {processor.py:208} INFO - Processing /home/airflow/.local/lib/python3.12/site-packages/airflow/example_dags/example_inlet_event_extra.py took 0.225 seconds
[2024-10-13T08:28:46.859+0000] {processor.py:186} INFO - Started process (PID=490) to work on /home/airflow/.local/lib/python3.12/site-packages/airflow/example_dags/example_inlet_event_extra.py
[2024-10-13T08:28:46.860+0000] {processor.py:914} INFO - Processing file /home/airflow/.local/lib/python3.12/site-packages/airflow/example_dags/example_inlet_event_extra.py for tasks to queue
[2024-10-13T08:28:46.863+0000] {logging_mixin.py:190} INFO - [2024-10-13T08:28:46.862+0000] {dagbag.py:588} INFO - Filling up the DagBag from /home/airflow/.local/lib/python3.12/site-packages/airflow/example_dags/example_inlet_event_extra.py
[2024-10-13T08:28:46.979+0000] {processor.py:925} INFO - DAG(s) 'read_dataset_event_from_classic', 'read_dataset_event' retrieved from /home/airflow/.local/lib/python3.12/site-packages/airflow/example_dags/example_inlet_event_extra.py
[2024-10-13T08:28:47.002+0000] {logging_mixin.py:190} INFO - [2024-10-13T08:28:47.002+0000] {dag.py:3239} INFO - Sync 2 DAGs
[2024-10-13T08:28:47.025+0000] {logging_mixin.py:190} INFO - [2024-10-13T08:28:47.025+0000] {dag.py:4180} INFO - Setting next_dagrun for read_dataset_event to 2024-10-12 00:00:00+00:00, run_after=2024-10-13 00:00:00+00:00
[2024-10-13T08:28:47.030+0000] {logging_mixin.py:190} INFO - [2024-10-13T08:28:47.030+0000] {dag.py:4180} INFO - Setting next_dagrun for read_dataset_event_from_classic to 2024-10-12 00:00:00+00:00, run_after=2024-10-13 00:00:00+00:00
[2024-10-13T08:28:47.046+0000] {processor.py:208} INFO - Processing /home/airflow/.local/lib/python3.12/site-packages/airflow/example_dags/example_inlet_event_extra.py took 0.193 seconds
[2024-10-13T08:29:17.181+0000] {processor.py:186} INFO - Started process (PID=553) to work on /home/airflow/.local/lib/python3.12/site-packages/airflow/example_dags/example_inlet_event_extra.py
[2024-10-13T08:29:17.182+0000] {processor.py:914} INFO - Processing file /home/airflow/.local/lib/python3.12/site-packages/airflow/example_dags/example_inlet_event_extra.py for tasks to queue
[2024-10-13T08:29:17.186+0000] {logging_mixin.py:190} INFO - [2024-10-13T08:29:17.186+0000] {dagbag.py:588} INFO - Filling up the DagBag from /home/airflow/.local/lib/python3.12/site-packages/airflow/example_dags/example_inlet_event_extra.py
[2024-10-13T08:29:17.341+0000] {processor.py:925} INFO - DAG(s) 'read_dataset_event_from_classic', 'read_dataset_event' retrieved from /home/airflow/.local/lib/python3.12/site-packages/airflow/example_dags/example_inlet_event_extra.py
[2024-10-13T08:29:17.367+0000] {logging_mixin.py:190} INFO - [2024-10-13T08:29:17.366+0000] {dag.py:3239} INFO - Sync 2 DAGs
[2024-10-13T08:29:17.405+0000] {logging_mixin.py:190} INFO - [2024-10-13T08:29:17.405+0000] {dag.py:4180} INFO - Setting next_dagrun for read_dataset_event to 2024-10-12 00:00:00+00:00, run_after=2024-10-13 00:00:00+00:00
[2024-10-13T08:29:17.412+0000] {logging_mixin.py:190} INFO - [2024-10-13T08:29:17.411+0000] {dag.py:4180} INFO - Setting next_dagrun for read_dataset_event_from_classic to 2024-10-12 00:00:00+00:00, run_after=2024-10-13 00:00:00+00:00
[2024-10-13T08:29:17.433+0000] {processor.py:208} INFO - Processing /home/airflow/.local/lib/python3.12/site-packages/airflow/example_dags/example_inlet_event_extra.py took 0.260 seconds
[2024-10-13T08:29:47.799+0000] {processor.py:186} INFO - Started process (PID=616) to work on /home/airflow/.local/lib/python3.12/site-packages/airflow/example_dags/example_inlet_event_extra.py
[2024-10-13T08:29:47.800+0000] {processor.py:914} INFO - Processing file /home/airflow/.local/lib/python3.12/site-packages/airflow/example_dags/example_inlet_event_extra.py for tasks to queue
[2024-10-13T08:29:47.802+0000] {logging_mixin.py:190} INFO - [2024-10-13T08:29:47.802+0000] {dagbag.py:588} INFO - Filling up the DagBag from /home/airflow/.local/lib/python3.12/site-packages/airflow/example_dags/example_inlet_event_extra.py
[2024-10-13T08:29:47.931+0000] {processor.py:925} INFO - DAG(s) 'read_dataset_event_from_classic', 'read_dataset_event' retrieved from /home/airflow/.local/lib/python3.12/site-packages/airflow/example_dags/example_inlet_event_extra.py
[2024-10-13T08:29:47.959+0000] {logging_mixin.py:190} INFO - [2024-10-13T08:29:47.959+0000] {dag.py:3239} INFO - Sync 2 DAGs
[2024-10-13T08:29:47.987+0000] {logging_mixin.py:190} INFO - [2024-10-13T08:29:47.986+0000] {dag.py:4180} INFO - Setting next_dagrun for read_dataset_event to 2024-10-12 00:00:00+00:00, run_after=2024-10-13 00:00:00+00:00
[2024-10-13T08:29:47.993+0000] {logging_mixin.py:190} INFO - [2024-10-13T08:29:47.993+0000] {dag.py:4180} INFO - Setting next_dagrun for read_dataset_event_from_classic to 2024-10-12 00:00:00+00:00, run_after=2024-10-13 00:00:00+00:00
[2024-10-13T08:29:48.017+0000] {processor.py:208} INFO - Processing /home/airflow/.local/lib/python3.12/site-packages/airflow/example_dags/example_inlet_event_extra.py took 0.225 seconds
[2024-10-13T08:30:18.374+0000] {processor.py:186} INFO - Started process (PID=679) to work on /home/airflow/.local/lib/python3.12/site-packages/airflow/example_dags/example_inlet_event_extra.py
[2024-10-13T08:30:18.375+0000] {processor.py:914} INFO - Processing file /home/airflow/.local/lib/python3.12/site-packages/airflow/example_dags/example_inlet_event_extra.py for tasks to queue
[2024-10-13T08:30:18.377+0000] {logging_mixin.py:190} INFO - [2024-10-13T08:30:18.377+0000] {dagbag.py:588} INFO - Filling up the DagBag from /home/airflow/.local/lib/python3.12/site-packages/airflow/example_dags/example_inlet_event_extra.py
[2024-10-13T08:30:18.513+0000] {processor.py:925} INFO - DAG(s) 'read_dataset_event_from_classic', 'read_dataset_event' retrieved from /home/airflow/.local/lib/python3.12/site-packages/airflow/example_dags/example_inlet_event_extra.py
[2024-10-13T08:30:18.535+0000] {logging_mixin.py:190} INFO - [2024-10-13T08:30:18.535+0000] {dag.py:3239} INFO - Sync 2 DAGs
[2024-10-13T08:30:18.559+0000] {logging_mixin.py:190} INFO - [2024-10-13T08:30:18.559+0000] {dag.py:4180} INFO - Setting next_dagrun for read_dataset_event to 2024-10-12 00:00:00+00:00, run_after=2024-10-13 00:00:00+00:00
[2024-10-13T08:30:18.565+0000] {logging_mixin.py:190} INFO - [2024-10-13T08:30:18.565+0000] {dag.py:4180} INFO - Setting next_dagrun for read_dataset_event_from_classic to 2024-10-12 00:00:00+00:00, run_after=2024-10-13 00:00:00+00:00
[2024-10-13T08:30:18.583+0000] {processor.py:208} INFO - Processing /home/airflow/.local/lib/python3.12/site-packages/airflow/example_dags/example_inlet_event_extra.py took 0.215 seconds
[2024-10-13T08:30:48.791+0000] {processor.py:186} INFO - Started process (PID=746) to work on /home/airflow/.local/lib/python3.12/site-packages/airflow/example_dags/example_inlet_event_extra.py
[2024-10-13T08:30:48.792+0000] {processor.py:914} INFO - Processing file /home/airflow/.local/lib/python3.12/site-packages/airflow/example_dags/example_inlet_event_extra.py for tasks to queue
[2024-10-13T08:30:48.794+0000] {logging_mixin.py:190} INFO - [2024-10-13T08:30:48.794+0000] {dagbag.py:588} INFO - Filling up the DagBag from /home/airflow/.local/lib/python3.12/site-packages/airflow/example_dags/example_inlet_event_extra.py
[2024-10-13T08:30:48.949+0000] {processor.py:925} INFO - DAG(s) 'read_dataset_event', 'read_dataset_event_from_classic' retrieved from /home/airflow/.local/lib/python3.12/site-packages/airflow/example_dags/example_inlet_event_extra.py
[2024-10-13T08:30:48.971+0000] {logging_mixin.py:190} INFO - [2024-10-13T08:30:48.971+0000] {dag.py:3239} INFO - Sync 2 DAGs
[2024-10-13T08:30:49.003+0000] {logging_mixin.py:190} INFO - [2024-10-13T08:30:49.002+0000] {dag.py:4180} INFO - Setting next_dagrun for read_dataset_event to 2024-10-12 00:00:00+00:00, run_after=2024-10-13 00:00:00+00:00
[2024-10-13T08:30:49.009+0000] {logging_mixin.py:190} INFO - [2024-10-13T08:30:49.009+0000] {dag.py:4180} INFO - Setting next_dagrun for read_dataset_event_from_classic to 2024-10-12 00:00:00+00:00, run_after=2024-10-13 00:00:00+00:00
[2024-10-13T08:30:49.030+0000] {processor.py:208} INFO - Processing /home/airflow/.local/lib/python3.12/site-packages/airflow/example_dags/example_inlet_event_extra.py took 0.244 seconds
[2024-10-13T08:31:19.424+0000] {processor.py:186} INFO - Started process (PID=812) to work on /home/airflow/.local/lib/python3.12/site-packages/airflow/example_dags/example_inlet_event_extra.py
[2024-10-13T08:31:19.426+0000] {processor.py:914} INFO - Processing file /home/airflow/.local/lib/python3.12/site-packages/airflow/example_dags/example_inlet_event_extra.py for tasks to queue
[2024-10-13T08:31:19.429+0000] {logging_mixin.py:190} INFO - [2024-10-13T08:31:19.428+0000] {dagbag.py:588} INFO - Filling up the DagBag from /home/airflow/.local/lib/python3.12/site-packages/airflow/example_dags/example_inlet_event_extra.py
[2024-10-13T08:31:19.563+0000] {processor.py:925} INFO - DAG(s) 'read_dataset_event', 'read_dataset_event_from_classic' retrieved from /home/airflow/.local/lib/python3.12/site-packages/airflow/example_dags/example_inlet_event_extra.py
[2024-10-13T08:31:19.583+0000] {logging_mixin.py:190} INFO - [2024-10-13T08:31:19.583+0000] {dag.py:3239} INFO - Sync 2 DAGs
[2024-10-13T08:31:19.606+0000] {logging_mixin.py:190} INFO - [2024-10-13T08:31:19.606+0000] {dag.py:4180} INFO - Setting next_dagrun for read_dataset_event to 2024-10-12 00:00:00+00:00, run_after=2024-10-13 00:00:00+00:00
[2024-10-13T08:31:19.610+0000] {logging_mixin.py:190} INFO - [2024-10-13T08:31:19.610+0000] {dag.py:4180} INFO - Setting next_dagrun for read_dataset_event_from_classic to 2024-10-12 00:00:00+00:00, run_after=2024-10-13 00:00:00+00:00
[2024-10-13T08:31:19.626+0000] {processor.py:208} INFO - Processing /home/airflow/.local/lib/python3.12/site-packages/airflow/example_dags/example_inlet_event_extra.py took 0.209 seconds
[2024-10-13T08:31:50.173+0000] {processor.py:186} INFO - Started process (PID=879) to work on /home/airflow/.local/lib/python3.12/site-packages/airflow/example_dags/example_inlet_event_extra.py
[2024-10-13T08:31:50.174+0000] {processor.py:914} INFO - Processing file /home/airflow/.local/lib/python3.12/site-packages/airflow/example_dags/example_inlet_event_extra.py for tasks to queue
[2024-10-13T08:31:50.176+0000] {logging_mixin.py:190} INFO - [2024-10-13T08:31:50.176+0000] {dagbag.py:588} INFO - Filling up the DagBag from /home/airflow/.local/lib/python3.12/site-packages/airflow/example_dags/example_inlet_event_extra.py
[2024-10-13T08:31:50.310+0000] {processor.py:925} INFO - DAG(s) 'read_dataset_event', 'read_dataset_event_from_classic' retrieved from /home/airflow/.local/lib/python3.12/site-packages/airflow/example_dags/example_inlet_event_extra.py
[2024-10-13T08:31:50.333+0000] {logging_mixin.py:190} INFO - [2024-10-13T08:31:50.332+0000] {dag.py:3239} INFO - Sync 2 DAGs
[2024-10-13T08:31:50.359+0000] {logging_mixin.py:190} INFO - [2024-10-13T08:31:50.359+0000] {dag.py:4180} INFO - Setting next_dagrun for read_dataset_event to 2024-10-12 00:00:00+00:00, run_after=2024-10-13 00:00:00+00:00
[2024-10-13T08:31:50.364+0000] {logging_mixin.py:190} INFO - [2024-10-13T08:31:50.364+0000] {dag.py:4180} INFO - Setting next_dagrun for read_dataset_event_from_classic to 2024-10-12 00:00:00+00:00, run_after=2024-10-13 00:00:00+00:00
[2024-10-13T08:31:50.381+0000] {processor.py:208} INFO - Processing /home/airflow/.local/lib/python3.12/site-packages/airflow/example_dags/example_inlet_event_extra.py took 0.213 seconds
[2024-10-13T08:32:20.986+0000] {processor.py:186} INFO - Started process (PID=942) to work on /home/airflow/.local/lib/python3.12/site-packages/airflow/example_dags/example_inlet_event_extra.py
[2024-10-13T08:32:20.988+0000] {processor.py:914} INFO - Processing file /home/airflow/.local/lib/python3.12/site-packages/airflow/example_dags/example_inlet_event_extra.py for tasks to queue
[2024-10-13T08:32:20.990+0000] {logging_mixin.py:190} INFO - [2024-10-13T08:32:20.990+0000] {dagbag.py:588} INFO - Filling up the DagBag from /home/airflow/.local/lib/python3.12/site-packages/airflow/example_dags/example_inlet_event_extra.py
[2024-10-13T08:32:21.142+0000] {processor.py:925} INFO - DAG(s) 'read_dataset_event_from_classic', 'read_dataset_event' retrieved from /home/airflow/.local/lib/python3.12/site-packages/airflow/example_dags/example_inlet_event_extra.py
[2024-10-13T08:32:21.167+0000] {logging_mixin.py:190} INFO - [2024-10-13T08:32:21.167+0000] {dag.py:3239} INFO - Sync 2 DAGs
[2024-10-13T08:32:21.194+0000] {logging_mixin.py:190} INFO - [2024-10-13T08:32:21.194+0000] {dag.py:4180} INFO - Setting next_dagrun for read_dataset_event to 2024-10-12 00:00:00+00:00, run_after=2024-10-13 00:00:00+00:00
[2024-10-13T08:32:21.200+0000] {logging_mixin.py:190} INFO - [2024-10-13T08:32:21.199+0000] {dag.py:4180} INFO - Setting next_dagrun for read_dataset_event_from_classic to 2024-10-12 00:00:00+00:00, run_after=2024-10-13 00:00:00+00:00
[2024-10-13T08:32:21.222+0000] {processor.py:208} INFO - Processing /home/airflow/.local/lib/python3.12/site-packages/airflow/example_dags/example_inlet_event_extra.py took 0.243 seconds
[2024-10-13T08:32:51.450+0000] {processor.py:186} INFO - Started process (PID=1005) to work on /home/airflow/.local/lib/python3.12/site-packages/airflow/example_dags/example_inlet_event_extra.py
[2024-10-13T08:32:51.451+0000] {processor.py:914} INFO - Processing file /home/airflow/.local/lib/python3.12/site-packages/airflow/example_dags/example_inlet_event_extra.py for tasks to queue
[2024-10-13T08:32:51.453+0000] {logging_mixin.py:190} INFO - [2024-10-13T08:32:51.453+0000] {dagbag.py:588} INFO - Filling up the DagBag from /home/airflow/.local/lib/python3.12/site-packages/airflow/example_dags/example_inlet_event_extra.py
[2024-10-13T08:32:51.583+0000] {processor.py:925} INFO - DAG(s) 'read_dataset_event_from_classic', 'read_dataset_event' retrieved from /home/airflow/.local/lib/python3.12/site-packages/airflow/example_dags/example_inlet_event_extra.py
[2024-10-13T08:32:51.604+0000] {logging_mixin.py:190} INFO - [2024-10-13T08:32:51.604+0000] {dag.py:3239} INFO - Sync 2 DAGs
[2024-10-13T08:32:51.628+0000] {logging_mixin.py:190} INFO - [2024-10-13T08:32:51.628+0000] {dag.py:4180} INFO - Setting next_dagrun for read_dataset_event to 2024-10-12 00:00:00+00:00, run_after=2024-10-13 00:00:00+00:00
[2024-10-13T08:32:51.633+0000] {logging_mixin.py:190} INFO - [2024-10-13T08:32:51.633+0000] {dag.py:4180} INFO - Setting next_dagrun for read_dataset_event_from_classic to 2024-10-12 00:00:00+00:00, run_after=2024-10-13 00:00:00+00:00
[2024-10-13T08:32:51.651+0000] {processor.py:208} INFO - Processing /home/airflow/.local/lib/python3.12/site-packages/airflow/example_dags/example_inlet_event_extra.py took 0.208 seconds
[2024-10-13T08:33:22.132+0000] {processor.py:186} INFO - Started process (PID=1068) to work on /home/airflow/.local/lib/python3.12/site-packages/airflow/example_dags/example_inlet_event_extra.py
[2024-10-13T08:33:22.133+0000] {processor.py:914} INFO - Processing file /home/airflow/.local/lib/python3.12/site-packages/airflow/example_dags/example_inlet_event_extra.py for tasks to queue
[2024-10-13T08:33:22.135+0000] {logging_mixin.py:190} INFO - [2024-10-13T08:33:22.135+0000] {dagbag.py:588} INFO - Filling up the DagBag from /home/airflow/.local/lib/python3.12/site-packages/airflow/example_dags/example_inlet_event_extra.py
[2024-10-13T08:33:22.285+0000] {processor.py:925} INFO - DAG(s) 'read_dataset_event', 'read_dataset_event_from_classic' retrieved from /home/airflow/.local/lib/python3.12/site-packages/airflow/example_dags/example_inlet_event_extra.py
[2024-10-13T08:33:22.304+0000] {logging_mixin.py:190} INFO - [2024-10-13T08:33:22.304+0000] {dag.py:3239} INFO - Sync 2 DAGs
[2024-10-13T08:33:22.329+0000] {logging_mixin.py:190} INFO - [2024-10-13T08:33:22.329+0000] {dag.py:4180} INFO - Setting next_dagrun for read_dataset_event to 2024-10-12 00:00:00+00:00, run_after=2024-10-13 00:00:00+00:00
[2024-10-13T08:33:22.334+0000] {logging_mixin.py:190} INFO - [2024-10-13T08:33:22.333+0000] {dag.py:4180} INFO - Setting next_dagrun for read_dataset_event_from_classic to 2024-10-12 00:00:00+00:00, run_after=2024-10-13 00:00:00+00:00
[2024-10-13T08:33:22.351+0000] {processor.py:208} INFO - Processing /home/airflow/.local/lib/python3.12/site-packages/airflow/example_dags/example_inlet_event_extra.py took 0.225 seconds
[2024-10-13T08:33:52.510+0000] {processor.py:186} INFO - Started process (PID=1131) to work on /home/airflow/.local/lib/python3.12/site-packages/airflow/example_dags/example_inlet_event_extra.py
[2024-10-13T08:33:52.511+0000] {processor.py:914} INFO - Processing file /home/airflow/.local/lib/python3.12/site-packages/airflow/example_dags/example_inlet_event_extra.py for tasks to queue
[2024-10-13T08:33:52.513+0000] {logging_mixin.py:190} INFO - [2024-10-13T08:33:52.513+0000] {dagbag.py:588} INFO - Filling up the DagBag from /home/airflow/.local/lib/python3.12/site-packages/airflow/example_dags/example_inlet_event_extra.py
[2024-10-13T08:33:52.641+0000] {processor.py:925} INFO - DAG(s) 'read_dataset_event', 'read_dataset_event_from_classic' retrieved from /home/airflow/.local/lib/python3.12/site-packages/airflow/example_dags/example_inlet_event_extra.py
[2024-10-13T08:33:52.662+0000] {logging_mixin.py:190} INFO - [2024-10-13T08:33:52.661+0000] {dag.py:3239} INFO - Sync 2 DAGs
[2024-10-13T08:33:52.686+0000] {logging_mixin.py:190} INFO - [2024-10-13T08:33:52.686+0000] {dag.py:4180} INFO - Setting next_dagrun for read_dataset_event to 2024-10-12 00:00:00+00:00, run_after=2024-10-13 00:00:00+00:00
[2024-10-13T08:33:52.691+0000] {logging_mixin.py:190} INFO - [2024-10-13T08:33:52.690+0000] {dag.py:4180} INFO - Setting next_dagrun for read_dataset_event_from_classic to 2024-10-12 00:00:00+00:00, run_after=2024-10-13 00:00:00+00:00
[2024-10-13T08:33:52.708+0000] {processor.py:208} INFO - Processing /home/airflow/.local/lib/python3.12/site-packages/airflow/example_dags/example_inlet_event_extra.py took 0.204 seconds
[2024-10-13T08:34:22.885+0000] {processor.py:186} INFO - Started process (PID=1194) to work on /home/airflow/.local/lib/python3.12/site-packages/airflow/example_dags/example_inlet_event_extra.py
[2024-10-13T08:34:22.886+0000] {processor.py:914} INFO - Processing file /home/airflow/.local/lib/python3.12/site-packages/airflow/example_dags/example_inlet_event_extra.py for tasks to queue
[2024-10-13T08:34:22.888+0000] {logging_mixin.py:190} INFO - [2024-10-13T08:34:22.887+0000] {dagbag.py:588} INFO - Filling up the DagBag from /home/airflow/.local/lib/python3.12/site-packages/airflow/example_dags/example_inlet_event_extra.py
[2024-10-13T08:34:23.025+0000] {processor.py:925} INFO - DAG(s) 'read_dataset_event_from_classic', 'read_dataset_event' retrieved from /home/airflow/.local/lib/python3.12/site-packages/airflow/example_dags/example_inlet_event_extra.py
[2024-10-13T08:34:23.048+0000] {logging_mixin.py:190} INFO - [2024-10-13T08:34:23.048+0000] {dag.py:3239} INFO - Sync 2 DAGs
[2024-10-13T08:34:23.078+0000] {logging_mixin.py:190} INFO - [2024-10-13T08:34:23.078+0000] {dag.py:4180} INFO - Setting next_dagrun for read_dataset_event to 2024-10-12 00:00:00+00:00, run_after=2024-10-13 00:00:00+00:00
[2024-10-13T08:34:23.083+0000] {logging_mixin.py:190} INFO - [2024-10-13T08:34:23.083+0000] {dag.py:4180} INFO - Setting next_dagrun for read_dataset_event_from_classic to 2024-10-12 00:00:00+00:00, run_after=2024-10-13 00:00:00+00:00
[2024-10-13T08:34:23.103+0000] {processor.py:208} INFO - Processing /home/airflow/.local/lib/python3.12/site-packages/airflow/example_dags/example_inlet_event_extra.py took 0.225 seconds
[2024-10-13T08:34:53.382+0000] {processor.py:186} INFO - Started process (PID=1257) to work on /home/airflow/.local/lib/python3.12/site-packages/airflow/example_dags/example_inlet_event_extra.py
[2024-10-13T08:34:53.383+0000] {processor.py:914} INFO - Processing file /home/airflow/.local/lib/python3.12/site-packages/airflow/example_dags/example_inlet_event_extra.py for tasks to queue
[2024-10-13T08:34:53.385+0000] {logging_mixin.py:190} INFO - [2024-10-13T08:34:53.385+0000] {dagbag.py:588} INFO - Filling up the DagBag from /home/airflow/.local/lib/python3.12/site-packages/airflow/example_dags/example_inlet_event_extra.py
[2024-10-13T08:34:53.514+0000] {processor.py:925} INFO - DAG(s) 'read_dataset_event_from_classic', 'read_dataset_event' retrieved from /home/airflow/.local/lib/python3.12/site-packages/airflow/example_dags/example_inlet_event_extra.py
[2024-10-13T08:34:53.534+0000] {logging_mixin.py:190} INFO - [2024-10-13T08:34:53.534+0000] {dag.py:3239} INFO - Sync 2 DAGs
[2024-10-13T08:34:53.559+0000] {logging_mixin.py:190} INFO - [2024-10-13T08:34:53.559+0000] {dag.py:4180} INFO - Setting next_dagrun for read_dataset_event to 2024-10-12 00:00:00+00:00, run_after=2024-10-13 00:00:00+00:00
[2024-10-13T08:34:53.565+0000] {logging_mixin.py:190} INFO - [2024-10-13T08:34:53.565+0000] {dag.py:4180} INFO - Setting next_dagrun for read_dataset_event_from_classic to 2024-10-12 00:00:00+00:00, run_after=2024-10-13 00:00:00+00:00
[2024-10-13T08:34:53.582+0000] {processor.py:208} INFO - Processing /home/airflow/.local/lib/python3.12/site-packages/airflow/example_dags/example_inlet_event_extra.py took 0.207 seconds
[2024-10-13T08:35:23.618+0000] {processor.py:186} INFO - Started process (PID=1320) to work on /home/airflow/.local/lib/python3.12/site-packages/airflow/example_dags/example_inlet_event_extra.py
[2024-10-13T08:35:23.619+0000] {processor.py:914} INFO - Processing file /home/airflow/.local/lib/python3.12/site-packages/airflow/example_dags/example_inlet_event_extra.py for tasks to queue
[2024-10-13T08:35:23.621+0000] {logging_mixin.py:190} INFO - [2024-10-13T08:35:23.621+0000] {dagbag.py:588} INFO - Filling up the DagBag from /home/airflow/.local/lib/python3.12/site-packages/airflow/example_dags/example_inlet_event_extra.py
[2024-10-13T08:35:23.896+0000] {processor.py:925} INFO - DAG(s) 'read_dataset_event', 'read_dataset_event_from_classic' retrieved from /home/airflow/.local/lib/python3.12/site-packages/airflow/example_dags/example_inlet_event_extra.py
[2024-10-13T08:35:23.919+0000] {logging_mixin.py:190} INFO - [2024-10-13T08:35:23.919+0000] {dag.py:3239} INFO - Sync 2 DAGs
[2024-10-13T08:35:23.946+0000] {logging_mixin.py:190} INFO - [2024-10-13T08:35:23.945+0000] {dag.py:4180} INFO - Setting next_dagrun for read_dataset_event to 2024-10-12 00:00:00+00:00, run_after=2024-10-13 00:00:00+00:00
[2024-10-13T08:35:23.950+0000] {logging_mixin.py:190} INFO - [2024-10-13T08:35:23.950+0000] {dag.py:4180} INFO - Setting next_dagrun for read_dataset_event_from_classic to 2024-10-12 00:00:00+00:00, run_after=2024-10-13 00:00:00+00:00
[2024-10-13T08:35:23.969+0000] {processor.py:208} INFO - Processing /home/airflow/.local/lib/python3.12/site-packages/airflow/example_dags/example_inlet_event_extra.py took 0.358 seconds
[2024-10-13T08:35:54.007+0000] {processor.py:186} INFO - Started process (PID=1382) to work on /home/airflow/.local/lib/python3.12/site-packages/airflow/example_dags/example_inlet_event_extra.py
[2024-10-13T08:35:54.008+0000] {processor.py:914} INFO - Processing file /home/airflow/.local/lib/python3.12/site-packages/airflow/example_dags/example_inlet_event_extra.py for tasks to queue
[2024-10-13T08:35:54.010+0000] {logging_mixin.py:190} INFO - [2024-10-13T08:35:54.010+0000] {dagbag.py:588} INFO - Filling up the DagBag from /home/airflow/.local/lib/python3.12/site-packages/airflow/example_dags/example_inlet_event_extra.py
[2024-10-13T08:35:54.227+0000] {processor.py:925} INFO - DAG(s) 'read_dataset_event_from_classic', 'read_dataset_event' retrieved from /home/airflow/.local/lib/python3.12/site-packages/airflow/example_dags/example_inlet_event_extra.py
[2024-10-13T08:35:54.253+0000] {logging_mixin.py:190} INFO - [2024-10-13T08:35:54.252+0000] {dag.py:3239} INFO - Sync 2 DAGs
[2024-10-13T08:35:54.280+0000] {logging_mixin.py:190} INFO - [2024-10-13T08:35:54.280+0000] {dag.py:4180} INFO - Setting next_dagrun for read_dataset_event to 2024-10-12 00:00:00+00:00, run_after=2024-10-13 00:00:00+00:00
[2024-10-13T08:35:54.285+0000] {logging_mixin.py:190} INFO - [2024-10-13T08:35:54.285+0000] {dag.py:4180} INFO - Setting next_dagrun for read_dataset_event_from_classic to 2024-10-12 00:00:00+00:00, run_after=2024-10-13 00:00:00+00:00
[2024-10-13T08:35:54.305+0000] {processor.py:208} INFO - Processing /home/airflow/.local/lib/python3.12/site-packages/airflow/example_dags/example_inlet_event_extra.py took 0.303 seconds
[2024-10-13T08:36:24.637+0000] {processor.py:186} INFO - Started process (PID=1446) to work on /home/airflow/.local/lib/python3.12/site-packages/airflow/example_dags/example_inlet_event_extra.py
[2024-10-13T08:36:24.639+0000] {processor.py:914} INFO - Processing file /home/airflow/.local/lib/python3.12/site-packages/airflow/example_dags/example_inlet_event_extra.py for tasks to queue
[2024-10-13T08:36:24.641+0000] {logging_mixin.py:190} INFO - [2024-10-13T08:36:24.641+0000] {dagbag.py:588} INFO - Filling up the DagBag from /home/airflow/.local/lib/python3.12/site-packages/airflow/example_dags/example_inlet_event_extra.py
[2024-10-13T08:36:24.861+0000] {processor.py:925} INFO - DAG(s) 'read_dataset_event_from_classic', 'read_dataset_event' retrieved from /home/airflow/.local/lib/python3.12/site-packages/airflow/example_dags/example_inlet_event_extra.py
[2024-10-13T08:36:24.930+0000] {logging_mixin.py:190} INFO - [2024-10-13T08:36:24.930+0000] {dag.py:3239} INFO - Sync 2 DAGs
[2024-10-13T08:36:24.961+0000] {logging_mixin.py:190} INFO - [2024-10-13T08:36:24.960+0000] {dag.py:4180} INFO - Setting next_dagrun for read_dataset_event to 2024-10-12 00:00:00+00:00, run_after=2024-10-13 00:00:00+00:00
[2024-10-13T08:36:24.969+0000] {logging_mixin.py:190} INFO - [2024-10-13T08:36:24.969+0000] {dag.py:4180} INFO - Setting next_dagrun for read_dataset_event_from_classic to 2024-10-12 00:00:00+00:00, run_after=2024-10-13 00:00:00+00:00
[2024-10-13T08:36:24.995+0000] {processor.py:208} INFO - Processing /home/airflow/.local/lib/python3.12/site-packages/airflow/example_dags/example_inlet_event_extra.py took 0.365 seconds
[2024-10-13T08:36:55.519+0000] {processor.py:186} INFO - Started process (PID=1509) to work on /home/airflow/.local/lib/python3.12/site-packages/airflow/example_dags/example_inlet_event_extra.py
[2024-10-13T08:36:55.520+0000] {processor.py:914} INFO - Processing file /home/airflow/.local/lib/python3.12/site-packages/airflow/example_dags/example_inlet_event_extra.py for tasks to queue
[2024-10-13T08:36:55.522+0000] {logging_mixin.py:190} INFO - [2024-10-13T08:36:55.521+0000] {dagbag.py:588} INFO - Filling up the DagBag from /home/airflow/.local/lib/python3.12/site-packages/airflow/example_dags/example_inlet_event_extra.py
[2024-10-13T08:36:55.726+0000] {processor.py:925} INFO - DAG(s) 'read_dataset_event_from_classic', 'read_dataset_event' retrieved from /home/airflow/.local/lib/python3.12/site-packages/airflow/example_dags/example_inlet_event_extra.py
[2024-10-13T08:36:55.747+0000] {logging_mixin.py:190} INFO - [2024-10-13T08:36:55.747+0000] {dag.py:3239} INFO - Sync 2 DAGs
[2024-10-13T08:36:55.771+0000] {logging_mixin.py:190} INFO - [2024-10-13T08:36:55.771+0000] {dag.py:4180} INFO - Setting next_dagrun for read_dataset_event to 2024-10-12 00:00:00+00:00, run_after=2024-10-13 00:00:00+00:00
[2024-10-13T08:36:55.776+0000] {logging_mixin.py:190} INFO - [2024-10-13T08:36:55.776+0000] {dag.py:4180} INFO - Setting next_dagrun for read_dataset_event_from_classic to 2024-10-12 00:00:00+00:00, run_after=2024-10-13 00:00:00+00:00
[2024-10-13T08:36:55.793+0000] {processor.py:208} INFO - Processing /home/airflow/.local/lib/python3.12/site-packages/airflow/example_dags/example_inlet_event_extra.py took 0.280 seconds
[2024-10-13T08:37:26.508+0000] {processor.py:186} INFO - Started process (PID=1572) to work on /home/airflow/.local/lib/python3.12/site-packages/airflow/example_dags/example_inlet_event_extra.py
[2024-10-13T08:37:26.510+0000] {processor.py:914} INFO - Processing file /home/airflow/.local/lib/python3.12/site-packages/airflow/example_dags/example_inlet_event_extra.py for tasks to queue
[2024-10-13T08:37:26.512+0000] {logging_mixin.py:190} INFO - [2024-10-13T08:37:26.511+0000] {dagbag.py:588} INFO - Filling up the DagBag from /home/airflow/.local/lib/python3.12/site-packages/airflow/example_dags/example_inlet_event_extra.py
[2024-10-13T08:37:26.729+0000] {processor.py:925} INFO - DAG(s) 'read_dataset_event', 'read_dataset_event_from_classic' retrieved from /home/airflow/.local/lib/python3.12/site-packages/airflow/example_dags/example_inlet_event_extra.py
[2024-10-13T08:37:26.749+0000] {logging_mixin.py:190} INFO - [2024-10-13T08:37:26.749+0000] {dag.py:3239} INFO - Sync 2 DAGs
[2024-10-13T08:37:26.773+0000] {logging_mixin.py:190} INFO - [2024-10-13T08:37:26.773+0000] {dag.py:4180} INFO - Setting next_dagrun for read_dataset_event to 2024-10-12 00:00:00+00:00, run_after=2024-10-13 00:00:00+00:00
[2024-10-13T08:37:26.778+0000] {logging_mixin.py:190} INFO - [2024-10-13T08:37:26.778+0000] {dag.py:4180} INFO - Setting next_dagrun for read_dataset_event_from_classic to 2024-10-12 00:00:00+00:00, run_after=2024-10-13 00:00:00+00:00
[2024-10-13T08:37:26.796+0000] {processor.py:208} INFO - Processing /home/airflow/.local/lib/python3.12/site-packages/airflow/example_dags/example_inlet_event_extra.py took 0.292 seconds
[2024-10-13T08:37:57.662+0000] {processor.py:186} INFO - Started process (PID=1635) to work on /home/airflow/.local/lib/python3.12/site-packages/airflow/example_dags/example_inlet_event_extra.py
[2024-10-13T08:37:57.663+0000] {processor.py:914} INFO - Processing file /home/airflow/.local/lib/python3.12/site-packages/airflow/example_dags/example_inlet_event_extra.py for tasks to queue
[2024-10-13T08:37:57.665+0000] {logging_mixin.py:190} INFO - [2024-10-13T08:37:57.665+0000] {dagbag.py:588} INFO - Filling up the DagBag from /home/airflow/.local/lib/python3.12/site-packages/airflow/example_dags/example_inlet_event_extra.py
[2024-10-13T08:37:57.884+0000] {processor.py:925} INFO - DAG(s) 'read_dataset_event', 'read_dataset_event_from_classic' retrieved from /home/airflow/.local/lib/python3.12/site-packages/airflow/example_dags/example_inlet_event_extra.py
[2024-10-13T08:37:57.910+0000] {logging_mixin.py:190} INFO - [2024-10-13T08:37:57.909+0000] {dag.py:3239} INFO - Sync 2 DAGs
[2024-10-13T08:37:57.937+0000] {logging_mixin.py:190} INFO - [2024-10-13T08:37:57.937+0000] {dag.py:4180} INFO - Setting next_dagrun for read_dataset_event to 2024-10-12 00:00:00+00:00, run_after=2024-10-13 00:00:00+00:00
[2024-10-13T08:37:57.942+0000] {logging_mixin.py:190} INFO - [2024-10-13T08:37:57.942+0000] {dag.py:4180} INFO - Setting next_dagrun for read_dataset_event_from_classic to 2024-10-12 00:00:00+00:00, run_after=2024-10-13 00:00:00+00:00
[2024-10-13T08:37:57.962+0000] {processor.py:208} INFO - Processing /home/airflow/.local/lib/python3.12/site-packages/airflow/example_dags/example_inlet_event_extra.py took 0.306 seconds
[2024-10-13T08:38:28.813+0000] {processor.py:186} INFO - Started process (PID=1698) to work on /home/airflow/.local/lib/python3.12/site-packages/airflow/example_dags/example_inlet_event_extra.py
[2024-10-13T08:38:28.814+0000] {processor.py:914} INFO - Processing file /home/airflow/.local/lib/python3.12/site-packages/airflow/example_dags/example_inlet_event_extra.py for tasks to queue
[2024-10-13T08:38:28.817+0000] {logging_mixin.py:190} INFO - [2024-10-13T08:38:28.817+0000] {dagbag.py:588} INFO - Filling up the DagBag from /home/airflow/.local/lib/python3.12/site-packages/airflow/example_dags/example_inlet_event_extra.py
[2024-10-13T08:38:29.041+0000] {processor.py:925} INFO - DAG(s) 'read_dataset_event', 'read_dataset_event_from_classic' retrieved from /home/airflow/.local/lib/python3.12/site-packages/airflow/example_dags/example_inlet_event_extra.py
[2024-10-13T08:38:29.065+0000] {logging_mixin.py:190} INFO - [2024-10-13T08:38:29.064+0000] {dag.py:3239} INFO - Sync 2 DAGs
[2024-10-13T08:38:29.092+0000] {logging_mixin.py:190} INFO - [2024-10-13T08:38:29.092+0000] {dag.py:4180} INFO - Setting next_dagrun for read_dataset_event to 2024-10-12 00:00:00+00:00, run_after=2024-10-13 00:00:00+00:00
[2024-10-13T08:38:29.097+0000] {logging_mixin.py:190} INFO - [2024-10-13T08:38:29.097+0000] {dag.py:4180} INFO - Setting next_dagrun for read_dataset_event_from_classic to 2024-10-12 00:00:00+00:00, run_after=2024-10-13 00:00:00+00:00
[2024-10-13T08:38:29.115+0000] {processor.py:208} INFO - Processing /home/airflow/.local/lib/python3.12/site-packages/airflow/example_dags/example_inlet_event_extra.py took 0.308 seconds
[2024-10-13T08:38:59.338+0000] {processor.py:186} INFO - Started process (PID=1761) to work on /home/airflow/.local/lib/python3.12/site-packages/airflow/example_dags/example_inlet_event_extra.py
[2024-10-13T08:38:59.340+0000] {processor.py:914} INFO - Processing file /home/airflow/.local/lib/python3.12/site-packages/airflow/example_dags/example_inlet_event_extra.py for tasks to queue
[2024-10-13T08:38:59.342+0000] {logging_mixin.py:190} INFO - [2024-10-13T08:38:59.342+0000] {dagbag.py:588} INFO - Filling up the DagBag from /home/airflow/.local/lib/python3.12/site-packages/airflow/example_dags/example_inlet_event_extra.py
[2024-10-13T08:38:59.545+0000] {processor.py:925} INFO - DAG(s) 'read_dataset_event', 'read_dataset_event_from_classic' retrieved from /home/airflow/.local/lib/python3.12/site-packages/airflow/example_dags/example_inlet_event_extra.py
[2024-10-13T08:38:59.570+0000] {logging_mixin.py:190} INFO - [2024-10-13T08:38:59.570+0000] {dag.py:3239} INFO - Sync 2 DAGs
[2024-10-13T08:38:59.598+0000] {logging_mixin.py:190} INFO - [2024-10-13T08:38:59.598+0000] {dag.py:4180} INFO - Setting next_dagrun for read_dataset_event to 2024-10-12 00:00:00+00:00, run_after=2024-10-13 00:00:00+00:00
[2024-10-13T08:38:59.603+0000] {logging_mixin.py:190} INFO - [2024-10-13T08:38:59.603+0000] {dag.py:4180} INFO - Setting next_dagrun for read_dataset_event_from_classic to 2024-10-12 00:00:00+00:00, run_after=2024-10-13 00:00:00+00:00
[2024-10-13T08:38:59.621+0000] {processor.py:208} INFO - Processing /home/airflow/.local/lib/python3.12/site-packages/airflow/example_dags/example_inlet_event_extra.py took 0.288 seconds
[2024-10-13T08:39:29.971+0000] {processor.py:186} INFO - Started process (PID=1824) to work on /home/airflow/.local/lib/python3.12/site-packages/airflow/example_dags/example_inlet_event_extra.py
[2024-10-13T08:39:29.972+0000] {processor.py:914} INFO - Processing file /home/airflow/.local/lib/python3.12/site-packages/airflow/example_dags/example_inlet_event_extra.py for tasks to queue
[2024-10-13T08:39:29.976+0000] {logging_mixin.py:190} INFO - [2024-10-13T08:39:29.976+0000] {dagbag.py:588} INFO - Filling up the DagBag from /home/airflow/.local/lib/python3.12/site-packages/airflow/example_dags/example_inlet_event_extra.py
[2024-10-13T08:39:30.217+0000] {processor.py:925} INFO - DAG(s) 'read_dataset_event', 'read_dataset_event_from_classic' retrieved from /home/airflow/.local/lib/python3.12/site-packages/airflow/example_dags/example_inlet_event_extra.py
[2024-10-13T08:39:30.238+0000] {logging_mixin.py:190} INFO - [2024-10-13T08:39:30.238+0000] {dag.py:3239} INFO - Sync 2 DAGs
[2024-10-13T08:39:30.263+0000] {logging_mixin.py:190} INFO - [2024-10-13T08:39:30.262+0000] {dag.py:4180} INFO - Setting next_dagrun for read_dataset_event to 2024-10-12 00:00:00+00:00, run_after=2024-10-13 00:00:00+00:00
[2024-10-13T08:39:30.267+0000] {logging_mixin.py:190} INFO - [2024-10-13T08:39:30.267+0000] {dag.py:4180} INFO - Setting next_dagrun for read_dataset_event_from_classic to 2024-10-12 00:00:00+00:00, run_after=2024-10-13 00:00:00+00:00
[2024-10-13T08:39:30.284+0000] {processor.py:208} INFO - Processing /home/airflow/.local/lib/python3.12/site-packages/airflow/example_dags/example_inlet_event_extra.py took 0.321 seconds
[2024-10-13T08:40:00.547+0000] {processor.py:186} INFO - Started process (PID=1887) to work on /home/airflow/.local/lib/python3.12/site-packages/airflow/example_dags/example_inlet_event_extra.py
[2024-10-13T08:40:00.548+0000] {processor.py:914} INFO - Processing file /home/airflow/.local/lib/python3.12/site-packages/airflow/example_dags/example_inlet_event_extra.py for tasks to queue
[2024-10-13T08:40:00.551+0000] {logging_mixin.py:190} INFO - [2024-10-13T08:40:00.550+0000] {dagbag.py:588} INFO - Filling up the DagBag from /home/airflow/.local/lib/python3.12/site-packages/airflow/example_dags/example_inlet_event_extra.py
[2024-10-13T08:40:00.780+0000] {processor.py:925} INFO - DAG(s) 'read_dataset_event', 'read_dataset_event_from_classic' retrieved from /home/airflow/.local/lib/python3.12/site-packages/airflow/example_dags/example_inlet_event_extra.py
[2024-10-13T08:40:00.811+0000] {logging_mixin.py:190} INFO - [2024-10-13T08:40:00.811+0000] {dag.py:3239} INFO - Sync 2 DAGs
[2024-10-13T08:40:00.840+0000] {logging_mixin.py:190} INFO - [2024-10-13T08:40:00.840+0000] {dag.py:4180} INFO - Setting next_dagrun for read_dataset_event to 2024-10-12 00:00:00+00:00, run_after=2024-10-13 00:00:00+00:00
[2024-10-13T08:40:00.846+0000] {logging_mixin.py:190} INFO - [2024-10-13T08:40:00.846+0000] {dag.py:4180} INFO - Setting next_dagrun for read_dataset_event_from_classic to 2024-10-12 00:00:00+00:00, run_after=2024-10-13 00:00:00+00:00
[2024-10-13T08:40:00.865+0000] {processor.py:208} INFO - Processing /home/airflow/.local/lib/python3.12/site-packages/airflow/example_dags/example_inlet_event_extra.py took 0.324 seconds
[2024-10-13T08:40:31.134+0000] {processor.py:186} INFO - Started process (PID=1950) to work on /home/airflow/.local/lib/python3.12/site-packages/airflow/example_dags/example_inlet_event_extra.py
[2024-10-13T08:40:31.136+0000] {processor.py:914} INFO - Processing file /home/airflow/.local/lib/python3.12/site-packages/airflow/example_dags/example_inlet_event_extra.py for tasks to queue
[2024-10-13T08:40:31.143+0000] {logging_mixin.py:190} INFO - [2024-10-13T08:40:31.139+0000] {dagbag.py:588} INFO - Filling up the DagBag from /home/airflow/.local/lib/python3.12/site-packages/airflow/example_dags/example_inlet_event_extra.py
[2024-10-13T08:40:31.795+0000] {processor.py:925} INFO - DAG(s) 'read_dataset_event', 'read_dataset_event_from_classic' retrieved from /home/airflow/.local/lib/python3.12/site-packages/airflow/example_dags/example_inlet_event_extra.py
[2024-10-13T08:40:47.117+0000] {logging_mixin.py:190} INFO - [2024-10-13T08:40:47.113+0000] {dag.py:3239} INFO - Sync 2 DAGs
[2024-10-13T08:40:47.199+0000] {logging_mixin.py:190} INFO - [2024-10-13T08:40:47.199+0000] {dag.py:4180} INFO - Setting next_dagrun for read_dataset_event to 2024-10-12 00:00:00+00:00, run_after=2024-10-13 00:00:00+00:00
[2024-10-13T08:40:47.207+0000] {logging_mixin.py:190} INFO - [2024-10-13T08:40:47.207+0000] {dag.py:4180} INFO - Setting next_dagrun for read_dataset_event_from_classic to 2024-10-12 00:00:00+00:00, run_after=2024-10-13 00:00:00+00:00
[2024-10-13T08:40:47.242+0000] {processor.py:208} INFO - Processing /home/airflow/.local/lib/python3.12/site-packages/airflow/example_dags/example_inlet_event_extra.py took 14.819 seconds
[2024-10-13T08:41:17.625+0000] {processor.py:186} INFO - Started process (PID=2012) to work on /home/airflow/.local/lib/python3.12/site-packages/airflow/example_dags/example_inlet_event_extra.py
[2024-10-13T08:41:17.626+0000] {processor.py:914} INFO - Processing file /home/airflow/.local/lib/python3.12/site-packages/airflow/example_dags/example_inlet_event_extra.py for tasks to queue
[2024-10-13T08:41:17.629+0000] {logging_mixin.py:190} INFO - [2024-10-13T08:41:17.629+0000] {dagbag.py:588} INFO - Filling up the DagBag from /home/airflow/.local/lib/python3.12/site-packages/airflow/example_dags/example_inlet_event_extra.py
[2024-10-13T08:41:17.896+0000] {processor.py:925} INFO - DAG(s) 'read_dataset_event', 'read_dataset_event_from_classic' retrieved from /home/airflow/.local/lib/python3.12/site-packages/airflow/example_dags/example_inlet_event_extra.py
[2024-10-13T08:41:17.986+0000] {logging_mixin.py:190} INFO - [2024-10-13T08:41:17.986+0000] {dag.py:3239} INFO - Sync 2 DAGs
[2024-10-13T08:41:18.019+0000] {logging_mixin.py:190} INFO - [2024-10-13T08:41:18.019+0000] {dag.py:4180} INFO - Setting next_dagrun for read_dataset_event to 2024-10-12 00:00:00+00:00, run_after=2024-10-13 00:00:00+00:00
[2024-10-13T08:41:18.026+0000] {logging_mixin.py:190} INFO - [2024-10-13T08:41:18.026+0000] {dag.py:4180} INFO - Setting next_dagrun for read_dataset_event_from_classic to 2024-10-12 00:00:00+00:00, run_after=2024-10-13 00:00:00+00:00
[2024-10-13T08:41:18.051+0000] {processor.py:208} INFO - Processing /home/airflow/.local/lib/python3.12/site-packages/airflow/example_dags/example_inlet_event_extra.py took 0.433 seconds
[2024-10-13T08:41:48.148+0000] {processor.py:186} INFO - Started process (PID=2075) to work on /home/airflow/.local/lib/python3.12/site-packages/airflow/example_dags/example_inlet_event_extra.py
[2024-10-13T08:41:48.149+0000] {processor.py:914} INFO - Processing file /home/airflow/.local/lib/python3.12/site-packages/airflow/example_dags/example_inlet_event_extra.py for tasks to queue
[2024-10-13T08:41:48.152+0000] {logging_mixin.py:190} INFO - [2024-10-13T08:41:48.151+0000] {dagbag.py:588} INFO - Filling up the DagBag from /home/airflow/.local/lib/python3.12/site-packages/airflow/example_dags/example_inlet_event_extra.py
[2024-10-13T08:41:48.396+0000] {processor.py:925} INFO - DAG(s) 'read_dataset_event', 'read_dataset_event_from_classic' retrieved from /home/airflow/.local/lib/python3.12/site-packages/airflow/example_dags/example_inlet_event_extra.py
[2024-10-13T08:41:48.464+0000] {logging_mixin.py:190} INFO - [2024-10-13T08:41:48.463+0000] {dag.py:3239} INFO - Sync 2 DAGs
[2024-10-13T08:41:48.495+0000] {logging_mixin.py:190} INFO - [2024-10-13T08:41:48.495+0000] {dag.py:4180} INFO - Setting next_dagrun for read_dataset_event to 2024-10-12 00:00:00+00:00, run_after=2024-10-13 00:00:00+00:00
[2024-10-13T08:41:48.501+0000] {logging_mixin.py:190} INFO - [2024-10-13T08:41:48.501+0000] {dag.py:4180} INFO - Setting next_dagrun for read_dataset_event_from_classic to 2024-10-12 00:00:00+00:00, run_after=2024-10-13 00:00:00+00:00
[2024-10-13T08:41:48.522+0000] {processor.py:208} INFO - Processing /home/airflow/.local/lib/python3.12/site-packages/airflow/example_dags/example_inlet_event_extra.py took 0.380 seconds
[2024-10-13T08:42:18.734+0000] {processor.py:186} INFO - Started process (PID=2138) to work on /home/airflow/.local/lib/python3.12/site-packages/airflow/example_dags/example_inlet_event_extra.py
[2024-10-13T08:42:18.738+0000] {processor.py:914} INFO - Processing file /home/airflow/.local/lib/python3.12/site-packages/airflow/example_dags/example_inlet_event_extra.py for tasks to queue
[2024-10-13T08:42:18.743+0000] {logging_mixin.py:190} INFO - [2024-10-13T08:42:18.740+0000] {dagbag.py:588} INFO - Filling up the DagBag from /home/airflow/.local/lib/python3.12/site-packages/airflow/example_dags/example_inlet_event_extra.py
[2024-10-13T08:42:19.095+0000] {processor.py:925} INFO - DAG(s) 'read_dataset_event_from_classic', 'read_dataset_event' retrieved from /home/airflow/.local/lib/python3.12/site-packages/airflow/example_dags/example_inlet_event_extra.py
[2024-10-13T08:42:19.214+0000] {logging_mixin.py:190} INFO - [2024-10-13T08:42:19.213+0000] {dag.py:3239} INFO - Sync 2 DAGs
[2024-10-13T08:42:19.462+0000] {logging_mixin.py:190} INFO - [2024-10-13T08:42:19.461+0000] {dag.py:4180} INFO - Setting next_dagrun for read_dataset_event to 2024-10-12 00:00:00+00:00, run_after=2024-10-13 00:00:00+00:00
[2024-10-13T08:42:19.468+0000] {logging_mixin.py:190} INFO - [2024-10-13T08:42:19.468+0000] {dag.py:4180} INFO - Setting next_dagrun for read_dataset_event_from_classic to 2024-10-12 00:00:00+00:00, run_after=2024-10-13 00:00:00+00:00
[2024-10-13T08:42:19.500+0000] {processor.py:208} INFO - Processing /home/airflow/.local/lib/python3.12/site-packages/airflow/example_dags/example_inlet_event_extra.py took 0.776 seconds
[2024-10-13T08:42:49.864+0000] {processor.py:186} INFO - Started process (PID=2201) to work on /home/airflow/.local/lib/python3.12/site-packages/airflow/example_dags/example_inlet_event_extra.py
[2024-10-13T08:42:49.866+0000] {processor.py:914} INFO - Processing file /home/airflow/.local/lib/python3.12/site-packages/airflow/example_dags/example_inlet_event_extra.py for tasks to queue
[2024-10-13T08:42:49.869+0000] {logging_mixin.py:190} INFO - [2024-10-13T08:42:49.868+0000] {dagbag.py:588} INFO - Filling up the DagBag from /home/airflow/.local/lib/python3.12/site-packages/airflow/example_dags/example_inlet_event_extra.py
[2024-10-13T08:42:50.093+0000] {processor.py:925} INFO - DAG(s) 'read_dataset_event_from_classic', 'read_dataset_event' retrieved from /home/airflow/.local/lib/python3.12/site-packages/airflow/example_dags/example_inlet_event_extra.py
[2024-10-13T08:42:50.116+0000] {logging_mixin.py:190} INFO - [2024-10-13T08:42:50.116+0000] {dag.py:3239} INFO - Sync 2 DAGs
[2024-10-13T08:42:50.318+0000] {logging_mixin.py:190} INFO - [2024-10-13T08:42:50.317+0000] {dag.py:4180} INFO - Setting next_dagrun for read_dataset_event to 2024-10-12 00:00:00+00:00, run_after=2024-10-13 00:00:00+00:00
[2024-10-13T08:42:50.322+0000] {logging_mixin.py:190} INFO - [2024-10-13T08:42:50.322+0000] {dag.py:4180} INFO - Setting next_dagrun for read_dataset_event_from_classic to 2024-10-12 00:00:00+00:00, run_after=2024-10-13 00:00:00+00:00
[2024-10-13T08:42:50.339+0000] {processor.py:208} INFO - Processing /home/airflow/.local/lib/python3.12/site-packages/airflow/example_dags/example_inlet_event_extra.py took 0.481 seconds
[2024-10-13T08:43:21.120+0000] {processor.py:186} INFO - Started process (PID=2264) to work on /home/airflow/.local/lib/python3.12/site-packages/airflow/example_dags/example_inlet_event_extra.py
[2024-10-13T08:43:21.121+0000] {processor.py:914} INFO - Processing file /home/airflow/.local/lib/python3.12/site-packages/airflow/example_dags/example_inlet_event_extra.py for tasks to queue
[2024-10-13T08:43:21.123+0000] {logging_mixin.py:190} INFO - [2024-10-13T08:43:21.123+0000] {dagbag.py:588} INFO - Filling up the DagBag from /home/airflow/.local/lib/python3.12/site-packages/airflow/example_dags/example_inlet_event_extra.py
[2024-10-13T08:43:21.341+0000] {processor.py:925} INFO - DAG(s) 'read_dataset_event_from_classic', 'read_dataset_event' retrieved from /home/airflow/.local/lib/python3.12/site-packages/airflow/example_dags/example_inlet_event_extra.py
[2024-10-13T08:43:21.362+0000] {logging_mixin.py:190} INFO - [2024-10-13T08:43:21.362+0000] {dag.py:3239} INFO - Sync 2 DAGs
[2024-10-13T08:43:21.388+0000] {logging_mixin.py:190} INFO - [2024-10-13T08:43:21.387+0000] {dag.py:4180} INFO - Setting next_dagrun for read_dataset_event to 2024-10-12 00:00:00+00:00, run_after=2024-10-13 00:00:00+00:00
[2024-10-13T08:43:21.590+0000] {logging_mixin.py:190} INFO - [2024-10-13T08:43:21.590+0000] {dag.py:4180} INFO - Setting next_dagrun for read_dataset_event_from_classic to 2024-10-12 00:00:00+00:00, run_after=2024-10-13 00:00:00+00:00
[2024-10-13T08:43:21.608+0000] {processor.py:208} INFO - Processing /home/airflow/.local/lib/python3.12/site-packages/airflow/example_dags/example_inlet_event_extra.py took 0.494 seconds
[2024-10-13T08:43:52.593+0000] {processor.py:186} INFO - Started process (PID=2327) to work on /home/airflow/.local/lib/python3.12/site-packages/airflow/example_dags/example_inlet_event_extra.py
[2024-10-13T08:43:52.595+0000] {processor.py:914} INFO - Processing file /home/airflow/.local/lib/python3.12/site-packages/airflow/example_dags/example_inlet_event_extra.py for tasks to queue
[2024-10-13T08:43:52.597+0000] {logging_mixin.py:190} INFO - [2024-10-13T08:43:52.597+0000] {dagbag.py:588} INFO - Filling up the DagBag from /home/airflow/.local/lib/python3.12/site-packages/airflow/example_dags/example_inlet_event_extra.py
[2024-10-13T08:43:52.791+0000] {processor.py:925} INFO - DAG(s) 'read_dataset_event', 'read_dataset_event_from_classic' retrieved from /home/airflow/.local/lib/python3.12/site-packages/airflow/example_dags/example_inlet_event_extra.py
[2024-10-13T08:43:52.861+0000] {logging_mixin.py:190} INFO - [2024-10-13T08:43:52.861+0000] {dag.py:3239} INFO - Sync 2 DAGs
[2024-10-13T08:43:52.890+0000] {logging_mixin.py:190} INFO - [2024-10-13T08:43:52.890+0000] {dag.py:4180} INFO - Setting next_dagrun for read_dataset_event to 2024-10-12 00:00:00+00:00, run_after=2024-10-13 00:00:00+00:00
[2024-10-13T08:43:52.897+0000] {logging_mixin.py:190} INFO - [2024-10-13T08:43:52.897+0000] {dag.py:4180} INFO - Setting next_dagrun for read_dataset_event_from_classic to 2024-10-12 00:00:00+00:00, run_after=2024-10-13 00:00:00+00:00
[2024-10-13T08:43:53.146+0000] {processor.py:208} INFO - Processing /home/airflow/.local/lib/python3.12/site-packages/airflow/example_dags/example_inlet_event_extra.py took 0.562 seconds
[2024-10-13T08:44:23.225+0000] {processor.py:186} INFO - Started process (PID=2390) to work on /home/airflow/.local/lib/python3.12/site-packages/airflow/example_dags/example_inlet_event_extra.py
[2024-10-13T08:44:23.226+0000] {processor.py:914} INFO - Processing file /home/airflow/.local/lib/python3.12/site-packages/airflow/example_dags/example_inlet_event_extra.py for tasks to queue
[2024-10-13T08:44:23.228+0000] {logging_mixin.py:190} INFO - [2024-10-13T08:44:23.228+0000] {dagbag.py:588} INFO - Filling up the DagBag from /home/airflow/.local/lib/python3.12/site-packages/airflow/example_dags/example_inlet_event_extra.py
[2024-10-13T08:44:23.351+0000] {processor.py:925} INFO - DAG(s) 'read_dataset_event_from_classic', 'read_dataset_event' retrieved from /home/airflow/.local/lib/python3.12/site-packages/airflow/example_dags/example_inlet_event_extra.py
[2024-10-13T08:44:23.369+0000] {logging_mixin.py:190} INFO - [2024-10-13T08:44:23.369+0000] {dag.py:3239} INFO - Sync 2 DAGs
[2024-10-13T08:44:23.394+0000] {logging_mixin.py:190} INFO - [2024-10-13T08:44:23.393+0000] {dag.py:4180} INFO - Setting next_dagrun for read_dataset_event to 2024-10-12 00:00:00+00:00, run_after=2024-10-13 00:00:00+00:00
[2024-10-13T08:44:23.398+0000] {logging_mixin.py:190} INFO - [2024-10-13T08:44:23.398+0000] {dag.py:4180} INFO - Setting next_dagrun for read_dataset_event_from_classic to 2024-10-12 00:00:00+00:00, run_after=2024-10-13 00:00:00+00:00
[2024-10-13T08:44:23.416+0000] {processor.py:208} INFO - Processing /home/airflow/.local/lib/python3.12/site-packages/airflow/example_dags/example_inlet_event_extra.py took 0.197 seconds
[2024-10-13T08:44:53.995+0000] {processor.py:186} INFO - Started process (PID=2454) to work on /home/airflow/.local/lib/python3.12/site-packages/airflow/example_dags/example_inlet_event_extra.py
[2024-10-13T08:44:53.996+0000] {processor.py:914} INFO - Processing file /home/airflow/.local/lib/python3.12/site-packages/airflow/example_dags/example_inlet_event_extra.py for tasks to queue
[2024-10-13T08:44:53.999+0000] {logging_mixin.py:190} INFO - [2024-10-13T08:44:53.999+0000] {dagbag.py:588} INFO - Filling up the DagBag from /home/airflow/.local/lib/python3.12/site-packages/airflow/example_dags/example_inlet_event_extra.py
[2024-10-13T08:44:54.300+0000] {processor.py:925} INFO - DAG(s) 'read_dataset_event_from_classic', 'read_dataset_event' retrieved from /home/airflow/.local/lib/python3.12/site-packages/airflow/example_dags/example_inlet_event_extra.py
[2024-10-13T08:44:54.324+0000] {logging_mixin.py:190} INFO - [2024-10-13T08:44:54.323+0000] {dag.py:3239} INFO - Sync 2 DAGs
[2024-10-13T08:44:54.343+0000] {logging_mixin.py:190} INFO - [2024-10-13T08:44:54.342+0000] {dag.py:4180} INFO - Setting next_dagrun for read_dataset_event to 2024-10-12 00:00:00+00:00, run_after=2024-10-13 00:00:00+00:00
[2024-10-13T08:44:54.347+0000] {logging_mixin.py:190} INFO - [2024-10-13T08:44:54.347+0000] {dag.py:4180} INFO - Setting next_dagrun for read_dataset_event_from_classic to 2024-10-12 00:00:00+00:00, run_after=2024-10-13 00:00:00+00:00
[2024-10-13T08:44:54.362+0000] {processor.py:208} INFO - Processing /home/airflow/.local/lib/python3.12/site-packages/airflow/example_dags/example_inlet_event_extra.py took 0.375 seconds
[2024-10-13T08:45:25.243+0000] {processor.py:186} INFO - Started process (PID=2517) to work on /home/airflow/.local/lib/python3.12/site-packages/airflow/example_dags/example_inlet_event_extra.py
[2024-10-13T08:45:25.244+0000] {processor.py:914} INFO - Processing file /home/airflow/.local/lib/python3.12/site-packages/airflow/example_dags/example_inlet_event_extra.py for tasks to queue
[2024-10-13T08:45:25.247+0000] {logging_mixin.py:190} INFO - [2024-10-13T08:45:25.246+0000] {dagbag.py:588} INFO - Filling up the DagBag from /home/airflow/.local/lib/python3.12/site-packages/airflow/example_dags/example_inlet_event_extra.py
[2024-10-13T08:45:25.533+0000] {processor.py:925} INFO - DAG(s) 'read_dataset_event_from_classic', 'read_dataset_event' retrieved from /home/airflow/.local/lib/python3.12/site-packages/airflow/example_dags/example_inlet_event_extra.py
[2024-10-13T08:45:25.555+0000] {logging_mixin.py:190} INFO - [2024-10-13T08:45:25.555+0000] {dag.py:3239} INFO - Sync 2 DAGs
[2024-10-13T08:45:25.575+0000] {logging_mixin.py:190} INFO - [2024-10-13T08:45:25.575+0000] {dag.py:4180} INFO - Setting next_dagrun for read_dataset_event to 2024-10-12 00:00:00+00:00, run_after=2024-10-13 00:00:00+00:00
[2024-10-13T08:45:25.579+0000] {logging_mixin.py:190} INFO - [2024-10-13T08:45:25.579+0000] {dag.py:4180} INFO - Setting next_dagrun for read_dataset_event_from_classic to 2024-10-12 00:00:00+00:00, run_after=2024-10-13 00:00:00+00:00
[2024-10-13T08:45:25.595+0000] {processor.py:208} INFO - Processing /home/airflow/.local/lib/python3.12/site-packages/airflow/example_dags/example_inlet_event_extra.py took 0.357 seconds
[2024-10-13T08:45:56.040+0000] {processor.py:186} INFO - Started process (PID=2580) to work on /home/airflow/.local/lib/python3.12/site-packages/airflow/example_dags/example_inlet_event_extra.py
[2024-10-13T08:45:56.042+0000] {processor.py:914} INFO - Processing file /home/airflow/.local/lib/python3.12/site-packages/airflow/example_dags/example_inlet_event_extra.py for tasks to queue
[2024-10-13T08:45:56.045+0000] {logging_mixin.py:190} INFO - [2024-10-13T08:45:56.044+0000] {dagbag.py:588} INFO - Filling up the DagBag from /home/airflow/.local/lib/python3.12/site-packages/airflow/example_dags/example_inlet_event_extra.py
[2024-10-13T08:45:56.365+0000] {processor.py:925} INFO - DAG(s) 'read_dataset_event', 'read_dataset_event_from_classic' retrieved from /home/airflow/.local/lib/python3.12/site-packages/airflow/example_dags/example_inlet_event_extra.py
[2024-10-13T08:45:56.386+0000] {logging_mixin.py:190} INFO - [2024-10-13T08:45:56.385+0000] {dag.py:3239} INFO - Sync 2 DAGs
[2024-10-13T08:45:56.414+0000] {logging_mixin.py:190} INFO - [2024-10-13T08:45:56.413+0000] {dag.py:4180} INFO - Setting next_dagrun for read_dataset_event to 2024-10-12 00:00:00+00:00, run_after=2024-10-13 00:00:00+00:00
[2024-10-13T08:45:56.419+0000] {logging_mixin.py:190} INFO - [2024-10-13T08:45:56.419+0000] {dag.py:4180} INFO - Setting next_dagrun for read_dataset_event_from_classic to 2024-10-12 00:00:00+00:00, run_after=2024-10-13 00:00:00+00:00
[2024-10-13T08:45:56.437+0000] {processor.py:208} INFO - Processing /home/airflow/.local/lib/python3.12/site-packages/airflow/example_dags/example_inlet_event_extra.py took 0.404 seconds
[2024-10-13T08:46:26.970+0000] {processor.py:186} INFO - Started process (PID=2643) to work on /home/airflow/.local/lib/python3.12/site-packages/airflow/example_dags/example_inlet_event_extra.py
[2024-10-13T08:46:26.971+0000] {processor.py:914} INFO - Processing file /home/airflow/.local/lib/python3.12/site-packages/airflow/example_dags/example_inlet_event_extra.py for tasks to queue
[2024-10-13T08:46:26.974+0000] {logging_mixin.py:190} INFO - [2024-10-13T08:46:26.974+0000] {dagbag.py:588} INFO - Filling up the DagBag from /home/airflow/.local/lib/python3.12/site-packages/airflow/example_dags/example_inlet_event_extra.py
[2024-10-13T08:46:27.304+0000] {processor.py:925} INFO - DAG(s) 'read_dataset_event_from_classic', 'read_dataset_event' retrieved from /home/airflow/.local/lib/python3.12/site-packages/airflow/example_dags/example_inlet_event_extra.py
[2024-10-13T08:46:27.332+0000] {logging_mixin.py:190} INFO - [2024-10-13T08:46:27.331+0000] {dag.py:3239} INFO - Sync 2 DAGs
[2024-10-13T08:46:27.357+0000] {logging_mixin.py:190} INFO - [2024-10-13T08:46:27.357+0000] {dag.py:4180} INFO - Setting next_dagrun for read_dataset_event to 2024-10-12 00:00:00+00:00, run_after=2024-10-13 00:00:00+00:00
[2024-10-13T08:46:27.362+0000] {logging_mixin.py:190} INFO - [2024-10-13T08:46:27.362+0000] {dag.py:4180} INFO - Setting next_dagrun for read_dataset_event_from_classic to 2024-10-12 00:00:00+00:00, run_after=2024-10-13 00:00:00+00:00
[2024-10-13T08:46:27.379+0000] {processor.py:208} INFO - Processing /home/airflow/.local/lib/python3.12/site-packages/airflow/example_dags/example_inlet_event_extra.py took 0.414 seconds
[2024-10-13T08:46:57.580+0000] {processor.py:186} INFO - Started process (PID=2706) to work on /home/airflow/.local/lib/python3.12/site-packages/airflow/example_dags/example_inlet_event_extra.py
[2024-10-13T08:46:57.582+0000] {processor.py:914} INFO - Processing file /home/airflow/.local/lib/python3.12/site-packages/airflow/example_dags/example_inlet_event_extra.py for tasks to queue
[2024-10-13T08:46:57.584+0000] {logging_mixin.py:190} INFO - [2024-10-13T08:46:57.584+0000] {dagbag.py:588} INFO - Filling up the DagBag from /home/airflow/.local/lib/python3.12/site-packages/airflow/example_dags/example_inlet_event_extra.py
[2024-10-13T08:46:57.910+0000] {processor.py:925} INFO - DAG(s) 'read_dataset_event_from_classic', 'read_dataset_event' retrieved from /home/airflow/.local/lib/python3.12/site-packages/airflow/example_dags/example_inlet_event_extra.py
[2024-10-13T08:46:57.956+0000] {logging_mixin.py:190} INFO - [2024-10-13T08:46:57.956+0000] {dag.py:3239} INFO - Sync 2 DAGs
[2024-10-13T08:46:57.978+0000] {logging_mixin.py:190} INFO - [2024-10-13T08:46:57.978+0000] {dag.py:4180} INFO - Setting next_dagrun for read_dataset_event to 2024-10-12 00:00:00+00:00, run_after=2024-10-13 00:00:00+00:00
[2024-10-13T08:46:57.983+0000] {logging_mixin.py:190} INFO - [2024-10-13T08:46:57.983+0000] {dag.py:4180} INFO - Setting next_dagrun for read_dataset_event_from_classic to 2024-10-12 00:00:00+00:00, run_after=2024-10-13 00:00:00+00:00
[2024-10-13T08:46:58.002+0000] {processor.py:208} INFO - Processing /home/airflow/.local/lib/python3.12/site-packages/airflow/example_dags/example_inlet_event_extra.py took 0.428 seconds
[2024-10-13T08:47:28.751+0000] {processor.py:186} INFO - Started process (PID=2770) to work on /home/airflow/.local/lib/python3.12/site-packages/airflow/example_dags/example_inlet_event_extra.py
[2024-10-13T08:47:28.752+0000] {processor.py:914} INFO - Processing file /home/airflow/.local/lib/python3.12/site-packages/airflow/example_dags/example_inlet_event_extra.py for tasks to queue
[2024-10-13T08:47:28.755+0000] {logging_mixin.py:190} INFO - [2024-10-13T08:47:28.754+0000] {dagbag.py:588} INFO - Filling up the DagBag from /home/airflow/.local/lib/python3.12/site-packages/airflow/example_dags/example_inlet_event_extra.py
[2024-10-13T08:47:29.030+0000] {processor.py:925} INFO - DAG(s) 'read_dataset_event', 'read_dataset_event_from_classic' retrieved from /home/airflow/.local/lib/python3.12/site-packages/airflow/example_dags/example_inlet_event_extra.py
[2024-10-13T08:47:29.047+0000] {logging_mixin.py:190} INFO - [2024-10-13T08:47:29.047+0000] {dag.py:3239} INFO - Sync 2 DAGs
[2024-10-13T08:47:29.069+0000] {logging_mixin.py:190} INFO - [2024-10-13T08:47:29.068+0000] {dag.py:4180} INFO - Setting next_dagrun for read_dataset_event to 2024-10-12 00:00:00+00:00, run_after=2024-10-13 00:00:00+00:00
[2024-10-13T08:47:29.073+0000] {logging_mixin.py:190} INFO - [2024-10-13T08:47:29.073+0000] {dag.py:4180} INFO - Setting next_dagrun for read_dataset_event_from_classic to 2024-10-12 00:00:00+00:00, run_after=2024-10-13 00:00:00+00:00
[2024-10-13T08:47:29.088+0000] {processor.py:208} INFO - Processing /home/airflow/.local/lib/python3.12/site-packages/airflow/example_dags/example_inlet_event_extra.py took 0.343 seconds
[2024-10-13T08:47:59.553+0000] {processor.py:186} INFO - Started process (PID=2833) to work on /home/airflow/.local/lib/python3.12/site-packages/airflow/example_dags/example_inlet_event_extra.py
[2024-10-13T08:47:59.555+0000] {processor.py:914} INFO - Processing file /home/airflow/.local/lib/python3.12/site-packages/airflow/example_dags/example_inlet_event_extra.py for tasks to queue
[2024-10-13T08:47:59.558+0000] {logging_mixin.py:190} INFO - [2024-10-13T08:47:59.557+0000] {dagbag.py:588} INFO - Filling up the DagBag from /home/airflow/.local/lib/python3.12/site-packages/airflow/example_dags/example_inlet_event_extra.py
[2024-10-13T08:47:59.864+0000] {processor.py:925} INFO - DAG(s) 'read_dataset_event', 'read_dataset_event_from_classic' retrieved from /home/airflow/.local/lib/python3.12/site-packages/airflow/example_dags/example_inlet_event_extra.py
[2024-10-13T08:47:59.883+0000] {logging_mixin.py:190} INFO - [2024-10-13T08:47:59.883+0000] {dag.py:3239} INFO - Sync 2 DAGs
[2024-10-13T08:47:59.904+0000] {logging_mixin.py:190} INFO - [2024-10-13T08:47:59.904+0000] {dag.py:4180} INFO - Setting next_dagrun for read_dataset_event to 2024-10-12 00:00:00+00:00, run_after=2024-10-13 00:00:00+00:00
[2024-10-13T08:47:59.910+0000] {logging_mixin.py:190} INFO - [2024-10-13T08:47:59.910+0000] {dag.py:4180} INFO - Setting next_dagrun for read_dataset_event_from_classic to 2024-10-12 00:00:00+00:00, run_after=2024-10-13 00:00:00+00:00
[2024-10-13T08:47:59.926+0000] {processor.py:208} INFO - Processing /home/airflow/.local/lib/python3.12/site-packages/airflow/example_dags/example_inlet_event_extra.py took 0.379 seconds
[2024-10-13T08:48:30.453+0000] {processor.py:186} INFO - Started process (PID=2897) to work on /home/airflow/.local/lib/python3.12/site-packages/airflow/example_dags/example_inlet_event_extra.py
[2024-10-13T08:48:30.455+0000] {processor.py:914} INFO - Processing file /home/airflow/.local/lib/python3.12/site-packages/airflow/example_dags/example_inlet_event_extra.py for tasks to queue
[2024-10-13T08:48:30.457+0000] {logging_mixin.py:190} INFO - [2024-10-13T08:48:30.457+0000] {dagbag.py:588} INFO - Filling up the DagBag from /home/airflow/.local/lib/python3.12/site-packages/airflow/example_dags/example_inlet_event_extra.py
[2024-10-13T08:48:30.750+0000] {processor.py:925} INFO - DAG(s) 'read_dataset_event_from_classic', 'read_dataset_event' retrieved from /home/airflow/.local/lib/python3.12/site-packages/airflow/example_dags/example_inlet_event_extra.py
[2024-10-13T08:48:30.768+0000] {logging_mixin.py:190} INFO - [2024-10-13T08:48:30.768+0000] {dag.py:3239} INFO - Sync 2 DAGs
[2024-10-13T08:48:30.790+0000] {logging_mixin.py:190} INFO - [2024-10-13T08:48:30.790+0000] {dag.py:4180} INFO - Setting next_dagrun for read_dataset_event to 2024-10-12 00:00:00+00:00, run_after=2024-10-13 00:00:00+00:00
[2024-10-13T08:48:30.795+0000] {logging_mixin.py:190} INFO - [2024-10-13T08:48:30.795+0000] {dag.py:4180} INFO - Setting next_dagrun for read_dataset_event_from_classic to 2024-10-12 00:00:00+00:00, run_after=2024-10-13 00:00:00+00:00
[2024-10-13T08:48:30.813+0000] {processor.py:208} INFO - Processing /home/airflow/.local/lib/python3.12/site-packages/airflow/example_dags/example_inlet_event_extra.py took 0.364 seconds
[2024-10-13T08:49:01.519+0000] {processor.py:186} INFO - Started process (PID=2960) to work on /home/airflow/.local/lib/python3.12/site-packages/airflow/example_dags/example_inlet_event_extra.py
[2024-10-13T08:49:01.522+0000] {processor.py:914} INFO - Processing file /home/airflow/.local/lib/python3.12/site-packages/airflow/example_dags/example_inlet_event_extra.py for tasks to queue
[2024-10-13T08:49:01.525+0000] {logging_mixin.py:190} INFO - [2024-10-13T08:49:01.524+0000] {dagbag.py:588} INFO - Filling up the DagBag from /home/airflow/.local/lib/python3.12/site-packages/airflow/example_dags/example_inlet_event_extra.py
[2024-10-13T08:49:01.988+0000] {processor.py:925} INFO - DAG(s) 'read_dataset_event_from_classic', 'read_dataset_event' retrieved from /home/airflow/.local/lib/python3.12/site-packages/airflow/example_dags/example_inlet_event_extra.py
[2024-10-13T08:49:02.015+0000] {logging_mixin.py:190} INFO - [2024-10-13T08:49:02.014+0000] {dag.py:3239} INFO - Sync 2 DAGs
[2024-10-13T08:49:02.055+0000] {logging_mixin.py:190} INFO - [2024-10-13T08:49:02.054+0000] {dag.py:4180} INFO - Setting next_dagrun for read_dataset_event to 2024-10-12 00:00:00+00:00, run_after=2024-10-13 00:00:00+00:00
[2024-10-13T08:49:02.078+0000] {logging_mixin.py:190} INFO - [2024-10-13T08:49:02.078+0000] {dag.py:4180} INFO - Setting next_dagrun for read_dataset_event_from_classic to 2024-10-12 00:00:00+00:00, run_after=2024-10-13 00:00:00+00:00
[2024-10-13T08:49:02.116+0000] {processor.py:208} INFO - Processing /home/airflow/.local/lib/python3.12/site-packages/airflow/example_dags/example_inlet_event_extra.py took 0.603 seconds
[2024-10-13T08:49:32.828+0000] {processor.py:186} INFO - Started process (PID=3023) to work on /home/airflow/.local/lib/python3.12/site-packages/airflow/example_dags/example_inlet_event_extra.py
[2024-10-13T08:49:32.830+0000] {processor.py:914} INFO - Processing file /home/airflow/.local/lib/python3.12/site-packages/airflow/example_dags/example_inlet_event_extra.py for tasks to queue
[2024-10-13T08:49:32.833+0000] {logging_mixin.py:190} INFO - [2024-10-13T08:49:32.832+0000] {dagbag.py:588} INFO - Filling up the DagBag from /home/airflow/.local/lib/python3.12/site-packages/airflow/example_dags/example_inlet_event_extra.py
[2024-10-13T08:49:33.264+0000] {processor.py:925} INFO - DAG(s) 'read_dataset_event_from_classic', 'read_dataset_event' retrieved from /home/airflow/.local/lib/python3.12/site-packages/airflow/example_dags/example_inlet_event_extra.py
[2024-10-13T08:49:33.329+0000] {logging_mixin.py:190} INFO - [2024-10-13T08:49:33.329+0000] {dag.py:3239} INFO - Sync 2 DAGs
[2024-10-13T08:49:33.367+0000] {logging_mixin.py:190} INFO - [2024-10-13T08:49:33.367+0000] {dag.py:4180} INFO - Setting next_dagrun for read_dataset_event to 2024-10-12 00:00:00+00:00, run_after=2024-10-13 00:00:00+00:00
[2024-10-13T08:49:33.375+0000] {logging_mixin.py:190} INFO - [2024-10-13T08:49:33.375+0000] {dag.py:4180} INFO - Setting next_dagrun for read_dataset_event_from_classic to 2024-10-12 00:00:00+00:00, run_after=2024-10-13 00:00:00+00:00
[2024-10-13T08:49:33.402+0000] {processor.py:208} INFO - Processing /home/airflow/.local/lib/python3.12/site-packages/airflow/example_dags/example_inlet_event_extra.py took 0.581 seconds
[2024-10-13T08:50:04.148+0000] {processor.py:186} INFO - Started process (PID=3086) to work on /home/airflow/.local/lib/python3.12/site-packages/airflow/example_dags/example_inlet_event_extra.py
[2024-10-13T08:50:04.149+0000] {processor.py:914} INFO - Processing file /home/airflow/.local/lib/python3.12/site-packages/airflow/example_dags/example_inlet_event_extra.py for tasks to queue
[2024-10-13T08:50:04.151+0000] {logging_mixin.py:190} INFO - [2024-10-13T08:50:04.151+0000] {dagbag.py:588} INFO - Filling up the DagBag from /home/airflow/.local/lib/python3.12/site-packages/airflow/example_dags/example_inlet_event_extra.py
[2024-10-13T08:50:04.440+0000] {processor.py:925} INFO - DAG(s) 'read_dataset_event_from_classic', 'read_dataset_event' retrieved from /home/airflow/.local/lib/python3.12/site-packages/airflow/example_dags/example_inlet_event_extra.py
[2024-10-13T08:50:04.471+0000] {logging_mixin.py:190} INFO - [2024-10-13T08:50:04.470+0000] {dag.py:3239} INFO - Sync 2 DAGs
[2024-10-13T08:50:04.502+0000] {logging_mixin.py:190} INFO - [2024-10-13T08:50:04.502+0000] {dag.py:4180} INFO - Setting next_dagrun for read_dataset_event to 2024-10-12 00:00:00+00:00, run_after=2024-10-13 00:00:00+00:00
[2024-10-13T08:50:04.508+0000] {logging_mixin.py:190} INFO - [2024-10-13T08:50:04.508+0000] {dag.py:4180} INFO - Setting next_dagrun for read_dataset_event_from_classic to 2024-10-12 00:00:00+00:00, run_after=2024-10-13 00:00:00+00:00
[2024-10-13T08:50:04.530+0000] {processor.py:208} INFO - Processing /home/airflow/.local/lib/python3.12/site-packages/airflow/example_dags/example_inlet_event_extra.py took 0.387 seconds
[2024-10-13T08:50:35.271+0000] {processor.py:186} INFO - Started process (PID=3149) to work on /home/airflow/.local/lib/python3.12/site-packages/airflow/example_dags/example_inlet_event_extra.py
[2024-10-13T08:50:35.273+0000] {processor.py:914} INFO - Processing file /home/airflow/.local/lib/python3.12/site-packages/airflow/example_dags/example_inlet_event_extra.py for tasks to queue
[2024-10-13T08:50:35.276+0000] {logging_mixin.py:190} INFO - [2024-10-13T08:50:35.276+0000] {dagbag.py:588} INFO - Filling up the DagBag from /home/airflow/.local/lib/python3.12/site-packages/airflow/example_dags/example_inlet_event_extra.py
[2024-10-13T08:50:35.605+0000] {processor.py:925} INFO - DAG(s) 'read_dataset_event_from_classic', 'read_dataset_event' retrieved from /home/airflow/.local/lib/python3.12/site-packages/airflow/example_dags/example_inlet_event_extra.py
[2024-10-13T08:50:35.640+0000] {logging_mixin.py:190} INFO - [2024-10-13T08:50:35.640+0000] {dag.py:3239} INFO - Sync 2 DAGs
[2024-10-13T08:50:35.668+0000] {logging_mixin.py:190} INFO - [2024-10-13T08:50:35.668+0000] {dag.py:4180} INFO - Setting next_dagrun for read_dataset_event to 2024-10-12 00:00:00+00:00, run_after=2024-10-13 00:00:00+00:00
[2024-10-13T08:50:35.674+0000] {logging_mixin.py:190} INFO - [2024-10-13T08:50:35.674+0000] {dag.py:4180} INFO - Setting next_dagrun for read_dataset_event_from_classic to 2024-10-12 00:00:00+00:00, run_after=2024-10-13 00:00:00+00:00
[2024-10-13T08:50:35.696+0000] {processor.py:208} INFO - Processing /home/airflow/.local/lib/python3.12/site-packages/airflow/example_dags/example_inlet_event_extra.py took 0.432 seconds
[2024-10-13T08:51:06.732+0000] {processor.py:186} INFO - Started process (PID=3218) to work on /home/airflow/.local/lib/python3.12/site-packages/airflow/example_dags/example_inlet_event_extra.py
[2024-10-13T08:51:06.734+0000] {processor.py:914} INFO - Processing file /home/airflow/.local/lib/python3.12/site-packages/airflow/example_dags/example_inlet_event_extra.py for tasks to queue
[2024-10-13T08:51:06.736+0000] {logging_mixin.py:190} INFO - [2024-10-13T08:51:06.735+0000] {dagbag.py:588} INFO - Filling up the DagBag from /home/airflow/.local/lib/python3.12/site-packages/airflow/example_dags/example_inlet_event_extra.py
[2024-10-13T08:51:07.096+0000] {processor.py:925} INFO - DAG(s) 'read_dataset_event', 'read_dataset_event_from_classic' retrieved from /home/airflow/.local/lib/python3.12/site-packages/airflow/example_dags/example_inlet_event_extra.py
[2024-10-13T08:51:07.159+0000] {logging_mixin.py:190} INFO - [2024-10-13T08:51:07.158+0000] {dag.py:3239} INFO - Sync 2 DAGs
[2024-10-13T08:51:07.182+0000] {logging_mixin.py:190} INFO - [2024-10-13T08:51:07.182+0000] {dag.py:4180} INFO - Setting next_dagrun for read_dataset_event to 2024-10-12 00:00:00+00:00, run_after=2024-10-13 00:00:00+00:00
[2024-10-13T08:51:07.187+0000] {logging_mixin.py:190} INFO - [2024-10-13T08:51:07.186+0000] {dag.py:4180} INFO - Setting next_dagrun for read_dataset_event_from_classic to 2024-10-12 00:00:00+00:00, run_after=2024-10-13 00:00:00+00:00
[2024-10-13T08:51:07.206+0000] {processor.py:208} INFO - Processing /home/airflow/.local/lib/python3.12/site-packages/airflow/example_dags/example_inlet_event_extra.py took 0.479 seconds
[2024-10-13T08:51:37.994+0000] {processor.py:186} INFO - Started process (PID=3281) to work on /home/airflow/.local/lib/python3.12/site-packages/airflow/example_dags/example_inlet_event_extra.py
[2024-10-13T08:51:37.995+0000] {processor.py:914} INFO - Processing file /home/airflow/.local/lib/python3.12/site-packages/airflow/example_dags/example_inlet_event_extra.py for tasks to queue
[2024-10-13T08:51:37.998+0000] {logging_mixin.py:190} INFO - [2024-10-13T08:51:37.997+0000] {dagbag.py:588} INFO - Filling up the DagBag from /home/airflow/.local/lib/python3.12/site-packages/airflow/example_dags/example_inlet_event_extra.py
[2024-10-13T08:51:38.349+0000] {processor.py:925} INFO - DAG(s) 'read_dataset_event_from_classic', 'read_dataset_event' retrieved from /home/airflow/.local/lib/python3.12/site-packages/airflow/example_dags/example_inlet_event_extra.py
[2024-10-13T08:51:38.394+0000] {logging_mixin.py:190} INFO - [2024-10-13T08:51:38.393+0000] {dag.py:3239} INFO - Sync 2 DAGs
[2024-10-13T08:51:38.419+0000] {logging_mixin.py:190} INFO - [2024-10-13T08:51:38.419+0000] {dag.py:4180} INFO - Setting next_dagrun for read_dataset_event to 2024-10-12 00:00:00+00:00, run_after=2024-10-13 00:00:00+00:00
[2024-10-13T08:51:38.424+0000] {logging_mixin.py:190} INFO - [2024-10-13T08:51:38.424+0000] {dag.py:4180} INFO - Setting next_dagrun for read_dataset_event_from_classic to 2024-10-12 00:00:00+00:00, run_after=2024-10-13 00:00:00+00:00
[2024-10-13T08:51:38.443+0000] {processor.py:208} INFO - Processing /home/airflow/.local/lib/python3.12/site-packages/airflow/example_dags/example_inlet_event_extra.py took 0.456 seconds
[2024-10-13T08:52:08.782+0000] {processor.py:186} INFO - Started process (PID=3344) to work on /home/airflow/.local/lib/python3.12/site-packages/airflow/example_dags/example_inlet_event_extra.py
[2024-10-13T08:52:08.784+0000] {processor.py:914} INFO - Processing file /home/airflow/.local/lib/python3.12/site-packages/airflow/example_dags/example_inlet_event_extra.py for tasks to queue
[2024-10-13T08:52:08.786+0000] {logging_mixin.py:190} INFO - [2024-10-13T08:52:08.786+0000] {dagbag.py:588} INFO - Filling up the DagBag from /home/airflow/.local/lib/python3.12/site-packages/airflow/example_dags/example_inlet_event_extra.py
[2024-10-13T08:52:09.184+0000] {processor.py:925} INFO - DAG(s) 'read_dataset_event_from_classic', 'read_dataset_event' retrieved from /home/airflow/.local/lib/python3.12/site-packages/airflow/example_dags/example_inlet_event_extra.py
[2024-10-13T08:52:09.221+0000] {logging_mixin.py:190} INFO - [2024-10-13T08:52:09.221+0000] {dag.py:3239} INFO - Sync 2 DAGs
[2024-10-13T08:52:09.248+0000] {logging_mixin.py:190} INFO - [2024-10-13T08:52:09.247+0000] {dag.py:4180} INFO - Setting next_dagrun for read_dataset_event to 2024-10-12 00:00:00+00:00, run_after=2024-10-13 00:00:00+00:00
[2024-10-13T08:52:09.260+0000] {logging_mixin.py:190} INFO - [2024-10-13T08:52:09.259+0000] {dag.py:4180} INFO - Setting next_dagrun for read_dataset_event_from_classic to 2024-10-12 00:00:00+00:00, run_after=2024-10-13 00:00:00+00:00
[2024-10-13T08:52:09.291+0000] {processor.py:208} INFO - Processing /home/airflow/.local/lib/python3.12/site-packages/airflow/example_dags/example_inlet_event_extra.py took 0.516 seconds
[2024-10-13T08:52:39.496+0000] {processor.py:186} INFO - Started process (PID=3407) to work on /home/airflow/.local/lib/python3.12/site-packages/airflow/example_dags/example_inlet_event_extra.py
[2024-10-13T08:52:39.497+0000] {processor.py:914} INFO - Processing file /home/airflow/.local/lib/python3.12/site-packages/airflow/example_dags/example_inlet_event_extra.py for tasks to queue
[2024-10-13T08:52:39.499+0000] {logging_mixin.py:190} INFO - [2024-10-13T08:52:39.499+0000] {dagbag.py:588} INFO - Filling up the DagBag from /home/airflow/.local/lib/python3.12/site-packages/airflow/example_dags/example_inlet_event_extra.py
[2024-10-13T08:52:39.863+0000] {processor.py:925} INFO - DAG(s) 'read_dataset_event', 'read_dataset_event_from_classic' retrieved from /home/airflow/.local/lib/python3.12/site-packages/airflow/example_dags/example_inlet_event_extra.py
[2024-10-13T08:52:39.932+0000] {logging_mixin.py:190} INFO - [2024-10-13T08:52:39.931+0000] {dag.py:3239} INFO - Sync 2 DAGs
[2024-10-13T08:52:39.959+0000] {logging_mixin.py:190} INFO - [2024-10-13T08:52:39.958+0000] {dag.py:4180} INFO - Setting next_dagrun for read_dataset_event to 2024-10-12 00:00:00+00:00, run_after=2024-10-13 00:00:00+00:00
[2024-10-13T08:52:39.963+0000] {logging_mixin.py:190} INFO - [2024-10-13T08:52:39.963+0000] {dag.py:4180} INFO - Setting next_dagrun for read_dataset_event_from_classic to 2024-10-12 00:00:00+00:00, run_after=2024-10-13 00:00:00+00:00
[2024-10-13T08:52:39.981+0000] {processor.py:208} INFO - Processing /home/airflow/.local/lib/python3.12/site-packages/airflow/example_dags/example_inlet_event_extra.py took 0.491 seconds
[2024-10-13T08:53:10.072+0000] {processor.py:186} INFO - Started process (PID=3470) to work on /home/airflow/.local/lib/python3.12/site-packages/airflow/example_dags/example_inlet_event_extra.py
[2024-10-13T08:53:10.074+0000] {processor.py:914} INFO - Processing file /home/airflow/.local/lib/python3.12/site-packages/airflow/example_dags/example_inlet_event_extra.py for tasks to queue
[2024-10-13T08:53:10.078+0000] {logging_mixin.py:190} INFO - [2024-10-13T08:53:10.078+0000] {dagbag.py:588} INFO - Filling up the DagBag from /home/airflow/.local/lib/python3.12/site-packages/airflow/example_dags/example_inlet_event_extra.py
[2024-10-13T08:53:10.512+0000] {processor.py:925} INFO - DAG(s) 'read_dataset_event', 'read_dataset_event_from_classic' retrieved from /home/airflow/.local/lib/python3.12/site-packages/airflow/example_dags/example_inlet_event_extra.py
[2024-10-13T08:53:10.569+0000] {logging_mixin.py:190} INFO - [2024-10-13T08:53:10.569+0000] {dag.py:3239} INFO - Sync 2 DAGs
[2024-10-13T08:53:10.593+0000] {logging_mixin.py:190} INFO - [2024-10-13T08:53:10.593+0000] {dag.py:4180} INFO - Setting next_dagrun for read_dataset_event to 2024-10-12 00:00:00+00:00, run_after=2024-10-13 00:00:00+00:00
[2024-10-13T08:53:10.598+0000] {logging_mixin.py:190} INFO - [2024-10-13T08:53:10.598+0000] {dag.py:4180} INFO - Setting next_dagrun for read_dataset_event_from_classic to 2024-10-12 00:00:00+00:00, run_after=2024-10-13 00:00:00+00:00
[2024-10-13T08:53:10.615+0000] {processor.py:208} INFO - Processing /home/airflow/.local/lib/python3.12/site-packages/airflow/example_dags/example_inlet_event_extra.py took 0.553 seconds
