[2024-10-13T08:25:19.408+0000] {processor.py:186} INFO - Started process (PID=88) to work on /home/airflow/.local/lib/python3.12/site-packages/airflow/example_dags/example_latest_only_with_trigger.py
[2024-10-13T08:25:19.409+0000] {processor.py:914} INFO - Processing file /home/airflow/.local/lib/python3.12/site-packages/airflow/example_dags/example_latest_only_with_trigger.py for tasks to queue
[2024-10-13T08:25:19.412+0000] {logging_mixin.py:190} INFO - [2024-10-13T08:25:19.411+0000] {dagbag.py:588} INFO - Filling up the DagBag from /home/airflow/.local/lib/python3.12/site-packages/airflow/example_dags/example_latest_only_with_trigger.py
[2024-10-13T08:25:19.419+0000] {processor.py:925} INFO - DAG(s) 'latest_only_with_trigger' retrieved from /home/airflow/.local/lib/python3.12/site-packages/airflow/example_dags/example_latest_only_with_trigger.py
[2024-10-13T08:25:19.442+0000] {logging_mixin.py:190} INFO - [2024-10-13T08:25:19.441+0000] {dag.py:3239} INFO - Sync 1 DAGs
[2024-10-13T08:25:19.466+0000] {logging_mixin.py:190} INFO - [2024-10-13T08:25:19.466+0000] {dag.py:4180} INFO - Setting next_dagrun for latest_only_with_trigger to 2024-10-13 04:00:00+00:00, run_after=2024-10-13 08:00:00+00:00
[2024-10-13T08:25:19.486+0000] {processor.py:208} INFO - Processing /home/airflow/.local/lib/python3.12/site-packages/airflow/example_dags/example_latest_only_with_trigger.py took 0.084 seconds
[2024-10-13T08:25:50.035+0000] {processor.py:186} INFO - Started process (PID=151) to work on /home/airflow/.local/lib/python3.12/site-packages/airflow/example_dags/example_latest_only_with_trigger.py
[2024-10-13T08:25:50.037+0000] {processor.py:914} INFO - Processing file /home/airflow/.local/lib/python3.12/site-packages/airflow/example_dags/example_latest_only_with_trigger.py for tasks to queue
[2024-10-13T08:25:50.039+0000] {logging_mixin.py:190} INFO - [2024-10-13T08:25:50.039+0000] {dagbag.py:588} INFO - Filling up the DagBag from /home/airflow/.local/lib/python3.12/site-packages/airflow/example_dags/example_latest_only_with_trigger.py
[2024-10-13T08:25:50.046+0000] {processor.py:925} INFO - DAG(s) 'latest_only_with_trigger' retrieved from /home/airflow/.local/lib/python3.12/site-packages/airflow/example_dags/example_latest_only_with_trigger.py
[2024-10-13T08:25:50.068+0000] {logging_mixin.py:190} INFO - [2024-10-13T08:25:50.068+0000] {dag.py:3239} INFO - Sync 1 DAGs
[2024-10-13T08:25:50.096+0000] {logging_mixin.py:190} INFO - [2024-10-13T08:25:50.096+0000] {dag.py:4180} INFO - Setting next_dagrun for latest_only_with_trigger to 2024-10-13 04:00:00+00:00, run_after=2024-10-13 08:00:00+00:00
[2024-10-13T08:25:50.119+0000] {processor.py:208} INFO - Processing /home/airflow/.local/lib/python3.12/site-packages/airflow/example_dags/example_latest_only_with_trigger.py took 0.089 seconds
[2024-10-13T08:26:20.368+0000] {processor.py:186} INFO - Started process (PID=214) to work on /home/airflow/.local/lib/python3.12/site-packages/airflow/example_dags/example_latest_only_with_trigger.py
[2024-10-13T08:26:20.369+0000] {processor.py:914} INFO - Processing file /home/airflow/.local/lib/python3.12/site-packages/airflow/example_dags/example_latest_only_with_trigger.py for tasks to queue
[2024-10-13T08:26:20.372+0000] {logging_mixin.py:190} INFO - [2024-10-13T08:26:20.371+0000] {dagbag.py:588} INFO - Filling up the DagBag from /home/airflow/.local/lib/python3.12/site-packages/airflow/example_dags/example_latest_only_with_trigger.py
[2024-10-13T08:26:20.380+0000] {processor.py:925} INFO - DAG(s) 'latest_only_with_trigger' retrieved from /home/airflow/.local/lib/python3.12/site-packages/airflow/example_dags/example_latest_only_with_trigger.py
[2024-10-13T08:26:20.400+0000] {logging_mixin.py:190} INFO - [2024-10-13T08:26:20.400+0000] {dag.py:3239} INFO - Sync 1 DAGs
[2024-10-13T08:26:20.426+0000] {logging_mixin.py:190} INFO - [2024-10-13T08:26:20.426+0000] {dag.py:4180} INFO - Setting next_dagrun for latest_only_with_trigger to 2024-10-13 04:00:00+00:00, run_after=2024-10-13 08:00:00+00:00
[2024-10-13T08:26:20.444+0000] {processor.py:208} INFO - Processing /home/airflow/.local/lib/python3.12/site-packages/airflow/example_dags/example_latest_only_with_trigger.py took 0.082 seconds
[2024-10-13T08:26:50.741+0000] {processor.py:186} INFO - Started process (PID=277) to work on /home/airflow/.local/lib/python3.12/site-packages/airflow/example_dags/example_latest_only_with_trigger.py
[2024-10-13T08:26:50.742+0000] {processor.py:914} INFO - Processing file /home/airflow/.local/lib/python3.12/site-packages/airflow/example_dags/example_latest_only_with_trigger.py for tasks to queue
[2024-10-13T08:26:50.745+0000] {logging_mixin.py:190} INFO - [2024-10-13T08:26:50.744+0000] {dagbag.py:588} INFO - Filling up the DagBag from /home/airflow/.local/lib/python3.12/site-packages/airflow/example_dags/example_latest_only_with_trigger.py
[2024-10-13T08:26:50.751+0000] {processor.py:925} INFO - DAG(s) 'latest_only_with_trigger' retrieved from /home/airflow/.local/lib/python3.12/site-packages/airflow/example_dags/example_latest_only_with_trigger.py
[2024-10-13T08:26:50.772+0000] {logging_mixin.py:190} INFO - [2024-10-13T08:26:50.772+0000] {dag.py:3239} INFO - Sync 1 DAGs
[2024-10-13T08:26:50.795+0000] {logging_mixin.py:190} INFO - [2024-10-13T08:26:50.794+0000] {dag.py:4180} INFO - Setting next_dagrun for latest_only_with_trigger to 2024-10-13 04:00:00+00:00, run_after=2024-10-13 08:00:00+00:00
[2024-10-13T08:26:50.813+0000] {processor.py:208} INFO - Processing /home/airflow/.local/lib/python3.12/site-packages/airflow/example_dags/example_latest_only_with_trigger.py took 0.077 seconds
[2024-10-13T08:27:21.421+0000] {processor.py:186} INFO - Started process (PID=340) to work on /home/airflow/.local/lib/python3.12/site-packages/airflow/example_dags/example_latest_only_with_trigger.py
[2024-10-13T08:27:21.422+0000] {processor.py:914} INFO - Processing file /home/airflow/.local/lib/python3.12/site-packages/airflow/example_dags/example_latest_only_with_trigger.py for tasks to queue
[2024-10-13T08:27:21.424+0000] {logging_mixin.py:190} INFO - [2024-10-13T08:27:21.424+0000] {dagbag.py:588} INFO - Filling up the DagBag from /home/airflow/.local/lib/python3.12/site-packages/airflow/example_dags/example_latest_only_with_trigger.py
[2024-10-13T08:27:21.430+0000] {processor.py:925} INFO - DAG(s) 'latest_only_with_trigger' retrieved from /home/airflow/.local/lib/python3.12/site-packages/airflow/example_dags/example_latest_only_with_trigger.py
[2024-10-13T08:27:21.448+0000] {logging_mixin.py:190} INFO - [2024-10-13T08:27:21.448+0000] {dag.py:3239} INFO - Sync 1 DAGs
[2024-10-13T08:27:21.472+0000] {logging_mixin.py:190} INFO - [2024-10-13T08:27:21.472+0000] {dag.py:4180} INFO - Setting next_dagrun for latest_only_with_trigger to 2024-10-13 04:00:00+00:00, run_after=2024-10-13 08:00:00+00:00
[2024-10-13T08:27:21.494+0000] {processor.py:208} INFO - Processing /home/airflow/.local/lib/python3.12/site-packages/airflow/example_dags/example_latest_only_with_trigger.py took 0.078 seconds
[2024-10-13T08:27:51.695+0000] {processor.py:186} INFO - Started process (PID=403) to work on /home/airflow/.local/lib/python3.12/site-packages/airflow/example_dags/example_latest_only_with_trigger.py
[2024-10-13T08:27:51.696+0000] {processor.py:914} INFO - Processing file /home/airflow/.local/lib/python3.12/site-packages/airflow/example_dags/example_latest_only_with_trigger.py for tasks to queue
[2024-10-13T08:27:51.699+0000] {logging_mixin.py:190} INFO - [2024-10-13T08:27:51.698+0000] {dagbag.py:588} INFO - Filling up the DagBag from /home/airflow/.local/lib/python3.12/site-packages/airflow/example_dags/example_latest_only_with_trigger.py
[2024-10-13T08:27:51.705+0000] {processor.py:925} INFO - DAG(s) 'latest_only_with_trigger' retrieved from /home/airflow/.local/lib/python3.12/site-packages/airflow/example_dags/example_latest_only_with_trigger.py
[2024-10-13T08:27:51.726+0000] {logging_mixin.py:190} INFO - [2024-10-13T08:27:51.726+0000] {dag.py:3239} INFO - Sync 1 DAGs
[2024-10-13T08:27:51.750+0000] {logging_mixin.py:190} INFO - [2024-10-13T08:27:51.750+0000] {dag.py:4180} INFO - Setting next_dagrun for latest_only_with_trigger to 2024-10-13 04:00:00+00:00, run_after=2024-10-13 08:00:00+00:00
[2024-10-13T08:27:51.770+0000] {processor.py:208} INFO - Processing /home/airflow/.local/lib/python3.12/site-packages/airflow/example_dags/example_latest_only_with_trigger.py took 0.081 seconds
[2024-10-13T08:28:22.036+0000] {processor.py:186} INFO - Started process (PID=466) to work on /home/airflow/.local/lib/python3.12/site-packages/airflow/example_dags/example_latest_only_with_trigger.py
[2024-10-13T08:28:22.037+0000] {processor.py:914} INFO - Processing file /home/airflow/.local/lib/python3.12/site-packages/airflow/example_dags/example_latest_only_with_trigger.py for tasks to queue
[2024-10-13T08:28:22.040+0000] {logging_mixin.py:190} INFO - [2024-10-13T08:28:22.039+0000] {dagbag.py:588} INFO - Filling up the DagBag from /home/airflow/.local/lib/python3.12/site-packages/airflow/example_dags/example_latest_only_with_trigger.py
[2024-10-13T08:28:22.047+0000] {processor.py:925} INFO - DAG(s) 'latest_only_with_trigger' retrieved from /home/airflow/.local/lib/python3.12/site-packages/airflow/example_dags/example_latest_only_with_trigger.py
[2024-10-13T08:28:22.067+0000] {logging_mixin.py:190} INFO - [2024-10-13T08:28:22.067+0000] {dag.py:3239} INFO - Sync 1 DAGs
[2024-10-13T08:28:22.094+0000] {logging_mixin.py:190} INFO - [2024-10-13T08:28:22.094+0000] {dag.py:4180} INFO - Setting next_dagrun for latest_only_with_trigger to 2024-10-13 04:00:00+00:00, run_after=2024-10-13 08:00:00+00:00
[2024-10-13T08:28:22.112+0000] {processor.py:208} INFO - Processing /home/airflow/.local/lib/python3.12/site-packages/airflow/example_dags/example_latest_only_with_trigger.py took 0.083 seconds
[2024-10-13T08:28:52.387+0000] {processor.py:186} INFO - Started process (PID=529) to work on /home/airflow/.local/lib/python3.12/site-packages/airflow/example_dags/example_latest_only_with_trigger.py
[2024-10-13T08:28:52.388+0000] {processor.py:914} INFO - Processing file /home/airflow/.local/lib/python3.12/site-packages/airflow/example_dags/example_latest_only_with_trigger.py for tasks to queue
[2024-10-13T08:28:52.390+0000] {logging_mixin.py:190} INFO - [2024-10-13T08:28:52.390+0000] {dagbag.py:588} INFO - Filling up the DagBag from /home/airflow/.local/lib/python3.12/site-packages/airflow/example_dags/example_latest_only_with_trigger.py
[2024-10-13T08:28:52.397+0000] {processor.py:925} INFO - DAG(s) 'latest_only_with_trigger' retrieved from /home/airflow/.local/lib/python3.12/site-packages/airflow/example_dags/example_latest_only_with_trigger.py
[2024-10-13T08:28:52.415+0000] {logging_mixin.py:190} INFO - [2024-10-13T08:28:52.414+0000] {dag.py:3239} INFO - Sync 1 DAGs
[2024-10-13T08:28:52.438+0000] {logging_mixin.py:190} INFO - [2024-10-13T08:28:52.438+0000] {dag.py:4180} INFO - Setting next_dagrun for latest_only_with_trigger to 2024-10-13 04:00:00+00:00, run_after=2024-10-13 08:00:00+00:00
[2024-10-13T08:28:52.456+0000] {processor.py:208} INFO - Processing /home/airflow/.local/lib/python3.12/site-packages/airflow/example_dags/example_latest_only_with_trigger.py took 0.075 seconds
[2024-10-13T08:29:22.903+0000] {processor.py:186} INFO - Started process (PID=592) to work on /home/airflow/.local/lib/python3.12/site-packages/airflow/example_dags/example_latest_only_with_trigger.py
[2024-10-13T08:29:22.905+0000] {processor.py:914} INFO - Processing file /home/airflow/.local/lib/python3.12/site-packages/airflow/example_dags/example_latest_only_with_trigger.py for tasks to queue
[2024-10-13T08:29:22.908+0000] {logging_mixin.py:190} INFO - [2024-10-13T08:29:22.907+0000] {dagbag.py:588} INFO - Filling up the DagBag from /home/airflow/.local/lib/python3.12/site-packages/airflow/example_dags/example_latest_only_with_trigger.py
[2024-10-13T08:29:22.915+0000] {processor.py:925} INFO - DAG(s) 'latest_only_with_trigger' retrieved from /home/airflow/.local/lib/python3.12/site-packages/airflow/example_dags/example_latest_only_with_trigger.py
[2024-10-13T08:29:22.937+0000] {logging_mixin.py:190} INFO - [2024-10-13T08:29:22.937+0000] {dag.py:3239} INFO - Sync 1 DAGs
[2024-10-13T08:29:22.962+0000] {logging_mixin.py:190} INFO - [2024-10-13T08:29:22.962+0000] {dag.py:4180} INFO - Setting next_dagrun for latest_only_with_trigger to 2024-10-13 04:00:00+00:00, run_after=2024-10-13 08:00:00+00:00
[2024-10-13T08:29:22.982+0000] {processor.py:208} INFO - Processing /home/airflow/.local/lib/python3.12/site-packages/airflow/example_dags/example_latest_only_with_trigger.py took 0.086 seconds
[2024-10-13T08:29:53.413+0000] {processor.py:186} INFO - Started process (PID=655) to work on /home/airflow/.local/lib/python3.12/site-packages/airflow/example_dags/example_latest_only_with_trigger.py
[2024-10-13T08:29:53.414+0000] {processor.py:914} INFO - Processing file /home/airflow/.local/lib/python3.12/site-packages/airflow/example_dags/example_latest_only_with_trigger.py for tasks to queue
[2024-10-13T08:29:53.417+0000] {logging_mixin.py:190} INFO - [2024-10-13T08:29:53.416+0000] {dagbag.py:588} INFO - Filling up the DagBag from /home/airflow/.local/lib/python3.12/site-packages/airflow/example_dags/example_latest_only_with_trigger.py
[2024-10-13T08:29:53.423+0000] {processor.py:925} INFO - DAG(s) 'latest_only_with_trigger' retrieved from /home/airflow/.local/lib/python3.12/site-packages/airflow/example_dags/example_latest_only_with_trigger.py
[2024-10-13T08:29:53.441+0000] {logging_mixin.py:190} INFO - [2024-10-13T08:29:53.440+0000] {dag.py:3239} INFO - Sync 1 DAGs
[2024-10-13T08:29:53.463+0000] {logging_mixin.py:190} INFO - [2024-10-13T08:29:53.462+0000] {dag.py:4180} INFO - Setting next_dagrun for latest_only_with_trigger to 2024-10-13 04:00:00+00:00, run_after=2024-10-13 08:00:00+00:00
[2024-10-13T08:29:53.485+0000] {processor.py:208} INFO - Processing /home/airflow/.local/lib/python3.12/site-packages/airflow/example_dags/example_latest_only_with_trigger.py took 0.077 seconds
[2024-10-13T08:30:23.965+0000] {processor.py:186} INFO - Started process (PID=722) to work on /home/airflow/.local/lib/python3.12/site-packages/airflow/example_dags/example_latest_only_with_trigger.py
[2024-10-13T08:30:23.966+0000] {processor.py:914} INFO - Processing file /home/airflow/.local/lib/python3.12/site-packages/airflow/example_dags/example_latest_only_with_trigger.py for tasks to queue
[2024-10-13T08:30:23.969+0000] {logging_mixin.py:190} INFO - [2024-10-13T08:30:23.968+0000] {dagbag.py:588} INFO - Filling up the DagBag from /home/airflow/.local/lib/python3.12/site-packages/airflow/example_dags/example_latest_only_with_trigger.py
[2024-10-13T08:30:23.976+0000] {processor.py:925} INFO - DAG(s) 'latest_only_with_trigger' retrieved from /home/airflow/.local/lib/python3.12/site-packages/airflow/example_dags/example_latest_only_with_trigger.py
[2024-10-13T08:30:23.996+0000] {logging_mixin.py:190} INFO - [2024-10-13T08:30:23.996+0000] {dag.py:3239} INFO - Sync 1 DAGs
[2024-10-13T08:30:24.022+0000] {logging_mixin.py:190} INFO - [2024-10-13T08:30:24.021+0000] {dag.py:4180} INFO - Setting next_dagrun for latest_only_with_trigger to 2024-10-13 04:00:00+00:00, run_after=2024-10-13 08:00:00+00:00
[2024-10-13T08:30:24.040+0000] {processor.py:208} INFO - Processing /home/airflow/.local/lib/python3.12/site-packages/airflow/example_dags/example_latest_only_with_trigger.py took 0.081 seconds
[2024-10-13T08:30:54.431+0000] {processor.py:186} INFO - Started process (PID=785) to work on /home/airflow/.local/lib/python3.12/site-packages/airflow/example_dags/example_latest_only_with_trigger.py
[2024-10-13T08:30:54.432+0000] {processor.py:914} INFO - Processing file /home/airflow/.local/lib/python3.12/site-packages/airflow/example_dags/example_latest_only_with_trigger.py for tasks to queue
[2024-10-13T08:30:54.434+0000] {logging_mixin.py:190} INFO - [2024-10-13T08:30:54.434+0000] {dagbag.py:588} INFO - Filling up the DagBag from /home/airflow/.local/lib/python3.12/site-packages/airflow/example_dags/example_latest_only_with_trigger.py
[2024-10-13T08:30:54.441+0000] {processor.py:925} INFO - DAG(s) 'latest_only_with_trigger' retrieved from /home/airflow/.local/lib/python3.12/site-packages/airflow/example_dags/example_latest_only_with_trigger.py
[2024-10-13T08:30:54.457+0000] {logging_mixin.py:190} INFO - [2024-10-13T08:30:54.457+0000] {dag.py:3239} INFO - Sync 1 DAGs
[2024-10-13T08:30:54.478+0000] {logging_mixin.py:190} INFO - [2024-10-13T08:30:54.478+0000] {dag.py:4180} INFO - Setting next_dagrun for latest_only_with_trigger to 2024-10-13 04:00:00+00:00, run_after=2024-10-13 08:00:00+00:00
[2024-10-13T08:30:54.495+0000] {processor.py:208} INFO - Processing /home/airflow/.local/lib/python3.12/site-packages/airflow/example_dags/example_latest_only_with_trigger.py took 0.070 seconds
[2024-10-13T08:31:25.239+0000] {processor.py:186} INFO - Started process (PID=852) to work on /home/airflow/.local/lib/python3.12/site-packages/airflow/example_dags/example_latest_only_with_trigger.py
[2024-10-13T08:31:25.240+0000] {processor.py:914} INFO - Processing file /home/airflow/.local/lib/python3.12/site-packages/airflow/example_dags/example_latest_only_with_trigger.py for tasks to queue
[2024-10-13T08:31:25.242+0000] {logging_mixin.py:190} INFO - [2024-10-13T08:31:25.241+0000] {dagbag.py:588} INFO - Filling up the DagBag from /home/airflow/.local/lib/python3.12/site-packages/airflow/example_dags/example_latest_only_with_trigger.py
[2024-10-13T08:31:25.248+0000] {processor.py:925} INFO - DAG(s) 'latest_only_with_trigger' retrieved from /home/airflow/.local/lib/python3.12/site-packages/airflow/example_dags/example_latest_only_with_trigger.py
[2024-10-13T08:31:25.266+0000] {logging_mixin.py:190} INFO - [2024-10-13T08:31:25.266+0000] {dag.py:3239} INFO - Sync 1 DAGs
[2024-10-13T08:31:25.287+0000] {logging_mixin.py:190} INFO - [2024-10-13T08:31:25.287+0000] {dag.py:4180} INFO - Setting next_dagrun for latest_only_with_trigger to 2024-10-13 04:00:00+00:00, run_after=2024-10-13 08:00:00+00:00
[2024-10-13T08:31:25.303+0000] {processor.py:208} INFO - Processing /home/airflow/.local/lib/python3.12/site-packages/airflow/example_dags/example_latest_only_with_trigger.py took 0.069 seconds
[2024-10-13T08:31:56.122+0000] {processor.py:186} INFO - Started process (PID=918) to work on /home/airflow/.local/lib/python3.12/site-packages/airflow/example_dags/example_latest_only_with_trigger.py
[2024-10-13T08:31:56.123+0000] {processor.py:914} INFO - Processing file /home/airflow/.local/lib/python3.12/site-packages/airflow/example_dags/example_latest_only_with_trigger.py for tasks to queue
[2024-10-13T08:31:56.126+0000] {logging_mixin.py:190} INFO - [2024-10-13T08:31:56.125+0000] {dagbag.py:588} INFO - Filling up the DagBag from /home/airflow/.local/lib/python3.12/site-packages/airflow/example_dags/example_latest_only_with_trigger.py
[2024-10-13T08:31:56.136+0000] {processor.py:925} INFO - DAG(s) 'latest_only_with_trigger' retrieved from /home/airflow/.local/lib/python3.12/site-packages/airflow/example_dags/example_latest_only_with_trigger.py
[2024-10-13T08:31:56.157+0000] {logging_mixin.py:190} INFO - [2024-10-13T08:31:56.157+0000] {dag.py:3239} INFO - Sync 1 DAGs
[2024-10-13T08:31:56.185+0000] {logging_mixin.py:190} INFO - [2024-10-13T08:31:56.185+0000] {dag.py:4180} INFO - Setting next_dagrun for latest_only_with_trigger to 2024-10-13 04:00:00+00:00, run_after=2024-10-13 08:00:00+00:00
[2024-10-13T08:31:56.207+0000] {processor.py:208} INFO - Processing /home/airflow/.local/lib/python3.12/site-packages/airflow/example_dags/example_latest_only_with_trigger.py took 0.092 seconds
[2024-10-13T08:32:26.566+0000] {processor.py:186} INFO - Started process (PID=981) to work on /home/airflow/.local/lib/python3.12/site-packages/airflow/example_dags/example_latest_only_with_trigger.py
[2024-10-13T08:32:26.567+0000] {processor.py:914} INFO - Processing file /home/airflow/.local/lib/python3.12/site-packages/airflow/example_dags/example_latest_only_with_trigger.py for tasks to queue
[2024-10-13T08:32:26.569+0000] {logging_mixin.py:190} INFO - [2024-10-13T08:32:26.568+0000] {dagbag.py:588} INFO - Filling up the DagBag from /home/airflow/.local/lib/python3.12/site-packages/airflow/example_dags/example_latest_only_with_trigger.py
[2024-10-13T08:32:26.575+0000] {processor.py:925} INFO - DAG(s) 'latest_only_with_trigger' retrieved from /home/airflow/.local/lib/python3.12/site-packages/airflow/example_dags/example_latest_only_with_trigger.py
[2024-10-13T08:32:26.594+0000] {logging_mixin.py:190} INFO - [2024-10-13T08:32:26.594+0000] {dag.py:3239} INFO - Sync 1 DAGs
[2024-10-13T08:32:26.619+0000] {logging_mixin.py:190} INFO - [2024-10-13T08:32:26.619+0000] {dag.py:4180} INFO - Setting next_dagrun for latest_only_with_trigger to 2024-10-13 04:00:00+00:00, run_after=2024-10-13 08:00:00+00:00
[2024-10-13T08:32:26.639+0000] {processor.py:208} INFO - Processing /home/airflow/.local/lib/python3.12/site-packages/airflow/example_dags/example_latest_only_with_trigger.py took 0.079 seconds
[2024-10-13T08:32:57.040+0000] {processor.py:186} INFO - Started process (PID=1044) to work on /home/airflow/.local/lib/python3.12/site-packages/airflow/example_dags/example_latest_only_with_trigger.py
[2024-10-13T08:32:57.041+0000] {processor.py:914} INFO - Processing file /home/airflow/.local/lib/python3.12/site-packages/airflow/example_dags/example_latest_only_with_trigger.py for tasks to queue
[2024-10-13T08:32:57.044+0000] {logging_mixin.py:190} INFO - [2024-10-13T08:32:57.043+0000] {dagbag.py:588} INFO - Filling up the DagBag from /home/airflow/.local/lib/python3.12/site-packages/airflow/example_dags/example_latest_only_with_trigger.py
[2024-10-13T08:32:57.054+0000] {processor.py:925} INFO - DAG(s) 'latest_only_with_trigger' retrieved from /home/airflow/.local/lib/python3.12/site-packages/airflow/example_dags/example_latest_only_with_trigger.py
[2024-10-13T08:32:57.081+0000] {logging_mixin.py:190} INFO - [2024-10-13T08:32:57.081+0000] {dag.py:3239} INFO - Sync 1 DAGs
[2024-10-13T08:32:57.109+0000] {logging_mixin.py:190} INFO - [2024-10-13T08:32:57.109+0000] {dag.py:4180} INFO - Setting next_dagrun for latest_only_with_trigger to 2024-10-13 04:00:00+00:00, run_after=2024-10-13 08:00:00+00:00
[2024-10-13T08:32:57.132+0000] {processor.py:208} INFO - Processing /home/airflow/.local/lib/python3.12/site-packages/airflow/example_dags/example_latest_only_with_trigger.py took 0.100 seconds
[2024-10-13T08:33:27.661+0000] {processor.py:186} INFO - Started process (PID=1107) to work on /home/airflow/.local/lib/python3.12/site-packages/airflow/example_dags/example_latest_only_with_trigger.py
[2024-10-13T08:33:27.662+0000] {processor.py:914} INFO - Processing file /home/airflow/.local/lib/python3.12/site-packages/airflow/example_dags/example_latest_only_with_trigger.py for tasks to queue
[2024-10-13T08:33:27.664+0000] {logging_mixin.py:190} INFO - [2024-10-13T08:33:27.664+0000] {dagbag.py:588} INFO - Filling up the DagBag from /home/airflow/.local/lib/python3.12/site-packages/airflow/example_dags/example_latest_only_with_trigger.py
[2024-10-13T08:33:27.671+0000] {processor.py:925} INFO - DAG(s) 'latest_only_with_trigger' retrieved from /home/airflow/.local/lib/python3.12/site-packages/airflow/example_dags/example_latest_only_with_trigger.py
[2024-10-13T08:33:27.696+0000] {logging_mixin.py:190} INFO - [2024-10-13T08:33:27.696+0000] {dag.py:3239} INFO - Sync 1 DAGs
[2024-10-13T08:33:27.720+0000] {logging_mixin.py:190} INFO - [2024-10-13T08:33:27.720+0000] {dag.py:4180} INFO - Setting next_dagrun for latest_only_with_trigger to 2024-10-13 04:00:00+00:00, run_after=2024-10-13 08:00:00+00:00
[2024-10-13T08:33:27.742+0000] {processor.py:208} INFO - Processing /home/airflow/.local/lib/python3.12/site-packages/airflow/example_dags/example_latest_only_with_trigger.py took 0.088 seconds
[2024-10-13T08:33:58.081+0000] {processor.py:186} INFO - Started process (PID=1170) to work on /home/airflow/.local/lib/python3.12/site-packages/airflow/example_dags/example_latest_only_with_trigger.py
[2024-10-13T08:33:58.082+0000] {processor.py:914} INFO - Processing file /home/airflow/.local/lib/python3.12/site-packages/airflow/example_dags/example_latest_only_with_trigger.py for tasks to queue
[2024-10-13T08:33:58.084+0000] {logging_mixin.py:190} INFO - [2024-10-13T08:33:58.084+0000] {dagbag.py:588} INFO - Filling up the DagBag from /home/airflow/.local/lib/python3.12/site-packages/airflow/example_dags/example_latest_only_with_trigger.py
[2024-10-13T08:33:58.092+0000] {processor.py:925} INFO - DAG(s) 'latest_only_with_trigger' retrieved from /home/airflow/.local/lib/python3.12/site-packages/airflow/example_dags/example_latest_only_with_trigger.py
[2024-10-13T08:33:58.112+0000] {logging_mixin.py:190} INFO - [2024-10-13T08:33:58.112+0000] {dag.py:3239} INFO - Sync 1 DAGs
[2024-10-13T08:33:58.136+0000] {logging_mixin.py:190} INFO - [2024-10-13T08:33:58.135+0000] {dag.py:4180} INFO - Setting next_dagrun for latest_only_with_trigger to 2024-10-13 04:00:00+00:00, run_after=2024-10-13 08:00:00+00:00
[2024-10-13T08:33:58.154+0000] {processor.py:208} INFO - Processing /home/airflow/.local/lib/python3.12/site-packages/airflow/example_dags/example_latest_only_with_trigger.py took 0.079 seconds
[2024-10-13T08:34:28.473+0000] {processor.py:186} INFO - Started process (PID=1233) to work on /home/airflow/.local/lib/python3.12/site-packages/airflow/example_dags/example_latest_only_with_trigger.py
[2024-10-13T08:34:28.474+0000] {processor.py:914} INFO - Processing file /home/airflow/.local/lib/python3.12/site-packages/airflow/example_dags/example_latest_only_with_trigger.py for tasks to queue
[2024-10-13T08:34:28.477+0000] {logging_mixin.py:190} INFO - [2024-10-13T08:34:28.476+0000] {dagbag.py:588} INFO - Filling up the DagBag from /home/airflow/.local/lib/python3.12/site-packages/airflow/example_dags/example_latest_only_with_trigger.py
[2024-10-13T08:34:28.483+0000] {processor.py:925} INFO - DAG(s) 'latest_only_with_trigger' retrieved from /home/airflow/.local/lib/python3.12/site-packages/airflow/example_dags/example_latest_only_with_trigger.py
[2024-10-13T08:34:28.502+0000] {logging_mixin.py:190} INFO - [2024-10-13T08:34:28.502+0000] {dag.py:3239} INFO - Sync 1 DAGs
[2024-10-13T08:34:28.524+0000] {logging_mixin.py:190} INFO - [2024-10-13T08:34:28.523+0000] {dag.py:4180} INFO - Setting next_dagrun for latest_only_with_trigger to 2024-10-13 04:00:00+00:00, run_after=2024-10-13 08:00:00+00:00
[2024-10-13T08:34:28.542+0000] {processor.py:208} INFO - Processing /home/airflow/.local/lib/python3.12/site-packages/airflow/example_dags/example_latest_only_with_trigger.py took 0.074 seconds
[2024-10-13T08:34:59.421+0000] {processor.py:186} INFO - Started process (PID=1296) to work on /home/airflow/.local/lib/python3.12/site-packages/airflow/example_dags/example_latest_only_with_trigger.py
[2024-10-13T08:34:59.423+0000] {processor.py:914} INFO - Processing file /home/airflow/.local/lib/python3.12/site-packages/airflow/example_dags/example_latest_only_with_trigger.py for tasks to queue
[2024-10-13T08:34:59.427+0000] {logging_mixin.py:190} INFO - [2024-10-13T08:34:59.426+0000] {dagbag.py:588} INFO - Filling up the DagBag from /home/airflow/.local/lib/python3.12/site-packages/airflow/example_dags/example_latest_only_with_trigger.py
[2024-10-13T08:34:59.437+0000] {processor.py:925} INFO - DAG(s) 'latest_only_with_trigger' retrieved from /home/airflow/.local/lib/python3.12/site-packages/airflow/example_dags/example_latest_only_with_trigger.py
[2024-10-13T08:34:59.464+0000] {logging_mixin.py:190} INFO - [2024-10-13T08:34:59.464+0000] {dag.py:3239} INFO - Sync 1 DAGs
[2024-10-13T08:34:59.498+0000] {logging_mixin.py:190} INFO - [2024-10-13T08:34:59.498+0000] {dag.py:4180} INFO - Setting next_dagrun for latest_only_with_trigger to 2024-10-13 04:00:00+00:00, run_after=2024-10-13 08:00:00+00:00
[2024-10-13T08:34:59.525+0000] {processor.py:208} INFO - Processing /home/airflow/.local/lib/python3.12/site-packages/airflow/example_dags/example_latest_only_with_trigger.py took 0.121 seconds
[2024-10-13T08:35:29.578+0000] {processor.py:186} INFO - Started process (PID=1359) to work on /home/airflow/.local/lib/python3.12/site-packages/airflow/example_dags/example_latest_only_with_trigger.py
[2024-10-13T08:35:29.580+0000] {processor.py:914} INFO - Processing file /home/airflow/.local/lib/python3.12/site-packages/airflow/example_dags/example_latest_only_with_trigger.py for tasks to queue
[2024-10-13T08:35:29.582+0000] {logging_mixin.py:190} INFO - [2024-10-13T08:35:29.581+0000] {dagbag.py:588} INFO - Filling up the DagBag from /home/airflow/.local/lib/python3.12/site-packages/airflow/example_dags/example_latest_only_with_trigger.py
[2024-10-13T08:35:29.590+0000] {processor.py:925} INFO - DAG(s) 'latest_only_with_trigger' retrieved from /home/airflow/.local/lib/python3.12/site-packages/airflow/example_dags/example_latest_only_with_trigger.py
[2024-10-13T08:35:29.611+0000] {logging_mixin.py:190} INFO - [2024-10-13T08:35:29.611+0000] {dag.py:3239} INFO - Sync 1 DAGs
[2024-10-13T08:35:29.637+0000] {logging_mixin.py:190} INFO - [2024-10-13T08:35:29.637+0000] {dag.py:4180} INFO - Setting next_dagrun for latest_only_with_trigger to 2024-10-13 04:00:00+00:00, run_after=2024-10-13 08:00:00+00:00
[2024-10-13T08:35:29.658+0000] {processor.py:208} INFO - Processing /home/airflow/.local/lib/python3.12/site-packages/airflow/example_dags/example_latest_only_with_trigger.py took 0.085 seconds
[2024-10-13T08:35:59.698+0000] {processor.py:186} INFO - Started process (PID=1422) to work on /home/airflow/.local/lib/python3.12/site-packages/airflow/example_dags/example_latest_only_with_trigger.py
[2024-10-13T08:35:59.699+0000] {processor.py:914} INFO - Processing file /home/airflow/.local/lib/python3.12/site-packages/airflow/example_dags/example_latest_only_with_trigger.py for tasks to queue
[2024-10-13T08:35:59.701+0000] {logging_mixin.py:190} INFO - [2024-10-13T08:35:59.701+0000] {dagbag.py:588} INFO - Filling up the DagBag from /home/airflow/.local/lib/python3.12/site-packages/airflow/example_dags/example_latest_only_with_trigger.py
[2024-10-13T08:35:59.708+0000] {processor.py:925} INFO - DAG(s) 'latest_only_with_trigger' retrieved from /home/airflow/.local/lib/python3.12/site-packages/airflow/example_dags/example_latest_only_with_trigger.py
[2024-10-13T08:35:59.726+0000] {logging_mixin.py:190} INFO - [2024-10-13T08:35:59.726+0000] {dag.py:3239} INFO - Sync 1 DAGs
[2024-10-13T08:35:59.749+0000] {logging_mixin.py:190} INFO - [2024-10-13T08:35:59.749+0000] {dag.py:4180} INFO - Setting next_dagrun for latest_only_with_trigger to 2024-10-13 04:00:00+00:00, run_after=2024-10-13 08:00:00+00:00
[2024-10-13T08:35:59.769+0000] {processor.py:208} INFO - Processing /home/airflow/.local/lib/python3.12/site-packages/airflow/example_dags/example_latest_only_with_trigger.py took 0.077 seconds
[2024-10-13T08:36:30.592+0000] {processor.py:186} INFO - Started process (PID=1485) to work on /home/airflow/.local/lib/python3.12/site-packages/airflow/example_dags/example_latest_only_with_trigger.py
[2024-10-13T08:36:30.594+0000] {processor.py:914} INFO - Processing file /home/airflow/.local/lib/python3.12/site-packages/airflow/example_dags/example_latest_only_with_trigger.py for tasks to queue
[2024-10-13T08:36:30.597+0000] {logging_mixin.py:190} INFO - [2024-10-13T08:36:30.597+0000] {dagbag.py:588} INFO - Filling up the DagBag from /home/airflow/.local/lib/python3.12/site-packages/airflow/example_dags/example_latest_only_with_trigger.py
[2024-10-13T08:36:30.606+0000] {processor.py:925} INFO - DAG(s) 'latest_only_with_trigger' retrieved from /home/airflow/.local/lib/python3.12/site-packages/airflow/example_dags/example_latest_only_with_trigger.py
[2024-10-13T08:36:30.627+0000] {logging_mixin.py:190} INFO - [2024-10-13T08:36:30.626+0000] {dag.py:3239} INFO - Sync 1 DAGs
[2024-10-13T08:36:30.652+0000] {logging_mixin.py:190} INFO - [2024-10-13T08:36:30.651+0000] {dag.py:4180} INFO - Setting next_dagrun for latest_only_with_trigger to 2024-10-13 04:00:00+00:00, run_after=2024-10-13 08:00:00+00:00
[2024-10-13T08:36:30.672+0000] {processor.py:208} INFO - Processing /home/airflow/.local/lib/python3.12/site-packages/airflow/example_dags/example_latest_only_with_trigger.py took 0.086 seconds
[2024-10-13T08:37:01.596+0000] {processor.py:186} INFO - Started process (PID=1548) to work on /home/airflow/.local/lib/python3.12/site-packages/airflow/example_dags/example_latest_only_with_trigger.py
[2024-10-13T08:37:01.597+0000] {processor.py:914} INFO - Processing file /home/airflow/.local/lib/python3.12/site-packages/airflow/example_dags/example_latest_only_with_trigger.py for tasks to queue
[2024-10-13T08:37:01.599+0000] {logging_mixin.py:190} INFO - [2024-10-13T08:37:01.599+0000] {dagbag.py:588} INFO - Filling up the DagBag from /home/airflow/.local/lib/python3.12/site-packages/airflow/example_dags/example_latest_only_with_trigger.py
[2024-10-13T08:37:01.608+0000] {processor.py:925} INFO - DAG(s) 'latest_only_with_trigger' retrieved from /home/airflow/.local/lib/python3.12/site-packages/airflow/example_dags/example_latest_only_with_trigger.py
[2024-10-13T08:37:01.630+0000] {logging_mixin.py:190} INFO - [2024-10-13T08:37:01.629+0000] {dag.py:3239} INFO - Sync 1 DAGs
[2024-10-13T08:37:01.654+0000] {logging_mixin.py:190} INFO - [2024-10-13T08:37:01.654+0000] {dag.py:4180} INFO - Setting next_dagrun for latest_only_with_trigger to 2024-10-13 04:00:00+00:00, run_after=2024-10-13 08:00:00+00:00
[2024-10-13T08:37:01.684+0000] {processor.py:208} INFO - Processing /home/airflow/.local/lib/python3.12/site-packages/airflow/example_dags/example_latest_only_with_trigger.py took 0.094 seconds
[2024-10-13T08:37:32.546+0000] {processor.py:186} INFO - Started process (PID=1611) to work on /home/airflow/.local/lib/python3.12/site-packages/airflow/example_dags/example_latest_only_with_trigger.py
[2024-10-13T08:37:32.547+0000] {processor.py:914} INFO - Processing file /home/airflow/.local/lib/python3.12/site-packages/airflow/example_dags/example_latest_only_with_trigger.py for tasks to queue
[2024-10-13T08:37:32.549+0000] {logging_mixin.py:190} INFO - [2024-10-13T08:37:32.549+0000] {dagbag.py:588} INFO - Filling up the DagBag from /home/airflow/.local/lib/python3.12/site-packages/airflow/example_dags/example_latest_only_with_trigger.py
[2024-10-13T08:37:32.557+0000] {processor.py:925} INFO - DAG(s) 'latest_only_with_trigger' retrieved from /home/airflow/.local/lib/python3.12/site-packages/airflow/example_dags/example_latest_only_with_trigger.py
[2024-10-13T08:37:32.577+0000] {logging_mixin.py:190} INFO - [2024-10-13T08:37:32.577+0000] {dag.py:3239} INFO - Sync 1 DAGs
[2024-10-13T08:37:32.604+0000] {logging_mixin.py:190} INFO - [2024-10-13T08:37:32.604+0000] {dag.py:4180} INFO - Setting next_dagrun for latest_only_with_trigger to 2024-10-13 04:00:00+00:00, run_after=2024-10-13 08:00:00+00:00
[2024-10-13T08:37:32.624+0000] {processor.py:208} INFO - Processing /home/airflow/.local/lib/python3.12/site-packages/airflow/example_dags/example_latest_only_with_trigger.py took 0.085 seconds
[2024-10-13T08:38:02.655+0000] {processor.py:186} INFO - Started process (PID=1674) to work on /home/airflow/.local/lib/python3.12/site-packages/airflow/example_dags/example_latest_only_with_trigger.py
[2024-10-13T08:38:02.657+0000] {processor.py:914} INFO - Processing file /home/airflow/.local/lib/python3.12/site-packages/airflow/example_dags/example_latest_only_with_trigger.py for tasks to queue
[2024-10-13T08:38:02.660+0000] {logging_mixin.py:190} INFO - [2024-10-13T08:38:02.659+0000] {dagbag.py:588} INFO - Filling up the DagBag from /home/airflow/.local/lib/python3.12/site-packages/airflow/example_dags/example_latest_only_with_trigger.py
[2024-10-13T08:38:02.667+0000] {processor.py:925} INFO - DAG(s) 'latest_only_with_trigger' retrieved from /home/airflow/.local/lib/python3.12/site-packages/airflow/example_dags/example_latest_only_with_trigger.py
[2024-10-13T08:38:02.689+0000] {logging_mixin.py:190} INFO - [2024-10-13T08:38:02.689+0000] {dag.py:3239} INFO - Sync 1 DAGs
[2024-10-13T08:38:02.715+0000] {logging_mixin.py:190} INFO - [2024-10-13T08:38:02.715+0000] {dag.py:4180} INFO - Setting next_dagrun for latest_only_with_trigger to 2024-10-13 04:00:00+00:00, run_after=2024-10-13 08:00:00+00:00
[2024-10-13T08:38:02.739+0000] {processor.py:208} INFO - Processing /home/airflow/.local/lib/python3.12/site-packages/airflow/example_dags/example_latest_only_with_trigger.py took 0.089 seconds
[2024-10-13T08:38:33.532+0000] {processor.py:186} INFO - Started process (PID=1737) to work on /home/airflow/.local/lib/python3.12/site-packages/airflow/example_dags/example_latest_only_with_trigger.py
[2024-10-13T08:38:33.533+0000] {processor.py:914} INFO - Processing file /home/airflow/.local/lib/python3.12/site-packages/airflow/example_dags/example_latest_only_with_trigger.py for tasks to queue
[2024-10-13T08:38:33.536+0000] {logging_mixin.py:190} INFO - [2024-10-13T08:38:33.536+0000] {dagbag.py:588} INFO - Filling up the DagBag from /home/airflow/.local/lib/python3.12/site-packages/airflow/example_dags/example_latest_only_with_trigger.py
[2024-10-13T08:38:33.543+0000] {processor.py:925} INFO - DAG(s) 'latest_only_with_trigger' retrieved from /home/airflow/.local/lib/python3.12/site-packages/airflow/example_dags/example_latest_only_with_trigger.py
[2024-10-13T08:38:33.560+0000] {logging_mixin.py:190} INFO - [2024-10-13T08:38:33.560+0000] {dag.py:3239} INFO - Sync 1 DAGs
[2024-10-13T08:38:33.586+0000] {logging_mixin.py:190} INFO - [2024-10-13T08:38:33.586+0000] {dag.py:4180} INFO - Setting next_dagrun for latest_only_with_trigger to 2024-10-13 04:00:00+00:00, run_after=2024-10-13 08:00:00+00:00
[2024-10-13T08:38:33.605+0000] {processor.py:208} INFO - Processing /home/airflow/.local/lib/python3.12/site-packages/airflow/example_dags/example_latest_only_with_trigger.py took 0.079 seconds
[2024-10-13T08:39:04.057+0000] {processor.py:186} INFO - Started process (PID=1800) to work on /home/airflow/.local/lib/python3.12/site-packages/airflow/example_dags/example_latest_only_with_trigger.py
[2024-10-13T08:39:04.058+0000] {processor.py:914} INFO - Processing file /home/airflow/.local/lib/python3.12/site-packages/airflow/example_dags/example_latest_only_with_trigger.py for tasks to queue
[2024-10-13T08:39:04.061+0000] {logging_mixin.py:190} INFO - [2024-10-13T08:39:04.060+0000] {dagbag.py:588} INFO - Filling up the DagBag from /home/airflow/.local/lib/python3.12/site-packages/airflow/example_dags/example_latest_only_with_trigger.py
[2024-10-13T08:39:04.068+0000] {processor.py:925} INFO - DAG(s) 'latest_only_with_trigger' retrieved from /home/airflow/.local/lib/python3.12/site-packages/airflow/example_dags/example_latest_only_with_trigger.py
[2024-10-13T08:39:04.086+0000] {logging_mixin.py:190} INFO - [2024-10-13T08:39:04.086+0000] {dag.py:3239} INFO - Sync 1 DAGs
[2024-10-13T08:39:04.112+0000] {logging_mixin.py:190} INFO - [2024-10-13T08:39:04.111+0000] {dag.py:4180} INFO - Setting next_dagrun for latest_only_with_trigger to 2024-10-13 04:00:00+00:00, run_after=2024-10-13 08:00:00+00:00
[2024-10-13T08:39:04.133+0000] {processor.py:208} INFO - Processing /home/airflow/.local/lib/python3.12/site-packages/airflow/example_dags/example_latest_only_with_trigger.py took 0.082 seconds
[2024-10-13T08:39:34.720+0000] {processor.py:186} INFO - Started process (PID=1863) to work on /home/airflow/.local/lib/python3.12/site-packages/airflow/example_dags/example_latest_only_with_trigger.py
[2024-10-13T08:39:34.721+0000] {processor.py:914} INFO - Processing file /home/airflow/.local/lib/python3.12/site-packages/airflow/example_dags/example_latest_only_with_trigger.py for tasks to queue
[2024-10-13T08:39:34.724+0000] {logging_mixin.py:190} INFO - [2024-10-13T08:39:34.723+0000] {dagbag.py:588} INFO - Filling up the DagBag from /home/airflow/.local/lib/python3.12/site-packages/airflow/example_dags/example_latest_only_with_trigger.py
[2024-10-13T08:39:34.731+0000] {processor.py:925} INFO - DAG(s) 'latest_only_with_trigger' retrieved from /home/airflow/.local/lib/python3.12/site-packages/airflow/example_dags/example_latest_only_with_trigger.py
[2024-10-13T08:39:34.750+0000] {logging_mixin.py:190} INFO - [2024-10-13T08:39:34.749+0000] {dag.py:3239} INFO - Sync 1 DAGs
[2024-10-13T08:39:34.774+0000] {logging_mixin.py:190} INFO - [2024-10-13T08:39:34.774+0000] {dag.py:4180} INFO - Setting next_dagrun for latest_only_with_trigger to 2024-10-13 04:00:00+00:00, run_after=2024-10-13 08:00:00+00:00
[2024-10-13T08:39:34.793+0000] {processor.py:208} INFO - Processing /home/airflow/.local/lib/python3.12/site-packages/airflow/example_dags/example_latest_only_with_trigger.py took 0.078 seconds
[2024-10-13T08:40:06.438+0000] {processor.py:186} INFO - Started process (PID=1926) to work on /home/airflow/.local/lib/python3.12/site-packages/airflow/example_dags/example_latest_only_with_trigger.py
[2024-10-13T08:40:06.440+0000] {processor.py:914} INFO - Processing file /home/airflow/.local/lib/python3.12/site-packages/airflow/example_dags/example_latest_only_with_trigger.py for tasks to queue
[2024-10-13T08:40:06.444+0000] {logging_mixin.py:190} INFO - [2024-10-13T08:40:06.443+0000] {dagbag.py:588} INFO - Filling up the DagBag from /home/airflow/.local/lib/python3.12/site-packages/airflow/example_dags/example_latest_only_with_trigger.py
[2024-10-13T08:40:06.453+0000] {processor.py:925} INFO - DAG(s) 'latest_only_with_trigger' retrieved from /home/airflow/.local/lib/python3.12/site-packages/airflow/example_dags/example_latest_only_with_trigger.py
[2024-10-13T08:40:06.475+0000] {logging_mixin.py:190} INFO - [2024-10-13T08:40:06.475+0000] {dag.py:3239} INFO - Sync 1 DAGs
[2024-10-13T08:40:06.501+0000] {logging_mixin.py:190} INFO - [2024-10-13T08:40:06.500+0000] {dag.py:4180} INFO - Setting next_dagrun for latest_only_with_trigger to 2024-10-13 04:00:00+00:00, run_after=2024-10-13 08:00:00+00:00
[2024-10-13T08:40:06.524+0000] {processor.py:208} INFO - Processing /home/airflow/.local/lib/python3.12/site-packages/airflow/example_dags/example_latest_only_with_trigger.py took 0.092 seconds
[2024-10-13T08:40:52.702+0000] {processor.py:186} INFO - Started process (PID=1994) to work on /home/airflow/.local/lib/python3.12/site-packages/airflow/example_dags/example_latest_only_with_trigger.py
[2024-10-13T08:40:52.704+0000] {processor.py:914} INFO - Processing file /home/airflow/.local/lib/python3.12/site-packages/airflow/example_dags/example_latest_only_with_trigger.py for tasks to queue
[2024-10-13T08:40:52.707+0000] {logging_mixin.py:190} INFO - [2024-10-13T08:40:52.707+0000] {dagbag.py:588} INFO - Filling up the DagBag from /home/airflow/.local/lib/python3.12/site-packages/airflow/example_dags/example_latest_only_with_trigger.py
[2024-10-13T08:40:52.722+0000] {processor.py:925} INFO - DAG(s) 'latest_only_with_trigger' retrieved from /home/airflow/.local/lib/python3.12/site-packages/airflow/example_dags/example_latest_only_with_trigger.py
[2024-10-13T08:40:52.754+0000] {logging_mixin.py:190} INFO - [2024-10-13T08:40:52.754+0000] {dag.py:3239} INFO - Sync 1 DAGs
[2024-10-13T08:40:52.796+0000] {logging_mixin.py:190} INFO - [2024-10-13T08:40:52.796+0000] {dag.py:4180} INFO - Setting next_dagrun for latest_only_with_trigger to 2024-10-13 04:00:00+00:00, run_after=2024-10-13 08:00:00+00:00
[2024-10-13T08:40:52.829+0000] {processor.py:208} INFO - Processing /home/airflow/.local/lib/python3.12/site-packages/airflow/example_dags/example_latest_only_with_trigger.py took 0.139 seconds
[2024-10-13T08:41:36.568+0000] {processor.py:186} INFO - Started process (PID=2063) to work on /home/airflow/.local/lib/python3.12/site-packages/airflow/example_dags/example_latest_only_with_trigger.py
[2024-10-13T08:41:36.570+0000] {processor.py:914} INFO - Processing file /home/airflow/.local/lib/python3.12/site-packages/airflow/example_dags/example_latest_only_with_trigger.py for tasks to queue
[2024-10-13T08:41:36.573+0000] {logging_mixin.py:190} INFO - [2024-10-13T08:41:36.573+0000] {dagbag.py:588} INFO - Filling up the DagBag from /home/airflow/.local/lib/python3.12/site-packages/airflow/example_dags/example_latest_only_with_trigger.py
[2024-10-13T08:41:36.582+0000] {processor.py:925} INFO - DAG(s) 'latest_only_with_trigger' retrieved from /home/airflow/.local/lib/python3.12/site-packages/airflow/example_dags/example_latest_only_with_trigger.py
[2024-10-13T08:41:36.602+0000] {logging_mixin.py:190} INFO - [2024-10-13T08:41:36.602+0000] {dag.py:3239} INFO - Sync 1 DAGs
[2024-10-13T08:41:36.627+0000] {logging_mixin.py:190} INFO - [2024-10-13T08:41:36.627+0000] {dag.py:4180} INFO - Setting next_dagrun for latest_only_with_trigger to 2024-10-13 04:00:00+00:00, run_after=2024-10-13 08:00:00+00:00
[2024-10-13T08:41:36.648+0000] {processor.py:208} INFO - Processing /home/airflow/.local/lib/python3.12/site-packages/airflow/example_dags/example_latest_only_with_trigger.py took 0.085 seconds
[2024-10-13T08:42:07.035+0000] {processor.py:186} INFO - Started process (PID=2126) to work on /home/airflow/.local/lib/python3.12/site-packages/airflow/example_dags/example_latest_only_with_trigger.py
[2024-10-13T08:42:07.037+0000] {processor.py:914} INFO - Processing file /home/airflow/.local/lib/python3.12/site-packages/airflow/example_dags/example_latest_only_with_trigger.py for tasks to queue
[2024-10-13T08:42:07.040+0000] {logging_mixin.py:190} INFO - [2024-10-13T08:42:07.039+0000] {dagbag.py:588} INFO - Filling up the DagBag from /home/airflow/.local/lib/python3.12/site-packages/airflow/example_dags/example_latest_only_with_trigger.py
[2024-10-13T08:42:07.049+0000] {processor.py:925} INFO - DAG(s) 'latest_only_with_trigger' retrieved from /home/airflow/.local/lib/python3.12/site-packages/airflow/example_dags/example_latest_only_with_trigger.py
[2024-10-13T08:42:07.077+0000] {logging_mixin.py:190} INFO - [2024-10-13T08:42:07.077+0000] {dag.py:3239} INFO - Sync 1 DAGs
[2024-10-13T08:42:07.115+0000] {logging_mixin.py:190} INFO - [2024-10-13T08:42:07.115+0000] {dag.py:4180} INFO - Setting next_dagrun for latest_only_with_trigger to 2024-10-13 04:00:00+00:00, run_after=2024-10-13 08:00:00+00:00
[2024-10-13T08:42:07.141+0000] {processor.py:208} INFO - Processing /home/airflow/.local/lib/python3.12/site-packages/airflow/example_dags/example_latest_only_with_trigger.py took 0.111 seconds
[2024-10-13T08:42:38.297+0000] {processor.py:186} INFO - Started process (PID=2189) to work on /home/airflow/.local/lib/python3.12/site-packages/airflow/example_dags/example_latest_only_with_trigger.py
[2024-10-13T08:42:38.298+0000] {processor.py:914} INFO - Processing file /home/airflow/.local/lib/python3.12/site-packages/airflow/example_dags/example_latest_only_with_trigger.py for tasks to queue
[2024-10-13T08:42:38.301+0000] {logging_mixin.py:190} INFO - [2024-10-13T08:42:38.300+0000] {dagbag.py:588} INFO - Filling up the DagBag from /home/airflow/.local/lib/python3.12/site-packages/airflow/example_dags/example_latest_only_with_trigger.py
[2024-10-13T08:42:38.311+0000] {processor.py:925} INFO - DAG(s) 'latest_only_with_trigger' retrieved from /home/airflow/.local/lib/python3.12/site-packages/airflow/example_dags/example_latest_only_with_trigger.py
[2024-10-13T08:42:38.332+0000] {logging_mixin.py:190} INFO - [2024-10-13T08:42:38.332+0000] {dag.py:3239} INFO - Sync 1 DAGs
[2024-10-13T08:42:38.358+0000] {logging_mixin.py:190} INFO - [2024-10-13T08:42:38.357+0000] {dag.py:4180} INFO - Setting next_dagrun for latest_only_with_trigger to 2024-10-13 04:00:00+00:00, run_after=2024-10-13 08:00:00+00:00
[2024-10-13T08:42:38.380+0000] {processor.py:208} INFO - Processing /home/airflow/.local/lib/python3.12/site-packages/airflow/example_dags/example_latest_only_with_trigger.py took 0.089 seconds
[2024-10-13T08:43:08.555+0000] {processor.py:186} INFO - Started process (PID=2252) to work on /home/airflow/.local/lib/python3.12/site-packages/airflow/example_dags/example_latest_only_with_trigger.py
[2024-10-13T08:43:08.556+0000] {processor.py:914} INFO - Processing file /home/airflow/.local/lib/python3.12/site-packages/airflow/example_dags/example_latest_only_with_trigger.py for tasks to queue
[2024-10-13T08:43:08.558+0000] {logging_mixin.py:190} INFO - [2024-10-13T08:43:08.558+0000] {dagbag.py:588} INFO - Filling up the DagBag from /home/airflow/.local/lib/python3.12/site-packages/airflow/example_dags/example_latest_only_with_trigger.py
[2024-10-13T08:43:08.567+0000] {processor.py:925} INFO - DAG(s) 'latest_only_with_trigger' retrieved from /home/airflow/.local/lib/python3.12/site-packages/airflow/example_dags/example_latest_only_with_trigger.py
[2024-10-13T08:43:08.587+0000] {logging_mixin.py:190} INFO - [2024-10-13T08:43:08.587+0000] {dag.py:3239} INFO - Sync 1 DAGs
[2024-10-13T08:43:08.616+0000] {logging_mixin.py:190} INFO - [2024-10-13T08:43:08.616+0000] {dag.py:4180} INFO - Setting next_dagrun for latest_only_with_trigger to 2024-10-13 04:00:00+00:00, run_after=2024-10-13 08:00:00+00:00
[2024-10-13T08:43:08.638+0000] {processor.py:208} INFO - Processing /home/airflow/.local/lib/python3.12/site-packages/airflow/example_dags/example_latest_only_with_trigger.py took 0.089 seconds
[2024-10-13T08:43:39.062+0000] {processor.py:186} INFO - Started process (PID=2315) to work on /home/airflow/.local/lib/python3.12/site-packages/airflow/example_dags/example_latest_only_with_trigger.py
[2024-10-13T08:43:39.063+0000] {processor.py:914} INFO - Processing file /home/airflow/.local/lib/python3.12/site-packages/airflow/example_dags/example_latest_only_with_trigger.py for tasks to queue
[2024-10-13T08:43:39.066+0000] {logging_mixin.py:190} INFO - [2024-10-13T08:43:39.066+0000] {dagbag.py:588} INFO - Filling up the DagBag from /home/airflow/.local/lib/python3.12/site-packages/airflow/example_dags/example_latest_only_with_trigger.py
[2024-10-13T08:43:39.075+0000] {processor.py:925} INFO - DAG(s) 'latest_only_with_trigger' retrieved from /home/airflow/.local/lib/python3.12/site-packages/airflow/example_dags/example_latest_only_with_trigger.py
[2024-10-13T08:43:39.094+0000] {logging_mixin.py:190} INFO - [2024-10-13T08:43:39.094+0000] {dag.py:3239} INFO - Sync 1 DAGs
[2024-10-13T08:43:39.117+0000] {logging_mixin.py:190} INFO - [2024-10-13T08:43:39.117+0000] {dag.py:4180} INFO - Setting next_dagrun for latest_only_with_trigger to 2024-10-13 04:00:00+00:00, run_after=2024-10-13 08:00:00+00:00
[2024-10-13T08:43:39.137+0000] {processor.py:208} INFO - Processing /home/airflow/.local/lib/python3.12/site-packages/airflow/example_dags/example_latest_only_with_trigger.py took 0.081 seconds
[2024-10-13T08:44:09.701+0000] {processor.py:186} INFO - Started process (PID=2378) to work on /home/airflow/.local/lib/python3.12/site-packages/airflow/example_dags/example_latest_only_with_trigger.py
[2024-10-13T08:44:09.702+0000] {processor.py:914} INFO - Processing file /home/airflow/.local/lib/python3.12/site-packages/airflow/example_dags/example_latest_only_with_trigger.py for tasks to queue
[2024-10-13T08:44:09.704+0000] {logging_mixin.py:190} INFO - [2024-10-13T08:44:09.704+0000] {dagbag.py:588} INFO - Filling up the DagBag from /home/airflow/.local/lib/python3.12/site-packages/airflow/example_dags/example_latest_only_with_trigger.py
[2024-10-13T08:44:09.712+0000] {processor.py:925} INFO - DAG(s) 'latest_only_with_trigger' retrieved from /home/airflow/.local/lib/python3.12/site-packages/airflow/example_dags/example_latest_only_with_trigger.py
[2024-10-13T08:44:09.734+0000] {logging_mixin.py:190} INFO - [2024-10-13T08:44:09.734+0000] {dag.py:3239} INFO - Sync 1 DAGs
[2024-10-13T08:44:09.759+0000] {logging_mixin.py:190} INFO - [2024-10-13T08:44:09.759+0000] {dag.py:4180} INFO - Setting next_dagrun for latest_only_with_trigger to 2024-10-13 04:00:00+00:00, run_after=2024-10-13 08:00:00+00:00
[2024-10-13T08:44:09.778+0000] {processor.py:208} INFO - Processing /home/airflow/.local/lib/python3.12/site-packages/airflow/example_dags/example_latest_only_with_trigger.py took 0.083 seconds
[2024-10-13T08:44:40.489+0000] {processor.py:186} INFO - Started process (PID=2442) to work on /home/airflow/.local/lib/python3.12/site-packages/airflow/example_dags/example_latest_only_with_trigger.py
[2024-10-13T08:44:40.490+0000] {processor.py:914} INFO - Processing file /home/airflow/.local/lib/python3.12/site-packages/airflow/example_dags/example_latest_only_with_trigger.py for tasks to queue
[2024-10-13T08:44:40.492+0000] {logging_mixin.py:190} INFO - [2024-10-13T08:44:40.492+0000] {dagbag.py:588} INFO - Filling up the DagBag from /home/airflow/.local/lib/python3.12/site-packages/airflow/example_dags/example_latest_only_with_trigger.py
[2024-10-13T08:44:40.500+0000] {processor.py:925} INFO - DAG(s) 'latest_only_with_trigger' retrieved from /home/airflow/.local/lib/python3.12/site-packages/airflow/example_dags/example_latest_only_with_trigger.py
[2024-10-13T08:44:40.519+0000] {logging_mixin.py:190} INFO - [2024-10-13T08:44:40.519+0000] {dag.py:3239} INFO - Sync 1 DAGs
[2024-10-13T08:44:40.542+0000] {logging_mixin.py:190} INFO - [2024-10-13T08:44:40.542+0000] {dag.py:4180} INFO - Setting next_dagrun for latest_only_with_trigger to 2024-10-13 04:00:00+00:00, run_after=2024-10-13 08:00:00+00:00
[2024-10-13T08:44:40.561+0000] {processor.py:208} INFO - Processing /home/airflow/.local/lib/python3.12/site-packages/airflow/example_dags/example_latest_only_with_trigger.py took 0.077 seconds
[2024-10-13T08:45:11.687+0000] {processor.py:186} INFO - Started process (PID=2505) to work on /home/airflow/.local/lib/python3.12/site-packages/airflow/example_dags/example_latest_only_with_trigger.py
[2024-10-13T08:45:11.689+0000] {processor.py:914} INFO - Processing file /home/airflow/.local/lib/python3.12/site-packages/airflow/example_dags/example_latest_only_with_trigger.py for tasks to queue
[2024-10-13T08:45:11.691+0000] {logging_mixin.py:190} INFO - [2024-10-13T08:45:11.690+0000] {dagbag.py:588} INFO - Filling up the DagBag from /home/airflow/.local/lib/python3.12/site-packages/airflow/example_dags/example_latest_only_with_trigger.py
[2024-10-13T08:45:11.698+0000] {processor.py:925} INFO - DAG(s) 'latest_only_with_trigger' retrieved from /home/airflow/.local/lib/python3.12/site-packages/airflow/example_dags/example_latest_only_with_trigger.py
[2024-10-13T08:45:11.718+0000] {logging_mixin.py:190} INFO - [2024-10-13T08:45:11.717+0000] {dag.py:3239} INFO - Sync 1 DAGs
[2024-10-13T08:45:11.744+0000] {logging_mixin.py:190} INFO - [2024-10-13T08:45:11.744+0000] {dag.py:4180} INFO - Setting next_dagrun for latest_only_with_trigger to 2024-10-13 04:00:00+00:00, run_after=2024-10-13 08:00:00+00:00
[2024-10-13T08:45:11.763+0000] {processor.py:208} INFO - Processing /home/airflow/.local/lib/python3.12/site-packages/airflow/example_dags/example_latest_only_with_trigger.py took 0.081 seconds
[2024-10-13T08:45:42.527+0000] {processor.py:186} INFO - Started process (PID=2568) to work on /home/airflow/.local/lib/python3.12/site-packages/airflow/example_dags/example_latest_only_with_trigger.py
[2024-10-13T08:45:42.529+0000] {processor.py:914} INFO - Processing file /home/airflow/.local/lib/python3.12/site-packages/airflow/example_dags/example_latest_only_with_trigger.py for tasks to queue
[2024-10-13T08:45:42.531+0000] {logging_mixin.py:190} INFO - [2024-10-13T08:45:42.530+0000] {dagbag.py:588} INFO - Filling up the DagBag from /home/airflow/.local/lib/python3.12/site-packages/airflow/example_dags/example_latest_only_with_trigger.py
[2024-10-13T08:45:42.539+0000] {processor.py:925} INFO - DAG(s) 'latest_only_with_trigger' retrieved from /home/airflow/.local/lib/python3.12/site-packages/airflow/example_dags/example_latest_only_with_trigger.py
[2024-10-13T08:45:42.557+0000] {logging_mixin.py:190} INFO - [2024-10-13T08:45:42.556+0000] {dag.py:3239} INFO - Sync 1 DAGs
[2024-10-13T08:45:42.579+0000] {logging_mixin.py:190} INFO - [2024-10-13T08:45:42.578+0000] {dag.py:4180} INFO - Setting next_dagrun for latest_only_with_trigger to 2024-10-13 04:00:00+00:00, run_after=2024-10-13 08:00:00+00:00
[2024-10-13T08:45:42.597+0000] {processor.py:208} INFO - Processing /home/airflow/.local/lib/python3.12/site-packages/airflow/example_dags/example_latest_only_with_trigger.py took 0.075 seconds
[2024-10-13T08:46:13.431+0000] {processor.py:186} INFO - Started process (PID=2631) to work on /home/airflow/.local/lib/python3.12/site-packages/airflow/example_dags/example_latest_only_with_trigger.py
[2024-10-13T08:46:13.432+0000] {processor.py:914} INFO - Processing file /home/airflow/.local/lib/python3.12/site-packages/airflow/example_dags/example_latest_only_with_trigger.py for tasks to queue
[2024-10-13T08:46:13.435+0000] {logging_mixin.py:190} INFO - [2024-10-13T08:46:13.435+0000] {dagbag.py:588} INFO - Filling up the DagBag from /home/airflow/.local/lib/python3.12/site-packages/airflow/example_dags/example_latest_only_with_trigger.py
[2024-10-13T08:46:13.443+0000] {processor.py:925} INFO - DAG(s) 'latest_only_with_trigger' retrieved from /home/airflow/.local/lib/python3.12/site-packages/airflow/example_dags/example_latest_only_with_trigger.py
[2024-10-13T08:46:13.462+0000] {logging_mixin.py:190} INFO - [2024-10-13T08:46:13.462+0000] {dag.py:3239} INFO - Sync 1 DAGs
[2024-10-13T08:46:13.485+0000] {logging_mixin.py:190} INFO - [2024-10-13T08:46:13.485+0000] {dag.py:4180} INFO - Setting next_dagrun for latest_only_with_trigger to 2024-10-13 04:00:00+00:00, run_after=2024-10-13 08:00:00+00:00
[2024-10-13T08:46:13.504+0000] {processor.py:208} INFO - Processing /home/airflow/.local/lib/python3.12/site-packages/airflow/example_dags/example_latest_only_with_trigger.py took 0.078 seconds
[2024-10-13T08:46:45.059+0000] {processor.py:186} INFO - Started process (PID=2694) to work on /home/airflow/.local/lib/python3.12/site-packages/airflow/example_dags/example_latest_only_with_trigger.py
[2024-10-13T08:46:45.060+0000] {processor.py:914} INFO - Processing file /home/airflow/.local/lib/python3.12/site-packages/airflow/example_dags/example_latest_only_with_trigger.py for tasks to queue
[2024-10-13T08:46:45.064+0000] {logging_mixin.py:190} INFO - [2024-10-13T08:46:45.063+0000] {dagbag.py:588} INFO - Filling up the DagBag from /home/airflow/.local/lib/python3.12/site-packages/airflow/example_dags/example_latest_only_with_trigger.py
[2024-10-13T08:46:45.073+0000] {processor.py:925} INFO - DAG(s) 'latest_only_with_trigger' retrieved from /home/airflow/.local/lib/python3.12/site-packages/airflow/example_dags/example_latest_only_with_trigger.py
[2024-10-13T08:46:45.094+0000] {logging_mixin.py:190} INFO - [2024-10-13T08:46:45.093+0000] {dag.py:3239} INFO - Sync 1 DAGs
[2024-10-13T08:46:45.117+0000] {logging_mixin.py:190} INFO - [2024-10-13T08:46:45.117+0000] {dag.py:4180} INFO - Setting next_dagrun for latest_only_with_trigger to 2024-10-13 04:00:00+00:00, run_after=2024-10-13 08:00:00+00:00
[2024-10-13T08:46:45.136+0000] {processor.py:208} INFO - Processing /home/airflow/.local/lib/python3.12/site-packages/airflow/example_dags/example_latest_only_with_trigger.py took 0.084 seconds
[2024-10-13T08:47:16.192+0000] {processor.py:186} INFO - Started process (PID=2758) to work on /home/airflow/.local/lib/python3.12/site-packages/airflow/example_dags/example_latest_only_with_trigger.py
[2024-10-13T08:47:16.193+0000] {processor.py:914} INFO - Processing file /home/airflow/.local/lib/python3.12/site-packages/airflow/example_dags/example_latest_only_with_trigger.py for tasks to queue
[2024-10-13T08:47:16.196+0000] {logging_mixin.py:190} INFO - [2024-10-13T08:47:16.195+0000] {dagbag.py:588} INFO - Filling up the DagBag from /home/airflow/.local/lib/python3.12/site-packages/airflow/example_dags/example_latest_only_with_trigger.py
[2024-10-13T08:47:16.206+0000] {processor.py:925} INFO - DAG(s) 'latest_only_with_trigger' retrieved from /home/airflow/.local/lib/python3.12/site-packages/airflow/example_dags/example_latest_only_with_trigger.py
[2024-10-13T08:47:16.227+0000] {logging_mixin.py:190} INFO - [2024-10-13T08:47:16.227+0000] {dag.py:3239} INFO - Sync 1 DAGs
[2024-10-13T08:47:16.255+0000] {logging_mixin.py:190} INFO - [2024-10-13T08:47:16.255+0000] {dag.py:4180} INFO - Setting next_dagrun for latest_only_with_trigger to 2024-10-13 04:00:00+00:00, run_after=2024-10-13 08:00:00+00:00
[2024-10-13T08:47:16.279+0000] {processor.py:208} INFO - Processing /home/airflow/.local/lib/python3.12/site-packages/airflow/example_dags/example_latest_only_with_trigger.py took 0.093 seconds
[2024-10-13T08:47:47.015+0000] {processor.py:186} INFO - Started process (PID=2821) to work on /home/airflow/.local/lib/python3.12/site-packages/airflow/example_dags/example_latest_only_with_trigger.py
[2024-10-13T08:47:47.016+0000] {processor.py:914} INFO - Processing file /home/airflow/.local/lib/python3.12/site-packages/airflow/example_dags/example_latest_only_with_trigger.py for tasks to queue
[2024-10-13T08:47:47.019+0000] {logging_mixin.py:190} INFO - [2024-10-13T08:47:47.018+0000] {dagbag.py:588} INFO - Filling up the DagBag from /home/airflow/.local/lib/python3.12/site-packages/airflow/example_dags/example_latest_only_with_trigger.py
[2024-10-13T08:47:47.028+0000] {processor.py:925} INFO - DAG(s) 'latest_only_with_trigger' retrieved from /home/airflow/.local/lib/python3.12/site-packages/airflow/example_dags/example_latest_only_with_trigger.py
[2024-10-13T08:47:47.050+0000] {logging_mixin.py:190} INFO - [2024-10-13T08:47:47.050+0000] {dag.py:3239} INFO - Sync 1 DAGs
[2024-10-13T08:47:47.079+0000] {logging_mixin.py:190} INFO - [2024-10-13T08:47:47.078+0000] {dag.py:4180} INFO - Setting next_dagrun for latest_only_with_trigger to 2024-10-13 04:00:00+00:00, run_after=2024-10-13 08:00:00+00:00
[2024-10-13T08:47:47.104+0000] {processor.py:208} INFO - Processing /home/airflow/.local/lib/python3.12/site-packages/airflow/example_dags/example_latest_only_with_trigger.py took 0.094 seconds
[2024-10-13T08:48:17.919+0000] {processor.py:186} INFO - Started process (PID=2885) to work on /home/airflow/.local/lib/python3.12/site-packages/airflow/example_dags/example_latest_only_with_trigger.py
[2024-10-13T08:48:17.920+0000] {processor.py:914} INFO - Processing file /home/airflow/.local/lib/python3.12/site-packages/airflow/example_dags/example_latest_only_with_trigger.py for tasks to queue
[2024-10-13T08:48:17.923+0000] {logging_mixin.py:190} INFO - [2024-10-13T08:48:17.922+0000] {dagbag.py:588} INFO - Filling up the DagBag from /home/airflow/.local/lib/python3.12/site-packages/airflow/example_dags/example_latest_only_with_trigger.py
[2024-10-13T08:48:17.930+0000] {processor.py:925} INFO - DAG(s) 'latest_only_with_trigger' retrieved from /home/airflow/.local/lib/python3.12/site-packages/airflow/example_dags/example_latest_only_with_trigger.py
[2024-10-13T08:48:17.952+0000] {logging_mixin.py:190} INFO - [2024-10-13T08:48:17.952+0000] {dag.py:3239} INFO - Sync 1 DAGs
[2024-10-13T08:48:17.981+0000] {logging_mixin.py:190} INFO - [2024-10-13T08:48:17.981+0000] {dag.py:4180} INFO - Setting next_dagrun for latest_only_with_trigger to 2024-10-13 04:00:00+00:00, run_after=2024-10-13 08:00:00+00:00
[2024-10-13T08:48:18.009+0000] {processor.py:208} INFO - Processing /home/airflow/.local/lib/python3.12/site-packages/airflow/example_dags/example_latest_only_with_trigger.py took 0.095 seconds
[2024-10-13T08:48:49.022+0000] {processor.py:186} INFO - Started process (PID=2948) to work on /home/airflow/.local/lib/python3.12/site-packages/airflow/example_dags/example_latest_only_with_trigger.py
[2024-10-13T08:48:49.023+0000] {processor.py:914} INFO - Processing file /home/airflow/.local/lib/python3.12/site-packages/airflow/example_dags/example_latest_only_with_trigger.py for tasks to queue
[2024-10-13T08:48:49.026+0000] {logging_mixin.py:190} INFO - [2024-10-13T08:48:49.025+0000] {dagbag.py:588} INFO - Filling up the DagBag from /home/airflow/.local/lib/python3.12/site-packages/airflow/example_dags/example_latest_only_with_trigger.py
[2024-10-13T08:48:49.033+0000] {processor.py:925} INFO - DAG(s) 'latest_only_with_trigger' retrieved from /home/airflow/.local/lib/python3.12/site-packages/airflow/example_dags/example_latest_only_with_trigger.py
[2024-10-13T08:48:49.052+0000] {logging_mixin.py:190} INFO - [2024-10-13T08:48:49.052+0000] {dag.py:3239} INFO - Sync 1 DAGs
[2024-10-13T08:48:49.075+0000] {logging_mixin.py:190} INFO - [2024-10-13T08:48:49.075+0000] {dag.py:4180} INFO - Setting next_dagrun for latest_only_with_trigger to 2024-10-13 04:00:00+00:00, run_after=2024-10-13 08:00:00+00:00
[2024-10-13T08:48:49.098+0000] {processor.py:208} INFO - Processing /home/airflow/.local/lib/python3.12/site-packages/airflow/example_dags/example_latest_only_with_trigger.py took 0.083 seconds
[2024-10-13T08:49:20.340+0000] {processor.py:186} INFO - Started process (PID=3011) to work on /home/airflow/.local/lib/python3.12/site-packages/airflow/example_dags/example_latest_only_with_trigger.py
[2024-10-13T08:49:20.341+0000] {processor.py:914} INFO - Processing file /home/airflow/.local/lib/python3.12/site-packages/airflow/example_dags/example_latest_only_with_trigger.py for tasks to queue
[2024-10-13T08:49:20.343+0000] {logging_mixin.py:190} INFO - [2024-10-13T08:49:20.343+0000] {dagbag.py:588} INFO - Filling up the DagBag from /home/airflow/.local/lib/python3.12/site-packages/airflow/example_dags/example_latest_only_with_trigger.py
[2024-10-13T08:49:20.351+0000] {processor.py:925} INFO - DAG(s) 'latest_only_with_trigger' retrieved from /home/airflow/.local/lib/python3.12/site-packages/airflow/example_dags/example_latest_only_with_trigger.py
[2024-10-13T08:49:20.370+0000] {logging_mixin.py:190} INFO - [2024-10-13T08:49:20.369+0000] {dag.py:3239} INFO - Sync 1 DAGs
[2024-10-13T08:49:20.393+0000] {logging_mixin.py:190} INFO - [2024-10-13T08:49:20.393+0000] {dag.py:4180} INFO - Setting next_dagrun for latest_only_with_trigger to 2024-10-13 04:00:00+00:00, run_after=2024-10-13 08:00:00+00:00
[2024-10-13T08:49:20.413+0000] {processor.py:208} INFO - Processing /home/airflow/.local/lib/python3.12/site-packages/airflow/example_dags/example_latest_only_with_trigger.py took 0.079 seconds
[2024-10-13T08:49:51.661+0000] {processor.py:186} INFO - Started process (PID=3074) to work on /home/airflow/.local/lib/python3.12/site-packages/airflow/example_dags/example_latest_only_with_trigger.py
[2024-10-13T08:49:51.662+0000] {processor.py:914} INFO - Processing file /home/airflow/.local/lib/python3.12/site-packages/airflow/example_dags/example_latest_only_with_trigger.py for tasks to queue
[2024-10-13T08:49:51.665+0000] {logging_mixin.py:190} INFO - [2024-10-13T08:49:51.664+0000] {dagbag.py:588} INFO - Filling up the DagBag from /home/airflow/.local/lib/python3.12/site-packages/airflow/example_dags/example_latest_only_with_trigger.py
[2024-10-13T08:49:51.672+0000] {processor.py:925} INFO - DAG(s) 'latest_only_with_trigger' retrieved from /home/airflow/.local/lib/python3.12/site-packages/airflow/example_dags/example_latest_only_with_trigger.py
[2024-10-13T08:49:51.693+0000] {logging_mixin.py:190} INFO - [2024-10-13T08:49:51.693+0000] {dag.py:3239} INFO - Sync 1 DAGs
[2024-10-13T08:49:51.716+0000] {logging_mixin.py:190} INFO - [2024-10-13T08:49:51.715+0000] {dag.py:4180} INFO - Setting next_dagrun for latest_only_with_trigger to 2024-10-13 04:00:00+00:00, run_after=2024-10-13 08:00:00+00:00
[2024-10-13T08:49:51.733+0000] {processor.py:208} INFO - Processing /home/airflow/.local/lib/python3.12/site-packages/airflow/example_dags/example_latest_only_with_trigger.py took 0.080 seconds
[2024-10-13T08:50:22.767+0000] {processor.py:186} INFO - Started process (PID=3137) to work on /home/airflow/.local/lib/python3.12/site-packages/airflow/example_dags/example_latest_only_with_trigger.py
[2024-10-13T08:50:22.768+0000] {processor.py:914} INFO - Processing file /home/airflow/.local/lib/python3.12/site-packages/airflow/example_dags/example_latest_only_with_trigger.py for tasks to queue
[2024-10-13T08:50:22.771+0000] {logging_mixin.py:190} INFO - [2024-10-13T08:50:22.770+0000] {dagbag.py:588} INFO - Filling up the DagBag from /home/airflow/.local/lib/python3.12/site-packages/airflow/example_dags/example_latest_only_with_trigger.py
[2024-10-13T08:50:22.779+0000] {processor.py:925} INFO - DAG(s) 'latest_only_with_trigger' retrieved from /home/airflow/.local/lib/python3.12/site-packages/airflow/example_dags/example_latest_only_with_trigger.py
[2024-10-13T08:50:22.799+0000] {logging_mixin.py:190} INFO - [2024-10-13T08:50:22.799+0000] {dag.py:3239} INFO - Sync 1 DAGs
[2024-10-13T08:50:22.823+0000] {logging_mixin.py:190} INFO - [2024-10-13T08:50:22.822+0000] {dag.py:4180} INFO - Setting next_dagrun for latest_only_with_trigger to 2024-10-13 04:00:00+00:00, run_after=2024-10-13 08:00:00+00:00
[2024-10-13T08:50:22.843+0000] {processor.py:208} INFO - Processing /home/airflow/.local/lib/python3.12/site-packages/airflow/example_dags/example_latest_only_with_trigger.py took 0.082 seconds
[2024-10-13T08:50:54.239+0000] {processor.py:186} INFO - Started process (PID=3200) to work on /home/airflow/.local/lib/python3.12/site-packages/airflow/example_dags/example_latest_only_with_trigger.py
[2024-10-13T08:50:54.240+0000] {processor.py:914} INFO - Processing file /home/airflow/.local/lib/python3.12/site-packages/airflow/example_dags/example_latest_only_with_trigger.py for tasks to queue
[2024-10-13T08:50:54.242+0000] {logging_mixin.py:190} INFO - [2024-10-13T08:50:54.242+0000] {dagbag.py:588} INFO - Filling up the DagBag from /home/airflow/.local/lib/python3.12/site-packages/airflow/example_dags/example_latest_only_with_trigger.py
[2024-10-13T08:50:54.250+0000] {processor.py:925} INFO - DAG(s) 'latest_only_with_trigger' retrieved from /home/airflow/.local/lib/python3.12/site-packages/airflow/example_dags/example_latest_only_with_trigger.py
[2024-10-13T08:50:54.268+0000] {logging_mixin.py:190} INFO - [2024-10-13T08:50:54.268+0000] {dag.py:3239} INFO - Sync 1 DAGs
[2024-10-13T08:50:54.292+0000] {logging_mixin.py:190} INFO - [2024-10-13T08:50:54.292+0000] {dag.py:4180} INFO - Setting next_dagrun for latest_only_with_trigger to 2024-10-13 04:00:00+00:00, run_after=2024-10-13 08:00:00+00:00
[2024-10-13T08:50:54.311+0000] {processor.py:208} INFO - Processing /home/airflow/.local/lib/python3.12/site-packages/airflow/example_dags/example_latest_only_with_trigger.py took 0.078 seconds
[2024-10-13T08:51:26.950+0000] {processor.py:186} INFO - Started process (PID=3263) to work on /home/airflow/.local/lib/python3.12/site-packages/airflow/example_dags/example_latest_only_with_trigger.py
[2024-10-13T08:51:26.951+0000] {processor.py:914} INFO - Processing file /home/airflow/.local/lib/python3.12/site-packages/airflow/example_dags/example_latest_only_with_trigger.py for tasks to queue
[2024-10-13T08:51:26.954+0000] {logging_mixin.py:190} INFO - [2024-10-13T08:51:26.953+0000] {dagbag.py:588} INFO - Filling up the DagBag from /home/airflow/.local/lib/python3.12/site-packages/airflow/example_dags/example_latest_only_with_trigger.py
[2024-10-13T08:51:26.961+0000] {processor.py:925} INFO - DAG(s) 'latest_only_with_trigger' retrieved from /home/airflow/.local/lib/python3.12/site-packages/airflow/example_dags/example_latest_only_with_trigger.py
[2024-10-13T08:51:26.981+0000] {logging_mixin.py:190} INFO - [2024-10-13T08:51:26.981+0000] {dag.py:3239} INFO - Sync 1 DAGs
[2024-10-13T08:51:27.159+0000] {logging_mixin.py:190} INFO - [2024-10-13T08:51:27.159+0000] {dag.py:4180} INFO - Setting next_dagrun for latest_only_with_trigger to 2024-10-13 04:00:00+00:00, run_after=2024-10-13 08:00:00+00:00
[2024-10-13T08:51:27.178+0000] {processor.py:208} INFO - Processing /home/airflow/.local/lib/python3.12/site-packages/airflow/example_dags/example_latest_only_with_trigger.py took 0.234 seconds
[2024-10-13T08:51:58.176+0000] {processor.py:186} INFO - Started process (PID=3326) to work on /home/airflow/.local/lib/python3.12/site-packages/airflow/example_dags/example_latest_only_with_trigger.py
[2024-10-13T08:51:58.177+0000] {processor.py:914} INFO - Processing file /home/airflow/.local/lib/python3.12/site-packages/airflow/example_dags/example_latest_only_with_trigger.py for tasks to queue
[2024-10-13T08:51:58.180+0000] {logging_mixin.py:190} INFO - [2024-10-13T08:51:58.180+0000] {dagbag.py:588} INFO - Filling up the DagBag from /home/airflow/.local/lib/python3.12/site-packages/airflow/example_dags/example_latest_only_with_trigger.py
[2024-10-13T08:51:58.190+0000] {processor.py:925} INFO - DAG(s) 'latest_only_with_trigger' retrieved from /home/airflow/.local/lib/python3.12/site-packages/airflow/example_dags/example_latest_only_with_trigger.py
[2024-10-13T08:51:58.211+0000] {logging_mixin.py:190} INFO - [2024-10-13T08:51:58.210+0000] {dag.py:3239} INFO - Sync 1 DAGs
[2024-10-13T08:51:58.233+0000] {logging_mixin.py:190} INFO - [2024-10-13T08:51:58.232+0000] {dag.py:4180} INFO - Setting next_dagrun for latest_only_with_trigger to 2024-10-13 04:00:00+00:00, run_after=2024-10-13 08:00:00+00:00
[2024-10-13T08:51:58.252+0000] {processor.py:208} INFO - Processing /home/airflow/.local/lib/python3.12/site-packages/airflow/example_dags/example_latest_only_with_trigger.py took 0.083 seconds
[2024-10-13T08:52:28.923+0000] {processor.py:186} INFO - Started process (PID=3389) to work on /home/airflow/.local/lib/python3.12/site-packages/airflow/example_dags/example_latest_only_with_trigger.py
[2024-10-13T08:52:28.925+0000] {processor.py:914} INFO - Processing file /home/airflow/.local/lib/python3.12/site-packages/airflow/example_dags/example_latest_only_with_trigger.py for tasks to queue
[2024-10-13T08:52:28.928+0000] {logging_mixin.py:190} INFO - [2024-10-13T08:52:28.928+0000] {dagbag.py:588} INFO - Filling up the DagBag from /home/airflow/.local/lib/python3.12/site-packages/airflow/example_dags/example_latest_only_with_trigger.py
[2024-10-13T08:52:28.936+0000] {processor.py:925} INFO - DAG(s) 'latest_only_with_trigger' retrieved from /home/airflow/.local/lib/python3.12/site-packages/airflow/example_dags/example_latest_only_with_trigger.py
[2024-10-13T08:52:28.957+0000] {logging_mixin.py:190} INFO - [2024-10-13T08:52:28.957+0000] {dag.py:3239} INFO - Sync 1 DAGs
[2024-10-13T08:52:28.987+0000] {logging_mixin.py:190} INFO - [2024-10-13T08:52:28.987+0000] {dag.py:4180} INFO - Setting next_dagrun for latest_only_with_trigger to 2024-10-13 04:00:00+00:00, run_after=2024-10-13 08:00:00+00:00
[2024-10-13T08:52:29.015+0000] {processor.py:208} INFO - Processing /home/airflow/.local/lib/python3.12/site-packages/airflow/example_dags/example_latest_only_with_trigger.py took 0.099 seconds
[2024-10-13T08:52:59.445+0000] {processor.py:186} INFO - Started process (PID=3452) to work on /home/airflow/.local/lib/python3.12/site-packages/airflow/example_dags/example_latest_only_with_trigger.py
[2024-10-13T08:52:59.446+0000] {processor.py:914} INFO - Processing file /home/airflow/.local/lib/python3.12/site-packages/airflow/example_dags/example_latest_only_with_trigger.py for tasks to queue
[2024-10-13T08:52:59.450+0000] {logging_mixin.py:190} INFO - [2024-10-13T08:52:59.449+0000] {dagbag.py:588} INFO - Filling up the DagBag from /home/airflow/.local/lib/python3.12/site-packages/airflow/example_dags/example_latest_only_with_trigger.py
[2024-10-13T08:52:59.460+0000] {processor.py:925} INFO - DAG(s) 'latest_only_with_trigger' retrieved from /home/airflow/.local/lib/python3.12/site-packages/airflow/example_dags/example_latest_only_with_trigger.py
[2024-10-13T08:52:59.489+0000] {logging_mixin.py:190} INFO - [2024-10-13T08:52:59.489+0000] {dag.py:3239} INFO - Sync 1 DAGs
[2024-10-13T08:52:59.522+0000] {logging_mixin.py:190} INFO - [2024-10-13T08:52:59.522+0000] {dag.py:4180} INFO - Setting next_dagrun for latest_only_with_trigger to 2024-10-13 04:00:00+00:00, run_after=2024-10-13 08:00:00+00:00
[2024-10-13T08:52:59.553+0000] {processor.py:208} INFO - Processing /home/airflow/.local/lib/python3.12/site-packages/airflow/example_dags/example_latest_only_with_trigger.py took 0.115 seconds
