[2024-10-13T08:25:15.461+0000] {processor.py:186} INFO - Started process (PID=51) to work on /home/airflow/.local/lib/python3.12/site-packages/airflow/example_dags/example_display_name.py
[2024-10-13T08:25:15.462+0000] {processor.py:914} INFO - Processing file /home/airflow/.local/lib/python3.12/site-packages/airflow/example_dags/example_display_name.py for tasks to queue
[2024-10-13T08:25:15.466+0000] {logging_mixin.py:190} INFO - [2024-10-13T08:25:15.465+0000] {dagbag.py:588} INFO - Filling up the DagBag from /home/airflow/.local/lib/python3.12/site-packages/airflow/example_dags/example_display_name.py
[2024-10-13T08:25:15.480+0000] {processor.py:925} INFO - DAG(s) 'example_display_name' retrieved from /home/airflow/.local/lib/python3.12/site-packages/airflow/example_dags/example_display_name.py
[2024-10-13T08:25:15.529+0000] {logging_mixin.py:190} INFO - [2024-10-13T08:25:15.529+0000] {dag.py:3239} INFO - Sync 1 DAGs
[2024-10-13T08:25:15.562+0000] {logging_mixin.py:190} INFO - [2024-10-13T08:25:15.562+0000] {dag.py:4180} INFO - Setting next_dagrun for example_display_name to None, run_after=None
[2024-10-13T08:25:15.604+0000] {processor.py:208} INFO - Processing /home/airflow/.local/lib/python3.12/site-packages/airflow/example_dags/example_display_name.py took 0.154 seconds
[2024-10-13T08:25:45.884+0000] {processor.py:186} INFO - Started process (PID=114) to work on /home/airflow/.local/lib/python3.12/site-packages/airflow/example_dags/example_display_name.py
[2024-10-13T08:25:45.885+0000] {processor.py:914} INFO - Processing file /home/airflow/.local/lib/python3.12/site-packages/airflow/example_dags/example_display_name.py for tasks to queue
[2024-10-13T08:25:45.887+0000] {logging_mixin.py:190} INFO - [2024-10-13T08:25:45.886+0000] {dagbag.py:588} INFO - Filling up the DagBag from /home/airflow/.local/lib/python3.12/site-packages/airflow/example_dags/example_display_name.py
[2024-10-13T08:25:45.894+0000] {processor.py:925} INFO - DAG(s) 'example_display_name' retrieved from /home/airflow/.local/lib/python3.12/site-packages/airflow/example_dags/example_display_name.py
[2024-10-13T08:25:45.911+0000] {logging_mixin.py:190} INFO - [2024-10-13T08:25:45.911+0000] {dag.py:3239} INFO - Sync 1 DAGs
[2024-10-13T08:25:45.925+0000] {logging_mixin.py:190} INFO - [2024-10-13T08:25:45.925+0000] {dag.py:4180} INFO - Setting next_dagrun for example_display_name to None, run_after=None
[2024-10-13T08:25:45.942+0000] {processor.py:208} INFO - Processing /home/airflow/.local/lib/python3.12/site-packages/airflow/example_dags/example_display_name.py took 0.063 seconds
[2024-10-13T08:26:16.489+0000] {processor.py:186} INFO - Started process (PID=177) to work on /home/airflow/.local/lib/python3.12/site-packages/airflow/example_dags/example_display_name.py
[2024-10-13T08:26:16.490+0000] {processor.py:914} INFO - Processing file /home/airflow/.local/lib/python3.12/site-packages/airflow/example_dags/example_display_name.py for tasks to queue
[2024-10-13T08:26:16.492+0000] {logging_mixin.py:190} INFO - [2024-10-13T08:26:16.492+0000] {dagbag.py:588} INFO - Filling up the DagBag from /home/airflow/.local/lib/python3.12/site-packages/airflow/example_dags/example_display_name.py
[2024-10-13T08:26:16.499+0000] {processor.py:925} INFO - DAG(s) 'example_display_name' retrieved from /home/airflow/.local/lib/python3.12/site-packages/airflow/example_dags/example_display_name.py
[2024-10-13T08:26:16.514+0000] {logging_mixin.py:190} INFO - [2024-10-13T08:26:16.514+0000] {dag.py:3239} INFO - Sync 1 DAGs
[2024-10-13T08:26:16.527+0000] {logging_mixin.py:190} INFO - [2024-10-13T08:26:16.527+0000] {dag.py:4180} INFO - Setting next_dagrun for example_display_name to None, run_after=None
[2024-10-13T08:26:16.544+0000] {processor.py:208} INFO - Processing /home/airflow/.local/lib/python3.12/site-packages/airflow/example_dags/example_display_name.py took 0.060 seconds
[2024-10-13T08:26:46.773+0000] {processor.py:186} INFO - Started process (PID=246) to work on /home/airflow/.local/lib/python3.12/site-packages/airflow/example_dags/example_display_name.py
[2024-10-13T08:26:46.774+0000] {processor.py:914} INFO - Processing file /home/airflow/.local/lib/python3.12/site-packages/airflow/example_dags/example_display_name.py for tasks to queue
[2024-10-13T08:26:46.777+0000] {logging_mixin.py:190} INFO - [2024-10-13T08:26:46.776+0000] {dagbag.py:588} INFO - Filling up the DagBag from /home/airflow/.local/lib/python3.12/site-packages/airflow/example_dags/example_display_name.py
[2024-10-13T08:26:46.784+0000] {processor.py:925} INFO - DAG(s) 'example_display_name' retrieved from /home/airflow/.local/lib/python3.12/site-packages/airflow/example_dags/example_display_name.py
[2024-10-13T08:26:46.807+0000] {logging_mixin.py:190} INFO - [2024-10-13T08:26:46.806+0000] {dag.py:3239} INFO - Sync 1 DAGs
[2024-10-13T08:26:46.822+0000] {logging_mixin.py:190} INFO - [2024-10-13T08:26:46.822+0000] {dag.py:4180} INFO - Setting next_dagrun for example_display_name to None, run_after=None
[2024-10-13T08:26:46.842+0000] {processor.py:208} INFO - Processing /home/airflow/.local/lib/python3.12/site-packages/airflow/example_dags/example_display_name.py took 0.075 seconds
[2024-10-13T08:27:17.249+0000] {processor.py:186} INFO - Started process (PID=308) to work on /home/airflow/.local/lib/python3.12/site-packages/airflow/example_dags/example_display_name.py
[2024-10-13T08:27:17.250+0000] {processor.py:914} INFO - Processing file /home/airflow/.local/lib/python3.12/site-packages/airflow/example_dags/example_display_name.py for tasks to queue
[2024-10-13T08:27:17.252+0000] {logging_mixin.py:190} INFO - [2024-10-13T08:27:17.251+0000] {dagbag.py:588} INFO - Filling up the DagBag from /home/airflow/.local/lib/python3.12/site-packages/airflow/example_dags/example_display_name.py
[2024-10-13T08:27:17.258+0000] {processor.py:925} INFO - DAG(s) 'example_display_name' retrieved from /home/airflow/.local/lib/python3.12/site-packages/airflow/example_dags/example_display_name.py
[2024-10-13T08:27:17.279+0000] {logging_mixin.py:190} INFO - [2024-10-13T08:27:17.278+0000] {dag.py:3239} INFO - Sync 1 DAGs
[2024-10-13T08:27:17.297+0000] {logging_mixin.py:190} INFO - [2024-10-13T08:27:17.297+0000] {dag.py:4180} INFO - Setting next_dagrun for example_display_name to None, run_after=None
[2024-10-13T08:27:17.321+0000] {processor.py:208} INFO - Processing /home/airflow/.local/lib/python3.12/site-packages/airflow/example_dags/example_display_name.py took 0.080 seconds
[2024-10-13T08:27:47.922+0000] {processor.py:186} INFO - Started process (PID=372) to work on /home/airflow/.local/lib/python3.12/site-packages/airflow/example_dags/example_display_name.py
[2024-10-13T08:27:47.923+0000] {processor.py:914} INFO - Processing file /home/airflow/.local/lib/python3.12/site-packages/airflow/example_dags/example_display_name.py for tasks to queue
[2024-10-13T08:27:47.926+0000] {logging_mixin.py:190} INFO - [2024-10-13T08:27:47.925+0000] {dagbag.py:588} INFO - Filling up the DagBag from /home/airflow/.local/lib/python3.12/site-packages/airflow/example_dags/example_display_name.py
[2024-10-13T08:27:47.934+0000] {processor.py:925} INFO - DAG(s) 'example_display_name' retrieved from /home/airflow/.local/lib/python3.12/site-packages/airflow/example_dags/example_display_name.py
[2024-10-13T08:27:47.951+0000] {logging_mixin.py:190} INFO - [2024-10-13T08:27:47.951+0000] {dag.py:3239} INFO - Sync 1 DAGs
[2024-10-13T08:27:47.965+0000] {logging_mixin.py:190} INFO - [2024-10-13T08:27:47.965+0000] {dag.py:4180} INFO - Setting next_dagrun for example_display_name to None, run_after=None
[2024-10-13T08:27:47.984+0000] {processor.py:208} INFO - Processing /home/airflow/.local/lib/python3.12/site-packages/airflow/example_dags/example_display_name.py took 0.069 seconds
[2024-10-13T08:28:18.231+0000] {processor.py:186} INFO - Started process (PID=435) to work on /home/airflow/.local/lib/python3.12/site-packages/airflow/example_dags/example_display_name.py
[2024-10-13T08:28:18.232+0000] {processor.py:914} INFO - Processing file /home/airflow/.local/lib/python3.12/site-packages/airflow/example_dags/example_display_name.py for tasks to queue
[2024-10-13T08:28:18.234+0000] {logging_mixin.py:190} INFO - [2024-10-13T08:28:18.234+0000] {dagbag.py:588} INFO - Filling up the DagBag from /home/airflow/.local/lib/python3.12/site-packages/airflow/example_dags/example_display_name.py
[2024-10-13T08:28:18.241+0000] {processor.py:925} INFO - DAG(s) 'example_display_name' retrieved from /home/airflow/.local/lib/python3.12/site-packages/airflow/example_dags/example_display_name.py
[2024-10-13T08:28:18.258+0000] {logging_mixin.py:190} INFO - [2024-10-13T08:28:18.257+0000] {dag.py:3239} INFO - Sync 1 DAGs
[2024-10-13T08:28:18.272+0000] {logging_mixin.py:190} INFO - [2024-10-13T08:28:18.272+0000] {dag.py:4180} INFO - Setting next_dagrun for example_display_name to None, run_after=None
[2024-10-13T08:28:18.294+0000] {processor.py:208} INFO - Processing /home/airflow/.local/lib/python3.12/site-packages/airflow/example_dags/example_display_name.py took 0.069 seconds
[2024-10-13T08:28:48.467+0000] {processor.py:186} INFO - Started process (PID=498) to work on /home/airflow/.local/lib/python3.12/site-packages/airflow/example_dags/example_display_name.py
[2024-10-13T08:28:48.468+0000] {processor.py:914} INFO - Processing file /home/airflow/.local/lib/python3.12/site-packages/airflow/example_dags/example_display_name.py for tasks to queue
[2024-10-13T08:28:48.470+0000] {logging_mixin.py:190} INFO - [2024-10-13T08:28:48.470+0000] {dagbag.py:588} INFO - Filling up the DagBag from /home/airflow/.local/lib/python3.12/site-packages/airflow/example_dags/example_display_name.py
[2024-10-13T08:28:48.477+0000] {processor.py:925} INFO - DAG(s) 'example_display_name' retrieved from /home/airflow/.local/lib/python3.12/site-packages/airflow/example_dags/example_display_name.py
[2024-10-13T08:28:48.495+0000] {logging_mixin.py:190} INFO - [2024-10-13T08:28:48.494+0000] {dag.py:3239} INFO - Sync 1 DAGs
[2024-10-13T08:28:48.509+0000] {logging_mixin.py:190} INFO - [2024-10-13T08:28:48.509+0000] {dag.py:4180} INFO - Setting next_dagrun for example_display_name to None, run_after=None
[2024-10-13T08:28:48.528+0000] {processor.py:208} INFO - Processing /home/airflow/.local/lib/python3.12/site-packages/airflow/example_dags/example_display_name.py took 0.066 seconds
[2024-10-13T08:29:18.868+0000] {processor.py:186} INFO - Started process (PID=561) to work on /home/airflow/.local/lib/python3.12/site-packages/airflow/example_dags/example_display_name.py
[2024-10-13T08:29:18.870+0000] {processor.py:914} INFO - Processing file /home/airflow/.local/lib/python3.12/site-packages/airflow/example_dags/example_display_name.py for tasks to queue
[2024-10-13T08:29:18.872+0000] {logging_mixin.py:190} INFO - [2024-10-13T08:29:18.872+0000] {dagbag.py:588} INFO - Filling up the DagBag from /home/airflow/.local/lib/python3.12/site-packages/airflow/example_dags/example_display_name.py
[2024-10-13T08:29:18.882+0000] {processor.py:925} INFO - DAG(s) 'example_display_name' retrieved from /home/airflow/.local/lib/python3.12/site-packages/airflow/example_dags/example_display_name.py
[2024-10-13T08:29:18.901+0000] {logging_mixin.py:190} INFO - [2024-10-13T08:29:18.901+0000] {dag.py:3239} INFO - Sync 1 DAGs
[2024-10-13T08:29:18.917+0000] {logging_mixin.py:190} INFO - [2024-10-13T08:29:18.917+0000] {dag.py:4180} INFO - Setting next_dagrun for example_display_name to None, run_after=None
[2024-10-13T08:29:18.938+0000] {processor.py:208} INFO - Processing /home/airflow/.local/lib/python3.12/site-packages/airflow/example_dags/example_display_name.py took 0.076 seconds
[2024-10-13T08:29:49.463+0000] {processor.py:186} INFO - Started process (PID=624) to work on /home/airflow/.local/lib/python3.12/site-packages/airflow/example_dags/example_display_name.py
[2024-10-13T08:29:49.464+0000] {processor.py:914} INFO - Processing file /home/airflow/.local/lib/python3.12/site-packages/airflow/example_dags/example_display_name.py for tasks to queue
[2024-10-13T08:29:49.467+0000] {logging_mixin.py:190} INFO - [2024-10-13T08:29:49.467+0000] {dagbag.py:588} INFO - Filling up the DagBag from /home/airflow/.local/lib/python3.12/site-packages/airflow/example_dags/example_display_name.py
[2024-10-13T08:29:49.474+0000] {processor.py:925} INFO - DAG(s) 'example_display_name' retrieved from /home/airflow/.local/lib/python3.12/site-packages/airflow/example_dags/example_display_name.py
[2024-10-13T08:29:49.498+0000] {logging_mixin.py:190} INFO - [2024-10-13T08:29:49.498+0000] {dag.py:3239} INFO - Sync 1 DAGs
[2024-10-13T08:29:49.516+0000] {logging_mixin.py:190} INFO - [2024-10-13T08:29:49.515+0000] {dag.py:4180} INFO - Setting next_dagrun for example_display_name to None, run_after=None
[2024-10-13T08:29:49.538+0000] {processor.py:208} INFO - Processing /home/airflow/.local/lib/python3.12/site-packages/airflow/example_dags/example_display_name.py took 0.081 seconds
[2024-10-13T08:30:20.040+0000] {processor.py:186} INFO - Started process (PID=691) to work on /home/airflow/.local/lib/python3.12/site-packages/airflow/example_dags/example_display_name.py
[2024-10-13T08:30:20.041+0000] {processor.py:914} INFO - Processing file /home/airflow/.local/lib/python3.12/site-packages/airflow/example_dags/example_display_name.py for tasks to queue
[2024-10-13T08:30:20.043+0000] {logging_mixin.py:190} INFO - [2024-10-13T08:30:20.043+0000] {dagbag.py:588} INFO - Filling up the DagBag from /home/airflow/.local/lib/python3.12/site-packages/airflow/example_dags/example_display_name.py
[2024-10-13T08:30:20.050+0000] {processor.py:925} INFO - DAG(s) 'example_display_name' retrieved from /home/airflow/.local/lib/python3.12/site-packages/airflow/example_dags/example_display_name.py
[2024-10-13T08:30:20.071+0000] {logging_mixin.py:190} INFO - [2024-10-13T08:30:20.070+0000] {dag.py:3239} INFO - Sync 1 DAGs
[2024-10-13T08:30:20.085+0000] {logging_mixin.py:190} INFO - [2024-10-13T08:30:20.085+0000] {dag.py:4180} INFO - Setting next_dagrun for example_display_name to None, run_after=None
[2024-10-13T08:30:20.106+0000] {processor.py:208} INFO - Processing /home/airflow/.local/lib/python3.12/site-packages/airflow/example_dags/example_display_name.py took 0.073 seconds
[2024-10-13T08:30:50.469+0000] {processor.py:186} INFO - Started process (PID=754) to work on /home/airflow/.local/lib/python3.12/site-packages/airflow/example_dags/example_display_name.py
[2024-10-13T08:30:50.470+0000] {processor.py:914} INFO - Processing file /home/airflow/.local/lib/python3.12/site-packages/airflow/example_dags/example_display_name.py for tasks to queue
[2024-10-13T08:30:50.472+0000] {logging_mixin.py:190} INFO - [2024-10-13T08:30:50.471+0000] {dagbag.py:588} INFO - Filling up the DagBag from /home/airflow/.local/lib/python3.12/site-packages/airflow/example_dags/example_display_name.py
[2024-10-13T08:30:50.478+0000] {processor.py:925} INFO - DAG(s) 'example_display_name' retrieved from /home/airflow/.local/lib/python3.12/site-packages/airflow/example_dags/example_display_name.py
[2024-10-13T08:30:50.495+0000] {logging_mixin.py:190} INFO - [2024-10-13T08:30:50.495+0000] {dag.py:3239} INFO - Sync 1 DAGs
[2024-10-13T08:30:50.509+0000] {logging_mixin.py:190} INFO - [2024-10-13T08:30:50.509+0000] {dag.py:4180} INFO - Setting next_dagrun for example_display_name to None, run_after=None
[2024-10-13T08:30:50.529+0000] {processor.py:208} INFO - Processing /home/airflow/.local/lib/python3.12/site-packages/airflow/example_dags/example_display_name.py took 0.066 seconds
[2024-10-13T08:31:21.140+0000] {processor.py:186} INFO - Started process (PID=820) to work on /home/airflow/.local/lib/python3.12/site-packages/airflow/example_dags/example_display_name.py
[2024-10-13T08:31:21.141+0000] {processor.py:914} INFO - Processing file /home/airflow/.local/lib/python3.12/site-packages/airflow/example_dags/example_display_name.py for tasks to queue
[2024-10-13T08:31:21.144+0000] {logging_mixin.py:190} INFO - [2024-10-13T08:31:21.143+0000] {dagbag.py:588} INFO - Filling up the DagBag from /home/airflow/.local/lib/python3.12/site-packages/airflow/example_dags/example_display_name.py
[2024-10-13T08:31:21.151+0000] {processor.py:925} INFO - DAG(s) 'example_display_name' retrieved from /home/airflow/.local/lib/python3.12/site-packages/airflow/example_dags/example_display_name.py
[2024-10-13T08:31:21.168+0000] {logging_mixin.py:190} INFO - [2024-10-13T08:31:21.167+0000] {dag.py:3239} INFO - Sync 1 DAGs
[2024-10-13T08:31:21.182+0000] {logging_mixin.py:190} INFO - [2024-10-13T08:31:21.181+0000] {dag.py:4180} INFO - Setting next_dagrun for example_display_name to None, run_after=None
[2024-10-13T08:31:21.201+0000] {processor.py:208} INFO - Processing /home/airflow/.local/lib/python3.12/site-packages/airflow/example_dags/example_display_name.py took 0.068 seconds
[2024-10-13T08:31:51.803+0000] {processor.py:186} INFO - Started process (PID=887) to work on /home/airflow/.local/lib/python3.12/site-packages/airflow/example_dags/example_display_name.py
[2024-10-13T08:31:51.804+0000] {processor.py:914} INFO - Processing file /home/airflow/.local/lib/python3.12/site-packages/airflow/example_dags/example_display_name.py for tasks to queue
[2024-10-13T08:31:51.807+0000] {logging_mixin.py:190} INFO - [2024-10-13T08:31:51.806+0000] {dagbag.py:588} INFO - Filling up the DagBag from /home/airflow/.local/lib/python3.12/site-packages/airflow/example_dags/example_display_name.py
[2024-10-13T08:31:51.814+0000] {processor.py:925} INFO - DAG(s) 'example_display_name' retrieved from /home/airflow/.local/lib/python3.12/site-packages/airflow/example_dags/example_display_name.py
[2024-10-13T08:31:51.833+0000] {logging_mixin.py:190} INFO - [2024-10-13T08:31:51.833+0000] {dag.py:3239} INFO - Sync 1 DAGs
[2024-10-13T08:31:51.848+0000] {logging_mixin.py:190} INFO - [2024-10-13T08:31:51.847+0000] {dag.py:4180} INFO - Setting next_dagrun for example_display_name to None, run_after=None
[2024-10-13T08:31:51.868+0000] {processor.py:208} INFO - Processing /home/airflow/.local/lib/python3.12/site-packages/airflow/example_dags/example_display_name.py took 0.070 seconds
[2024-10-13T08:32:22.740+0000] {processor.py:186} INFO - Started process (PID=950) to work on /home/airflow/.local/lib/python3.12/site-packages/airflow/example_dags/example_display_name.py
[2024-10-13T08:32:22.741+0000] {processor.py:914} INFO - Processing file /home/airflow/.local/lib/python3.12/site-packages/airflow/example_dags/example_display_name.py for tasks to queue
[2024-10-13T08:32:22.744+0000] {logging_mixin.py:190} INFO - [2024-10-13T08:32:22.743+0000] {dagbag.py:588} INFO - Filling up the DagBag from /home/airflow/.local/lib/python3.12/site-packages/airflow/example_dags/example_display_name.py
[2024-10-13T08:32:22.751+0000] {processor.py:925} INFO - DAG(s) 'example_display_name' retrieved from /home/airflow/.local/lib/python3.12/site-packages/airflow/example_dags/example_display_name.py
[2024-10-13T08:32:22.770+0000] {logging_mixin.py:190} INFO - [2024-10-13T08:32:22.770+0000] {dag.py:3239} INFO - Sync 1 DAGs
[2024-10-13T08:32:22.786+0000] {logging_mixin.py:190} INFO - [2024-10-13T08:32:22.786+0000] {dag.py:4180} INFO - Setting next_dagrun for example_display_name to None, run_after=None
[2024-10-13T08:32:22.807+0000] {processor.py:208} INFO - Processing /home/airflow/.local/lib/python3.12/site-packages/airflow/example_dags/example_display_name.py took 0.074 seconds
[2024-10-13T08:32:53.084+0000] {processor.py:186} INFO - Started process (PID=1013) to work on /home/airflow/.local/lib/python3.12/site-packages/airflow/example_dags/example_display_name.py
[2024-10-13T08:32:53.085+0000] {processor.py:914} INFO - Processing file /home/airflow/.local/lib/python3.12/site-packages/airflow/example_dags/example_display_name.py for tasks to queue
[2024-10-13T08:32:53.087+0000] {logging_mixin.py:190} INFO - [2024-10-13T08:32:53.087+0000] {dagbag.py:588} INFO - Filling up the DagBag from /home/airflow/.local/lib/python3.12/site-packages/airflow/example_dags/example_display_name.py
[2024-10-13T08:32:53.094+0000] {processor.py:925} INFO - DAG(s) 'example_display_name' retrieved from /home/airflow/.local/lib/python3.12/site-packages/airflow/example_dags/example_display_name.py
[2024-10-13T08:32:53.113+0000] {logging_mixin.py:190} INFO - [2024-10-13T08:32:53.112+0000] {dag.py:3239} INFO - Sync 1 DAGs
[2024-10-13T08:32:53.129+0000] {logging_mixin.py:190} INFO - [2024-10-13T08:32:53.128+0000] {dag.py:4180} INFO - Setting next_dagrun for example_display_name to None, run_after=None
[2024-10-13T08:32:53.155+0000] {processor.py:208} INFO - Processing /home/airflow/.local/lib/python3.12/site-packages/airflow/example_dags/example_display_name.py took 0.076 seconds
[2024-10-13T08:33:23.813+0000] {processor.py:186} INFO - Started process (PID=1076) to work on /home/airflow/.local/lib/python3.12/site-packages/airflow/example_dags/example_display_name.py
[2024-10-13T08:33:23.814+0000] {processor.py:914} INFO - Processing file /home/airflow/.local/lib/python3.12/site-packages/airflow/example_dags/example_display_name.py for tasks to queue
[2024-10-13T08:33:23.816+0000] {logging_mixin.py:190} INFO - [2024-10-13T08:33:23.816+0000] {dagbag.py:588} INFO - Filling up the DagBag from /home/airflow/.local/lib/python3.12/site-packages/airflow/example_dags/example_display_name.py
[2024-10-13T08:33:23.824+0000] {processor.py:925} INFO - DAG(s) 'example_display_name' retrieved from /home/airflow/.local/lib/python3.12/site-packages/airflow/example_dags/example_display_name.py
[2024-10-13T08:33:23.844+0000] {logging_mixin.py:190} INFO - [2024-10-13T08:33:23.844+0000] {dag.py:3239} INFO - Sync 1 DAGs
[2024-10-13T08:33:23.860+0000] {logging_mixin.py:190} INFO - [2024-10-13T08:33:23.860+0000] {dag.py:4180} INFO - Setting next_dagrun for example_display_name to None, run_after=None
[2024-10-13T08:33:23.880+0000] {processor.py:208} INFO - Processing /home/airflow/.local/lib/python3.12/site-packages/airflow/example_dags/example_display_name.py took 0.073 seconds
[2024-10-13T08:33:54.137+0000] {processor.py:186} INFO - Started process (PID=1139) to work on /home/airflow/.local/lib/python3.12/site-packages/airflow/example_dags/example_display_name.py
[2024-10-13T08:33:54.138+0000] {processor.py:914} INFO - Processing file /home/airflow/.local/lib/python3.12/site-packages/airflow/example_dags/example_display_name.py for tasks to queue
[2024-10-13T08:33:54.140+0000] {logging_mixin.py:190} INFO - [2024-10-13T08:33:54.140+0000] {dagbag.py:588} INFO - Filling up the DagBag from /home/airflow/.local/lib/python3.12/site-packages/airflow/example_dags/example_display_name.py
[2024-10-13T08:33:54.148+0000] {processor.py:925} INFO - DAG(s) 'example_display_name' retrieved from /home/airflow/.local/lib/python3.12/site-packages/airflow/example_dags/example_display_name.py
[2024-10-13T08:33:54.167+0000] {logging_mixin.py:190} INFO - [2024-10-13T08:33:54.167+0000] {dag.py:3239} INFO - Sync 1 DAGs
[2024-10-13T08:33:54.181+0000] {logging_mixin.py:190} INFO - [2024-10-13T08:33:54.181+0000] {dag.py:4180} INFO - Setting next_dagrun for example_display_name to None, run_after=None
[2024-10-13T08:33:54.199+0000] {processor.py:208} INFO - Processing /home/airflow/.local/lib/python3.12/site-packages/airflow/example_dags/example_display_name.py took 0.068 seconds
[2024-10-13T08:34:24.581+0000] {processor.py:186} INFO - Started process (PID=1202) to work on /home/airflow/.local/lib/python3.12/site-packages/airflow/example_dags/example_display_name.py
[2024-10-13T08:34:24.582+0000] {processor.py:914} INFO - Processing file /home/airflow/.local/lib/python3.12/site-packages/airflow/example_dags/example_display_name.py for tasks to queue
[2024-10-13T08:34:24.585+0000] {logging_mixin.py:190} INFO - [2024-10-13T08:34:24.584+0000] {dagbag.py:588} INFO - Filling up the DagBag from /home/airflow/.local/lib/python3.12/site-packages/airflow/example_dags/example_display_name.py
[2024-10-13T08:34:24.592+0000] {processor.py:925} INFO - DAG(s) 'example_display_name' retrieved from /home/airflow/.local/lib/python3.12/site-packages/airflow/example_dags/example_display_name.py
[2024-10-13T08:34:24.609+0000] {logging_mixin.py:190} INFO - [2024-10-13T08:34:24.608+0000] {dag.py:3239} INFO - Sync 1 DAGs
[2024-10-13T08:34:24.624+0000] {logging_mixin.py:190} INFO - [2024-10-13T08:34:24.623+0000] {dag.py:4180} INFO - Setting next_dagrun for example_display_name to None, run_after=None
[2024-10-13T08:34:24.643+0000] {processor.py:208} INFO - Processing /home/airflow/.local/lib/python3.12/site-packages/airflow/example_dags/example_display_name.py took 0.067 seconds
[2024-10-13T08:34:55.012+0000] {processor.py:186} INFO - Started process (PID=1265) to work on /home/airflow/.local/lib/python3.12/site-packages/airflow/example_dags/example_display_name.py
[2024-10-13T08:34:55.013+0000] {processor.py:914} INFO - Processing file /home/airflow/.local/lib/python3.12/site-packages/airflow/example_dags/example_display_name.py for tasks to queue
[2024-10-13T08:34:55.015+0000] {logging_mixin.py:190} INFO - [2024-10-13T08:34:55.015+0000] {dagbag.py:588} INFO - Filling up the DagBag from /home/airflow/.local/lib/python3.12/site-packages/airflow/example_dags/example_display_name.py
[2024-10-13T08:34:55.022+0000] {processor.py:925} INFO - DAG(s) 'example_display_name' retrieved from /home/airflow/.local/lib/python3.12/site-packages/airflow/example_dags/example_display_name.py
[2024-10-13T08:34:55.038+0000] {logging_mixin.py:190} INFO - [2024-10-13T08:34:55.038+0000] {dag.py:3239} INFO - Sync 1 DAGs
[2024-10-13T08:34:55.052+0000] {logging_mixin.py:190} INFO - [2024-10-13T08:34:55.052+0000] {dag.py:4180} INFO - Setting next_dagrun for example_display_name to None, run_after=None
[2024-10-13T08:34:55.070+0000] {processor.py:208} INFO - Processing /home/airflow/.local/lib/python3.12/site-packages/airflow/example_dags/example_display_name.py took 0.064 seconds
[2024-10-13T08:35:25.451+0000] {processor.py:186} INFO - Started process (PID=1328) to work on /home/airflow/.local/lib/python3.12/site-packages/airflow/example_dags/example_display_name.py
[2024-10-13T08:35:25.452+0000] {processor.py:914} INFO - Processing file /home/airflow/.local/lib/python3.12/site-packages/airflow/example_dags/example_display_name.py for tasks to queue
[2024-10-13T08:35:25.456+0000] {logging_mixin.py:190} INFO - [2024-10-13T08:35:25.455+0000] {dagbag.py:588} INFO - Filling up the DagBag from /home/airflow/.local/lib/python3.12/site-packages/airflow/example_dags/example_display_name.py
[2024-10-13T08:35:25.465+0000] {processor.py:925} INFO - DAG(s) 'example_display_name' retrieved from /home/airflow/.local/lib/python3.12/site-packages/airflow/example_dags/example_display_name.py
[2024-10-13T08:35:25.486+0000] {logging_mixin.py:190} INFO - [2024-10-13T08:35:25.486+0000] {dag.py:3239} INFO - Sync 1 DAGs
[2024-10-13T08:35:25.505+0000] {logging_mixin.py:190} INFO - [2024-10-13T08:35:25.504+0000] {dag.py:4180} INFO - Setting next_dagrun for example_display_name to None, run_after=None
[2024-10-13T08:35:25.529+0000] {processor.py:208} INFO - Processing /home/airflow/.local/lib/python3.12/site-packages/airflow/example_dags/example_display_name.py took 0.084 seconds
[2024-10-13T08:35:55.755+0000] {processor.py:186} INFO - Started process (PID=1391) to work on /home/airflow/.local/lib/python3.12/site-packages/airflow/example_dags/example_display_name.py
[2024-10-13T08:35:55.756+0000] {processor.py:914} INFO - Processing file /home/airflow/.local/lib/python3.12/site-packages/airflow/example_dags/example_display_name.py for tasks to queue
[2024-10-13T08:35:55.758+0000] {logging_mixin.py:190} INFO - [2024-10-13T08:35:55.758+0000] {dagbag.py:588} INFO - Filling up the DagBag from /home/airflow/.local/lib/python3.12/site-packages/airflow/example_dags/example_display_name.py
[2024-10-13T08:35:55.767+0000] {processor.py:925} INFO - DAG(s) 'example_display_name' retrieved from /home/airflow/.local/lib/python3.12/site-packages/airflow/example_dags/example_display_name.py
[2024-10-13T08:35:55.785+0000] {logging_mixin.py:190} INFO - [2024-10-13T08:35:55.785+0000] {dag.py:3239} INFO - Sync 1 DAGs
[2024-10-13T08:35:55.800+0000] {logging_mixin.py:190} INFO - [2024-10-13T08:35:55.799+0000] {dag.py:4180} INFO - Setting next_dagrun for example_display_name to None, run_after=None
[2024-10-13T08:35:55.819+0000] {processor.py:208} INFO - Processing /home/airflow/.local/lib/python3.12/site-packages/airflow/example_dags/example_display_name.py took 0.070 seconds
[2024-10-13T08:36:26.512+0000] {processor.py:186} INFO - Started process (PID=1454) to work on /home/airflow/.local/lib/python3.12/site-packages/airflow/example_dags/example_display_name.py
[2024-10-13T08:36:26.514+0000] {processor.py:914} INFO - Processing file /home/airflow/.local/lib/python3.12/site-packages/airflow/example_dags/example_display_name.py for tasks to queue
[2024-10-13T08:36:26.516+0000] {logging_mixin.py:190} INFO - [2024-10-13T08:36:26.515+0000] {dagbag.py:588} INFO - Filling up the DagBag from /home/airflow/.local/lib/python3.12/site-packages/airflow/example_dags/example_display_name.py
[2024-10-13T08:36:26.523+0000] {processor.py:925} INFO - DAG(s) 'example_display_name' retrieved from /home/airflow/.local/lib/python3.12/site-packages/airflow/example_dags/example_display_name.py
[2024-10-13T08:36:26.540+0000] {logging_mixin.py:190} INFO - [2024-10-13T08:36:26.540+0000] {dag.py:3239} INFO - Sync 1 DAGs
[2024-10-13T08:36:26.555+0000] {logging_mixin.py:190} INFO - [2024-10-13T08:36:26.555+0000] {dag.py:4180} INFO - Setting next_dagrun for example_display_name to None, run_after=None
[2024-10-13T08:36:26.573+0000] {processor.py:208} INFO - Processing /home/airflow/.local/lib/python3.12/site-packages/airflow/example_dags/example_display_name.py took 0.067 seconds
[2024-10-13T08:36:57.219+0000] {processor.py:186} INFO - Started process (PID=1517) to work on /home/airflow/.local/lib/python3.12/site-packages/airflow/example_dags/example_display_name.py
[2024-10-13T08:36:57.221+0000] {processor.py:914} INFO - Processing file /home/airflow/.local/lib/python3.12/site-packages/airflow/example_dags/example_display_name.py for tasks to queue
[2024-10-13T08:36:57.224+0000] {logging_mixin.py:190} INFO - [2024-10-13T08:36:57.223+0000] {dagbag.py:588} INFO - Filling up the DagBag from /home/airflow/.local/lib/python3.12/site-packages/airflow/example_dags/example_display_name.py
[2024-10-13T08:36:57.232+0000] {processor.py:925} INFO - DAG(s) 'example_display_name' retrieved from /home/airflow/.local/lib/python3.12/site-packages/airflow/example_dags/example_display_name.py
[2024-10-13T08:36:57.252+0000] {logging_mixin.py:190} INFO - [2024-10-13T08:36:57.251+0000] {dag.py:3239} INFO - Sync 1 DAGs
[2024-10-13T08:36:57.268+0000] {logging_mixin.py:190} INFO - [2024-10-13T08:36:57.267+0000] {dag.py:4180} INFO - Setting next_dagrun for example_display_name to None, run_after=None
[2024-10-13T08:36:57.294+0000] {processor.py:208} INFO - Processing /home/airflow/.local/lib/python3.12/site-packages/airflow/example_dags/example_display_name.py took 0.081 seconds
[2024-10-13T08:37:28.260+0000] {processor.py:186} INFO - Started process (PID=1580) to work on /home/airflow/.local/lib/python3.12/site-packages/airflow/example_dags/example_display_name.py
[2024-10-13T08:37:28.262+0000] {processor.py:914} INFO - Processing file /home/airflow/.local/lib/python3.12/site-packages/airflow/example_dags/example_display_name.py for tasks to queue
[2024-10-13T08:37:28.265+0000] {logging_mixin.py:190} INFO - [2024-10-13T08:37:28.265+0000] {dagbag.py:588} INFO - Filling up the DagBag from /home/airflow/.local/lib/python3.12/site-packages/airflow/example_dags/example_display_name.py
[2024-10-13T08:37:28.274+0000] {processor.py:925} INFO - DAG(s) 'example_display_name' retrieved from /home/airflow/.local/lib/python3.12/site-packages/airflow/example_dags/example_display_name.py
[2024-10-13T08:37:28.294+0000] {logging_mixin.py:190} INFO - [2024-10-13T08:37:28.293+0000] {dag.py:3239} INFO - Sync 1 DAGs
[2024-10-13T08:37:28.312+0000] {logging_mixin.py:190} INFO - [2024-10-13T08:37:28.312+0000] {dag.py:4180} INFO - Setting next_dagrun for example_display_name to None, run_after=None
[2024-10-13T08:37:28.334+0000] {processor.py:208} INFO - Processing /home/airflow/.local/lib/python3.12/site-packages/airflow/example_dags/example_display_name.py took 0.080 seconds
[2024-10-13T08:37:58.399+0000] {processor.py:186} INFO - Started process (PID=1642) to work on /home/airflow/.local/lib/python3.12/site-packages/airflow/example_dags/example_display_name.py
[2024-10-13T08:37:58.401+0000] {processor.py:914} INFO - Processing file /home/airflow/.local/lib/python3.12/site-packages/airflow/example_dags/example_display_name.py for tasks to queue
[2024-10-13T08:37:58.403+0000] {logging_mixin.py:190} INFO - [2024-10-13T08:37:58.403+0000] {dagbag.py:588} INFO - Filling up the DagBag from /home/airflow/.local/lib/python3.12/site-packages/airflow/example_dags/example_display_name.py
[2024-10-13T08:37:58.411+0000] {processor.py:925} INFO - DAG(s) 'example_display_name' retrieved from /home/airflow/.local/lib/python3.12/site-packages/airflow/example_dags/example_display_name.py
[2024-10-13T08:37:58.431+0000] {logging_mixin.py:190} INFO - [2024-10-13T08:37:58.431+0000] {dag.py:3239} INFO - Sync 1 DAGs
[2024-10-13T08:37:58.447+0000] {logging_mixin.py:190} INFO - [2024-10-13T08:37:58.447+0000] {dag.py:4180} INFO - Setting next_dagrun for example_display_name to None, run_after=None
[2024-10-13T08:37:58.471+0000] {processor.py:208} INFO - Processing /home/airflow/.local/lib/python3.12/site-packages/airflow/example_dags/example_display_name.py took 0.078 seconds
[2024-10-13T08:38:29.497+0000] {processor.py:186} INFO - Started process (PID=1706) to work on /home/airflow/.local/lib/python3.12/site-packages/airflow/example_dags/example_display_name.py
[2024-10-13T08:38:29.498+0000] {processor.py:914} INFO - Processing file /home/airflow/.local/lib/python3.12/site-packages/airflow/example_dags/example_display_name.py for tasks to queue
[2024-10-13T08:38:29.500+0000] {logging_mixin.py:190} INFO - [2024-10-13T08:38:29.500+0000] {dagbag.py:588} INFO - Filling up the DagBag from /home/airflow/.local/lib/python3.12/site-packages/airflow/example_dags/example_display_name.py
[2024-10-13T08:38:29.508+0000] {processor.py:925} INFO - DAG(s) 'example_display_name' retrieved from /home/airflow/.local/lib/python3.12/site-packages/airflow/example_dags/example_display_name.py
[2024-10-13T08:38:29.527+0000] {logging_mixin.py:190} INFO - [2024-10-13T08:38:29.526+0000] {dag.py:3239} INFO - Sync 1 DAGs
[2024-10-13T08:38:29.541+0000] {logging_mixin.py:190} INFO - [2024-10-13T08:38:29.541+0000] {dag.py:4180} INFO - Setting next_dagrun for example_display_name to None, run_after=None
[2024-10-13T08:38:29.562+0000] {processor.py:208} INFO - Processing /home/airflow/.local/lib/python3.12/site-packages/airflow/example_dags/example_display_name.py took 0.071 seconds
[2024-10-13T08:39:00.046+0000] {processor.py:186} INFO - Started process (PID=1769) to work on /home/airflow/.local/lib/python3.12/site-packages/airflow/example_dags/example_display_name.py
[2024-10-13T08:39:00.047+0000] {processor.py:914} INFO - Processing file /home/airflow/.local/lib/python3.12/site-packages/airflow/example_dags/example_display_name.py for tasks to queue
[2024-10-13T08:39:00.049+0000] {logging_mixin.py:190} INFO - [2024-10-13T08:39:00.049+0000] {dagbag.py:588} INFO - Filling up the DagBag from /home/airflow/.local/lib/python3.12/site-packages/airflow/example_dags/example_display_name.py
[2024-10-13T08:39:00.057+0000] {processor.py:925} INFO - DAG(s) 'example_display_name' retrieved from /home/airflow/.local/lib/python3.12/site-packages/airflow/example_dags/example_display_name.py
[2024-10-13T08:39:00.074+0000] {logging_mixin.py:190} INFO - [2024-10-13T08:39:00.074+0000] {dag.py:3239} INFO - Sync 1 DAGs
[2024-10-13T08:39:00.088+0000] {logging_mixin.py:190} INFO - [2024-10-13T08:39:00.088+0000] {dag.py:4180} INFO - Setting next_dagrun for example_display_name to None, run_after=None
[2024-10-13T08:39:00.105+0000] {processor.py:208} INFO - Processing /home/airflow/.local/lib/python3.12/site-packages/airflow/example_dags/example_display_name.py took 0.065 seconds
[2024-10-13T08:39:30.746+0000] {processor.py:186} INFO - Started process (PID=1832) to work on /home/airflow/.local/lib/python3.12/site-packages/airflow/example_dags/example_display_name.py
[2024-10-13T08:39:30.747+0000] {processor.py:914} INFO - Processing file /home/airflow/.local/lib/python3.12/site-packages/airflow/example_dags/example_display_name.py for tasks to queue
[2024-10-13T08:39:30.750+0000] {logging_mixin.py:190} INFO - [2024-10-13T08:39:30.749+0000] {dagbag.py:588} INFO - Filling up the DagBag from /home/airflow/.local/lib/python3.12/site-packages/airflow/example_dags/example_display_name.py
[2024-10-13T08:39:30.760+0000] {processor.py:925} INFO - DAG(s) 'example_display_name' retrieved from /home/airflow/.local/lib/python3.12/site-packages/airflow/example_dags/example_display_name.py
[2024-10-13T08:39:30.784+0000] {logging_mixin.py:190} INFO - [2024-10-13T08:39:30.783+0000] {dag.py:3239} INFO - Sync 1 DAGs
[2024-10-13T08:39:30.800+0000] {logging_mixin.py:190} INFO - [2024-10-13T08:39:30.800+0000] {dag.py:4180} INFO - Setting next_dagrun for example_display_name to None, run_after=None
[2024-10-13T08:39:30.822+0000] {processor.py:208} INFO - Processing /home/airflow/.local/lib/python3.12/site-packages/airflow/example_dags/example_display_name.py took 0.082 seconds
[2024-10-13T08:40:01.369+0000] {processor.py:186} INFO - Started process (PID=1895) to work on /home/airflow/.local/lib/python3.12/site-packages/airflow/example_dags/example_display_name.py
[2024-10-13T08:40:01.371+0000] {processor.py:914} INFO - Processing file /home/airflow/.local/lib/python3.12/site-packages/airflow/example_dags/example_display_name.py for tasks to queue
[2024-10-13T08:40:01.373+0000] {logging_mixin.py:190} INFO - [2024-10-13T08:40:01.373+0000] {dagbag.py:588} INFO - Filling up the DagBag from /home/airflow/.local/lib/python3.12/site-packages/airflow/example_dags/example_display_name.py
[2024-10-13T08:40:01.380+0000] {processor.py:925} INFO - DAG(s) 'example_display_name' retrieved from /home/airflow/.local/lib/python3.12/site-packages/airflow/example_dags/example_display_name.py
[2024-10-13T08:40:01.415+0000] {logging_mixin.py:190} INFO - [2024-10-13T08:40:01.415+0000] {dag.py:3239} INFO - Sync 1 DAGs
[2024-10-13T08:40:01.431+0000] {logging_mixin.py:190} INFO - [2024-10-13T08:40:01.430+0000] {dag.py:4180} INFO - Setting next_dagrun for example_display_name to None, run_after=None
[2024-10-13T08:40:01.452+0000] {processor.py:208} INFO - Processing /home/airflow/.local/lib/python3.12/site-packages/airflow/example_dags/example_display_name.py took 0.088 seconds
[2024-10-13T08:40:48.282+0000] {processor.py:186} INFO - Started process (PID=1958) to work on /home/airflow/.local/lib/python3.12/site-packages/airflow/example_dags/example_display_name.py
[2024-10-13T08:40:48.284+0000] {processor.py:914} INFO - Processing file /home/airflow/.local/lib/python3.12/site-packages/airflow/example_dags/example_display_name.py for tasks to queue
[2024-10-13T08:40:48.290+0000] {logging_mixin.py:190} INFO - [2024-10-13T08:40:48.288+0000] {dagbag.py:588} INFO - Filling up the DagBag from /home/airflow/.local/lib/python3.12/site-packages/airflow/example_dags/example_display_name.py
[2024-10-13T08:40:48.306+0000] {processor.py:925} INFO - DAG(s) 'example_display_name' retrieved from /home/airflow/.local/lib/python3.12/site-packages/airflow/example_dags/example_display_name.py
[2024-10-13T08:40:48.338+0000] {logging_mixin.py:190} INFO - [2024-10-13T08:40:48.337+0000] {dag.py:3239} INFO - Sync 1 DAGs
[2024-10-13T08:40:48.359+0000] {logging_mixin.py:190} INFO - [2024-10-13T08:40:48.359+0000] {dag.py:4180} INFO - Setting next_dagrun for example_display_name to None, run_after=None
[2024-10-13T08:40:48.398+0000] {processor.py:208} INFO - Processing /home/airflow/.local/lib/python3.12/site-packages/airflow/example_dags/example_display_name.py took 0.126 seconds
[2024-10-13T08:41:18.537+0000] {processor.py:186} INFO - Started process (PID=2019) to work on /home/airflow/.local/lib/python3.12/site-packages/airflow/example_dags/example_display_name.py
[2024-10-13T08:41:18.538+0000] {processor.py:914} INFO - Processing file /home/airflow/.local/lib/python3.12/site-packages/airflow/example_dags/example_display_name.py for tasks to queue
[2024-10-13T08:41:18.541+0000] {logging_mixin.py:190} INFO - [2024-10-13T08:41:18.540+0000] {dagbag.py:588} INFO - Filling up the DagBag from /home/airflow/.local/lib/python3.12/site-packages/airflow/example_dags/example_display_name.py
[2024-10-13T08:41:18.552+0000] {processor.py:925} INFO - DAG(s) 'example_display_name' retrieved from /home/airflow/.local/lib/python3.12/site-packages/airflow/example_dags/example_display_name.py
[2024-10-13T08:41:18.572+0000] {logging_mixin.py:190} INFO - [2024-10-13T08:41:18.572+0000] {dag.py:3239} INFO - Sync 1 DAGs
[2024-10-13T08:41:18.588+0000] {logging_mixin.py:190} INFO - [2024-10-13T08:41:18.588+0000] {dag.py:4180} INFO - Setting next_dagrun for example_display_name to None, run_after=None
[2024-10-13T08:41:18.607+0000] {processor.py:208} INFO - Processing /home/airflow/.local/lib/python3.12/site-packages/airflow/example_dags/example_display_name.py took 0.077 seconds
[2024-10-13T08:41:48.867+0000] {processor.py:186} INFO - Started process (PID=2082) to work on /home/airflow/.local/lib/python3.12/site-packages/airflow/example_dags/example_display_name.py
[2024-10-13T08:41:48.868+0000] {processor.py:914} INFO - Processing file /home/airflow/.local/lib/python3.12/site-packages/airflow/example_dags/example_display_name.py for tasks to queue
[2024-10-13T08:41:48.871+0000] {logging_mixin.py:190} INFO - [2024-10-13T08:41:48.870+0000] {dagbag.py:588} INFO - Filling up the DagBag from /home/airflow/.local/lib/python3.12/site-packages/airflow/example_dags/example_display_name.py
[2024-10-13T08:41:48.879+0000] {processor.py:925} INFO - DAG(s) 'example_display_name' retrieved from /home/airflow/.local/lib/python3.12/site-packages/airflow/example_dags/example_display_name.py
[2024-10-13T08:41:48.897+0000] {logging_mixin.py:190} INFO - [2024-10-13T08:41:48.896+0000] {dag.py:3239} INFO - Sync 1 DAGs
[2024-10-13T08:41:48.912+0000] {logging_mixin.py:190} INFO - [2024-10-13T08:41:48.912+0000] {dag.py:4180} INFO - Setting next_dagrun for example_display_name to None, run_after=None
[2024-10-13T08:41:48.933+0000] {processor.py:208} INFO - Processing /home/airflow/.local/lib/python3.12/site-packages/airflow/example_dags/example_display_name.py took 0.071 seconds
[2024-10-13T08:42:20.079+0000] {processor.py:186} INFO - Started process (PID=2146) to work on /home/airflow/.local/lib/python3.12/site-packages/airflow/example_dags/example_display_name.py
[2024-10-13T08:42:20.081+0000] {processor.py:914} INFO - Processing file /home/airflow/.local/lib/python3.12/site-packages/airflow/example_dags/example_display_name.py for tasks to queue
[2024-10-13T08:42:20.084+0000] {logging_mixin.py:190} INFO - [2024-10-13T08:42:20.083+0000] {dagbag.py:588} INFO - Filling up the DagBag from /home/airflow/.local/lib/python3.12/site-packages/airflow/example_dags/example_display_name.py
[2024-10-13T08:42:20.093+0000] {processor.py:925} INFO - DAG(s) 'example_display_name' retrieved from /home/airflow/.local/lib/python3.12/site-packages/airflow/example_dags/example_display_name.py
[2024-10-13T08:42:20.113+0000] {logging_mixin.py:190} INFO - [2024-10-13T08:42:20.112+0000] {dag.py:3239} INFO - Sync 1 DAGs
[2024-10-13T08:42:20.128+0000] {logging_mixin.py:190} INFO - [2024-10-13T08:42:20.127+0000] {dag.py:4180} INFO - Setting next_dagrun for example_display_name to None, run_after=None
[2024-10-13T08:42:20.150+0000] {processor.py:208} INFO - Processing /home/airflow/.local/lib/python3.12/site-packages/airflow/example_dags/example_display_name.py took 0.077 seconds
[2024-10-13T08:42:50.756+0000] {processor.py:186} INFO - Started process (PID=2209) to work on /home/airflow/.local/lib/python3.12/site-packages/airflow/example_dags/example_display_name.py
[2024-10-13T08:42:50.757+0000] {processor.py:914} INFO - Processing file /home/airflow/.local/lib/python3.12/site-packages/airflow/example_dags/example_display_name.py for tasks to queue
[2024-10-13T08:42:50.759+0000] {logging_mixin.py:190} INFO - [2024-10-13T08:42:50.759+0000] {dagbag.py:588} INFO - Filling up the DagBag from /home/airflow/.local/lib/python3.12/site-packages/airflow/example_dags/example_display_name.py
[2024-10-13T08:42:50.767+0000] {processor.py:925} INFO - DAG(s) 'example_display_name' retrieved from /home/airflow/.local/lib/python3.12/site-packages/airflow/example_dags/example_display_name.py
[2024-10-13T08:42:50.785+0000] {logging_mixin.py:190} INFO - [2024-10-13T08:42:50.785+0000] {dag.py:3239} INFO - Sync 1 DAGs
[2024-10-13T08:42:50.800+0000] {logging_mixin.py:190} INFO - [2024-10-13T08:42:50.799+0000] {dag.py:4180} INFO - Setting next_dagrun for example_display_name to None, run_after=None
[2024-10-13T08:42:50.821+0000] {processor.py:208} INFO - Processing /home/airflow/.local/lib/python3.12/site-packages/airflow/example_dags/example_display_name.py took 0.072 seconds
[2024-10-13T08:43:22.065+0000] {processor.py:186} INFO - Started process (PID=2272) to work on /home/airflow/.local/lib/python3.12/site-packages/airflow/example_dags/example_display_name.py
[2024-10-13T08:43:22.066+0000] {processor.py:914} INFO - Processing file /home/airflow/.local/lib/python3.12/site-packages/airflow/example_dags/example_display_name.py for tasks to queue
[2024-10-13T08:43:22.068+0000] {logging_mixin.py:190} INFO - [2024-10-13T08:43:22.068+0000] {dagbag.py:588} INFO - Filling up the DagBag from /home/airflow/.local/lib/python3.12/site-packages/airflow/example_dags/example_display_name.py
[2024-10-13T08:43:22.077+0000] {processor.py:925} INFO - DAG(s) 'example_display_name' retrieved from /home/airflow/.local/lib/python3.12/site-packages/airflow/example_dags/example_display_name.py
[2024-10-13T08:43:22.096+0000] {logging_mixin.py:190} INFO - [2024-10-13T08:43:22.096+0000] {dag.py:3239} INFO - Sync 1 DAGs
[2024-10-13T08:43:22.111+0000] {logging_mixin.py:190} INFO - [2024-10-13T08:43:22.110+0000] {dag.py:4180} INFO - Setting next_dagrun for example_display_name to None, run_after=None
[2024-10-13T08:43:22.133+0000] {processor.py:208} INFO - Processing /home/airflow/.local/lib/python3.12/site-packages/airflow/example_dags/example_display_name.py took 0.073 seconds
[2024-10-13T08:43:53.744+0000] {processor.py:186} INFO - Started process (PID=2335) to work on /home/airflow/.local/lib/python3.12/site-packages/airflow/example_dags/example_display_name.py
[2024-10-13T08:43:53.745+0000] {processor.py:914} INFO - Processing file /home/airflow/.local/lib/python3.12/site-packages/airflow/example_dags/example_display_name.py for tasks to queue
[2024-10-13T08:43:53.748+0000] {logging_mixin.py:190} INFO - [2024-10-13T08:43:53.748+0000] {dagbag.py:588} INFO - Filling up the DagBag from /home/airflow/.local/lib/python3.12/site-packages/airflow/example_dags/example_display_name.py
[2024-10-13T08:43:53.757+0000] {processor.py:925} INFO - DAG(s) 'example_display_name' retrieved from /home/airflow/.local/lib/python3.12/site-packages/airflow/example_dags/example_display_name.py
[2024-10-13T08:43:53.778+0000] {logging_mixin.py:190} INFO - [2024-10-13T08:43:53.778+0000] {dag.py:3239} INFO - Sync 1 DAGs
[2024-10-13T08:43:53.796+0000] {logging_mixin.py:190} INFO - [2024-10-13T08:43:53.796+0000] {dag.py:4180} INFO - Setting next_dagrun for example_display_name to None, run_after=None
[2024-10-13T08:43:53.819+0000] {processor.py:208} INFO - Processing /home/airflow/.local/lib/python3.12/site-packages/airflow/example_dags/example_display_name.py took 0.082 seconds
[2024-10-13T08:44:23.854+0000] {processor.py:186} INFO - Started process (PID=2397) to work on /home/airflow/.local/lib/python3.12/site-packages/airflow/example_dags/example_display_name.py
[2024-10-13T08:44:23.855+0000] {processor.py:914} INFO - Processing file /home/airflow/.local/lib/python3.12/site-packages/airflow/example_dags/example_display_name.py for tasks to queue
[2024-10-13T08:44:23.857+0000] {logging_mixin.py:190} INFO - [2024-10-13T08:44:23.857+0000] {dagbag.py:588} INFO - Filling up the DagBag from /home/airflow/.local/lib/python3.12/site-packages/airflow/example_dags/example_display_name.py
[2024-10-13T08:44:23.865+0000] {processor.py:925} INFO - DAG(s) 'example_display_name' retrieved from /home/airflow/.local/lib/python3.12/site-packages/airflow/example_dags/example_display_name.py
[2024-10-13T08:44:23.882+0000] {logging_mixin.py:190} INFO - [2024-10-13T08:44:23.881+0000] {dag.py:3239} INFO - Sync 1 DAGs
[2024-10-13T08:44:23.896+0000] {logging_mixin.py:190} INFO - [2024-10-13T08:44:23.896+0000] {dag.py:4180} INFO - Setting next_dagrun for example_display_name to None, run_after=None
[2024-10-13T08:44:23.916+0000] {processor.py:208} INFO - Processing /home/airflow/.local/lib/python3.12/site-packages/airflow/example_dags/example_display_name.py took 0.067 seconds
[2024-10-13T08:44:54.723+0000] {processor.py:186} INFO - Started process (PID=2461) to work on /home/airflow/.local/lib/python3.12/site-packages/airflow/example_dags/example_display_name.py
[2024-10-13T08:44:54.725+0000] {processor.py:914} INFO - Processing file /home/airflow/.local/lib/python3.12/site-packages/airflow/example_dags/example_display_name.py for tasks to queue
[2024-10-13T08:44:54.727+0000] {logging_mixin.py:190} INFO - [2024-10-13T08:44:54.726+0000] {dagbag.py:588} INFO - Filling up the DagBag from /home/airflow/.local/lib/python3.12/site-packages/airflow/example_dags/example_display_name.py
[2024-10-13T08:44:54.735+0000] {processor.py:925} INFO - DAG(s) 'example_display_name' retrieved from /home/airflow/.local/lib/python3.12/site-packages/airflow/example_dags/example_display_name.py
[2024-10-13T08:44:54.754+0000] {logging_mixin.py:190} INFO - [2024-10-13T08:44:54.754+0000] {dag.py:3239} INFO - Sync 1 DAGs
[2024-10-13T08:44:54.771+0000] {logging_mixin.py:190} INFO - [2024-10-13T08:44:54.771+0000] {dag.py:4180} INFO - Setting next_dagrun for example_display_name to None, run_after=None
[2024-10-13T08:44:54.793+0000] {processor.py:208} INFO - Processing /home/airflow/.local/lib/python3.12/site-packages/airflow/example_dags/example_display_name.py took 0.075 seconds
[2024-10-13T08:45:26.034+0000] {processor.py:186} INFO - Started process (PID=2525) to work on /home/airflow/.local/lib/python3.12/site-packages/airflow/example_dags/example_display_name.py
[2024-10-13T08:45:26.035+0000] {processor.py:914} INFO - Processing file /home/airflow/.local/lib/python3.12/site-packages/airflow/example_dags/example_display_name.py for tasks to queue
[2024-10-13T08:45:26.038+0000] {logging_mixin.py:190} INFO - [2024-10-13T08:45:26.038+0000] {dagbag.py:588} INFO - Filling up the DagBag from /home/airflow/.local/lib/python3.12/site-packages/airflow/example_dags/example_display_name.py
[2024-10-13T08:45:26.045+0000] {processor.py:925} INFO - DAG(s) 'example_display_name' retrieved from /home/airflow/.local/lib/python3.12/site-packages/airflow/example_dags/example_display_name.py
[2024-10-13T08:45:26.065+0000] {logging_mixin.py:190} INFO - [2024-10-13T08:45:26.065+0000] {dag.py:3239} INFO - Sync 1 DAGs
[2024-10-13T08:45:26.082+0000] {logging_mixin.py:190} INFO - [2024-10-13T08:45:26.082+0000] {dag.py:4180} INFO - Setting next_dagrun for example_display_name to None, run_after=None
[2024-10-13T08:45:26.103+0000] {processor.py:208} INFO - Processing /home/airflow/.local/lib/python3.12/site-packages/airflow/example_dags/example_display_name.py took 0.076 seconds
[2024-10-13T08:45:56.857+0000] {processor.py:186} INFO - Started process (PID=2588) to work on /home/airflow/.local/lib/python3.12/site-packages/airflow/example_dags/example_display_name.py
[2024-10-13T08:45:56.858+0000] {processor.py:914} INFO - Processing file /home/airflow/.local/lib/python3.12/site-packages/airflow/example_dags/example_display_name.py for tasks to queue
[2024-10-13T08:45:56.861+0000] {logging_mixin.py:190} INFO - [2024-10-13T08:45:56.860+0000] {dagbag.py:588} INFO - Filling up the DagBag from /home/airflow/.local/lib/python3.12/site-packages/airflow/example_dags/example_display_name.py
[2024-10-13T08:45:56.869+0000] {processor.py:925} INFO - DAG(s) 'example_display_name' retrieved from /home/airflow/.local/lib/python3.12/site-packages/airflow/example_dags/example_display_name.py
[2024-10-13T08:45:56.887+0000] {logging_mixin.py:190} INFO - [2024-10-13T08:45:56.887+0000] {dag.py:3239} INFO - Sync 1 DAGs
[2024-10-13T08:45:56.903+0000] {logging_mixin.py:190} INFO - [2024-10-13T08:45:56.903+0000] {dag.py:4180} INFO - Setting next_dagrun for example_display_name to None, run_after=None
[2024-10-13T08:45:56.923+0000] {processor.py:208} INFO - Processing /home/airflow/.local/lib/python3.12/site-packages/airflow/example_dags/example_display_name.py took 0.072 seconds
[2024-10-13T08:46:27.774+0000] {processor.py:186} INFO - Started process (PID=2650) to work on /home/airflow/.local/lib/python3.12/site-packages/airflow/example_dags/example_display_name.py
[2024-10-13T08:46:27.775+0000] {processor.py:914} INFO - Processing file /home/airflow/.local/lib/python3.12/site-packages/airflow/example_dags/example_display_name.py for tasks to queue
[2024-10-13T08:46:27.777+0000] {logging_mixin.py:190} INFO - [2024-10-13T08:46:27.777+0000] {dagbag.py:588} INFO - Filling up the DagBag from /home/airflow/.local/lib/python3.12/site-packages/airflow/example_dags/example_display_name.py
[2024-10-13T08:46:27.786+0000] {processor.py:925} INFO - DAG(s) 'example_display_name' retrieved from /home/airflow/.local/lib/python3.12/site-packages/airflow/example_dags/example_display_name.py
[2024-10-13T08:46:27.806+0000] {logging_mixin.py:190} INFO - [2024-10-13T08:46:27.805+0000] {dag.py:3239} INFO - Sync 1 DAGs
[2024-10-13T08:46:27.824+0000] {logging_mixin.py:190} INFO - [2024-10-13T08:46:27.823+0000] {dag.py:4180} INFO - Setting next_dagrun for example_display_name to None, run_after=None
[2024-10-13T08:46:27.851+0000] {processor.py:208} INFO - Processing /home/airflow/.local/lib/python3.12/site-packages/airflow/example_dags/example_display_name.py took 0.084 seconds
[2024-10-13T08:46:58.436+0000] {processor.py:186} INFO - Started process (PID=2713) to work on /home/airflow/.local/lib/python3.12/site-packages/airflow/example_dags/example_display_name.py
[2024-10-13T08:46:58.438+0000] {processor.py:914} INFO - Processing file /home/airflow/.local/lib/python3.12/site-packages/airflow/example_dags/example_display_name.py for tasks to queue
[2024-10-13T08:46:58.441+0000] {logging_mixin.py:190} INFO - [2024-10-13T08:46:58.440+0000] {dagbag.py:588} INFO - Filling up the DagBag from /home/airflow/.local/lib/python3.12/site-packages/airflow/example_dags/example_display_name.py
[2024-10-13T08:46:58.451+0000] {processor.py:925} INFO - DAG(s) 'example_display_name' retrieved from /home/airflow/.local/lib/python3.12/site-packages/airflow/example_dags/example_display_name.py
[2024-10-13T08:46:58.482+0000] {logging_mixin.py:190} INFO - [2024-10-13T08:46:58.481+0000] {dag.py:3239} INFO - Sync 1 DAGs
[2024-10-13T08:46:58.505+0000] {logging_mixin.py:190} INFO - [2024-10-13T08:46:58.505+0000] {dag.py:4180} INFO - Setting next_dagrun for example_display_name to None, run_after=None
[2024-10-13T08:46:58.534+0000] {processor.py:208} INFO - Processing /home/airflow/.local/lib/python3.12/site-packages/airflow/example_dags/example_display_name.py took 0.107 seconds
[2024-10-13T08:47:29.467+0000] {processor.py:186} INFO - Started process (PID=2777) to work on /home/airflow/.local/lib/python3.12/site-packages/airflow/example_dags/example_display_name.py
[2024-10-13T08:47:29.469+0000] {processor.py:914} INFO - Processing file /home/airflow/.local/lib/python3.12/site-packages/airflow/example_dags/example_display_name.py for tasks to queue
[2024-10-13T08:47:29.471+0000] {logging_mixin.py:190} INFO - [2024-10-13T08:47:29.470+0000] {dagbag.py:588} INFO - Filling up the DagBag from /home/airflow/.local/lib/python3.12/site-packages/airflow/example_dags/example_display_name.py
[2024-10-13T08:47:29.478+0000] {processor.py:925} INFO - DAG(s) 'example_display_name' retrieved from /home/airflow/.local/lib/python3.12/site-packages/airflow/example_dags/example_display_name.py
[2024-10-13T08:47:29.496+0000] {logging_mixin.py:190} INFO - [2024-10-13T08:47:29.495+0000] {dag.py:3239} INFO - Sync 1 DAGs
[2024-10-13T08:47:29.510+0000] {logging_mixin.py:190} INFO - [2024-10-13T08:47:29.509+0000] {dag.py:4180} INFO - Setting next_dagrun for example_display_name to None, run_after=None
[2024-10-13T08:47:29.529+0000] {processor.py:208} INFO - Processing /home/airflow/.local/lib/python3.12/site-packages/airflow/example_dags/example_display_name.py took 0.069 seconds
[2024-10-13T08:48:00.335+0000] {processor.py:186} INFO - Started process (PID=2841) to work on /home/airflow/.local/lib/python3.12/site-packages/airflow/example_dags/example_display_name.py
[2024-10-13T08:48:00.337+0000] {processor.py:914} INFO - Processing file /home/airflow/.local/lib/python3.12/site-packages/airflow/example_dags/example_display_name.py for tasks to queue
[2024-10-13T08:48:00.340+0000] {logging_mixin.py:190} INFO - [2024-10-13T08:48:00.339+0000] {dagbag.py:588} INFO - Filling up the DagBag from /home/airflow/.local/lib/python3.12/site-packages/airflow/example_dags/example_display_name.py
[2024-10-13T08:48:00.349+0000] {processor.py:925} INFO - DAG(s) 'example_display_name' retrieved from /home/airflow/.local/lib/python3.12/site-packages/airflow/example_dags/example_display_name.py
[2024-10-13T08:48:00.369+0000] {logging_mixin.py:190} INFO - [2024-10-13T08:48:00.369+0000] {dag.py:3239} INFO - Sync 1 DAGs
[2024-10-13T08:48:00.386+0000] {logging_mixin.py:190} INFO - [2024-10-13T08:48:00.385+0000] {dag.py:4180} INFO - Setting next_dagrun for example_display_name to None, run_after=None
[2024-10-13T08:48:00.409+0000] {processor.py:208} INFO - Processing /home/airflow/.local/lib/python3.12/site-packages/airflow/example_dags/example_display_name.py took 0.080 seconds
[2024-10-13T08:48:31.200+0000] {processor.py:186} INFO - Started process (PID=2904) to work on /home/airflow/.local/lib/python3.12/site-packages/airflow/example_dags/example_display_name.py
[2024-10-13T08:48:31.201+0000] {processor.py:914} INFO - Processing file /home/airflow/.local/lib/python3.12/site-packages/airflow/example_dags/example_display_name.py for tasks to queue
[2024-10-13T08:48:31.204+0000] {logging_mixin.py:190} INFO - [2024-10-13T08:48:31.203+0000] {dagbag.py:588} INFO - Filling up the DagBag from /home/airflow/.local/lib/python3.12/site-packages/airflow/example_dags/example_display_name.py
[2024-10-13T08:48:31.211+0000] {processor.py:925} INFO - DAG(s) 'example_display_name' retrieved from /home/airflow/.local/lib/python3.12/site-packages/airflow/example_dags/example_display_name.py
[2024-10-13T08:48:31.228+0000] {logging_mixin.py:190} INFO - [2024-10-13T08:48:31.227+0000] {dag.py:3239} INFO - Sync 1 DAGs
[2024-10-13T08:48:31.241+0000] {logging_mixin.py:190} INFO - [2024-10-13T08:48:31.241+0000] {dag.py:4180} INFO - Setting next_dagrun for example_display_name to None, run_after=None
[2024-10-13T08:48:31.260+0000] {processor.py:208} INFO - Processing /home/airflow/.local/lib/python3.12/site-packages/airflow/example_dags/example_display_name.py took 0.066 seconds
[2024-10-13T08:49:02.585+0000] {processor.py:186} INFO - Started process (PID=2967) to work on /home/airflow/.local/lib/python3.12/site-packages/airflow/example_dags/example_display_name.py
[2024-10-13T08:49:02.587+0000] {processor.py:914} INFO - Processing file /home/airflow/.local/lib/python3.12/site-packages/airflow/example_dags/example_display_name.py for tasks to queue
[2024-10-13T08:49:02.589+0000] {logging_mixin.py:190} INFO - [2024-10-13T08:49:02.588+0000] {dagbag.py:588} INFO - Filling up the DagBag from /home/airflow/.local/lib/python3.12/site-packages/airflow/example_dags/example_display_name.py
[2024-10-13T08:49:02.597+0000] {processor.py:925} INFO - DAG(s) 'example_display_name' retrieved from /home/airflow/.local/lib/python3.12/site-packages/airflow/example_dags/example_display_name.py
[2024-10-13T08:49:02.614+0000] {logging_mixin.py:190} INFO - [2024-10-13T08:49:02.614+0000] {dag.py:3239} INFO - Sync 1 DAGs
[2024-10-13T08:49:02.630+0000] {logging_mixin.py:190} INFO - [2024-10-13T08:49:02.630+0000] {dag.py:4180} INFO - Setting next_dagrun for example_display_name to None, run_after=None
[2024-10-13T08:49:02.651+0000] {processor.py:208} INFO - Processing /home/airflow/.local/lib/python3.12/site-packages/airflow/example_dags/example_display_name.py took 0.072 seconds
[2024-10-13T08:49:34.012+0000] {processor.py:186} INFO - Started process (PID=3030) to work on /home/airflow/.local/lib/python3.12/site-packages/airflow/example_dags/example_display_name.py
[2024-10-13T08:49:34.014+0000] {processor.py:914} INFO - Processing file /home/airflow/.local/lib/python3.12/site-packages/airflow/example_dags/example_display_name.py for tasks to queue
[2024-10-13T08:49:34.017+0000] {logging_mixin.py:190} INFO - [2024-10-13T08:49:34.017+0000] {dagbag.py:588} INFO - Filling up the DagBag from /home/airflow/.local/lib/python3.12/site-packages/airflow/example_dags/example_display_name.py
[2024-10-13T08:49:34.027+0000] {processor.py:925} INFO - DAG(s) 'example_display_name' retrieved from /home/airflow/.local/lib/python3.12/site-packages/airflow/example_dags/example_display_name.py
[2024-10-13T08:49:34.051+0000] {logging_mixin.py:190} INFO - [2024-10-13T08:49:34.050+0000] {dag.py:3239} INFO - Sync 1 DAGs
[2024-10-13T08:49:34.070+0000] {logging_mixin.py:190} INFO - [2024-10-13T08:49:34.070+0000] {dag.py:4180} INFO - Setting next_dagrun for example_display_name to None, run_after=None
[2024-10-13T08:49:34.099+0000] {processor.py:208} INFO - Processing /home/airflow/.local/lib/python3.12/site-packages/airflow/example_dags/example_display_name.py took 0.095 seconds
[2024-10-13T08:50:04.993+0000] {processor.py:186} INFO - Started process (PID=3093) to work on /home/airflow/.local/lib/python3.12/site-packages/airflow/example_dags/example_display_name.py
[2024-10-13T08:50:04.994+0000] {processor.py:914} INFO - Processing file /home/airflow/.local/lib/python3.12/site-packages/airflow/example_dags/example_display_name.py for tasks to queue
[2024-10-13T08:50:04.997+0000] {logging_mixin.py:190} INFO - [2024-10-13T08:50:04.996+0000] {dagbag.py:588} INFO - Filling up the DagBag from /home/airflow/.local/lib/python3.12/site-packages/airflow/example_dags/example_display_name.py
[2024-10-13T08:50:05.005+0000] {processor.py:925} INFO - DAG(s) 'example_display_name' retrieved from /home/airflow/.local/lib/python3.12/site-packages/airflow/example_dags/example_display_name.py
[2024-10-13T08:50:05.024+0000] {logging_mixin.py:190} INFO - [2024-10-13T08:50:05.024+0000] {dag.py:3239} INFO - Sync 1 DAGs
[2024-10-13T08:50:05.040+0000] {logging_mixin.py:190} INFO - [2024-10-13T08:50:05.040+0000] {dag.py:4180} INFO - Setting next_dagrun for example_display_name to None, run_after=None
[2024-10-13T08:50:05.062+0000] {processor.py:208} INFO - Processing /home/airflow/.local/lib/python3.12/site-packages/airflow/example_dags/example_display_name.py took 0.076 seconds
[2024-10-13T08:50:36.121+0000] {processor.py:186} INFO - Started process (PID=3162) to work on /home/airflow/.local/lib/python3.12/site-packages/airflow/example_dags/example_display_name.py
[2024-10-13T08:50:36.122+0000] {processor.py:914} INFO - Processing file /home/airflow/.local/lib/python3.12/site-packages/airflow/example_dags/example_display_name.py for tasks to queue
[2024-10-13T08:50:36.124+0000] {logging_mixin.py:190} INFO - [2024-10-13T08:50:36.124+0000] {dagbag.py:588} INFO - Filling up the DagBag from /home/airflow/.local/lib/python3.12/site-packages/airflow/example_dags/example_display_name.py
[2024-10-13T08:50:36.132+0000] {processor.py:925} INFO - DAG(s) 'example_display_name' retrieved from /home/airflow/.local/lib/python3.12/site-packages/airflow/example_dags/example_display_name.py
[2024-10-13T08:50:36.150+0000] {logging_mixin.py:190} INFO - [2024-10-13T08:50:36.150+0000] {dag.py:3239} INFO - Sync 1 DAGs
[2024-10-13T08:50:36.164+0000] {logging_mixin.py:190} INFO - [2024-10-13T08:50:36.164+0000] {dag.py:4180} INFO - Setting next_dagrun for example_display_name to None, run_after=None
[2024-10-13T08:50:36.185+0000] {processor.py:208} INFO - Processing /home/airflow/.local/lib/python3.12/site-packages/airflow/example_dags/example_display_name.py took 0.070 seconds
[2024-10-13T08:51:07.690+0000] {processor.py:186} INFO - Started process (PID=3226) to work on /home/airflow/.local/lib/python3.12/site-packages/airflow/example_dags/example_display_name.py
[2024-10-13T08:51:07.691+0000] {processor.py:914} INFO - Processing file /home/airflow/.local/lib/python3.12/site-packages/airflow/example_dags/example_display_name.py for tasks to queue
[2024-10-13T08:51:07.693+0000] {logging_mixin.py:190} INFO - [2024-10-13T08:51:07.693+0000] {dagbag.py:588} INFO - Filling up the DagBag from /home/airflow/.local/lib/python3.12/site-packages/airflow/example_dags/example_display_name.py
[2024-10-13T08:51:07.702+0000] {processor.py:925} INFO - DAG(s) 'example_display_name' retrieved from /home/airflow/.local/lib/python3.12/site-packages/airflow/example_dags/example_display_name.py
[2024-10-13T08:51:07.723+0000] {logging_mixin.py:190} INFO - [2024-10-13T08:51:07.723+0000] {dag.py:3239} INFO - Sync 1 DAGs
[2024-10-13T08:51:07.739+0000] {logging_mixin.py:190} INFO - [2024-10-13T08:51:07.738+0000] {dag.py:4180} INFO - Setting next_dagrun for example_display_name to None, run_after=None
[2024-10-13T08:51:07.761+0000] {processor.py:208} INFO - Processing /home/airflow/.local/lib/python3.12/site-packages/airflow/example_dags/example_display_name.py took 0.077 seconds
[2024-10-13T08:51:38.910+0000] {processor.py:186} INFO - Started process (PID=3288) to work on /home/airflow/.local/lib/python3.12/site-packages/airflow/example_dags/example_display_name.py
[2024-10-13T08:51:38.911+0000] {processor.py:914} INFO - Processing file /home/airflow/.local/lib/python3.12/site-packages/airflow/example_dags/example_display_name.py for tasks to queue
[2024-10-13T08:51:38.913+0000] {logging_mixin.py:190} INFO - [2024-10-13T08:51:38.912+0000] {dagbag.py:588} INFO - Filling up the DagBag from /home/airflow/.local/lib/python3.12/site-packages/airflow/example_dags/example_display_name.py
[2024-10-13T08:51:38.920+0000] {processor.py:925} INFO - DAG(s) 'example_display_name' retrieved from /home/airflow/.local/lib/python3.12/site-packages/airflow/example_dags/example_display_name.py
[2024-10-13T08:51:38.940+0000] {logging_mixin.py:190} INFO - [2024-10-13T08:51:38.939+0000] {dag.py:3239} INFO - Sync 1 DAGs
[2024-10-13T08:51:38.956+0000] {logging_mixin.py:190} INFO - [2024-10-13T08:51:38.955+0000] {dag.py:4180} INFO - Setting next_dagrun for example_display_name to None, run_after=None
[2024-10-13T08:51:38.975+0000] {processor.py:208} INFO - Processing /home/airflow/.local/lib/python3.12/site-packages/airflow/example_dags/example_display_name.py took 0.071 seconds
[2024-10-13T08:52:10.459+0000] {processor.py:186} INFO - Started process (PID=3352) to work on /home/airflow/.local/lib/python3.12/site-packages/airflow/example_dags/example_display_name.py
[2024-10-13T08:52:10.460+0000] {processor.py:914} INFO - Processing file /home/airflow/.local/lib/python3.12/site-packages/airflow/example_dags/example_display_name.py for tasks to queue
[2024-10-13T08:52:10.463+0000] {logging_mixin.py:190} INFO - [2024-10-13T08:52:10.462+0000] {dagbag.py:588} INFO - Filling up the DagBag from /home/airflow/.local/lib/python3.12/site-packages/airflow/example_dags/example_display_name.py
[2024-10-13T08:52:10.470+0000] {processor.py:925} INFO - DAG(s) 'example_display_name' retrieved from /home/airflow/.local/lib/python3.12/site-packages/airflow/example_dags/example_display_name.py
[2024-10-13T08:52:10.488+0000] {logging_mixin.py:190} INFO - [2024-10-13T08:52:10.488+0000] {dag.py:3239} INFO - Sync 1 DAGs
[2024-10-13T08:52:10.670+0000] {logging_mixin.py:190} INFO - [2024-10-13T08:52:10.670+0000] {dag.py:4180} INFO - Setting next_dagrun for example_display_name to None, run_after=None
[2024-10-13T08:52:10.689+0000] {processor.py:208} INFO - Processing /home/airflow/.local/lib/python3.12/site-packages/airflow/example_dags/example_display_name.py took 0.237 seconds
[2024-10-13T08:52:41.083+0000] {processor.py:186} INFO - Started process (PID=3415) to work on /home/airflow/.local/lib/python3.12/site-packages/airflow/example_dags/example_display_name.py
[2024-10-13T08:52:41.084+0000] {processor.py:914} INFO - Processing file /home/airflow/.local/lib/python3.12/site-packages/airflow/example_dags/example_display_name.py for tasks to queue
[2024-10-13T08:52:41.086+0000] {logging_mixin.py:190} INFO - [2024-10-13T08:52:41.086+0000] {dagbag.py:588} INFO - Filling up the DagBag from /home/airflow/.local/lib/python3.12/site-packages/airflow/example_dags/example_display_name.py
[2024-10-13T08:52:41.094+0000] {processor.py:925} INFO - DAG(s) 'example_display_name' retrieved from /home/airflow/.local/lib/python3.12/site-packages/airflow/example_dags/example_display_name.py
[2024-10-13T08:52:41.112+0000] {logging_mixin.py:190} INFO - [2024-10-13T08:52:41.112+0000] {dag.py:3239} INFO - Sync 1 DAGs
[2024-10-13T08:52:41.128+0000] {logging_mixin.py:190} INFO - [2024-10-13T08:52:41.127+0000] {dag.py:4180} INFO - Setting next_dagrun for example_display_name to None, run_after=None
[2024-10-13T08:52:41.312+0000] {processor.py:208} INFO - Processing /home/airflow/.local/lib/python3.12/site-packages/airflow/example_dags/example_display_name.py took 0.235 seconds
[2024-10-13T08:53:11.670+0000] {processor.py:186} INFO - Started process (PID=3478) to work on /home/airflow/.local/lib/python3.12/site-packages/airflow/example_dags/example_display_name.py
[2024-10-13T08:53:11.671+0000] {processor.py:914} INFO - Processing file /home/airflow/.local/lib/python3.12/site-packages/airflow/example_dags/example_display_name.py for tasks to queue
[2024-10-13T08:53:11.675+0000] {logging_mixin.py:190} INFO - [2024-10-13T08:53:11.674+0000] {dagbag.py:588} INFO - Filling up the DagBag from /home/airflow/.local/lib/python3.12/site-packages/airflow/example_dags/example_display_name.py
[2024-10-13T08:53:11.683+0000] {processor.py:925} INFO - DAG(s) 'example_display_name' retrieved from /home/airflow/.local/lib/python3.12/site-packages/airflow/example_dags/example_display_name.py
[2024-10-13T08:53:11.701+0000] {logging_mixin.py:190} INFO - [2024-10-13T08:53:11.701+0000] {dag.py:3239} INFO - Sync 1 DAGs
[2024-10-13T08:53:11.716+0000] {logging_mixin.py:190} INFO - [2024-10-13T08:53:11.716+0000] {dag.py:4180} INFO - Setting next_dagrun for example_display_name to None, run_after=None
[2024-10-13T08:53:11.735+0000] {processor.py:208} INFO - Processing /home/airflow/.local/lib/python3.12/site-packages/airflow/example_dags/example_display_name.py took 0.070 seconds
