[2024-10-13T08:25:17.432+0000] {processor.py:186} INFO - Started process (PID=69) to work on /home/airflow/.local/lib/python3.12/site-packages/airflow/example_dags/tutorial.py
[2024-10-13T08:25:17.433+0000] {processor.py:914} INFO - Processing file /home/airflow/.local/lib/python3.12/site-packages/airflow/example_dags/tutorial.py for tasks to queue
[2024-10-13T08:25:17.438+0000] {logging_mixin.py:190} INFO - [2024-10-13T08:25:17.438+0000] {dagbag.py:588} INFO - Filling up the DagBag from /home/airflow/.local/lib/python3.12/site-packages/airflow/example_dags/tutorial.py
[2024-10-13T08:25:17.452+0000] {processor.py:925} INFO - DAG(s) 'tutorial' retrieved from /home/airflow/.local/lib/python3.12/site-packages/airflow/example_dags/tutorial.py
[2024-10-13T08:25:17.495+0000] {logging_mixin.py:190} INFO - [2024-10-13T08:25:17.494+0000] {dag.py:3239} INFO - Sync 1 DAGs
[2024-10-13T08:25:17.527+0000] {logging_mixin.py:190} INFO - [2024-10-13T08:25:17.527+0000] {dag.py:4180} INFO - Setting next_dagrun for tutorial to 2024-10-12 00:00:00+00:00, run_after=2024-10-13 00:00:00+00:00
[2024-10-13T08:25:17.553+0000] {processor.py:208} INFO - Processing /home/airflow/.local/lib/python3.12/site-packages/airflow/example_dags/tutorial.py took 0.128 seconds
[2024-10-13T08:25:47.825+0000] {processor.py:186} INFO - Started process (PID=132) to work on /home/airflow/.local/lib/python3.12/site-packages/airflow/example_dags/tutorial.py
[2024-10-13T08:25:47.826+0000] {processor.py:914} INFO - Processing file /home/airflow/.local/lib/python3.12/site-packages/airflow/example_dags/tutorial.py for tasks to queue
[2024-10-13T08:25:47.828+0000] {logging_mixin.py:190} INFO - [2024-10-13T08:25:47.828+0000] {dagbag.py:588} INFO - Filling up the DagBag from /home/airflow/.local/lib/python3.12/site-packages/airflow/example_dags/tutorial.py
[2024-10-13T08:25:47.836+0000] {processor.py:925} INFO - DAG(s) 'tutorial' retrieved from /home/airflow/.local/lib/python3.12/site-packages/airflow/example_dags/tutorial.py
[2024-10-13T08:25:47.857+0000] {logging_mixin.py:190} INFO - [2024-10-13T08:25:47.856+0000] {dag.py:3239} INFO - Sync 1 DAGs
[2024-10-13T08:25:47.882+0000] {logging_mixin.py:190} INFO - [2024-10-13T08:25:47.882+0000] {dag.py:4180} INFO - Setting next_dagrun for tutorial to 2024-10-12 00:00:00+00:00, run_after=2024-10-13 00:00:00+00:00
[2024-10-13T08:25:47.903+0000] {processor.py:208} INFO - Processing /home/airflow/.local/lib/python3.12/site-packages/airflow/example_dags/tutorial.py took 0.085 seconds
[2024-10-13T08:26:18.328+0000] {processor.py:186} INFO - Started process (PID=195) to work on /home/airflow/.local/lib/python3.12/site-packages/airflow/example_dags/tutorial.py
[2024-10-13T08:26:18.329+0000] {processor.py:914} INFO - Processing file /home/airflow/.local/lib/python3.12/site-packages/airflow/example_dags/tutorial.py for tasks to queue
[2024-10-13T08:26:18.331+0000] {logging_mixin.py:190} INFO - [2024-10-13T08:26:18.331+0000] {dagbag.py:588} INFO - Filling up the DagBag from /home/airflow/.local/lib/python3.12/site-packages/airflow/example_dags/tutorial.py
[2024-10-13T08:26:18.338+0000] {processor.py:925} INFO - DAG(s) 'tutorial' retrieved from /home/airflow/.local/lib/python3.12/site-packages/airflow/example_dags/tutorial.py
[2024-10-13T08:26:18.357+0000] {logging_mixin.py:190} INFO - [2024-10-13T08:26:18.357+0000] {dag.py:3239} INFO - Sync 1 DAGs
[2024-10-13T08:26:18.379+0000] {logging_mixin.py:190} INFO - [2024-10-13T08:26:18.379+0000] {dag.py:4180} INFO - Setting next_dagrun for tutorial to 2024-10-12 00:00:00+00:00, run_after=2024-10-13 00:00:00+00:00
[2024-10-13T08:26:18.395+0000] {processor.py:208} INFO - Processing /home/airflow/.local/lib/python3.12/site-packages/airflow/example_dags/tutorial.py took 0.073 seconds
[2024-10-13T08:26:48.651+0000] {processor.py:186} INFO - Started process (PID=258) to work on /home/airflow/.local/lib/python3.12/site-packages/airflow/example_dags/tutorial.py
[2024-10-13T08:26:48.652+0000] {processor.py:914} INFO - Processing file /home/airflow/.local/lib/python3.12/site-packages/airflow/example_dags/tutorial.py for tasks to queue
[2024-10-13T08:26:48.655+0000] {logging_mixin.py:190} INFO - [2024-10-13T08:26:48.654+0000] {dagbag.py:588} INFO - Filling up the DagBag from /home/airflow/.local/lib/python3.12/site-packages/airflow/example_dags/tutorial.py
[2024-10-13T08:26:48.662+0000] {processor.py:925} INFO - DAG(s) 'tutorial' retrieved from /home/airflow/.local/lib/python3.12/site-packages/airflow/example_dags/tutorial.py
[2024-10-13T08:26:48.681+0000] {logging_mixin.py:190} INFO - [2024-10-13T08:26:48.681+0000] {dag.py:3239} INFO - Sync 1 DAGs
[2024-10-13T08:26:48.705+0000] {logging_mixin.py:190} INFO - [2024-10-13T08:26:48.705+0000] {dag.py:4180} INFO - Setting next_dagrun for tutorial to 2024-10-12 00:00:00+00:00, run_after=2024-10-13 00:00:00+00:00
[2024-10-13T08:26:48.725+0000] {processor.py:208} INFO - Processing /home/airflow/.local/lib/python3.12/site-packages/airflow/example_dags/tutorial.py took 0.079 seconds
[2024-10-13T08:27:19.111+0000] {processor.py:186} INFO - Started process (PID=321) to work on /home/airflow/.local/lib/python3.12/site-packages/airflow/example_dags/tutorial.py
[2024-10-13T08:27:19.112+0000] {processor.py:914} INFO - Processing file /home/airflow/.local/lib/python3.12/site-packages/airflow/example_dags/tutorial.py for tasks to queue
[2024-10-13T08:27:19.115+0000] {logging_mixin.py:190} INFO - [2024-10-13T08:27:19.114+0000] {dagbag.py:588} INFO - Filling up the DagBag from /home/airflow/.local/lib/python3.12/site-packages/airflow/example_dags/tutorial.py
[2024-10-13T08:27:19.122+0000] {processor.py:925} INFO - DAG(s) 'tutorial' retrieved from /home/airflow/.local/lib/python3.12/site-packages/airflow/example_dags/tutorial.py
[2024-10-13T08:27:19.139+0000] {logging_mixin.py:190} INFO - [2024-10-13T08:27:19.139+0000] {dag.py:3239} INFO - Sync 1 DAGs
[2024-10-13T08:27:19.161+0000] {logging_mixin.py:190} INFO - [2024-10-13T08:27:19.160+0000] {dag.py:4180} INFO - Setting next_dagrun for tutorial to 2024-10-12 00:00:00+00:00, run_after=2024-10-13 00:00:00+00:00
[2024-10-13T08:27:19.179+0000] {processor.py:208} INFO - Processing /home/airflow/.local/lib/python3.12/site-packages/airflow/example_dags/tutorial.py took 0.074 seconds
[2024-10-13T08:27:49.798+0000] {processor.py:186} INFO - Started process (PID=384) to work on /home/airflow/.local/lib/python3.12/site-packages/airflow/example_dags/tutorial.py
[2024-10-13T08:27:49.799+0000] {processor.py:914} INFO - Processing file /home/airflow/.local/lib/python3.12/site-packages/airflow/example_dags/tutorial.py for tasks to queue
[2024-10-13T08:27:49.801+0000] {logging_mixin.py:190} INFO - [2024-10-13T08:27:49.801+0000] {dagbag.py:588} INFO - Filling up the DagBag from /home/airflow/.local/lib/python3.12/site-packages/airflow/example_dags/tutorial.py
[2024-10-13T08:27:49.809+0000] {processor.py:925} INFO - DAG(s) 'tutorial' retrieved from /home/airflow/.local/lib/python3.12/site-packages/airflow/example_dags/tutorial.py
[2024-10-13T08:27:49.828+0000] {logging_mixin.py:190} INFO - [2024-10-13T08:27:49.828+0000] {dag.py:3239} INFO - Sync 1 DAGs
[2024-10-13T08:27:49.852+0000] {logging_mixin.py:190} INFO - [2024-10-13T08:27:49.851+0000] {dag.py:4180} INFO - Setting next_dagrun for tutorial to 2024-10-12 00:00:00+00:00, run_after=2024-10-13 00:00:00+00:00
[2024-10-13T08:27:49.871+0000] {processor.py:208} INFO - Processing /home/airflow/.local/lib/python3.12/site-packages/airflow/example_dags/tutorial.py took 0.078 seconds
[2024-10-13T08:28:20.071+0000] {processor.py:186} INFO - Started process (PID=447) to work on /home/airflow/.local/lib/python3.12/site-packages/airflow/example_dags/tutorial.py
[2024-10-13T08:28:20.072+0000] {processor.py:914} INFO - Processing file /home/airflow/.local/lib/python3.12/site-packages/airflow/example_dags/tutorial.py for tasks to queue
[2024-10-13T08:28:20.074+0000] {logging_mixin.py:190} INFO - [2024-10-13T08:28:20.074+0000] {dagbag.py:588} INFO - Filling up the DagBag from /home/airflow/.local/lib/python3.12/site-packages/airflow/example_dags/tutorial.py
[2024-10-13T08:28:20.081+0000] {processor.py:925} INFO - DAG(s) 'tutorial' retrieved from /home/airflow/.local/lib/python3.12/site-packages/airflow/example_dags/tutorial.py
[2024-10-13T08:28:20.099+0000] {logging_mixin.py:190} INFO - [2024-10-13T08:28:20.098+0000] {dag.py:3239} INFO - Sync 1 DAGs
[2024-10-13T08:28:20.121+0000] {logging_mixin.py:190} INFO - [2024-10-13T08:28:20.121+0000] {dag.py:4180} INFO - Setting next_dagrun for tutorial to 2024-10-12 00:00:00+00:00, run_after=2024-10-13 00:00:00+00:00
[2024-10-13T08:28:20.139+0000] {processor.py:208} INFO - Processing /home/airflow/.local/lib/python3.12/site-packages/airflow/example_dags/tutorial.py took 0.073 seconds
[2024-10-13T08:28:50.390+0000] {processor.py:186} INFO - Started process (PID=510) to work on /home/airflow/.local/lib/python3.12/site-packages/airflow/example_dags/tutorial.py
[2024-10-13T08:28:50.391+0000] {processor.py:914} INFO - Processing file /home/airflow/.local/lib/python3.12/site-packages/airflow/example_dags/tutorial.py for tasks to queue
[2024-10-13T08:28:50.393+0000] {logging_mixin.py:190} INFO - [2024-10-13T08:28:50.393+0000] {dagbag.py:588} INFO - Filling up the DagBag from /home/airflow/.local/lib/python3.12/site-packages/airflow/example_dags/tutorial.py
[2024-10-13T08:28:50.401+0000] {processor.py:925} INFO - DAG(s) 'tutorial' retrieved from /home/airflow/.local/lib/python3.12/site-packages/airflow/example_dags/tutorial.py
[2024-10-13T08:28:50.418+0000] {logging_mixin.py:190} INFO - [2024-10-13T08:28:50.418+0000] {dag.py:3239} INFO - Sync 1 DAGs
[2024-10-13T08:28:50.442+0000] {logging_mixin.py:190} INFO - [2024-10-13T08:28:50.441+0000] {dag.py:4180} INFO - Setting next_dagrun for tutorial to 2024-10-12 00:00:00+00:00, run_after=2024-10-13 00:00:00+00:00
[2024-10-13T08:28:50.459+0000] {processor.py:208} INFO - Processing /home/airflow/.local/lib/python3.12/site-packages/airflow/example_dags/tutorial.py took 0.074 seconds
[2024-10-13T08:29:20.811+0000] {processor.py:186} INFO - Started process (PID=573) to work on /home/airflow/.local/lib/python3.12/site-packages/airflow/example_dags/tutorial.py
[2024-10-13T08:29:20.812+0000] {processor.py:914} INFO - Processing file /home/airflow/.local/lib/python3.12/site-packages/airflow/example_dags/tutorial.py for tasks to queue
[2024-10-13T08:29:20.815+0000] {logging_mixin.py:190} INFO - [2024-10-13T08:29:20.815+0000] {dagbag.py:588} INFO - Filling up the DagBag from /home/airflow/.local/lib/python3.12/site-packages/airflow/example_dags/tutorial.py
[2024-10-13T08:29:20.823+0000] {processor.py:925} INFO - DAG(s) 'tutorial' retrieved from /home/airflow/.local/lib/python3.12/site-packages/airflow/example_dags/tutorial.py
[2024-10-13T08:29:20.842+0000] {logging_mixin.py:190} INFO - [2024-10-13T08:29:20.841+0000] {dag.py:3239} INFO - Sync 1 DAGs
[2024-10-13T08:29:20.868+0000] {logging_mixin.py:190} INFO - [2024-10-13T08:29:20.867+0000] {dag.py:4180} INFO - Setting next_dagrun for tutorial to 2024-10-12 00:00:00+00:00, run_after=2024-10-13 00:00:00+00:00
[2024-10-13T08:29:20.889+0000] {processor.py:208} INFO - Processing /home/airflow/.local/lib/python3.12/site-packages/airflow/example_dags/tutorial.py took 0.085 seconds
[2024-10-13T08:29:51.409+0000] {processor.py:186} INFO - Started process (PID=636) to work on /home/airflow/.local/lib/python3.12/site-packages/airflow/example_dags/tutorial.py
[2024-10-13T08:29:51.411+0000] {processor.py:914} INFO - Processing file /home/airflow/.local/lib/python3.12/site-packages/airflow/example_dags/tutorial.py for tasks to queue
[2024-10-13T08:29:51.414+0000] {logging_mixin.py:190} INFO - [2024-10-13T08:29:51.414+0000] {dagbag.py:588} INFO - Filling up the DagBag from /home/airflow/.local/lib/python3.12/site-packages/airflow/example_dags/tutorial.py
[2024-10-13T08:29:51.422+0000] {processor.py:925} INFO - DAG(s) 'tutorial' retrieved from /home/airflow/.local/lib/python3.12/site-packages/airflow/example_dags/tutorial.py
[2024-10-13T08:29:51.444+0000] {logging_mixin.py:190} INFO - [2024-10-13T08:29:51.443+0000] {dag.py:3239} INFO - Sync 1 DAGs
[2024-10-13T08:29:51.468+0000] {logging_mixin.py:190} INFO - [2024-10-13T08:29:51.468+0000] {dag.py:4180} INFO - Setting next_dagrun for tutorial to 2024-10-12 00:00:00+00:00, run_after=2024-10-13 00:00:00+00:00
[2024-10-13T08:29:51.487+0000] {processor.py:208} INFO - Processing /home/airflow/.local/lib/python3.12/site-packages/airflow/example_dags/tutorial.py took 0.084 seconds
[2024-10-13T08:30:21.960+0000] {processor.py:186} INFO - Started process (PID=703) to work on /home/airflow/.local/lib/python3.12/site-packages/airflow/example_dags/tutorial.py
[2024-10-13T08:30:21.961+0000] {processor.py:914} INFO - Processing file /home/airflow/.local/lib/python3.12/site-packages/airflow/example_dags/tutorial.py for tasks to queue
[2024-10-13T08:30:21.963+0000] {logging_mixin.py:190} INFO - [2024-10-13T08:30:21.962+0000] {dagbag.py:588} INFO - Filling up the DagBag from /home/airflow/.local/lib/python3.12/site-packages/airflow/example_dags/tutorial.py
[2024-10-13T08:30:21.970+0000] {processor.py:925} INFO - DAG(s) 'tutorial' retrieved from /home/airflow/.local/lib/python3.12/site-packages/airflow/example_dags/tutorial.py
[2024-10-13T08:30:21.989+0000] {logging_mixin.py:190} INFO - [2024-10-13T08:30:21.988+0000] {dag.py:3239} INFO - Sync 1 DAGs
[2024-10-13T08:30:22.014+0000] {logging_mixin.py:190} INFO - [2024-10-13T08:30:22.013+0000] {dag.py:4180} INFO - Setting next_dagrun for tutorial to 2024-10-12 00:00:00+00:00, run_after=2024-10-13 00:00:00+00:00
[2024-10-13T08:30:22.032+0000] {processor.py:208} INFO - Processing /home/airflow/.local/lib/python3.12/site-packages/airflow/example_dags/tutorial.py took 0.077 seconds
[2024-10-13T08:30:52.444+0000] {processor.py:186} INFO - Started process (PID=766) to work on /home/airflow/.local/lib/python3.12/site-packages/airflow/example_dags/tutorial.py
[2024-10-13T08:30:52.446+0000] {processor.py:914} INFO - Processing file /home/airflow/.local/lib/python3.12/site-packages/airflow/example_dags/tutorial.py for tasks to queue
[2024-10-13T08:30:52.449+0000] {logging_mixin.py:190} INFO - [2024-10-13T08:30:52.448+0000] {dagbag.py:588} INFO - Filling up the DagBag from /home/airflow/.local/lib/python3.12/site-packages/airflow/example_dags/tutorial.py
[2024-10-13T08:30:52.457+0000] {processor.py:925} INFO - DAG(s) 'tutorial' retrieved from /home/airflow/.local/lib/python3.12/site-packages/airflow/example_dags/tutorial.py
[2024-10-13T08:30:52.479+0000] {logging_mixin.py:190} INFO - [2024-10-13T08:30:52.479+0000] {dag.py:3239} INFO - Sync 1 DAGs
[2024-10-13T08:30:52.508+0000] {logging_mixin.py:190} INFO - [2024-10-13T08:30:52.508+0000] {dag.py:4180} INFO - Setting next_dagrun for tutorial to 2024-10-12 00:00:00+00:00, run_after=2024-10-13 00:00:00+00:00
[2024-10-13T08:30:52.531+0000] {processor.py:208} INFO - Processing /home/airflow/.local/lib/python3.12/site-packages/airflow/example_dags/tutorial.py took 0.092 seconds
[2024-10-13T08:31:23.134+0000] {processor.py:186} INFO - Started process (PID=833) to work on /home/airflow/.local/lib/python3.12/site-packages/airflow/example_dags/tutorial.py
[2024-10-13T08:31:23.136+0000] {processor.py:914} INFO - Processing file /home/airflow/.local/lib/python3.12/site-packages/airflow/example_dags/tutorial.py for tasks to queue
[2024-10-13T08:31:23.138+0000] {logging_mixin.py:190} INFO - [2024-10-13T08:31:23.137+0000] {dagbag.py:588} INFO - Filling up the DagBag from /home/airflow/.local/lib/python3.12/site-packages/airflow/example_dags/tutorial.py
[2024-10-13T08:31:23.145+0000] {processor.py:925} INFO - DAG(s) 'tutorial' retrieved from /home/airflow/.local/lib/python3.12/site-packages/airflow/example_dags/tutorial.py
[2024-10-13T08:31:23.164+0000] {logging_mixin.py:190} INFO - [2024-10-13T08:31:23.164+0000] {dag.py:3239} INFO - Sync 1 DAGs
[2024-10-13T08:31:23.191+0000] {logging_mixin.py:190} INFO - [2024-10-13T08:31:23.191+0000] {dag.py:4180} INFO - Setting next_dagrun for tutorial to 2024-10-12 00:00:00+00:00, run_after=2024-10-13 00:00:00+00:00
[2024-10-13T08:31:23.212+0000] {processor.py:208} INFO - Processing /home/airflow/.local/lib/python3.12/site-packages/airflow/example_dags/tutorial.py took 0.085 seconds
[2024-10-13T08:31:53.808+0000] {processor.py:186} INFO - Started process (PID=899) to work on /home/airflow/.local/lib/python3.12/site-packages/airflow/example_dags/tutorial.py
[2024-10-13T08:31:53.809+0000] {processor.py:914} INFO - Processing file /home/airflow/.local/lib/python3.12/site-packages/airflow/example_dags/tutorial.py for tasks to queue
[2024-10-13T08:31:53.812+0000] {logging_mixin.py:190} INFO - [2024-10-13T08:31:53.812+0000] {dagbag.py:588} INFO - Filling up the DagBag from /home/airflow/.local/lib/python3.12/site-packages/airflow/example_dags/tutorial.py
[2024-10-13T08:31:53.822+0000] {processor.py:925} INFO - DAG(s) 'tutorial' retrieved from /home/airflow/.local/lib/python3.12/site-packages/airflow/example_dags/tutorial.py
[2024-10-13T08:31:53.847+0000] {logging_mixin.py:190} INFO - [2024-10-13T08:31:53.846+0000] {dag.py:3239} INFO - Sync 1 DAGs
[2024-10-13T08:31:53.879+0000] {logging_mixin.py:190} INFO - [2024-10-13T08:31:53.879+0000] {dag.py:4180} INFO - Setting next_dagrun for tutorial to 2024-10-12 00:00:00+00:00, run_after=2024-10-13 00:00:00+00:00
[2024-10-13T08:31:53.906+0000] {processor.py:208} INFO - Processing /home/airflow/.local/lib/python3.12/site-packages/airflow/example_dags/tutorial.py took 0.104 seconds
[2024-10-13T08:32:24.608+0000] {processor.py:186} INFO - Started process (PID=962) to work on /home/airflow/.local/lib/python3.12/site-packages/airflow/example_dags/tutorial.py
[2024-10-13T08:32:24.609+0000] {processor.py:914} INFO - Processing file /home/airflow/.local/lib/python3.12/site-packages/airflow/example_dags/tutorial.py for tasks to queue
[2024-10-13T08:32:24.612+0000] {logging_mixin.py:190} INFO - [2024-10-13T08:32:24.611+0000] {dagbag.py:588} INFO - Filling up the DagBag from /home/airflow/.local/lib/python3.12/site-packages/airflow/example_dags/tutorial.py
[2024-10-13T08:32:24.619+0000] {processor.py:925} INFO - DAG(s) 'tutorial' retrieved from /home/airflow/.local/lib/python3.12/site-packages/airflow/example_dags/tutorial.py
[2024-10-13T08:32:24.638+0000] {logging_mixin.py:190} INFO - [2024-10-13T08:32:24.638+0000] {dag.py:3239} INFO - Sync 1 DAGs
[2024-10-13T08:32:24.661+0000] {logging_mixin.py:190} INFO - [2024-10-13T08:32:24.661+0000] {dag.py:4180} INFO - Setting next_dagrun for tutorial to 2024-10-12 00:00:00+00:00, run_after=2024-10-13 00:00:00+00:00
[2024-10-13T08:32:24.683+0000] {processor.py:208} INFO - Processing /home/airflow/.local/lib/python3.12/site-packages/airflow/example_dags/tutorial.py took 0.080 seconds
[2024-10-13T08:32:54.983+0000] {processor.py:186} INFO - Started process (PID=1025) to work on /home/airflow/.local/lib/python3.12/site-packages/airflow/example_dags/tutorial.py
[2024-10-13T08:32:54.984+0000] {processor.py:914} INFO - Processing file /home/airflow/.local/lib/python3.12/site-packages/airflow/example_dags/tutorial.py for tasks to queue
[2024-10-13T08:32:54.987+0000] {logging_mixin.py:190} INFO - [2024-10-13T08:32:54.986+0000] {dagbag.py:588} INFO - Filling up the DagBag from /home/airflow/.local/lib/python3.12/site-packages/airflow/example_dags/tutorial.py
[2024-10-13T08:32:54.995+0000] {processor.py:925} INFO - DAG(s) 'tutorial' retrieved from /home/airflow/.local/lib/python3.12/site-packages/airflow/example_dags/tutorial.py
[2024-10-13T08:32:55.021+0000] {logging_mixin.py:190} INFO - [2024-10-13T08:32:55.020+0000] {dag.py:3239} INFO - Sync 1 DAGs
[2024-10-13T08:32:55.047+0000] {logging_mixin.py:190} INFO - [2024-10-13T08:32:55.046+0000] {dag.py:4180} INFO - Setting next_dagrun for tutorial to 2024-10-12 00:00:00+00:00, run_after=2024-10-13 00:00:00+00:00
[2024-10-13T08:32:55.067+0000] {processor.py:208} INFO - Processing /home/airflow/.local/lib/python3.12/site-packages/airflow/example_dags/tutorial.py took 0.089 seconds
[2024-10-13T08:33:25.716+0000] {processor.py:186} INFO - Started process (PID=1088) to work on /home/airflow/.local/lib/python3.12/site-packages/airflow/example_dags/tutorial.py
[2024-10-13T08:33:25.718+0000] {processor.py:914} INFO - Processing file /home/airflow/.local/lib/python3.12/site-packages/airflow/example_dags/tutorial.py for tasks to queue
[2024-10-13T08:33:25.720+0000] {logging_mixin.py:190} INFO - [2024-10-13T08:33:25.719+0000] {dagbag.py:588} INFO - Filling up the DagBag from /home/airflow/.local/lib/python3.12/site-packages/airflow/example_dags/tutorial.py
[2024-10-13T08:33:25.728+0000] {processor.py:925} INFO - DAG(s) 'tutorial' retrieved from /home/airflow/.local/lib/python3.12/site-packages/airflow/example_dags/tutorial.py
[2024-10-13T08:33:25.747+0000] {logging_mixin.py:190} INFO - [2024-10-13T08:33:25.747+0000] {dag.py:3239} INFO - Sync 1 DAGs
[2024-10-13T08:33:25.768+0000] {logging_mixin.py:190} INFO - [2024-10-13T08:33:25.768+0000] {dag.py:4180} INFO - Setting next_dagrun for tutorial to 2024-10-12 00:00:00+00:00, run_after=2024-10-13 00:00:00+00:00
[2024-10-13T08:33:25.787+0000] {processor.py:208} INFO - Processing /home/airflow/.local/lib/python3.12/site-packages/airflow/example_dags/tutorial.py took 0.076 seconds
[2024-10-13T08:33:56.082+0000] {processor.py:186} INFO - Started process (PID=1151) to work on /home/airflow/.local/lib/python3.12/site-packages/airflow/example_dags/tutorial.py
[2024-10-13T08:33:56.083+0000] {processor.py:914} INFO - Processing file /home/airflow/.local/lib/python3.12/site-packages/airflow/example_dags/tutorial.py for tasks to queue
[2024-10-13T08:33:56.085+0000] {logging_mixin.py:190} INFO - [2024-10-13T08:33:56.085+0000] {dagbag.py:588} INFO - Filling up the DagBag from /home/airflow/.local/lib/python3.12/site-packages/airflow/example_dags/tutorial.py
[2024-10-13T08:33:56.093+0000] {processor.py:925} INFO - DAG(s) 'tutorial' retrieved from /home/airflow/.local/lib/python3.12/site-packages/airflow/example_dags/tutorial.py
[2024-10-13T08:33:56.112+0000] {logging_mixin.py:190} INFO - [2024-10-13T08:33:56.111+0000] {dag.py:3239} INFO - Sync 1 DAGs
[2024-10-13T08:33:56.138+0000] {logging_mixin.py:190} INFO - [2024-10-13T08:33:56.138+0000] {dag.py:4180} INFO - Setting next_dagrun for tutorial to 2024-10-12 00:00:00+00:00, run_after=2024-10-13 00:00:00+00:00
[2024-10-13T08:33:56.157+0000] {processor.py:208} INFO - Processing /home/airflow/.local/lib/python3.12/site-packages/airflow/example_dags/tutorial.py took 0.080 seconds
[2024-10-13T08:34:26.466+0000] {processor.py:186} INFO - Started process (PID=1214) to work on /home/airflow/.local/lib/python3.12/site-packages/airflow/example_dags/tutorial.py
[2024-10-13T08:34:26.467+0000] {processor.py:914} INFO - Processing file /home/airflow/.local/lib/python3.12/site-packages/airflow/example_dags/tutorial.py for tasks to queue
[2024-10-13T08:34:26.469+0000] {logging_mixin.py:190} INFO - [2024-10-13T08:34:26.469+0000] {dagbag.py:588} INFO - Filling up the DagBag from /home/airflow/.local/lib/python3.12/site-packages/airflow/example_dags/tutorial.py
[2024-10-13T08:34:26.476+0000] {processor.py:925} INFO - DAG(s) 'tutorial' retrieved from /home/airflow/.local/lib/python3.12/site-packages/airflow/example_dags/tutorial.py
[2024-10-13T08:34:26.494+0000] {logging_mixin.py:190} INFO - [2024-10-13T08:34:26.494+0000] {dag.py:3239} INFO - Sync 1 DAGs
[2024-10-13T08:34:26.516+0000] {logging_mixin.py:190} INFO - [2024-10-13T08:34:26.516+0000] {dag.py:4180} INFO - Setting next_dagrun for tutorial to 2024-10-12 00:00:00+00:00, run_after=2024-10-13 00:00:00+00:00
[2024-10-13T08:34:26.534+0000] {processor.py:208} INFO - Processing /home/airflow/.local/lib/python3.12/site-packages/airflow/example_dags/tutorial.py took 0.073 seconds
[2024-10-13T08:34:57.014+0000] {processor.py:186} INFO - Started process (PID=1277) to work on /home/airflow/.local/lib/python3.12/site-packages/airflow/example_dags/tutorial.py
[2024-10-13T08:34:57.015+0000] {processor.py:914} INFO - Processing file /home/airflow/.local/lib/python3.12/site-packages/airflow/example_dags/tutorial.py for tasks to queue
[2024-10-13T08:34:57.018+0000] {logging_mixin.py:190} INFO - [2024-10-13T08:34:57.018+0000] {dagbag.py:588} INFO - Filling up the DagBag from /home/airflow/.local/lib/python3.12/site-packages/airflow/example_dags/tutorial.py
[2024-10-13T08:34:57.026+0000] {processor.py:925} INFO - DAG(s) 'tutorial' retrieved from /home/airflow/.local/lib/python3.12/site-packages/airflow/example_dags/tutorial.py
[2024-10-13T08:34:57.045+0000] {logging_mixin.py:190} INFO - [2024-10-13T08:34:57.045+0000] {dag.py:3239} INFO - Sync 1 DAGs
[2024-10-13T08:34:57.067+0000] {logging_mixin.py:190} INFO - [2024-10-13T08:34:57.067+0000] {dag.py:4180} INFO - Setting next_dagrun for tutorial to 2024-10-12 00:00:00+00:00, run_after=2024-10-13 00:00:00+00:00
[2024-10-13T08:34:57.087+0000] {processor.py:208} INFO - Processing /home/airflow/.local/lib/python3.12/site-packages/airflow/example_dags/tutorial.py took 0.080 seconds
[2024-10-13T08:35:27.293+0000] {processor.py:186} INFO - Started process (PID=1340) to work on /home/airflow/.local/lib/python3.12/site-packages/airflow/example_dags/tutorial.py
[2024-10-13T08:35:27.295+0000] {processor.py:914} INFO - Processing file /home/airflow/.local/lib/python3.12/site-packages/airflow/example_dags/tutorial.py for tasks to queue
[2024-10-13T08:35:27.297+0000] {logging_mixin.py:190} INFO - [2024-10-13T08:35:27.297+0000] {dagbag.py:588} INFO - Filling up the DagBag from /home/airflow/.local/lib/python3.12/site-packages/airflow/example_dags/tutorial.py
[2024-10-13T08:35:27.304+0000] {processor.py:925} INFO - DAG(s) 'tutorial' retrieved from /home/airflow/.local/lib/python3.12/site-packages/airflow/example_dags/tutorial.py
[2024-10-13T08:35:27.322+0000] {logging_mixin.py:190} INFO - [2024-10-13T08:35:27.322+0000] {dag.py:3239} INFO - Sync 1 DAGs
[2024-10-13T08:35:27.345+0000] {logging_mixin.py:190} INFO - [2024-10-13T08:35:27.345+0000] {dag.py:4180} INFO - Setting next_dagrun for tutorial to 2024-10-12 00:00:00+00:00, run_after=2024-10-13 00:00:00+00:00
[2024-10-13T08:35:27.364+0000] {processor.py:208} INFO - Processing /home/airflow/.local/lib/python3.12/site-packages/airflow/example_dags/tutorial.py took 0.077 seconds
[2024-10-13T08:35:57.651+0000] {processor.py:186} INFO - Started process (PID=1403) to work on /home/airflow/.local/lib/python3.12/site-packages/airflow/example_dags/tutorial.py
[2024-10-13T08:35:57.653+0000] {processor.py:914} INFO - Processing file /home/airflow/.local/lib/python3.12/site-packages/airflow/example_dags/tutorial.py for tasks to queue
[2024-10-13T08:35:57.655+0000] {logging_mixin.py:190} INFO - [2024-10-13T08:35:57.655+0000] {dagbag.py:588} INFO - Filling up the DagBag from /home/airflow/.local/lib/python3.12/site-packages/airflow/example_dags/tutorial.py
[2024-10-13T08:35:57.664+0000] {processor.py:925} INFO - DAG(s) 'tutorial' retrieved from /home/airflow/.local/lib/python3.12/site-packages/airflow/example_dags/tutorial.py
[2024-10-13T08:35:57.685+0000] {logging_mixin.py:190} INFO - [2024-10-13T08:35:57.685+0000] {dag.py:3239} INFO - Sync 1 DAGs
[2024-10-13T08:35:57.716+0000] {logging_mixin.py:190} INFO - [2024-10-13T08:35:57.715+0000] {dag.py:4180} INFO - Setting next_dagrun for tutorial to 2024-10-12 00:00:00+00:00, run_after=2024-10-13 00:00:00+00:00
[2024-10-13T08:35:57.734+0000] {processor.py:208} INFO - Processing /home/airflow/.local/lib/python3.12/site-packages/airflow/example_dags/tutorial.py took 0.089 seconds
[2024-10-13T08:36:28.541+0000] {processor.py:186} INFO - Started process (PID=1466) to work on /home/airflow/.local/lib/python3.12/site-packages/airflow/example_dags/tutorial.py
[2024-10-13T08:36:28.543+0000] {processor.py:914} INFO - Processing file /home/airflow/.local/lib/python3.12/site-packages/airflow/example_dags/tutorial.py for tasks to queue
[2024-10-13T08:36:28.545+0000] {logging_mixin.py:190} INFO - [2024-10-13T08:36:28.545+0000] {dagbag.py:588} INFO - Filling up the DagBag from /home/airflow/.local/lib/python3.12/site-packages/airflow/example_dags/tutorial.py
[2024-10-13T08:36:28.552+0000] {processor.py:925} INFO - DAG(s) 'tutorial' retrieved from /home/airflow/.local/lib/python3.12/site-packages/airflow/example_dags/tutorial.py
[2024-10-13T08:36:28.571+0000] {logging_mixin.py:190} INFO - [2024-10-13T08:36:28.571+0000] {dag.py:3239} INFO - Sync 1 DAGs
[2024-10-13T08:36:28.594+0000] {logging_mixin.py:190} INFO - [2024-10-13T08:36:28.594+0000] {dag.py:4180} INFO - Setting next_dagrun for tutorial to 2024-10-12 00:00:00+00:00, run_after=2024-10-13 00:00:00+00:00
[2024-10-13T08:36:28.612+0000] {processor.py:208} INFO - Processing /home/airflow/.local/lib/python3.12/site-packages/airflow/example_dags/tutorial.py took 0.076 seconds
[2024-10-13T08:36:59.362+0000] {processor.py:186} INFO - Started process (PID=1529) to work on /home/airflow/.local/lib/python3.12/site-packages/airflow/example_dags/tutorial.py
[2024-10-13T08:36:59.363+0000] {processor.py:914} INFO - Processing file /home/airflow/.local/lib/python3.12/site-packages/airflow/example_dags/tutorial.py for tasks to queue
[2024-10-13T08:36:59.365+0000] {logging_mixin.py:190} INFO - [2024-10-13T08:36:59.365+0000] {dagbag.py:588} INFO - Filling up the DagBag from /home/airflow/.local/lib/python3.12/site-packages/airflow/example_dags/tutorial.py
[2024-10-13T08:36:59.373+0000] {processor.py:925} INFO - DAG(s) 'tutorial' retrieved from /home/airflow/.local/lib/python3.12/site-packages/airflow/example_dags/tutorial.py
[2024-10-13T08:36:59.394+0000] {logging_mixin.py:190} INFO - [2024-10-13T08:36:59.394+0000] {dag.py:3239} INFO - Sync 1 DAGs
[2024-10-13T08:36:59.421+0000] {logging_mixin.py:190} INFO - [2024-10-13T08:36:59.421+0000] {dag.py:4180} INFO - Setting next_dagrun for tutorial to 2024-10-12 00:00:00+00:00, run_after=2024-10-13 00:00:00+00:00
[2024-10-13T08:36:59.448+0000] {processor.py:208} INFO - Processing /home/airflow/.local/lib/python3.12/site-packages/airflow/example_dags/tutorial.py took 0.092 seconds
[2024-10-13T08:37:30.269+0000] {processor.py:186} INFO - Started process (PID=1592) to work on /home/airflow/.local/lib/python3.12/site-packages/airflow/example_dags/tutorial.py
[2024-10-13T08:37:30.271+0000] {processor.py:914} INFO - Processing file /home/airflow/.local/lib/python3.12/site-packages/airflow/example_dags/tutorial.py for tasks to queue
[2024-10-13T08:37:30.273+0000] {logging_mixin.py:190} INFO - [2024-10-13T08:37:30.273+0000] {dagbag.py:588} INFO - Filling up the DagBag from /home/airflow/.local/lib/python3.12/site-packages/airflow/example_dags/tutorial.py
[2024-10-13T08:37:30.283+0000] {processor.py:925} INFO - DAG(s) 'tutorial' retrieved from /home/airflow/.local/lib/python3.12/site-packages/airflow/example_dags/tutorial.py
[2024-10-13T08:37:30.306+0000] {logging_mixin.py:190} INFO - [2024-10-13T08:37:30.306+0000] {dag.py:3239} INFO - Sync 1 DAGs
[2024-10-13T08:37:30.331+0000] {logging_mixin.py:190} INFO - [2024-10-13T08:37:30.331+0000] {dag.py:4180} INFO - Setting next_dagrun for tutorial to 2024-10-12 00:00:00+00:00, run_after=2024-10-13 00:00:00+00:00
[2024-10-13T08:37:30.353+0000] {processor.py:208} INFO - Processing /home/airflow/.local/lib/python3.12/site-packages/airflow/example_dags/tutorial.py took 0.091 seconds
[2024-10-13T08:38:01.498+0000] {processor.py:186} INFO - Started process (PID=1655) to work on /home/airflow/.local/lib/python3.12/site-packages/airflow/example_dags/tutorial.py
[2024-10-13T08:38:01.499+0000] {processor.py:914} INFO - Processing file /home/airflow/.local/lib/python3.12/site-packages/airflow/example_dags/tutorial.py for tasks to queue
[2024-10-13T08:38:01.501+0000] {logging_mixin.py:190} INFO - [2024-10-13T08:38:01.501+0000] {dagbag.py:588} INFO - Filling up the DagBag from /home/airflow/.local/lib/python3.12/site-packages/airflow/example_dags/tutorial.py
[2024-10-13T08:38:01.509+0000] {processor.py:925} INFO - DAG(s) 'tutorial' retrieved from /home/airflow/.local/lib/python3.12/site-packages/airflow/example_dags/tutorial.py
[2024-10-13T08:38:01.526+0000] {logging_mixin.py:190} INFO - [2024-10-13T08:38:01.526+0000] {dag.py:3239} INFO - Sync 1 DAGs
[2024-10-13T08:38:01.550+0000] {logging_mixin.py:190} INFO - [2024-10-13T08:38:01.549+0000] {dag.py:4180} INFO - Setting next_dagrun for tutorial to 2024-10-12 00:00:00+00:00, run_after=2024-10-13 00:00:00+00:00
[2024-10-13T08:38:01.569+0000] {processor.py:208} INFO - Processing /home/airflow/.local/lib/python3.12/site-packages/airflow/example_dags/tutorial.py took 0.077 seconds
[2024-10-13T08:38:32.498+0000] {processor.py:186} INFO - Started process (PID=1718) to work on /home/airflow/.local/lib/python3.12/site-packages/airflow/example_dags/tutorial.py
[2024-10-13T08:38:32.499+0000] {processor.py:914} INFO - Processing file /home/airflow/.local/lib/python3.12/site-packages/airflow/example_dags/tutorial.py for tasks to queue
[2024-10-13T08:38:32.502+0000] {logging_mixin.py:190} INFO - [2024-10-13T08:38:32.502+0000] {dagbag.py:588} INFO - Filling up the DagBag from /home/airflow/.local/lib/python3.12/site-packages/airflow/example_dags/tutorial.py
[2024-10-13T08:38:32.510+0000] {processor.py:925} INFO - DAG(s) 'tutorial' retrieved from /home/airflow/.local/lib/python3.12/site-packages/airflow/example_dags/tutorial.py
[2024-10-13T08:38:32.528+0000] {logging_mixin.py:190} INFO - [2024-10-13T08:38:32.528+0000] {dag.py:3239} INFO - Sync 1 DAGs
[2024-10-13T08:38:32.552+0000] {logging_mixin.py:190} INFO - [2024-10-13T08:38:32.551+0000] {dag.py:4180} INFO - Setting next_dagrun for tutorial to 2024-10-12 00:00:00+00:00, run_after=2024-10-13 00:00:00+00:00
[2024-10-13T08:38:32.570+0000] {processor.py:208} INFO - Processing /home/airflow/.local/lib/python3.12/site-packages/airflow/example_dags/tutorial.py took 0.077 seconds
[2024-10-13T08:39:03.047+0000] {processor.py:186} INFO - Started process (PID=1781) to work on /home/airflow/.local/lib/python3.12/site-packages/airflow/example_dags/tutorial.py
[2024-10-13T08:39:03.049+0000] {processor.py:914} INFO - Processing file /home/airflow/.local/lib/python3.12/site-packages/airflow/example_dags/tutorial.py for tasks to queue
[2024-10-13T08:39:03.051+0000] {logging_mixin.py:190} INFO - [2024-10-13T08:39:03.051+0000] {dagbag.py:588} INFO - Filling up the DagBag from /home/airflow/.local/lib/python3.12/site-packages/airflow/example_dags/tutorial.py
[2024-10-13T08:39:03.059+0000] {processor.py:925} INFO - DAG(s) 'tutorial' retrieved from /home/airflow/.local/lib/python3.12/site-packages/airflow/example_dags/tutorial.py
[2024-10-13T08:39:03.078+0000] {logging_mixin.py:190} INFO - [2024-10-13T08:39:03.078+0000] {dag.py:3239} INFO - Sync 1 DAGs
[2024-10-13T08:39:03.103+0000] {logging_mixin.py:190} INFO - [2024-10-13T08:39:03.102+0000] {dag.py:4180} INFO - Setting next_dagrun for tutorial to 2024-10-12 00:00:00+00:00, run_after=2024-10-13 00:00:00+00:00
[2024-10-13T08:39:03.122+0000] {processor.py:208} INFO - Processing /home/airflow/.local/lib/python3.12/site-packages/airflow/example_dags/tutorial.py took 0.080 seconds
[2024-10-13T08:39:33.678+0000] {processor.py:186} INFO - Started process (PID=1844) to work on /home/airflow/.local/lib/python3.12/site-packages/airflow/example_dags/tutorial.py
[2024-10-13T08:39:33.679+0000] {processor.py:914} INFO - Processing file /home/airflow/.local/lib/python3.12/site-packages/airflow/example_dags/tutorial.py for tasks to queue
[2024-10-13T08:39:33.681+0000] {logging_mixin.py:190} INFO - [2024-10-13T08:39:33.681+0000] {dagbag.py:588} INFO - Filling up the DagBag from /home/airflow/.local/lib/python3.12/site-packages/airflow/example_dags/tutorial.py
[2024-10-13T08:39:33.689+0000] {processor.py:925} INFO - DAG(s) 'tutorial' retrieved from /home/airflow/.local/lib/python3.12/site-packages/airflow/example_dags/tutorial.py
[2024-10-13T08:39:33.708+0000] {logging_mixin.py:190} INFO - [2024-10-13T08:39:33.708+0000] {dag.py:3239} INFO - Sync 1 DAGs
[2024-10-13T08:39:33.729+0000] {logging_mixin.py:190} INFO - [2024-10-13T08:39:33.729+0000] {dag.py:4180} INFO - Setting next_dagrun for tutorial to 2024-10-12 00:00:00+00:00, run_after=2024-10-13 00:00:00+00:00
[2024-10-13T08:39:33.747+0000] {processor.py:208} INFO - Processing /home/airflow/.local/lib/python3.12/site-packages/airflow/example_dags/tutorial.py took 0.075 seconds
[2024-10-13T08:40:05.387+0000] {processor.py:186} INFO - Started process (PID=1907) to work on /home/airflow/.local/lib/python3.12/site-packages/airflow/example_dags/tutorial.py
[2024-10-13T08:40:05.388+0000] {processor.py:914} INFO - Processing file /home/airflow/.local/lib/python3.12/site-packages/airflow/example_dags/tutorial.py for tasks to queue
[2024-10-13T08:40:05.390+0000] {logging_mixin.py:190} INFO - [2024-10-13T08:40:05.390+0000] {dagbag.py:588} INFO - Filling up the DagBag from /home/airflow/.local/lib/python3.12/site-packages/airflow/example_dags/tutorial.py
[2024-10-13T08:40:05.398+0000] {processor.py:925} INFO - DAG(s) 'tutorial' retrieved from /home/airflow/.local/lib/python3.12/site-packages/airflow/example_dags/tutorial.py
[2024-10-13T08:40:05.416+0000] {logging_mixin.py:190} INFO - [2024-10-13T08:40:05.416+0000] {dag.py:3239} INFO - Sync 1 DAGs
[2024-10-13T08:40:05.440+0000] {logging_mixin.py:190} INFO - [2024-10-13T08:40:05.440+0000] {dag.py:4180} INFO - Setting next_dagrun for tutorial to 2024-10-12 00:00:00+00:00, run_after=2024-10-13 00:00:00+00:00
[2024-10-13T08:40:05.461+0000] {processor.py:208} INFO - Processing /home/airflow/.local/lib/python3.12/site-packages/airflow/example_dags/tutorial.py took 0.080 seconds
[2024-10-13T08:40:51.075+0000] {processor.py:186} INFO - Started process (PID=1975) to work on /home/airflow/.local/lib/python3.12/site-packages/airflow/example_dags/tutorial.py
[2024-10-13T08:40:51.078+0000] {processor.py:914} INFO - Processing file /home/airflow/.local/lib/python3.12/site-packages/airflow/example_dags/tutorial.py for tasks to queue
[2024-10-13T08:40:51.083+0000] {logging_mixin.py:190} INFO - [2024-10-13T08:40:51.082+0000] {dagbag.py:588} INFO - Filling up the DagBag from /home/airflow/.local/lib/python3.12/site-packages/airflow/example_dags/tutorial.py
[2024-10-13T08:40:51.097+0000] {processor.py:925} INFO - DAG(s) 'tutorial' retrieved from /home/airflow/.local/lib/python3.12/site-packages/airflow/example_dags/tutorial.py
[2024-10-13T08:40:51.141+0000] {logging_mixin.py:190} INFO - [2024-10-13T08:40:51.140+0000] {dag.py:3239} INFO - Sync 1 DAGs
[2024-10-13T08:40:51.195+0000] {logging_mixin.py:190} INFO - [2024-10-13T08:40:51.195+0000] {dag.py:4180} INFO - Setting next_dagrun for tutorial to 2024-10-12 00:00:00+00:00, run_after=2024-10-13 00:00:00+00:00
[2024-10-13T08:40:51.223+0000] {processor.py:208} INFO - Processing /home/airflow/.local/lib/python3.12/site-packages/airflow/example_dags/tutorial.py took 0.157 seconds
[2024-10-13T08:41:35.350+0000] {processor.py:186} INFO - Started process (PID=2044) to work on /home/airflow/.local/lib/python3.12/site-packages/airflow/example_dags/tutorial.py
[2024-10-13T08:41:35.351+0000] {processor.py:914} INFO - Processing file /home/airflow/.local/lib/python3.12/site-packages/airflow/example_dags/tutorial.py for tasks to queue
[2024-10-13T08:41:35.353+0000] {logging_mixin.py:190} INFO - [2024-10-13T08:41:35.353+0000] {dagbag.py:588} INFO - Filling up the DagBag from /home/airflow/.local/lib/python3.12/site-packages/airflow/example_dags/tutorial.py
[2024-10-13T08:41:35.362+0000] {processor.py:925} INFO - DAG(s) 'tutorial' retrieved from /home/airflow/.local/lib/python3.12/site-packages/airflow/example_dags/tutorial.py
[2024-10-13T08:41:35.384+0000] {logging_mixin.py:190} INFO - [2024-10-13T08:41:35.383+0000] {dag.py:3239} INFO - Sync 1 DAGs
[2024-10-13T08:41:35.410+0000] {logging_mixin.py:190} INFO - [2024-10-13T08:41:35.410+0000] {dag.py:4180} INFO - Setting next_dagrun for tutorial to 2024-10-12 00:00:00+00:00, run_after=2024-10-13 00:00:00+00:00
[2024-10-13T08:41:35.436+0000] {processor.py:208} INFO - Processing /home/airflow/.local/lib/python3.12/site-packages/airflow/example_dags/tutorial.py took 0.092 seconds
[2024-10-13T08:42:05.807+0000] {processor.py:186} INFO - Started process (PID=2107) to work on /home/airflow/.local/lib/python3.12/site-packages/airflow/example_dags/tutorial.py
[2024-10-13T08:42:05.809+0000] {processor.py:914} INFO - Processing file /home/airflow/.local/lib/python3.12/site-packages/airflow/example_dags/tutorial.py for tasks to queue
[2024-10-13T08:42:05.812+0000] {logging_mixin.py:190} INFO - [2024-10-13T08:42:05.812+0000] {dagbag.py:588} INFO - Filling up the DagBag from /home/airflow/.local/lib/python3.12/site-packages/airflow/example_dags/tutorial.py
[2024-10-13T08:42:05.822+0000] {processor.py:925} INFO - DAG(s) 'tutorial' retrieved from /home/airflow/.local/lib/python3.12/site-packages/airflow/example_dags/tutorial.py
[2024-10-13T08:42:05.854+0000] {logging_mixin.py:190} INFO - [2024-10-13T08:42:05.853+0000] {dag.py:3239} INFO - Sync 1 DAGs
[2024-10-13T08:42:05.885+0000] {logging_mixin.py:190} INFO - [2024-10-13T08:42:05.884+0000] {dag.py:4180} INFO - Setting next_dagrun for tutorial to 2024-10-12 00:00:00+00:00, run_after=2024-10-13 00:00:00+00:00
[2024-10-13T08:42:05.912+0000] {processor.py:208} INFO - Processing /home/airflow/.local/lib/python3.12/site-packages/airflow/example_dags/tutorial.py took 0.113 seconds
[2024-10-13T08:42:37.182+0000] {processor.py:186} INFO - Started process (PID=2170) to work on /home/airflow/.local/lib/python3.12/site-packages/airflow/example_dags/tutorial.py
[2024-10-13T08:42:37.183+0000] {processor.py:914} INFO - Processing file /home/airflow/.local/lib/python3.12/site-packages/airflow/example_dags/tutorial.py for tasks to queue
[2024-10-13T08:42:37.186+0000] {logging_mixin.py:190} INFO - [2024-10-13T08:42:37.186+0000] {dagbag.py:588} INFO - Filling up the DagBag from /home/airflow/.local/lib/python3.12/site-packages/airflow/example_dags/tutorial.py
[2024-10-13T08:42:37.196+0000] {processor.py:925} INFO - DAG(s) 'tutorial' retrieved from /home/airflow/.local/lib/python3.12/site-packages/airflow/example_dags/tutorial.py
[2024-10-13T08:42:37.224+0000] {logging_mixin.py:190} INFO - [2024-10-13T08:42:37.224+0000] {dag.py:3239} INFO - Sync 1 DAGs
[2024-10-13T08:42:37.254+0000] {logging_mixin.py:190} INFO - [2024-10-13T08:42:37.253+0000] {dag.py:4180} INFO - Setting next_dagrun for tutorial to 2024-10-12 00:00:00+00:00, run_after=2024-10-13 00:00:00+00:00
[2024-10-13T08:42:37.274+0000] {processor.py:208} INFO - Processing /home/airflow/.local/lib/python3.12/site-packages/airflow/example_dags/tutorial.py took 0.099 seconds
[2024-10-13T08:43:07.530+0000] {processor.py:186} INFO - Started process (PID=2233) to work on /home/airflow/.local/lib/python3.12/site-packages/airflow/example_dags/tutorial.py
[2024-10-13T08:43:07.531+0000] {processor.py:914} INFO - Processing file /home/airflow/.local/lib/python3.12/site-packages/airflow/example_dags/tutorial.py for tasks to queue
[2024-10-13T08:43:07.533+0000] {logging_mixin.py:190} INFO - [2024-10-13T08:43:07.533+0000] {dagbag.py:588} INFO - Filling up the DagBag from /home/airflow/.local/lib/python3.12/site-packages/airflow/example_dags/tutorial.py
[2024-10-13T08:43:07.541+0000] {processor.py:925} INFO - DAG(s) 'tutorial' retrieved from /home/airflow/.local/lib/python3.12/site-packages/airflow/example_dags/tutorial.py
[2024-10-13T08:43:07.560+0000] {logging_mixin.py:190} INFO - [2024-10-13T08:43:07.560+0000] {dag.py:3239} INFO - Sync 1 DAGs
[2024-10-13T08:43:07.585+0000] {logging_mixin.py:190} INFO - [2024-10-13T08:43:07.585+0000] {dag.py:4180} INFO - Setting next_dagrun for tutorial to 2024-10-12 00:00:00+00:00, run_after=2024-10-13 00:00:00+00:00
[2024-10-13T08:43:07.608+0000] {processor.py:208} INFO - Processing /home/airflow/.local/lib/python3.12/site-packages/airflow/example_dags/tutorial.py took 0.083 seconds
[2024-10-13T08:43:37.925+0000] {processor.py:186} INFO - Started process (PID=2296) to work on /home/airflow/.local/lib/python3.12/site-packages/airflow/example_dags/tutorial.py
[2024-10-13T08:43:37.926+0000] {processor.py:914} INFO - Processing file /home/airflow/.local/lib/python3.12/site-packages/airflow/example_dags/tutorial.py for tasks to queue
[2024-10-13T08:43:37.928+0000] {logging_mixin.py:190} INFO - [2024-10-13T08:43:37.928+0000] {dagbag.py:588} INFO - Filling up the DagBag from /home/airflow/.local/lib/python3.12/site-packages/airflow/example_dags/tutorial.py
[2024-10-13T08:43:37.937+0000] {processor.py:925} INFO - DAG(s) 'tutorial' retrieved from /home/airflow/.local/lib/python3.12/site-packages/airflow/example_dags/tutorial.py
[2024-10-13T08:43:37.960+0000] {logging_mixin.py:190} INFO - [2024-10-13T08:43:37.959+0000] {dag.py:3239} INFO - Sync 1 DAGs
[2024-10-13T08:43:37.987+0000] {logging_mixin.py:190} INFO - [2024-10-13T08:43:37.986+0000] {dag.py:4180} INFO - Setting next_dagrun for tutorial to 2024-10-12 00:00:00+00:00, run_after=2024-10-13 00:00:00+00:00
[2024-10-13T08:43:38.009+0000] {processor.py:208} INFO - Processing /home/airflow/.local/lib/python3.12/site-packages/airflow/example_dags/tutorial.py took 0.091 seconds
[2024-10-13T08:44:08.673+0000] {processor.py:186} INFO - Started process (PID=2359) to work on /home/airflow/.local/lib/python3.12/site-packages/airflow/example_dags/tutorial.py
[2024-10-13T08:44:08.675+0000] {processor.py:914} INFO - Processing file /home/airflow/.local/lib/python3.12/site-packages/airflow/example_dags/tutorial.py for tasks to queue
[2024-10-13T08:44:08.677+0000] {logging_mixin.py:190} INFO - [2024-10-13T08:44:08.677+0000] {dagbag.py:588} INFO - Filling up the DagBag from /home/airflow/.local/lib/python3.12/site-packages/airflow/example_dags/tutorial.py
[2024-10-13T08:44:08.688+0000] {processor.py:925} INFO - DAG(s) 'tutorial' retrieved from /home/airflow/.local/lib/python3.12/site-packages/airflow/example_dags/tutorial.py
[2024-10-13T08:44:08.708+0000] {logging_mixin.py:190} INFO - [2024-10-13T08:44:08.707+0000] {dag.py:3239} INFO - Sync 1 DAGs
[2024-10-13T08:44:08.730+0000] {logging_mixin.py:190} INFO - [2024-10-13T08:44:08.730+0000] {dag.py:4180} INFO - Setting next_dagrun for tutorial to 2024-10-12 00:00:00+00:00, run_after=2024-10-13 00:00:00+00:00
[2024-10-13T08:44:08.749+0000] {processor.py:208} INFO - Processing /home/airflow/.local/lib/python3.12/site-packages/airflow/example_dags/tutorial.py took 0.082 seconds
[2024-10-13T08:44:39.508+0000] {processor.py:186} INFO - Started process (PID=2423) to work on /home/airflow/.local/lib/python3.12/site-packages/airflow/example_dags/tutorial.py
[2024-10-13T08:44:39.509+0000] {processor.py:914} INFO - Processing file /home/airflow/.local/lib/python3.12/site-packages/airflow/example_dags/tutorial.py for tasks to queue
[2024-10-13T08:44:39.511+0000] {logging_mixin.py:190} INFO - [2024-10-13T08:44:39.511+0000] {dagbag.py:588} INFO - Filling up the DagBag from /home/airflow/.local/lib/python3.12/site-packages/airflow/example_dags/tutorial.py
[2024-10-13T08:44:39.519+0000] {processor.py:925} INFO - DAG(s) 'tutorial' retrieved from /home/airflow/.local/lib/python3.12/site-packages/airflow/example_dags/tutorial.py
[2024-10-13T08:44:39.538+0000] {logging_mixin.py:190} INFO - [2024-10-13T08:44:39.537+0000] {dag.py:3239} INFO - Sync 1 DAGs
[2024-10-13T08:44:39.562+0000] {logging_mixin.py:190} INFO - [2024-10-13T08:44:39.562+0000] {dag.py:4180} INFO - Setting next_dagrun for tutorial to 2024-10-12 00:00:00+00:00, run_after=2024-10-13 00:00:00+00:00
[2024-10-13T08:44:39.582+0000] {processor.py:208} INFO - Processing /home/airflow/.local/lib/python3.12/site-packages/airflow/example_dags/tutorial.py took 0.080 seconds
[2024-10-13T08:45:10.672+0000] {processor.py:186} INFO - Started process (PID=2486) to work on /home/airflow/.local/lib/python3.12/site-packages/airflow/example_dags/tutorial.py
[2024-10-13T08:45:10.674+0000] {processor.py:914} INFO - Processing file /home/airflow/.local/lib/python3.12/site-packages/airflow/example_dags/tutorial.py for tasks to queue
[2024-10-13T08:45:10.676+0000] {logging_mixin.py:190} INFO - [2024-10-13T08:45:10.675+0000] {dagbag.py:588} INFO - Filling up the DagBag from /home/airflow/.local/lib/python3.12/site-packages/airflow/example_dags/tutorial.py
[2024-10-13T08:45:10.684+0000] {processor.py:925} INFO - DAG(s) 'tutorial' retrieved from /home/airflow/.local/lib/python3.12/site-packages/airflow/example_dags/tutorial.py
[2024-10-13T08:45:10.703+0000] {logging_mixin.py:190} INFO - [2024-10-13T08:45:10.703+0000] {dag.py:3239} INFO - Sync 1 DAGs
[2024-10-13T08:45:10.727+0000] {logging_mixin.py:190} INFO - [2024-10-13T08:45:10.727+0000] {dag.py:4180} INFO - Setting next_dagrun for tutorial to 2024-10-12 00:00:00+00:00, run_after=2024-10-13 00:00:00+00:00
[2024-10-13T08:45:10.747+0000] {processor.py:208} INFO - Processing /home/airflow/.local/lib/python3.12/site-packages/airflow/example_dags/tutorial.py took 0.080 seconds
[2024-10-13T08:45:41.589+0000] {processor.py:186} INFO - Started process (PID=2549) to work on /home/airflow/.local/lib/python3.12/site-packages/airflow/example_dags/tutorial.py
[2024-10-13T08:45:41.590+0000] {processor.py:914} INFO - Processing file /home/airflow/.local/lib/python3.12/site-packages/airflow/example_dags/tutorial.py for tasks to queue
[2024-10-13T08:45:41.593+0000] {logging_mixin.py:190} INFO - [2024-10-13T08:45:41.592+0000] {dagbag.py:588} INFO - Filling up the DagBag from /home/airflow/.local/lib/python3.12/site-packages/airflow/example_dags/tutorial.py
[2024-10-13T08:45:41.602+0000] {processor.py:925} INFO - DAG(s) 'tutorial' retrieved from /home/airflow/.local/lib/python3.12/site-packages/airflow/example_dags/tutorial.py
[2024-10-13T08:45:41.622+0000] {logging_mixin.py:190} INFO - [2024-10-13T08:45:41.622+0000] {dag.py:3239} INFO - Sync 1 DAGs
[2024-10-13T08:45:41.644+0000] {logging_mixin.py:190} INFO - [2024-10-13T08:45:41.644+0000] {dag.py:4180} INFO - Setting next_dagrun for tutorial to 2024-10-12 00:00:00+00:00, run_after=2024-10-13 00:00:00+00:00
[2024-10-13T08:45:41.662+0000] {processor.py:208} INFO - Processing /home/airflow/.local/lib/python3.12/site-packages/airflow/example_dags/tutorial.py took 0.080 seconds
[2024-10-13T08:46:12.490+0000] {processor.py:186} INFO - Started process (PID=2612) to work on /home/airflow/.local/lib/python3.12/site-packages/airflow/example_dags/tutorial.py
[2024-10-13T08:46:12.491+0000] {processor.py:914} INFO - Processing file /home/airflow/.local/lib/python3.12/site-packages/airflow/example_dags/tutorial.py for tasks to queue
[2024-10-13T08:46:12.493+0000] {logging_mixin.py:190} INFO - [2024-10-13T08:46:12.493+0000] {dagbag.py:588} INFO - Filling up the DagBag from /home/airflow/.local/lib/python3.12/site-packages/airflow/example_dags/tutorial.py
[2024-10-13T08:46:12.502+0000] {processor.py:925} INFO - DAG(s) 'tutorial' retrieved from /home/airflow/.local/lib/python3.12/site-packages/airflow/example_dags/tutorial.py
[2024-10-13T08:46:12.521+0000] {logging_mixin.py:190} INFO - [2024-10-13T08:46:12.520+0000] {dag.py:3239} INFO - Sync 1 DAGs
[2024-10-13T08:46:12.547+0000] {logging_mixin.py:190} INFO - [2024-10-13T08:46:12.547+0000] {dag.py:4180} INFO - Setting next_dagrun for tutorial to 2024-10-12 00:00:00+00:00, run_after=2024-10-13 00:00:00+00:00
[2024-10-13T08:46:12.565+0000] {processor.py:208} INFO - Processing /home/airflow/.local/lib/python3.12/site-packages/airflow/example_dags/tutorial.py took 0.082 seconds
[2024-10-13T08:46:43.924+0000] {processor.py:186} INFO - Started process (PID=2675) to work on /home/airflow/.local/lib/python3.12/site-packages/airflow/example_dags/tutorial.py
[2024-10-13T08:46:43.926+0000] {processor.py:914} INFO - Processing file /home/airflow/.local/lib/python3.12/site-packages/airflow/example_dags/tutorial.py for tasks to queue
[2024-10-13T08:46:43.929+0000] {logging_mixin.py:190} INFO - [2024-10-13T08:46:43.929+0000] {dagbag.py:588} INFO - Filling up the DagBag from /home/airflow/.local/lib/python3.12/site-packages/airflow/example_dags/tutorial.py
[2024-10-13T08:46:43.939+0000] {processor.py:925} INFO - DAG(s) 'tutorial' retrieved from /home/airflow/.local/lib/python3.12/site-packages/airflow/example_dags/tutorial.py
[2024-10-13T08:46:43.963+0000] {logging_mixin.py:190} INFO - [2024-10-13T08:46:43.963+0000] {dag.py:3239} INFO - Sync 1 DAGs
[2024-10-13T08:46:43.992+0000] {logging_mixin.py:190} INFO - [2024-10-13T08:46:43.992+0000] {dag.py:4180} INFO - Setting next_dagrun for tutorial to 2024-10-12 00:00:00+00:00, run_after=2024-10-13 00:00:00+00:00
[2024-10-13T08:46:44.018+0000] {processor.py:208} INFO - Processing /home/airflow/.local/lib/python3.12/site-packages/airflow/example_dags/tutorial.py took 0.102 seconds
[2024-10-13T08:47:15.053+0000] {processor.py:186} INFO - Started process (PID=2739) to work on /home/airflow/.local/lib/python3.12/site-packages/airflow/example_dags/tutorial.py
[2024-10-13T08:47:15.054+0000] {processor.py:914} INFO - Processing file /home/airflow/.local/lib/python3.12/site-packages/airflow/example_dags/tutorial.py for tasks to queue
[2024-10-13T08:47:15.056+0000] {logging_mixin.py:190} INFO - [2024-10-13T08:47:15.056+0000] {dagbag.py:588} INFO - Filling up the DagBag from /home/airflow/.local/lib/python3.12/site-packages/airflow/example_dags/tutorial.py
[2024-10-13T08:47:15.065+0000] {processor.py:925} INFO - DAG(s) 'tutorial' retrieved from /home/airflow/.local/lib/python3.12/site-packages/airflow/example_dags/tutorial.py
[2024-10-13T08:47:15.087+0000] {logging_mixin.py:190} INFO - [2024-10-13T08:47:15.087+0000] {dag.py:3239} INFO - Sync 1 DAGs
[2024-10-13T08:47:15.111+0000] {logging_mixin.py:190} INFO - [2024-10-13T08:47:15.111+0000] {dag.py:4180} INFO - Setting next_dagrun for tutorial to 2024-10-12 00:00:00+00:00, run_after=2024-10-13 00:00:00+00:00
[2024-10-13T08:47:15.136+0000] {processor.py:208} INFO - Processing /home/airflow/.local/lib/python3.12/site-packages/airflow/example_dags/tutorial.py took 0.089 seconds
[2024-10-13T08:47:45.929+0000] {processor.py:186} INFO - Started process (PID=2802) to work on /home/airflow/.local/lib/python3.12/site-packages/airflow/example_dags/tutorial.py
[2024-10-13T08:47:45.930+0000] {processor.py:914} INFO - Processing file /home/airflow/.local/lib/python3.12/site-packages/airflow/example_dags/tutorial.py for tasks to queue
[2024-10-13T08:47:45.932+0000] {logging_mixin.py:190} INFO - [2024-10-13T08:47:45.932+0000] {dagbag.py:588} INFO - Filling up the DagBag from /home/airflow/.local/lib/python3.12/site-packages/airflow/example_dags/tutorial.py
[2024-10-13T08:47:45.941+0000] {processor.py:925} INFO - DAG(s) 'tutorial' retrieved from /home/airflow/.local/lib/python3.12/site-packages/airflow/example_dags/tutorial.py
[2024-10-13T08:47:45.966+0000] {logging_mixin.py:190} INFO - [2024-10-13T08:47:45.966+0000] {dag.py:3239} INFO - Sync 1 DAGs
[2024-10-13T08:47:46.000+0000] {logging_mixin.py:190} INFO - [2024-10-13T08:47:46.000+0000] {dag.py:4180} INFO - Setting next_dagrun for tutorial to 2024-10-12 00:00:00+00:00, run_after=2024-10-13 00:00:00+00:00
[2024-10-13T08:47:46.020+0000] {processor.py:208} INFO - Processing /home/airflow/.local/lib/python3.12/site-packages/airflow/example_dags/tutorial.py took 0.098 seconds
[2024-10-13T08:48:16.936+0000] {processor.py:186} INFO - Started process (PID=2866) to work on /home/airflow/.local/lib/python3.12/site-packages/airflow/example_dags/tutorial.py
[2024-10-13T08:48:16.937+0000] {processor.py:914} INFO - Processing file /home/airflow/.local/lib/python3.12/site-packages/airflow/example_dags/tutorial.py for tasks to queue
[2024-10-13T08:48:16.939+0000] {logging_mixin.py:190} INFO - [2024-10-13T08:48:16.939+0000] {dagbag.py:588} INFO - Filling up the DagBag from /home/airflow/.local/lib/python3.12/site-packages/airflow/example_dags/tutorial.py
[2024-10-13T08:48:16.948+0000] {processor.py:925} INFO - DAG(s) 'tutorial' retrieved from /home/airflow/.local/lib/python3.12/site-packages/airflow/example_dags/tutorial.py
[2024-10-13T08:48:16.965+0000] {logging_mixin.py:190} INFO - [2024-10-13T08:48:16.965+0000] {dag.py:3239} INFO - Sync 1 DAGs
[2024-10-13T08:48:16.987+0000] {logging_mixin.py:190} INFO - [2024-10-13T08:48:16.987+0000] {dag.py:4180} INFO - Setting next_dagrun for tutorial to 2024-10-12 00:00:00+00:00, run_after=2024-10-13 00:00:00+00:00
[2024-10-13T08:48:17.008+0000] {processor.py:208} INFO - Processing /home/airflow/.local/lib/python3.12/site-packages/airflow/example_dags/tutorial.py took 0.077 seconds
[2024-10-13T08:48:48.097+0000] {processor.py:186} INFO - Started process (PID=2929) to work on /home/airflow/.local/lib/python3.12/site-packages/airflow/example_dags/tutorial.py
[2024-10-13T08:48:48.099+0000] {processor.py:914} INFO - Processing file /home/airflow/.local/lib/python3.12/site-packages/airflow/example_dags/tutorial.py for tasks to queue
[2024-10-13T08:48:48.101+0000] {logging_mixin.py:190} INFO - [2024-10-13T08:48:48.101+0000] {dagbag.py:588} INFO - Filling up the DagBag from /home/airflow/.local/lib/python3.12/site-packages/airflow/example_dags/tutorial.py
[2024-10-13T08:48:48.109+0000] {processor.py:925} INFO - DAG(s) 'tutorial' retrieved from /home/airflow/.local/lib/python3.12/site-packages/airflow/example_dags/tutorial.py
[2024-10-13T08:48:48.127+0000] {logging_mixin.py:190} INFO - [2024-10-13T08:48:48.127+0000] {dag.py:3239} INFO - Sync 1 DAGs
[2024-10-13T08:48:48.149+0000] {logging_mixin.py:190} INFO - [2024-10-13T08:48:48.149+0000] {dag.py:4180} INFO - Setting next_dagrun for tutorial to 2024-10-12 00:00:00+00:00, run_after=2024-10-13 00:00:00+00:00
[2024-10-13T08:48:48.171+0000] {processor.py:208} INFO - Processing /home/airflow/.local/lib/python3.12/site-packages/airflow/example_dags/tutorial.py took 0.079 seconds
[2024-10-13T08:49:19.343+0000] {processor.py:186} INFO - Started process (PID=2992) to work on /home/airflow/.local/lib/python3.12/site-packages/airflow/example_dags/tutorial.py
[2024-10-13T08:49:19.344+0000] {processor.py:914} INFO - Processing file /home/airflow/.local/lib/python3.12/site-packages/airflow/example_dags/tutorial.py for tasks to queue
[2024-10-13T08:49:19.347+0000] {logging_mixin.py:190} INFO - [2024-10-13T08:49:19.347+0000] {dagbag.py:588} INFO - Filling up the DagBag from /home/airflow/.local/lib/python3.12/site-packages/airflow/example_dags/tutorial.py
[2024-10-13T08:49:19.356+0000] {processor.py:925} INFO - DAG(s) 'tutorial' retrieved from /home/airflow/.local/lib/python3.12/site-packages/airflow/example_dags/tutorial.py
[2024-10-13T08:49:19.379+0000] {logging_mixin.py:190} INFO - [2024-10-13T08:49:19.379+0000] {dag.py:3239} INFO - Sync 1 DAGs
[2024-10-13T08:49:19.408+0000] {logging_mixin.py:190} INFO - [2024-10-13T08:49:19.407+0000] {dag.py:4180} INFO - Setting next_dagrun for tutorial to 2024-10-12 00:00:00+00:00, run_after=2024-10-13 00:00:00+00:00
[2024-10-13T08:49:19.432+0000] {processor.py:208} INFO - Processing /home/airflow/.local/lib/python3.12/site-packages/airflow/example_dags/tutorial.py took 0.095 seconds
[2024-10-13T08:49:50.697+0000] {processor.py:186} INFO - Started process (PID=3055) to work on /home/airflow/.local/lib/python3.12/site-packages/airflow/example_dags/tutorial.py
[2024-10-13T08:49:50.698+0000] {processor.py:914} INFO - Processing file /home/airflow/.local/lib/python3.12/site-packages/airflow/example_dags/tutorial.py for tasks to queue
[2024-10-13T08:49:50.701+0000] {logging_mixin.py:190} INFO - [2024-10-13T08:49:50.700+0000] {dagbag.py:588} INFO - Filling up the DagBag from /home/airflow/.local/lib/python3.12/site-packages/airflow/example_dags/tutorial.py
[2024-10-13T08:49:50.708+0000] {processor.py:925} INFO - DAG(s) 'tutorial' retrieved from /home/airflow/.local/lib/python3.12/site-packages/airflow/example_dags/tutorial.py
[2024-10-13T08:49:50.726+0000] {logging_mixin.py:190} INFO - [2024-10-13T08:49:50.725+0000] {dag.py:3239} INFO - Sync 1 DAGs
[2024-10-13T08:49:50.748+0000] {logging_mixin.py:190} INFO - [2024-10-13T08:49:50.748+0000] {dag.py:4180} INFO - Setting next_dagrun for tutorial to 2024-10-12 00:00:00+00:00, run_after=2024-10-13 00:00:00+00:00
[2024-10-13T08:49:50.766+0000] {processor.py:208} INFO - Processing /home/airflow/.local/lib/python3.12/site-packages/airflow/example_dags/tutorial.py took 0.076 seconds
[2024-10-13T08:50:21.838+0000] {processor.py:186} INFO - Started process (PID=3118) to work on /home/airflow/.local/lib/python3.12/site-packages/airflow/example_dags/tutorial.py
[2024-10-13T08:50:21.839+0000] {processor.py:914} INFO - Processing file /home/airflow/.local/lib/python3.12/site-packages/airflow/example_dags/tutorial.py for tasks to queue
[2024-10-13T08:50:21.842+0000] {logging_mixin.py:190} INFO - [2024-10-13T08:50:21.841+0000] {dagbag.py:588} INFO - Filling up the DagBag from /home/airflow/.local/lib/python3.12/site-packages/airflow/example_dags/tutorial.py
[2024-10-13T08:50:21.849+0000] {processor.py:925} INFO - DAG(s) 'tutorial' retrieved from /home/airflow/.local/lib/python3.12/site-packages/airflow/example_dags/tutorial.py
[2024-10-13T08:50:21.867+0000] {logging_mixin.py:190} INFO - [2024-10-13T08:50:21.867+0000] {dag.py:3239} INFO - Sync 1 DAGs
[2024-10-13T08:50:21.892+0000] {logging_mixin.py:190} INFO - [2024-10-13T08:50:21.892+0000] {dag.py:4180} INFO - Setting next_dagrun for tutorial to 2024-10-12 00:00:00+00:00, run_after=2024-10-13 00:00:00+00:00
[2024-10-13T08:50:21.911+0000] {processor.py:208} INFO - Processing /home/airflow/.local/lib/python3.12/site-packages/airflow/example_dags/tutorial.py took 0.078 seconds
[2024-10-13T08:50:53.260+0000] {processor.py:186} INFO - Started process (PID=3181) to work on /home/airflow/.local/lib/python3.12/site-packages/airflow/example_dags/tutorial.py
[2024-10-13T08:50:53.261+0000] {processor.py:914} INFO - Processing file /home/airflow/.local/lib/python3.12/site-packages/airflow/example_dags/tutorial.py for tasks to queue
[2024-10-13T08:50:53.263+0000] {logging_mixin.py:190} INFO - [2024-10-13T08:50:53.263+0000] {dagbag.py:588} INFO - Filling up the DagBag from /home/airflow/.local/lib/python3.12/site-packages/airflow/example_dags/tutorial.py
[2024-10-13T08:50:53.274+0000] {processor.py:925} INFO - DAG(s) 'tutorial' retrieved from /home/airflow/.local/lib/python3.12/site-packages/airflow/example_dags/tutorial.py
[2024-10-13T08:50:53.295+0000] {logging_mixin.py:190} INFO - [2024-10-13T08:50:53.295+0000] {dag.py:3239} INFO - Sync 1 DAGs
[2024-10-13T08:50:53.322+0000] {logging_mixin.py:190} INFO - [2024-10-13T08:50:53.322+0000] {dag.py:4180} INFO - Setting next_dagrun for tutorial to 2024-10-12 00:00:00+00:00, run_after=2024-10-13 00:00:00+00:00
[2024-10-13T08:50:53.342+0000] {processor.py:208} INFO - Processing /home/airflow/.local/lib/python3.12/site-packages/airflow/example_dags/tutorial.py took 0.088 seconds
[2024-10-13T08:51:24.917+0000] {processor.py:186} INFO - Started process (PID=3244) to work on /home/airflow/.local/lib/python3.12/site-packages/airflow/example_dags/tutorial.py
[2024-10-13T08:51:24.919+0000] {processor.py:914} INFO - Processing file /home/airflow/.local/lib/python3.12/site-packages/airflow/example_dags/tutorial.py for tasks to queue
[2024-10-13T08:51:24.921+0000] {logging_mixin.py:190} INFO - [2024-10-13T08:51:24.920+0000] {dagbag.py:588} INFO - Filling up the DagBag from /home/airflow/.local/lib/python3.12/site-packages/airflow/example_dags/tutorial.py
[2024-10-13T08:51:24.929+0000] {processor.py:925} INFO - DAG(s) 'tutorial' retrieved from /home/airflow/.local/lib/python3.12/site-packages/airflow/example_dags/tutorial.py
[2024-10-13T08:51:24.949+0000] {logging_mixin.py:190} INFO - [2024-10-13T08:51:24.948+0000] {dag.py:3239} INFO - Sync 1 DAGs
[2024-10-13T08:51:24.972+0000] {logging_mixin.py:190} INFO - [2024-10-13T08:51:24.972+0000] {dag.py:4180} INFO - Setting next_dagrun for tutorial to 2024-10-12 00:00:00+00:00, run_after=2024-10-13 00:00:00+00:00
[2024-10-13T08:51:25.139+0000] {processor.py:208} INFO - Processing /home/airflow/.local/lib/python3.12/site-packages/airflow/example_dags/tutorial.py took 0.227 seconds
[2024-10-13T08:51:55.828+0000] {processor.py:186} INFO - Started process (PID=3307) to work on /home/airflow/.local/lib/python3.12/site-packages/airflow/example_dags/tutorial.py
[2024-10-13T08:51:55.830+0000] {processor.py:914} INFO - Processing file /home/airflow/.local/lib/python3.12/site-packages/airflow/example_dags/tutorial.py for tasks to queue
[2024-10-13T08:51:55.832+0000] {logging_mixin.py:190} INFO - [2024-10-13T08:51:55.831+0000] {dagbag.py:588} INFO - Filling up the DagBag from /home/airflow/.local/lib/python3.12/site-packages/airflow/example_dags/tutorial.py
[2024-10-13T08:51:55.840+0000] {processor.py:925} INFO - DAG(s) 'tutorial' retrieved from /home/airflow/.local/lib/python3.12/site-packages/airflow/example_dags/tutorial.py
[2024-10-13T08:51:55.857+0000] {logging_mixin.py:190} INFO - [2024-10-13T08:51:55.857+0000] {dag.py:3239} INFO - Sync 1 DAGs
[2024-10-13T08:51:55.881+0000] {logging_mixin.py:190} INFO - [2024-10-13T08:51:55.881+0000] {dag.py:4180} INFO - Setting next_dagrun for tutorial to 2024-10-12 00:00:00+00:00, run_after=2024-10-13 00:00:00+00:00
[2024-10-13T08:51:55.899+0000] {processor.py:208} INFO - Processing /home/airflow/.local/lib/python3.12/site-packages/airflow/example_dags/tutorial.py took 0.076 seconds
[2024-10-13T08:52:26.891+0000] {processor.py:186} INFO - Started process (PID=3370) to work on /home/airflow/.local/lib/python3.12/site-packages/airflow/example_dags/tutorial.py
[2024-10-13T08:52:26.892+0000] {processor.py:914} INFO - Processing file /home/airflow/.local/lib/python3.12/site-packages/airflow/example_dags/tutorial.py for tasks to queue
[2024-10-13T08:52:26.895+0000] {logging_mixin.py:190} INFO - [2024-10-13T08:52:26.894+0000] {dagbag.py:588} INFO - Filling up the DagBag from /home/airflow/.local/lib/python3.12/site-packages/airflow/example_dags/tutorial.py
[2024-10-13T08:52:26.902+0000] {processor.py:925} INFO - DAG(s) 'tutorial' retrieved from /home/airflow/.local/lib/python3.12/site-packages/airflow/example_dags/tutorial.py
[2024-10-13T08:52:26.920+0000] {logging_mixin.py:190} INFO - [2024-10-13T08:52:26.920+0000] {dag.py:3239} INFO - Sync 1 DAGs
[2024-10-13T08:52:26.945+0000] {logging_mixin.py:190} INFO - [2024-10-13T08:52:26.945+0000] {dag.py:4180} INFO - Setting next_dagrun for tutorial to 2024-10-12 00:00:00+00:00, run_after=2024-10-13 00:00:00+00:00
[2024-10-13T08:52:26.966+0000] {processor.py:208} INFO - Processing /home/airflow/.local/lib/python3.12/site-packages/airflow/example_dags/tutorial.py took 0.081 seconds
[2024-10-13T08:52:58.132+0000] {processor.py:186} INFO - Started process (PID=3433) to work on /home/airflow/.local/lib/python3.12/site-packages/airflow/example_dags/tutorial.py
[2024-10-13T08:52:58.135+0000] {processor.py:914} INFO - Processing file /home/airflow/.local/lib/python3.12/site-packages/airflow/example_dags/tutorial.py for tasks to queue
[2024-10-13T08:52:58.138+0000] {logging_mixin.py:190} INFO - [2024-10-13T08:52:58.138+0000] {dagbag.py:588} INFO - Filling up the DagBag from /home/airflow/.local/lib/python3.12/site-packages/airflow/example_dags/tutorial.py
[2024-10-13T08:52:58.148+0000] {processor.py:925} INFO - DAG(s) 'tutorial' retrieved from /home/airflow/.local/lib/python3.12/site-packages/airflow/example_dags/tutorial.py
[2024-10-13T08:52:58.170+0000] {logging_mixin.py:190} INFO - [2024-10-13T08:52:58.170+0000] {dag.py:3239} INFO - Sync 1 DAGs
[2024-10-13T08:52:58.197+0000] {logging_mixin.py:190} INFO - [2024-10-13T08:52:58.197+0000] {dag.py:4180} INFO - Setting next_dagrun for tutorial to 2024-10-12 00:00:00+00:00, run_after=2024-10-13 00:00:00+00:00
[2024-10-13T08:52:58.220+0000] {processor.py:208} INFO - Processing /home/airflow/.local/lib/python3.12/site-packages/airflow/example_dags/tutorial.py took 0.094 seconds
