[2024-10-13T08:41:16.053+0000] {local_task_job_runner.py:123} INFO - ::group::Pre task execution logs
[2024-10-13T08:41:16.072+0000] {taskinstance.py:2612} INFO - Dependencies all met for dep_context=non-requeueable deps ti=<TaskInstance: crypto_pipeline.store_task manual__2024-10-13T08:32:56.381472+00:00 [queued]>
[2024-10-13T08:41:16.080+0000] {taskinstance.py:2612} INFO - Dependencies all met for dep_context=requeueable deps ti=<TaskInstance: crypto_pipeline.store_task manual__2024-10-13T08:32:56.381472+00:00 [queued]>
[2024-10-13T08:41:16.080+0000] {taskinstance.py:2865} INFO - Starting attempt 1 of 2
[2024-10-13T08:41:16.094+0000] {taskinstance.py:2888} INFO - Executing <Task(_PythonDecoratedOperator): store_task> on 2024-10-13 08:32:56.381472+00:00
[2024-10-13T08:41:16.101+0000] {warnings.py:112} WARNING - /home/***/.local/lib/python3.12/site-packages/***/task/task_runner/standard_task_runner.py:70: DeprecationWarning: This process (pid=283) is multi-threaded, use of fork() may lead to deadlocks in the child.
  pid = os.fork()

[2024-10-13T08:41:16.102+0000] {standard_task_runner.py:72} INFO - Started process 285 to run task
[2024-10-13T08:41:16.103+0000] {standard_task_runner.py:104} INFO - Running: ['***', 'tasks', 'run', 'crypto_pipeline', 'store_task', 'manual__2024-10-13T08:32:56.381472+00:00', '--job-id', '16', '--raw', '--subdir', 'DAGS_FOLDER/crypto_dag.py', '--cfg-path', '/tmp/tmpba9hn2h2']
[2024-10-13T08:41:16.104+0000] {standard_task_runner.py:105} INFO - Job 16: Subtask store_task
[2024-10-13T08:41:16.155+0000] {task_command.py:467} INFO - Running <TaskInstance: crypto_pipeline.store_task manual__2024-10-13T08:32:56.381472+00:00 [running]> on host 6211324b1b0c
[2024-10-13T08:41:16.246+0000] {taskinstance.py:3131} INFO - Exporting env vars: AIRFLOW_CTX_DAG_OWNER='***' AIRFLOW_CTX_DAG_ID='crypto_pipeline' AIRFLOW_CTX_TASK_ID='store_task' AIRFLOW_CTX_EXECUTION_DATE='2024-10-13T08:32:56.381472+00:00' AIRFLOW_CTX_TRY_NUMBER='1' AIRFLOW_CTX_DAG_RUN_ID='manual__2024-10-13T08:32:56.381472+00:00'
[2024-10-13T08:41:16.247+0000] {logging_mixin.py:190} INFO - Task instance is in running state
[2024-10-13T08:41:16.247+0000] {logging_mixin.py:190} INFO -  Previous state of the Task instance: queued
[2024-10-13T08:41:16.247+0000] {logging_mixin.py:190} INFO - Current task name:store_task state:running start_date:2024-10-13 08:41:16.072673+00:00
[2024-10-13T08:41:16.248+0000] {logging_mixin.py:190} INFO - Dag name:crypto_pipeline and current dag run status:running
[2024-10-13T08:41:16.248+0000] {taskinstance.py:731} INFO - ::endgroup::
[2024-10-13T08:41:16.249+0000] {crypto_dag.py:42} INFO - Storing cryptocurrency data in the database...
[2024-10-13T08:41:16.280+0000] {python.py:240} INFO - Done. Returned value was: None
[2024-10-13T08:41:16.289+0000] {taskinstance.py:340} INFO - ::group::Post task execution logs
[2024-10-13T08:41:16.290+0000] {taskinstance.py:352} INFO - Marking task as SUCCESS. dag_id=crypto_pipeline, task_id=store_task, run_id=manual__2024-10-13T08:32:56.381472+00:00, execution_date=20241013T083256, start_date=20241013T084116, end_date=20241013T084116
[2024-10-13T08:41:16.300+0000] {logging_mixin.py:190} INFO - Task instance in success state
[2024-10-13T08:41:16.300+0000] {logging_mixin.py:190} INFO -  Previous state of the Task instance: running
[2024-10-13T08:41:16.300+0000] {logging_mixin.py:190} INFO - Dag name:crypto_pipeline queued_at:2024-10-13 08:41:04.217924+00:00
[2024-10-13T08:41:16.301+0000] {logging_mixin.py:190} INFO - Task hostname:6211324b1b0c operator:_PythonDecoratedOperator
[2024-10-13T08:41:16.318+0000] {local_task_job_runner.py:266} INFO - Task exited with return code 0
[2024-10-13T08:41:16.332+0000] {taskinstance.py:3900} INFO - 0 downstream tasks scheduled from follow-on schedule check
[2024-10-13T08:41:16.335+0000] {local_task_job_runner.py:245} INFO - ::endgroup::
