[2024-10-13T08:41:13.023+0000] {local_task_job_runner.py:123} INFO - ::group::Pre task execution logs
[2024-10-13T08:41:13.041+0000] {taskinstance.py:2612} INFO - Dependencies all met for dep_context=non-requeueable deps ti=<TaskInstance: crypto_pipeline.transform_task manual__2024-10-13T08:32:56.381472+00:00 [queued]>
[2024-10-13T08:41:13.048+0000] {taskinstance.py:2612} INFO - Dependencies all met for dep_context=requeueable deps ti=<TaskInstance: crypto_pipeline.transform_task manual__2024-10-13T08:32:56.381472+00:00 [queued]>
[2024-10-13T08:41:13.049+0000] {taskinstance.py:2865} INFO - Starting attempt 1 of 2
[2024-10-13T08:41:13.066+0000] {taskinstance.py:2888} INFO - Executing <Task(_PythonDecoratedOperator): transform_task> on 2024-10-13 08:32:56.381472+00:00
[2024-10-13T08:41:13.074+0000] {warnings.py:112} WARNING - /home/***/.local/lib/python3.12/site-packages/***/task/task_runner/standard_task_runner.py:70: DeprecationWarning: This process (pid=279) is multi-threaded, use of fork() may lead to deadlocks in the child.
  pid = os.fork()

[2024-10-13T08:41:13.075+0000] {standard_task_runner.py:72} INFO - Started process 281 to run task
[2024-10-13T08:41:13.076+0000] {standard_task_runner.py:104} INFO - Running: ['***', 'tasks', 'run', 'crypto_pipeline', 'transform_task', 'manual__2024-10-13T08:32:56.381472+00:00', '--job-id', '15', '--raw', '--subdir', 'DAGS_FOLDER/crypto_dag.py', '--cfg-path', '/tmp/tmpepvcvihg']
[2024-10-13T08:41:13.077+0000] {standard_task_runner.py:105} INFO - Job 15: Subtask transform_task
[2024-10-13T08:41:13.126+0000] {task_command.py:467} INFO - Running <TaskInstance: crypto_pipeline.transform_task manual__2024-10-13T08:32:56.381472+00:00 [running]> on host 6211324b1b0c
[2024-10-13T08:41:13.393+0000] {taskinstance.py:3131} INFO - Exporting env vars: AIRFLOW_CTX_DAG_OWNER='***' AIRFLOW_CTX_DAG_ID='crypto_pipeline' AIRFLOW_CTX_TASK_ID='transform_task' AIRFLOW_CTX_EXECUTION_DATE='2024-10-13T08:32:56.381472+00:00' AIRFLOW_CTX_TRY_NUMBER='1' AIRFLOW_CTX_DAG_RUN_ID='manual__2024-10-13T08:32:56.381472+00:00'
[2024-10-13T08:41:13.394+0000] {logging_mixin.py:190} INFO - Task instance is in running state
[2024-10-13T08:41:13.394+0000] {logging_mixin.py:190} INFO -  Previous state of the Task instance: queued
[2024-10-13T08:41:13.394+0000] {logging_mixin.py:190} INFO - Current task name:transform_task state:running start_date:2024-10-13 08:41:13.041506+00:00
[2024-10-13T08:41:13.395+0000] {logging_mixin.py:190} INFO - Dag name:crypto_pipeline and current dag run status:running
[2024-10-13T08:41:13.395+0000] {taskinstance.py:731} INFO - ::endgroup::
[2024-10-13T08:41:13.395+0000] {crypto_dag.py:36} INFO - Transforming cryptocurrency data...
[2024-10-13T08:41:13.398+0000] {python.py:240} INFO - Done. Returned value was: [{'id': 1, 'name': 'Bitcoin', 'symbol': 'BTC', 'rank': 1, 'slug': 'bitcoin', 'is_active': 1, 'first_historical_data': '2010-07-13T00:05:00.000Z', 'last_historical_data': '2024-10-13T08:20:00.000Z'}, {'id': 1027, 'name': 'Ethereum', 'symbol': 'ETH', 'rank': 2, 'slug': 'ethereum', 'is_active': 1, 'first_historical_data': '2015-08-07T14:45:00.000Z', 'last_historical_data': '2024-10-13T08:20:00.000Z'}, {'id': 825, 'name': 'Tether USDt', 'symbol': 'USDT', 'rank': 3, 'slug': 'tether', 'is_active': 1, 'first_historical_data': '2015-02-25T13:30:00.000Z', 'last_historical_data': '2024-10-13T08:20:00.000Z'}, {'id': 1839, 'name': 'BNB', 'symbol': 'BNB', 'rank': 4, 'slug': 'bnb', 'is_active': 1, 'first_historical_data': '2017-07-25T04:30:00.000Z', 'last_historical_data': '2024-10-13T08:20:00.000Z'}, {'id': 5426, 'name': 'Solana', 'symbol': 'SOL', 'rank': 5, 'slug': 'solana', 'is_active': 1, 'first_historical_data': '2020-04-10T04:55:00.000Z', 'last_historical_data': '2024-10-13T08:20:00.000Z'}, {'id': 3408, 'name': 'USDC', 'symbol': 'USDC', 'rank': 6, 'slug': 'usd-coin', 'is_active': 1, 'first_historical_data': '2018-10-08T18:45:00.000Z', 'last_historical_data': '2024-10-13T08:20:00.000Z'}, {'id': 52, 'name': 'XRP', 'symbol': 'XRP', 'rank': 7, 'slug': 'xrp', 'is_active': 1, 'first_historical_data': '2013-08-04T18:50:00.000Z', 'last_historical_data': '2024-10-13T08:20:00.000Z'}, {'id': 74, 'name': 'Dogecoin', 'symbol': 'DOGE', 'rank': 8, 'slug': 'dogecoin', 'is_active': 1, 'first_historical_data': '2013-12-15T14:40:00.000Z', 'last_historical_data': '2024-10-13T08:20:00.000Z'}, {'id': 1958, 'name': 'TRON', 'symbol': 'TRX', 'rank': 9, 'slug': 'tron', 'is_active': 1, 'first_historical_data': '2017-09-13T01:15:00.000Z', 'last_historical_data': '2024-10-13T08:20:00.000Z'}, {'id': 11419, 'name': 'Toncoin', 'symbol': 'TON', 'rank': 10, 'slug': 'toncoin', 'is_active': 1, 'first_historical_data': '2021-08-26T14:00:00.000Z', 'last_historical_data': '2024-10-13T08:25:00.000Z'}]
[2024-10-13T08:41:13.420+0000] {taskinstance.py:340} INFO - ::group::Post task execution logs
[2024-10-13T08:41:13.421+0000] {taskinstance.py:352} INFO - Marking task as SUCCESS. dag_id=crypto_pipeline, task_id=transform_task, run_id=manual__2024-10-13T08:32:56.381472+00:00, execution_date=20241013T083256, start_date=20241013T084113, end_date=20241013T084113
[2024-10-13T08:41:13.433+0000] {logging_mixin.py:190} INFO - Task instance in success state
[2024-10-13T08:41:13.433+0000] {logging_mixin.py:190} INFO -  Previous state of the Task instance: running
[2024-10-13T08:41:13.433+0000] {logging_mixin.py:190} INFO - Dag name:crypto_pipeline queued_at:2024-10-13 08:41:04.217924+00:00
[2024-10-13T08:41:13.433+0000] {logging_mixin.py:190} INFO - Task hostname:6211324b1b0c operator:_PythonDecoratedOperator
[2024-10-13T08:41:13.450+0000] {local_task_job_runner.py:266} INFO - Task exited with return code 0
[2024-10-13T08:41:13.471+0000] {taskinstance.py:3900} INFO - 1 downstream tasks scheduled from follow-on schedule check
[2024-10-13T08:41:13.475+0000] {local_task_job_runner.py:245} INFO - ::endgroup::
