[2024-10-13T08:25:11.478+0000] {processor.py:186} INFO - Started process (PID=36) to work on /opt/airflow/dags/crypto_dag.py
[2024-10-13T08:25:11.479+0000] {processor.py:914} INFO - Processing file /opt/airflow/dags/crypto_dag.py for tasks to queue
[2024-10-13T08:25:11.483+0000] {logging_mixin.py:190} INFO - [2024-10-13T08:25:11.482+0000] {dagbag.py:588} INFO - Filling up the DagBag from /opt/airflow/dags/crypto_dag.py
[2024-10-13T08:25:11.525+0000] {processor.py:925} INFO - DAG(s) 'crypto_pipeline' retrieved from /opt/airflow/dags/crypto_dag.py
[2024-10-13T08:25:11.597+0000] {logging_mixin.py:190} INFO - [2024-10-13T08:25:11.596+0000] {dag.py:3239} INFO - Sync 1 DAGs
[2024-10-13T08:25:11.645+0000] {logging_mixin.py:190} INFO - [2024-10-13T08:25:11.645+0000] {dag.py:4180} INFO - Setting next_dagrun for crypto_pipeline to 2024-10-13 07:00:00+00:00, run_after=2024-10-13 08:00:00+00:00
[2024-10-13T08:25:11.677+0000] {processor.py:208} INFO - Processing /opt/airflow/dags/crypto_dag.py took 0.208 seconds
[2024-10-13T08:25:42.056+0000] {processor.py:186} INFO - Started process (PID=99) to work on /opt/airflow/dags/crypto_dag.py
[2024-10-13T08:25:42.057+0000] {processor.py:914} INFO - Processing file /opt/airflow/dags/crypto_dag.py for tasks to queue
[2024-10-13T08:25:42.059+0000] {logging_mixin.py:190} INFO - [2024-10-13T08:25:42.059+0000] {dagbag.py:588} INFO - Filling up the DagBag from /opt/airflow/dags/crypto_dag.py
[2024-10-13T08:25:42.076+0000] {processor.py:925} INFO - DAG(s) 'crypto_pipeline' retrieved from /opt/airflow/dags/crypto_dag.py
[2024-10-13T08:25:42.096+0000] {logging_mixin.py:190} INFO - [2024-10-13T08:25:42.095+0000] {dag.py:3239} INFO - Sync 1 DAGs
[2024-10-13T08:25:42.120+0000] {logging_mixin.py:190} INFO - [2024-10-13T08:25:42.120+0000] {dag.py:4180} INFO - Setting next_dagrun for crypto_pipeline to 2024-10-13 08:00:00+00:00, run_after=2024-10-13 09:00:00+00:00
[2024-10-13T08:25:42.137+0000] {processor.py:208} INFO - Processing /opt/airflow/dags/crypto_dag.py took 0.087 seconds
[2024-10-13T08:26:12.611+0000] {processor.py:186} INFO - Started process (PID=162) to work on /opt/airflow/dags/crypto_dag.py
[2024-10-13T08:26:12.612+0000] {processor.py:914} INFO - Processing file /opt/airflow/dags/crypto_dag.py for tasks to queue
[2024-10-13T08:26:12.614+0000] {logging_mixin.py:190} INFO - [2024-10-13T08:26:12.614+0000] {dagbag.py:588} INFO - Filling up the DagBag from /opt/airflow/dags/crypto_dag.py
[2024-10-13T08:26:12.630+0000] {processor.py:925} INFO - DAG(s) 'crypto_pipeline' retrieved from /opt/airflow/dags/crypto_dag.py
[2024-10-13T08:26:12.651+0000] {logging_mixin.py:190} INFO - [2024-10-13T08:26:12.650+0000] {dag.py:3239} INFO - Sync 1 DAGs
[2024-10-13T08:26:12.684+0000] {logging_mixin.py:190} INFO - [2024-10-13T08:26:12.683+0000] {dag.py:4180} INFO - Setting next_dagrun for crypto_pipeline to 2024-10-13 08:00:00+00:00, run_after=2024-10-13 09:00:00+00:00
[2024-10-13T08:26:12.700+0000] {processor.py:208} INFO - Processing /opt/airflow/dags/crypto_dag.py took 0.095 seconds
[2024-10-13T08:26:42.986+0000] {processor.py:186} INFO - Started process (PID=225) to work on /opt/airflow/dags/crypto_dag.py
[2024-10-13T08:26:42.987+0000] {processor.py:914} INFO - Processing file /opt/airflow/dags/crypto_dag.py for tasks to queue
[2024-10-13T08:26:42.994+0000] {logging_mixin.py:190} INFO - [2024-10-13T08:26:42.992+0000] {dagbag.py:588} INFO - Filling up the DagBag from /opt/airflow/dags/crypto_dag.py
[2024-10-13T08:26:43.031+0000] {processor.py:925} INFO - DAG(s) 'crypto_pipeline' retrieved from /opt/airflow/dags/crypto_dag.py
[2024-10-13T08:26:43.058+0000] {logging_mixin.py:190} INFO - [2024-10-13T08:26:43.058+0000] {dag.py:3239} INFO - Sync 1 DAGs
[2024-10-13T08:26:43.110+0000] {logging_mixin.py:190} INFO - [2024-10-13T08:26:43.110+0000] {dag.py:4180} INFO - Setting next_dagrun for crypto_pipeline to 2024-10-13 08:00:00+00:00, run_after=2024-10-13 09:00:00+00:00
[2024-10-13T08:26:43.143+0000] {processor.py:208} INFO - Processing /opt/airflow/dags/crypto_dag.py took 0.165 seconds
[2024-10-13T08:27:13.325+0000] {processor.py:186} INFO - Started process (PID=288) to work on /opt/airflow/dags/crypto_dag.py
[2024-10-13T08:27:13.326+0000] {processor.py:914} INFO - Processing file /opt/airflow/dags/crypto_dag.py for tasks to queue
[2024-10-13T08:27:13.328+0000] {logging_mixin.py:190} INFO - [2024-10-13T08:27:13.328+0000] {dagbag.py:588} INFO - Filling up the DagBag from /opt/airflow/dags/crypto_dag.py
[2024-10-13T08:27:13.345+0000] {processor.py:925} INFO - DAG(s) 'crypto_pipeline' retrieved from /opt/airflow/dags/crypto_dag.py
[2024-10-13T08:27:13.369+0000] {logging_mixin.py:190} INFO - [2024-10-13T08:27:13.368+0000] {dag.py:3239} INFO - Sync 1 DAGs
[2024-10-13T08:27:13.395+0000] {logging_mixin.py:190} INFO - [2024-10-13T08:27:13.395+0000] {dag.py:4180} INFO - Setting next_dagrun for crypto_pipeline to 2024-10-13 08:00:00+00:00, run_after=2024-10-13 09:00:00+00:00
[2024-10-13T08:27:13.418+0000] {processor.py:208} INFO - Processing /opt/airflow/dags/crypto_dag.py took 0.098 seconds
[2024-10-13T08:27:27.008+0000] {processor.py:186} INFO - Started process (PID=351) to work on /opt/airflow/dags/crypto_dag.py
[2024-10-13T08:27:27.009+0000] {processor.py:914} INFO - Processing file /opt/airflow/dags/crypto_dag.py for tasks to queue
[2024-10-13T08:27:27.012+0000] {logging_mixin.py:190} INFO - [2024-10-13T08:27:27.012+0000] {dagbag.py:588} INFO - Filling up the DagBag from /opt/airflow/dags/crypto_dag.py
[2024-10-13T08:27:27.030+0000] {processor.py:925} INFO - DAG(s) 'crypto_pipeline' retrieved from /opt/airflow/dags/crypto_dag.py
[2024-10-13T08:27:27.143+0000] {logging_mixin.py:190} INFO - [2024-10-13T08:27:27.142+0000] {dag.py:3239} INFO - Sync 1 DAGs
[2024-10-13T08:27:27.167+0000] {logging_mixin.py:190} INFO - [2024-10-13T08:27:27.167+0000] {dag.py:4180} INFO - Setting next_dagrun for crypto_pipeline to 2024-10-13 08:00:00+00:00, run_after=2024-10-13 09:00:00+00:00
[2024-10-13T08:27:27.188+0000] {processor.py:208} INFO - Processing /opt/airflow/dags/crypto_dag.py took 0.187 seconds
[2024-10-13T08:27:57.212+0000] {processor.py:186} INFO - Started process (PID=414) to work on /opt/airflow/dags/crypto_dag.py
[2024-10-13T08:27:57.213+0000] {processor.py:914} INFO - Processing file /opt/airflow/dags/crypto_dag.py for tasks to queue
[2024-10-13T08:27:57.215+0000] {logging_mixin.py:190} INFO - [2024-10-13T08:27:57.215+0000] {dagbag.py:588} INFO - Filling up the DagBag from /opt/airflow/dags/crypto_dag.py
[2024-10-13T08:27:57.231+0000] {processor.py:925} INFO - DAG(s) 'crypto_pipeline' retrieved from /opt/airflow/dags/crypto_dag.py
[2024-10-13T08:27:57.253+0000] {logging_mixin.py:190} INFO - [2024-10-13T08:27:57.253+0000] {dag.py:3239} INFO - Sync 1 DAGs
[2024-10-13T08:27:57.276+0000] {logging_mixin.py:190} INFO - [2024-10-13T08:27:57.276+0000] {dag.py:4180} INFO - Setting next_dagrun for crypto_pipeline to 2024-10-13 08:00:00+00:00, run_after=2024-10-13 09:00:00+00:00
[2024-10-13T08:27:57.293+0000] {processor.py:208} INFO - Processing /opt/airflow/dags/crypto_dag.py took 0.087 seconds
[2024-10-13T08:28:27.532+0000] {processor.py:186} INFO - Started process (PID=477) to work on /opt/airflow/dags/crypto_dag.py
[2024-10-13T08:28:27.533+0000] {processor.py:914} INFO - Processing file /opt/airflow/dags/crypto_dag.py for tasks to queue
[2024-10-13T08:28:27.536+0000] {logging_mixin.py:190} INFO - [2024-10-13T08:28:27.535+0000] {dagbag.py:588} INFO - Filling up the DagBag from /opt/airflow/dags/crypto_dag.py
[2024-10-13T08:28:27.550+0000] {processor.py:925} INFO - DAG(s) 'crypto_pipeline' retrieved from /opt/airflow/dags/crypto_dag.py
[2024-10-13T08:28:27.568+0000] {logging_mixin.py:190} INFO - [2024-10-13T08:28:27.567+0000] {dag.py:3239} INFO - Sync 1 DAGs
[2024-10-13T08:28:27.592+0000] {logging_mixin.py:190} INFO - [2024-10-13T08:28:27.592+0000] {dag.py:4180} INFO - Setting next_dagrun for crypto_pipeline to 2024-10-13 08:00:00+00:00, run_after=2024-10-13 09:00:00+00:00
[2024-10-13T08:28:27.611+0000] {processor.py:208} INFO - Processing /opt/airflow/dags/crypto_dag.py took 0.085 seconds
[2024-10-13T08:28:57.827+0000] {processor.py:186} INFO - Started process (PID=540) to work on /opt/airflow/dags/crypto_dag.py
[2024-10-13T08:28:57.828+0000] {processor.py:914} INFO - Processing file /opt/airflow/dags/crypto_dag.py for tasks to queue
[2024-10-13T08:28:57.830+0000] {logging_mixin.py:190} INFO - [2024-10-13T08:28:57.830+0000] {dagbag.py:588} INFO - Filling up the DagBag from /opt/airflow/dags/crypto_dag.py
[2024-10-13T08:28:57.843+0000] {processor.py:925} INFO - DAG(s) 'crypto_pipeline' retrieved from /opt/airflow/dags/crypto_dag.py
[2024-10-13T08:28:57.860+0000] {logging_mixin.py:190} INFO - [2024-10-13T08:28:57.860+0000] {dag.py:3239} INFO - Sync 1 DAGs
[2024-10-13T08:28:57.883+0000] {logging_mixin.py:190} INFO - [2024-10-13T08:28:57.883+0000] {dag.py:4180} INFO - Setting next_dagrun for crypto_pipeline to 2024-10-13 08:00:00+00:00, run_after=2024-10-13 09:00:00+00:00
[2024-10-13T08:28:57.900+0000] {processor.py:208} INFO - Processing /opt/airflow/dags/crypto_dag.py took 0.078 seconds
[2024-10-13T08:29:28.422+0000] {processor.py:186} INFO - Started process (PID=603) to work on /opt/airflow/dags/crypto_dag.py
[2024-10-13T08:29:28.423+0000] {processor.py:914} INFO - Processing file /opt/airflow/dags/crypto_dag.py for tasks to queue
[2024-10-13T08:29:28.426+0000] {logging_mixin.py:190} INFO - [2024-10-13T08:29:28.426+0000] {dagbag.py:588} INFO - Filling up the DagBag from /opt/airflow/dags/crypto_dag.py
[2024-10-13T08:29:28.442+0000] {processor.py:925} INFO - DAG(s) 'crypto_pipeline' retrieved from /opt/airflow/dags/crypto_dag.py
[2024-10-13T08:29:28.462+0000] {logging_mixin.py:190} INFO - [2024-10-13T08:29:28.462+0000] {dag.py:3239} INFO - Sync 1 DAGs
[2024-10-13T08:29:28.486+0000] {logging_mixin.py:190} INFO - [2024-10-13T08:29:28.486+0000] {dag.py:4180} INFO - Setting next_dagrun for crypto_pipeline to 2024-10-13 08:00:00+00:00, run_after=2024-10-13 09:00:00+00:00
[2024-10-13T08:29:28.505+0000] {processor.py:208} INFO - Processing /opt/airflow/dags/crypto_dag.py took 0.089 seconds
[2024-10-13T08:29:58.894+0000] {processor.py:186} INFO - Started process (PID=666) to work on /opt/airflow/dags/crypto_dag.py
[2024-10-13T08:29:58.895+0000] {processor.py:914} INFO - Processing file /opt/airflow/dags/crypto_dag.py for tasks to queue
[2024-10-13T08:29:58.898+0000] {logging_mixin.py:190} INFO - [2024-10-13T08:29:58.898+0000] {dagbag.py:588} INFO - Filling up the DagBag from /opt/airflow/dags/crypto_dag.py
[2024-10-13T08:29:58.914+0000] {processor.py:925} INFO - DAG(s) 'crypto_pipeline' retrieved from /opt/airflow/dags/crypto_dag.py
[2024-10-13T08:29:58.931+0000] {logging_mixin.py:190} INFO - [2024-10-13T08:29:58.930+0000] {dag.py:3239} INFO - Sync 1 DAGs
[2024-10-13T08:29:58.959+0000] {logging_mixin.py:190} INFO - [2024-10-13T08:29:58.959+0000] {dag.py:4180} INFO - Setting next_dagrun for crypto_pipeline to 2024-10-13 08:00:00+00:00, run_after=2024-10-13 09:00:00+00:00
[2024-10-13T08:29:58.987+0000] {processor.py:208} INFO - Processing /opt/airflow/dags/crypto_dag.py took 0.099 seconds
[2024-10-13T08:30:29.447+0000] {processor.py:186} INFO - Started process (PID=733) to work on /opt/airflow/dags/crypto_dag.py
[2024-10-13T08:30:29.448+0000] {processor.py:914} INFO - Processing file /opt/airflow/dags/crypto_dag.py for tasks to queue
[2024-10-13T08:30:29.450+0000] {logging_mixin.py:190} INFO - [2024-10-13T08:30:29.450+0000] {dagbag.py:588} INFO - Filling up the DagBag from /opt/airflow/dags/crypto_dag.py
[2024-10-13T08:30:29.465+0000] {processor.py:925} INFO - DAG(s) 'crypto_pipeline' retrieved from /opt/airflow/dags/crypto_dag.py
[2024-10-13T08:30:29.483+0000] {logging_mixin.py:190} INFO - [2024-10-13T08:30:29.482+0000] {dag.py:3239} INFO - Sync 1 DAGs
[2024-10-13T08:30:29.507+0000] {logging_mixin.py:190} INFO - [2024-10-13T08:30:29.507+0000] {dag.py:4180} INFO - Setting next_dagrun for crypto_pipeline to 2024-10-13 08:00:00+00:00, run_after=2024-10-13 09:00:00+00:00
[2024-10-13T08:30:29.529+0000] {processor.py:208} INFO - Processing /opt/airflow/dags/crypto_dag.py took 0.087 seconds
[2024-10-13T08:30:59.850+0000] {processor.py:186} INFO - Started process (PID=796) to work on /opt/airflow/dags/crypto_dag.py
[2024-10-13T08:30:59.852+0000] {processor.py:914} INFO - Processing file /opt/airflow/dags/crypto_dag.py for tasks to queue
[2024-10-13T08:30:59.858+0000] {logging_mixin.py:190} INFO - [2024-10-13T08:30:59.857+0000] {dagbag.py:588} INFO - Filling up the DagBag from /opt/airflow/dags/crypto_dag.py
[2024-10-13T08:30:59.876+0000] {processor.py:925} INFO - DAG(s) 'crypto_pipeline' retrieved from /opt/airflow/dags/crypto_dag.py
[2024-10-13T08:30:59.896+0000] {logging_mixin.py:190} INFO - [2024-10-13T08:30:59.896+0000] {dag.py:3239} INFO - Sync 1 DAGs
[2024-10-13T08:30:59.922+0000] {logging_mixin.py:190} INFO - [2024-10-13T08:30:59.922+0000] {dag.py:4180} INFO - Setting next_dagrun for crypto_pipeline to 2024-10-13 08:00:00+00:00, run_after=2024-10-13 09:00:00+00:00
[2024-10-13T08:30:59.940+0000] {processor.py:208} INFO - Processing /opt/airflow/dags/crypto_dag.py took 0.098 seconds
[2024-10-13T08:31:05.904+0000] {processor.py:186} INFO - Started process (PID=797) to work on /opt/airflow/dags/crypto_dag.py
[2024-10-13T08:31:05.905+0000] {processor.py:914} INFO - Processing file /opt/airflow/dags/crypto_dag.py for tasks to queue
[2024-10-13T08:31:05.907+0000] {logging_mixin.py:190} INFO - [2024-10-13T08:31:05.907+0000] {dagbag.py:588} INFO - Filling up the DagBag from /opt/airflow/dags/crypto_dag.py
[2024-10-13T08:31:05.921+0000] {processor.py:925} INFO - DAG(s) 'crypto_pipeline' retrieved from /opt/airflow/dags/crypto_dag.py
[2024-10-13T08:31:05.940+0000] {logging_mixin.py:190} INFO - [2024-10-13T08:31:05.939+0000] {dag.py:3239} INFO - Sync 1 DAGs
[2024-10-13T08:31:05.963+0000] {logging_mixin.py:190} INFO - [2024-10-13T08:31:05.963+0000] {dag.py:4180} INFO - Setting next_dagrun for crypto_pipeline to 2024-10-13 08:00:00+00:00, run_after=2024-10-13 09:00:00+00:00
[2024-10-13T08:31:05.985+0000] {processor.py:208} INFO - Processing /opt/airflow/dags/crypto_dag.py took 0.086 seconds
[2024-10-13T08:31:08.000+0000] {processor.py:186} INFO - Started process (PID=798) to work on /opt/airflow/dags/crypto_dag.py
[2024-10-13T08:31:08.001+0000] {processor.py:914} INFO - Processing file /opt/airflow/dags/crypto_dag.py for tasks to queue
[2024-10-13T08:31:08.003+0000] {logging_mixin.py:190} INFO - [2024-10-13T08:31:08.003+0000] {dagbag.py:588} INFO - Filling up the DagBag from /opt/airflow/dags/crypto_dag.py
[2024-10-13T08:31:08.018+0000] {processor.py:925} INFO - DAG(s) 'crypto_pipeline' retrieved from /opt/airflow/dags/crypto_dag.py
[2024-10-13T08:31:08.035+0000] {logging_mixin.py:190} INFO - [2024-10-13T08:31:08.034+0000] {dag.py:3239} INFO - Sync 1 DAGs
[2024-10-13T08:31:08.062+0000] {logging_mixin.py:190} INFO - [2024-10-13T08:31:08.062+0000] {dag.py:4180} INFO - Setting next_dagrun for crypto_pipeline to 2024-10-13 08:00:00+00:00, run_after=2024-10-13 09:00:00+00:00
[2024-10-13T08:31:08.084+0000] {processor.py:208} INFO - Processing /opt/airflow/dags/crypto_dag.py took 0.090 seconds
[2024-10-13T08:31:11.118+0000] {processor.py:186} INFO - Started process (PID=799) to work on /opt/airflow/dags/crypto_dag.py
[2024-10-13T08:31:11.119+0000] {processor.py:914} INFO - Processing file /opt/airflow/dags/crypto_dag.py for tasks to queue
[2024-10-13T08:31:11.121+0000] {logging_mixin.py:190} INFO - [2024-10-13T08:31:11.121+0000] {dagbag.py:588} INFO - Filling up the DagBag from /opt/airflow/dags/crypto_dag.py
[2024-10-13T08:31:11.135+0000] {processor.py:925} INFO - DAG(s) 'crypto_pipeline' retrieved from /opt/airflow/dags/crypto_dag.py
[2024-10-13T08:31:11.154+0000] {logging_mixin.py:190} INFO - [2024-10-13T08:31:11.154+0000] {dag.py:3239} INFO - Sync 1 DAGs
[2024-10-13T08:31:11.179+0000] {logging_mixin.py:190} INFO - [2024-10-13T08:31:11.179+0000] {dag.py:4180} INFO - Setting next_dagrun for crypto_pipeline to 2024-10-13 08:00:00+00:00, run_after=2024-10-13 09:00:00+00:00
[2024-10-13T08:31:11.199+0000] {processor.py:208} INFO - Processing /opt/airflow/dags/crypto_dag.py took 0.087 seconds
[2024-10-13T08:31:21.261+0000] {processor.py:186} INFO - Started process (PID=823) to work on /opt/airflow/dags/crypto_dag.py
[2024-10-13T08:31:21.263+0000] {processor.py:914} INFO - Processing file /opt/airflow/dags/crypto_dag.py for tasks to queue
[2024-10-13T08:31:21.265+0000] {logging_mixin.py:190} INFO - [2024-10-13T08:31:21.265+0000] {dagbag.py:588} INFO - Filling up the DagBag from /opt/airflow/dags/crypto_dag.py
[2024-10-13T08:31:21.280+0000] {processor.py:925} INFO - DAG(s) 'crypto_pipeline' retrieved from /opt/airflow/dags/crypto_dag.py
[2024-10-13T08:31:21.300+0000] {logging_mixin.py:190} INFO - [2024-10-13T08:31:21.299+0000] {dag.py:3239} INFO - Sync 1 DAGs
[2024-10-13T08:31:21.325+0000] {logging_mixin.py:190} INFO - [2024-10-13T08:31:21.325+0000] {dag.py:4180} INFO - Setting next_dagrun for crypto_pipeline to 2024-10-13 08:00:00+00:00, run_after=2024-10-13 09:00:00+00:00
[2024-10-13T08:31:21.343+0000] {processor.py:208} INFO - Processing /opt/airflow/dags/crypto_dag.py took 0.088 seconds
[2024-10-13T08:31:36.698+0000] {processor.py:186} INFO - Started process (PID=863) to work on /opt/airflow/dags/crypto_dag.py
[2024-10-13T08:31:36.698+0000] {processor.py:914} INFO - Processing file /opt/airflow/dags/crypto_dag.py for tasks to queue
[2024-10-13T08:31:36.700+0000] {logging_mixin.py:190} INFO - [2024-10-13T08:31:36.700+0000] {dagbag.py:588} INFO - Filling up the DagBag from /opt/airflow/dags/crypto_dag.py
[2024-10-13T08:31:36.705+0000] {logging_mixin.py:190} INFO - [2024-10-13T08:31:36.703+0000] {dagbag.py:387} ERROR - Failed to import: /opt/airflow/dags/crypto_dag.py
Traceback (most recent call last):
  File "/home/airflow/.local/lib/python3.12/site-packages/airflow/models/dagbag.py", line 383, in parse
    loader.exec_module(new_module)
  File "<frozen importlib._bootstrap_external>", line 991, in exec_module
  File "<frozen importlib._bootstrap_external>", line 1129, in get_code
  File "<frozen importlib._bootstrap_external>", line 1059, in source_to_code
  File "<frozen importlib._bootstrap>", line 488, in _call_with_frames_removed
  File "/opt/airflow/dags/crypto_dag.py", line 41
    logging.info("Storing cryptocurrency data in the database...")
IndentationError: unexpected indent
[2024-10-13T08:31:36.705+0000] {processor.py:927} WARNING - No viable dags retrieved from /opt/airflow/dags/crypto_dag.py
[2024-10-13T08:31:36.729+0000] {processor.py:208} INFO - Processing /opt/airflow/dags/crypto_dag.py took 0.037 seconds
[2024-10-13T08:31:37.733+0000] {processor.py:186} INFO - Started process (PID=864) to work on /opt/airflow/dags/crypto_dag.py
[2024-10-13T08:31:37.733+0000] {processor.py:914} INFO - Processing file /opt/airflow/dags/crypto_dag.py for tasks to queue
[2024-10-13T08:31:37.735+0000] {logging_mixin.py:190} INFO - [2024-10-13T08:31:37.735+0000] {dagbag.py:588} INFO - Filling up the DagBag from /opt/airflow/dags/crypto_dag.py
[2024-10-13T08:31:37.751+0000] {processor.py:925} INFO - DAG(s) 'crypto_pipeline' retrieved from /opt/airflow/dags/crypto_dag.py
[2024-10-13T08:31:37.770+0000] {logging_mixin.py:190} INFO - [2024-10-13T08:31:37.769+0000] {dag.py:3239} INFO - Sync 1 DAGs
[2024-10-13T08:31:37.794+0000] {logging_mixin.py:190} INFO - [2024-10-13T08:31:37.794+0000] {dag.py:4180} INFO - Setting next_dagrun for crypto_pipeline to 2024-10-13 08:00:00+00:00, run_after=2024-10-13 09:00:00+00:00
[2024-10-13T08:31:37.816+0000] {processor.py:208} INFO - Processing /opt/airflow/dags/crypto_dag.py took 0.089 seconds
[2024-10-13T08:31:39.768+0000] {processor.py:186} INFO - Started process (PID=865) to work on /opt/airflow/dags/crypto_dag.py
[2024-10-13T08:31:39.769+0000] {processor.py:914} INFO - Processing file /opt/airflow/dags/crypto_dag.py for tasks to queue
[2024-10-13T08:31:39.771+0000] {logging_mixin.py:190} INFO - [2024-10-13T08:31:39.771+0000] {dagbag.py:588} INFO - Filling up the DagBag from /opt/airflow/dags/crypto_dag.py
[2024-10-13T08:31:39.785+0000] {processor.py:925} INFO - DAG(s) 'crypto_pipeline' retrieved from /opt/airflow/dags/crypto_dag.py
[2024-10-13T08:31:39.805+0000] {logging_mixin.py:190} INFO - [2024-10-13T08:31:39.804+0000] {dag.py:3239} INFO - Sync 1 DAGs
[2024-10-13T08:31:39.828+0000] {logging_mixin.py:190} INFO - [2024-10-13T08:31:39.827+0000] {dag.py:4180} INFO - Setting next_dagrun for crypto_pipeline to 2024-10-13 08:00:00+00:00, run_after=2024-10-13 09:00:00+00:00
[2024-10-13T08:31:39.848+0000] {processor.py:208} INFO - Processing /opt/airflow/dags/crypto_dag.py took 0.088 seconds
[2024-10-13T08:31:42.862+0000] {processor.py:186} INFO - Started process (PID=866) to work on /opt/airflow/dags/crypto_dag.py
[2024-10-13T08:31:42.863+0000] {processor.py:914} INFO - Processing file /opt/airflow/dags/crypto_dag.py for tasks to queue
[2024-10-13T08:31:42.865+0000] {logging_mixin.py:190} INFO - [2024-10-13T08:31:42.865+0000] {dagbag.py:588} INFO - Filling up the DagBag from /opt/airflow/dags/crypto_dag.py
[2024-10-13T08:31:42.879+0000] {processor.py:925} INFO - DAG(s) 'crypto_pipeline' retrieved from /opt/airflow/dags/crypto_dag.py
[2024-10-13T08:31:42.896+0000] {logging_mixin.py:190} INFO - [2024-10-13T08:31:42.896+0000] {dag.py:3239} INFO - Sync 1 DAGs
[2024-10-13T08:31:42.921+0000] {logging_mixin.py:190} INFO - [2024-10-13T08:31:42.921+0000] {dag.py:4180} INFO - Setting next_dagrun for crypto_pipeline to 2024-10-13 08:00:00+00:00, run_after=2024-10-13 09:00:00+00:00
[2024-10-13T08:31:42.940+0000] {processor.py:208} INFO - Processing /opt/airflow/dags/crypto_dag.py took 0.084 seconds
[2024-10-13T08:32:13.681+0000] {processor.py:186} INFO - Started process (PID=929) to work on /opt/airflow/dags/crypto_dag.py
[2024-10-13T08:32:13.682+0000] {processor.py:914} INFO - Processing file /opt/airflow/dags/crypto_dag.py for tasks to queue
[2024-10-13T08:32:13.685+0000] {logging_mixin.py:190} INFO - [2024-10-13T08:32:13.684+0000] {dagbag.py:588} INFO - Filling up the DagBag from /opt/airflow/dags/crypto_dag.py
[2024-10-13T08:32:13.700+0000] {processor.py:925} INFO - DAG(s) 'crypto_pipeline' retrieved from /opt/airflow/dags/crypto_dag.py
[2024-10-13T08:32:13.721+0000] {logging_mixin.py:190} INFO - [2024-10-13T08:32:13.720+0000] {dag.py:3239} INFO - Sync 1 DAGs
[2024-10-13T08:32:13.751+0000] {logging_mixin.py:190} INFO - [2024-10-13T08:32:13.750+0000] {dag.py:4180} INFO - Setting next_dagrun for crypto_pipeline to 2024-10-13 08:00:00+00:00, run_after=2024-10-13 09:00:00+00:00
[2024-10-13T08:32:13.771+0000] {processor.py:208} INFO - Processing /opt/airflow/dags/crypto_dag.py took 0.096 seconds
[2024-10-13T08:32:44.144+0000] {processor.py:186} INFO - Started process (PID=992) to work on /opt/airflow/dags/crypto_dag.py
[2024-10-13T08:32:44.145+0000] {processor.py:914} INFO - Processing file /opt/airflow/dags/crypto_dag.py for tasks to queue
[2024-10-13T08:32:44.147+0000] {logging_mixin.py:190} INFO - [2024-10-13T08:32:44.147+0000] {dagbag.py:588} INFO - Filling up the DagBag from /opt/airflow/dags/crypto_dag.py
[2024-10-13T08:32:44.161+0000] {processor.py:925} INFO - DAG(s) 'crypto_pipeline' retrieved from /opt/airflow/dags/crypto_dag.py
[2024-10-13T08:32:44.178+0000] {logging_mixin.py:190} INFO - [2024-10-13T08:32:44.178+0000] {dag.py:3239} INFO - Sync 1 DAGs
[2024-10-13T08:32:44.201+0000] {logging_mixin.py:190} INFO - [2024-10-13T08:32:44.201+0000] {dag.py:4180} INFO - Setting next_dagrun for crypto_pipeline to 2024-10-13 08:00:00+00:00, run_after=2024-10-13 09:00:00+00:00
[2024-10-13T08:32:44.218+0000] {processor.py:208} INFO - Processing /opt/airflow/dags/crypto_dag.py took 0.079 seconds
[2024-10-13T08:33:14.735+0000] {processor.py:186} INFO - Started process (PID=1055) to work on /opt/airflow/dags/crypto_dag.py
[2024-10-13T08:33:14.737+0000] {processor.py:914} INFO - Processing file /opt/airflow/dags/crypto_dag.py for tasks to queue
[2024-10-13T08:33:14.739+0000] {logging_mixin.py:190} INFO - [2024-10-13T08:33:14.739+0000] {dagbag.py:588} INFO - Filling up the DagBag from /opt/airflow/dags/crypto_dag.py
[2024-10-13T08:33:14.756+0000] {processor.py:925} INFO - DAG(s) 'crypto_pipeline' retrieved from /opt/airflow/dags/crypto_dag.py
[2024-10-13T08:33:14.777+0000] {logging_mixin.py:190} INFO - [2024-10-13T08:33:14.776+0000] {dag.py:3239} INFO - Sync 1 DAGs
[2024-10-13T08:33:14.802+0000] {logging_mixin.py:190} INFO - [2024-10-13T08:33:14.802+0000] {dag.py:4180} INFO - Setting next_dagrun for crypto_pipeline to 2024-10-13 08:00:00+00:00, run_after=2024-10-13 09:00:00+00:00
[2024-10-13T08:33:14.820+0000] {processor.py:208} INFO - Processing /opt/airflow/dags/crypto_dag.py took 0.091 seconds
[2024-10-13T08:33:45.184+0000] {processor.py:186} INFO - Started process (PID=1118) to work on /opt/airflow/dags/crypto_dag.py
[2024-10-13T08:33:45.185+0000] {processor.py:914} INFO - Processing file /opt/airflow/dags/crypto_dag.py for tasks to queue
[2024-10-13T08:33:45.187+0000] {logging_mixin.py:190} INFO - [2024-10-13T08:33:45.187+0000] {dagbag.py:588} INFO - Filling up the DagBag from /opt/airflow/dags/crypto_dag.py
[2024-10-13T08:33:45.201+0000] {processor.py:925} INFO - DAG(s) 'crypto_pipeline' retrieved from /opt/airflow/dags/crypto_dag.py
[2024-10-13T08:33:45.221+0000] {logging_mixin.py:190} INFO - [2024-10-13T08:33:45.220+0000] {dag.py:3239} INFO - Sync 1 DAGs
[2024-10-13T08:33:45.258+0000] {logging_mixin.py:190} INFO - [2024-10-13T08:33:45.258+0000] {dag.py:4180} INFO - Setting next_dagrun for crypto_pipeline to 2024-10-13 08:00:00+00:00, run_after=2024-10-13 09:00:00+00:00
[2024-10-13T08:33:45.285+0000] {processor.py:208} INFO - Processing /opt/airflow/dags/crypto_dag.py took 0.105 seconds
[2024-10-13T08:34:15.593+0000] {processor.py:186} INFO - Started process (PID=1181) to work on /opt/airflow/dags/crypto_dag.py
[2024-10-13T08:34:15.594+0000] {processor.py:914} INFO - Processing file /opt/airflow/dags/crypto_dag.py for tasks to queue
[2024-10-13T08:34:15.597+0000] {logging_mixin.py:190} INFO - [2024-10-13T08:34:15.597+0000] {dagbag.py:588} INFO - Filling up the DagBag from /opt/airflow/dags/crypto_dag.py
[2024-10-13T08:34:15.612+0000] {processor.py:925} INFO - DAG(s) 'crypto_pipeline' retrieved from /opt/airflow/dags/crypto_dag.py
[2024-10-13T08:34:15.631+0000] {logging_mixin.py:190} INFO - [2024-10-13T08:34:15.631+0000] {dag.py:3239} INFO - Sync 1 DAGs
[2024-10-13T08:34:15.658+0000] {logging_mixin.py:190} INFO - [2024-10-13T08:34:15.658+0000] {dag.py:4180} INFO - Setting next_dagrun for crypto_pipeline to 2024-10-13 08:00:00+00:00, run_after=2024-10-13 09:00:00+00:00
[2024-10-13T08:34:15.680+0000] {processor.py:208} INFO - Processing /opt/airflow/dags/crypto_dag.py took 0.093 seconds
[2024-10-13T08:34:46.040+0000] {processor.py:186} INFO - Started process (PID=1244) to work on /opt/airflow/dags/crypto_dag.py
[2024-10-13T08:34:46.041+0000] {processor.py:914} INFO - Processing file /opt/airflow/dags/crypto_dag.py for tasks to queue
[2024-10-13T08:34:46.043+0000] {logging_mixin.py:190} INFO - [2024-10-13T08:34:46.043+0000] {dagbag.py:588} INFO - Filling up the DagBag from /opt/airflow/dags/crypto_dag.py
[2024-10-13T08:34:46.057+0000] {processor.py:925} INFO - DAG(s) 'crypto_pipeline' retrieved from /opt/airflow/dags/crypto_dag.py
[2024-10-13T08:34:46.074+0000] {logging_mixin.py:190} INFO - [2024-10-13T08:34:46.074+0000] {dag.py:3239} INFO - Sync 1 DAGs
[2024-10-13T08:34:46.098+0000] {logging_mixin.py:190} INFO - [2024-10-13T08:34:46.098+0000] {dag.py:4180} INFO - Setting next_dagrun for crypto_pipeline to 2024-10-13 08:00:00+00:00, run_after=2024-10-13 09:00:00+00:00
[2024-10-13T08:34:46.116+0000] {processor.py:208} INFO - Processing /opt/airflow/dags/crypto_dag.py took 0.081 seconds
[2024-10-13T08:35:16.305+0000] {processor.py:186} INFO - Started process (PID=1307) to work on /opt/airflow/dags/crypto_dag.py
[2024-10-13T08:35:16.307+0000] {processor.py:914} INFO - Processing file /opt/airflow/dags/crypto_dag.py for tasks to queue
[2024-10-13T08:35:16.311+0000] {logging_mixin.py:190} INFO - [2024-10-13T08:35:16.310+0000] {dagbag.py:588} INFO - Filling up the DagBag from /opt/airflow/dags/crypto_dag.py
[2024-10-13T08:35:16.365+0000] {processor.py:925} INFO - DAG(s) 'crypto_pipeline' retrieved from /opt/airflow/dags/crypto_dag.py
[2024-10-13T08:35:16.439+0000] {logging_mixin.py:190} INFO - [2024-10-13T08:35:16.439+0000] {dag.py:3239} INFO - Sync 1 DAGs
[2024-10-13T08:35:16.486+0000] {logging_mixin.py:190} INFO - [2024-10-13T08:35:16.486+0000] {dag.py:4180} INFO - Setting next_dagrun for crypto_pipeline to 2024-10-13 08:00:00+00:00, run_after=2024-10-13 09:00:00+00:00
[2024-10-13T08:35:16.520+0000] {processor.py:208} INFO - Processing /opt/airflow/dags/crypto_dag.py took 0.225 seconds
[2024-10-13T08:35:47.347+0000] {processor.py:186} INFO - Started process (PID=1370) to work on /opt/airflow/dags/crypto_dag.py
[2024-10-13T08:35:47.348+0000] {processor.py:914} INFO - Processing file /opt/airflow/dags/crypto_dag.py for tasks to queue
[2024-10-13T08:35:47.353+0000] {logging_mixin.py:190} INFO - [2024-10-13T08:35:47.351+0000] {dagbag.py:588} INFO - Filling up the DagBag from /opt/airflow/dags/crypto_dag.py
[2024-10-13T08:35:47.399+0000] {processor.py:925} INFO - DAG(s) 'crypto_pipeline' retrieved from /opt/airflow/dags/crypto_dag.py
[2024-10-13T08:35:47.491+0000] {logging_mixin.py:190} INFO - [2024-10-13T08:35:47.490+0000] {dag.py:3239} INFO - Sync 1 DAGs
[2024-10-13T08:35:47.521+0000] {logging_mixin.py:190} INFO - [2024-10-13T08:35:47.520+0000] {dag.py:4180} INFO - Setting next_dagrun for crypto_pipeline to 2024-10-13 08:00:00+00:00, run_after=2024-10-13 09:00:00+00:00
[2024-10-13T08:35:47.540+0000] {processor.py:208} INFO - Processing /opt/airflow/dags/crypto_dag.py took 0.204 seconds
[2024-10-13T08:36:18.260+0000] {processor.py:186} INFO - Started process (PID=1439) to work on /opt/airflow/dags/crypto_dag.py
[2024-10-13T08:36:18.262+0000] {processor.py:914} INFO - Processing file /opt/airflow/dags/crypto_dag.py for tasks to queue
[2024-10-13T08:36:18.264+0000] {logging_mixin.py:190} INFO - [2024-10-13T08:36:18.264+0000] {dagbag.py:588} INFO - Filling up the DagBag from /opt/airflow/dags/crypto_dag.py
[2024-10-13T08:36:18.305+0000] {processor.py:925} INFO - DAG(s) 'crypto_pipeline' retrieved from /opt/airflow/dags/crypto_dag.py
[2024-10-13T08:36:18.367+0000] {logging_mixin.py:190} INFO - [2024-10-13T08:36:18.367+0000] {dag.py:3239} INFO - Sync 1 DAGs
[2024-10-13T08:36:18.396+0000] {logging_mixin.py:190} INFO - [2024-10-13T08:36:18.396+0000] {dag.py:4180} INFO - Setting next_dagrun for crypto_pipeline to 2024-10-13 08:00:00+00:00, run_after=2024-10-13 09:00:00+00:00
[2024-10-13T08:36:18.416+0000] {processor.py:208} INFO - Processing /opt/airflow/dags/crypto_dag.py took 0.163 seconds
[2024-10-13T08:36:49.169+0000] {processor.py:186} INFO - Started process (PID=1502) to work on /opt/airflow/dags/crypto_dag.py
[2024-10-13T08:36:49.170+0000] {processor.py:914} INFO - Processing file /opt/airflow/dags/crypto_dag.py for tasks to queue
[2024-10-13T08:36:49.173+0000] {logging_mixin.py:190} INFO - [2024-10-13T08:36:49.172+0000] {dagbag.py:588} INFO - Filling up the DagBag from /opt/airflow/dags/crypto_dag.py
[2024-10-13T08:36:49.215+0000] {processor.py:925} INFO - DAG(s) 'crypto_pipeline' retrieved from /opt/airflow/dags/crypto_dag.py
[2024-10-13T08:36:49.255+0000] {logging_mixin.py:190} INFO - [2024-10-13T08:36:49.255+0000] {dag.py:3239} INFO - Sync 1 DAGs
[2024-10-13T08:36:49.279+0000] {logging_mixin.py:190} INFO - [2024-10-13T08:36:49.279+0000] {dag.py:4180} INFO - Setting next_dagrun for crypto_pipeline to 2024-10-13 08:00:00+00:00, run_after=2024-10-13 09:00:00+00:00
[2024-10-13T08:36:49.297+0000] {processor.py:208} INFO - Processing /opt/airflow/dags/crypto_dag.py took 0.134 seconds
[2024-10-13T08:37:20.109+0000] {processor.py:186} INFO - Started process (PID=1565) to work on /opt/airflow/dags/crypto_dag.py
[2024-10-13T08:37:20.110+0000] {processor.py:914} INFO - Processing file /opt/airflow/dags/crypto_dag.py for tasks to queue
[2024-10-13T08:37:20.114+0000] {logging_mixin.py:190} INFO - [2024-10-13T08:37:20.112+0000] {dagbag.py:588} INFO - Filling up the DagBag from /opt/airflow/dags/crypto_dag.py
[2024-10-13T08:37:20.157+0000] {processor.py:925} INFO - DAG(s) 'crypto_pipeline' retrieved from /opt/airflow/dags/crypto_dag.py
[2024-10-13T08:37:20.216+0000] {logging_mixin.py:190} INFO - [2024-10-13T08:37:20.216+0000] {dag.py:3239} INFO - Sync 1 DAGs
[2024-10-13T08:37:20.242+0000] {logging_mixin.py:190} INFO - [2024-10-13T08:37:20.242+0000] {dag.py:4180} INFO - Setting next_dagrun for crypto_pipeline to 2024-10-13 08:00:00+00:00, run_after=2024-10-13 09:00:00+00:00
[2024-10-13T08:37:20.260+0000] {processor.py:208} INFO - Processing /opt/airflow/dags/crypto_dag.py took 0.159 seconds
[2024-10-13T08:37:51.078+0000] {processor.py:186} INFO - Started process (PID=1628) to work on /opt/airflow/dags/crypto_dag.py
[2024-10-13T08:37:51.081+0000] {processor.py:914} INFO - Processing file /opt/airflow/dags/crypto_dag.py for tasks to queue
[2024-10-13T08:37:51.086+0000] {logging_mixin.py:190} INFO - [2024-10-13T08:37:51.083+0000] {dagbag.py:588} INFO - Filling up the DagBag from /opt/airflow/dags/crypto_dag.py
[2024-10-13T08:37:51.134+0000] {processor.py:925} INFO - DAG(s) 'crypto_pipeline' retrieved from /opt/airflow/dags/crypto_dag.py
[2024-10-13T08:37:51.196+0000] {logging_mixin.py:190} INFO - [2024-10-13T08:37:51.196+0000] {dag.py:3239} INFO - Sync 1 DAGs
[2024-10-13T08:37:51.231+0000] {logging_mixin.py:190} INFO - [2024-10-13T08:37:51.230+0000] {dag.py:4180} INFO - Setting next_dagrun for crypto_pipeline to 2024-10-13 08:00:00+00:00, run_after=2024-10-13 09:00:00+00:00
[2024-10-13T08:37:51.253+0000] {processor.py:208} INFO - Processing /opt/airflow/dags/crypto_dag.py took 0.185 seconds
[2024-10-13T08:38:21.305+0000] {processor.py:186} INFO - Started process (PID=1691) to work on /opt/airflow/dags/crypto_dag.py
[2024-10-13T08:38:21.308+0000] {processor.py:914} INFO - Processing file /opt/airflow/dags/crypto_dag.py for tasks to queue
[2024-10-13T08:38:21.311+0000] {logging_mixin.py:190} INFO - [2024-10-13T08:38:21.310+0000] {dagbag.py:588} INFO - Filling up the DagBag from /opt/airflow/dags/crypto_dag.py
[2024-10-13T08:38:21.350+0000] {processor.py:925} INFO - DAG(s) 'crypto_pipeline' retrieved from /opt/airflow/dags/crypto_dag.py
[2024-10-13T08:38:21.383+0000] {logging_mixin.py:190} INFO - [2024-10-13T08:38:21.382+0000] {dag.py:3239} INFO - Sync 1 DAGs
[2024-10-13T08:38:21.411+0000] {logging_mixin.py:190} INFO - [2024-10-13T08:38:21.411+0000] {dag.py:4180} INFO - Setting next_dagrun for crypto_pipeline to 2024-10-13 08:00:00+00:00, run_after=2024-10-13 09:00:00+00:00
[2024-10-13T08:38:21.435+0000] {processor.py:208} INFO - Processing /opt/airflow/dags/crypto_dag.py took 0.136 seconds
[2024-10-13T08:38:52.027+0000] {processor.py:186} INFO - Started process (PID=1754) to work on /opt/airflow/dags/crypto_dag.py
[2024-10-13T08:38:52.028+0000] {processor.py:914} INFO - Processing file /opt/airflow/dags/crypto_dag.py for tasks to queue
[2024-10-13T08:38:52.031+0000] {logging_mixin.py:190} INFO - [2024-10-13T08:38:52.031+0000] {dagbag.py:588} INFO - Filling up the DagBag from /opt/airflow/dags/crypto_dag.py
[2024-10-13T08:38:52.077+0000] {processor.py:925} INFO - DAG(s) 'crypto_pipeline' retrieved from /opt/airflow/dags/crypto_dag.py
[2024-10-13T08:38:52.121+0000] {logging_mixin.py:190} INFO - [2024-10-13T08:38:52.121+0000] {dag.py:3239} INFO - Sync 1 DAGs
[2024-10-13T08:38:52.159+0000] {logging_mixin.py:190} INFO - [2024-10-13T08:38:52.159+0000] {dag.py:4180} INFO - Setting next_dagrun for crypto_pipeline to 2024-10-13 08:00:00+00:00, run_after=2024-10-13 09:00:00+00:00
[2024-10-13T08:38:52.184+0000] {processor.py:208} INFO - Processing /opt/airflow/dags/crypto_dag.py took 0.163 seconds
[2024-10-13T08:39:22.585+0000] {processor.py:186} INFO - Started process (PID=1817) to work on /opt/airflow/dags/crypto_dag.py
[2024-10-13T08:39:22.587+0000] {processor.py:914} INFO - Processing file /opt/airflow/dags/crypto_dag.py for tasks to queue
[2024-10-13T08:39:22.589+0000] {logging_mixin.py:190} INFO - [2024-10-13T08:39:22.589+0000] {dagbag.py:588} INFO - Filling up the DagBag from /opt/airflow/dags/crypto_dag.py
[2024-10-13T08:39:22.624+0000] {processor.py:925} INFO - DAG(s) 'crypto_pipeline' retrieved from /opt/airflow/dags/crypto_dag.py
[2024-10-13T08:39:22.649+0000] {logging_mixin.py:190} INFO - [2024-10-13T08:39:22.648+0000] {dag.py:3239} INFO - Sync 1 DAGs
[2024-10-13T08:39:22.683+0000] {logging_mixin.py:190} INFO - [2024-10-13T08:39:22.683+0000] {dag.py:4180} INFO - Setting next_dagrun for crypto_pipeline to 2024-10-13 08:00:00+00:00, run_after=2024-10-13 09:00:00+00:00
[2024-10-13T08:39:22.703+0000] {processor.py:208} INFO - Processing /opt/airflow/dags/crypto_dag.py took 0.124 seconds
[2024-10-13T08:39:53.224+0000] {processor.py:186} INFO - Started process (PID=1880) to work on /opt/airflow/dags/crypto_dag.py
[2024-10-13T08:39:53.227+0000] {processor.py:914} INFO - Processing file /opt/airflow/dags/crypto_dag.py for tasks to queue
[2024-10-13T08:39:53.230+0000] {logging_mixin.py:190} INFO - [2024-10-13T08:39:53.230+0000] {dagbag.py:588} INFO - Filling up the DagBag from /opt/airflow/dags/crypto_dag.py
[2024-10-13T08:39:53.243+0000] {logging_mixin.py:190} INFO - [2024-10-13T08:39:53.240+0000] {dagbag.py:387} ERROR - Failed to import: /opt/airflow/dags/crypto_dag.py
Traceback (most recent call last):
  File "/home/airflow/.local/lib/python3.12/site-packages/airflow/models/dagbag.py", line 383, in parse
    loader.exec_module(new_module)
  File "<frozen importlib._bootstrap_external>", line 995, in exec_module
  File "<frozen importlib._bootstrap>", line 488, in _call_with_frames_removed
  File "/opt/airflow/dags/crypto_dag.py", line 5, in <module>
    from scrape_coinmarketcap import scrape_crypto_data
  File "/opt/airflow/dags/scrape_coinmarketcap.py", line 11
    return json.load(config_file)
IndentationError: unexpected indent
[2024-10-13T08:39:53.244+0000] {processor.py:927} WARNING - No viable dags retrieved from /opt/airflow/dags/crypto_dag.py
[2024-10-13T08:39:53.308+0000] {processor.py:208} INFO - Processing /opt/airflow/dags/crypto_dag.py took 0.091 seconds
[2024-10-13T08:40:24.138+0000] {processor.py:186} INFO - Started process (PID=1943) to work on /opt/airflow/dags/crypto_dag.py
[2024-10-13T08:40:24.139+0000] {processor.py:914} INFO - Processing file /opt/airflow/dags/crypto_dag.py for tasks to queue
[2024-10-13T08:40:24.143+0000] {logging_mixin.py:190} INFO - [2024-10-13T08:40:24.141+0000] {dagbag.py:588} INFO - Filling up the DagBag from /opt/airflow/dags/crypto_dag.py
[2024-10-13T08:40:24.189+0000] {processor.py:925} INFO - DAG(s) 'crypto_pipeline' retrieved from /opt/airflow/dags/crypto_dag.py
[2024-10-13T08:40:24.278+0000] {logging_mixin.py:190} INFO - [2024-10-13T08:40:24.277+0000] {dag.py:3239} INFO - Sync 1 DAGs
[2024-10-13T08:40:24.325+0000] {logging_mixin.py:190} INFO - [2024-10-13T08:40:24.325+0000] {dag.py:4180} INFO - Setting next_dagrun for crypto_pipeline to 2024-10-13 08:00:00+00:00, run_after=2024-10-13 09:00:00+00:00
[2024-10-13T08:40:24.359+0000] {processor.py:208} INFO - Processing /opt/airflow/dags/crypto_dag.py took 0.230 seconds
[2024-10-13T08:40:54.438+0000] {processor.py:186} INFO - Started process (PID=2005) to work on /opt/airflow/dags/crypto_dag.py
[2024-10-13T08:40:54.440+0000] {processor.py:914} INFO - Processing file /opt/airflow/dags/crypto_dag.py for tasks to queue
[2024-10-13T08:40:54.443+0000] {logging_mixin.py:190} INFO - [2024-10-13T08:40:54.442+0000] {dagbag.py:588} INFO - Filling up the DagBag from /opt/airflow/dags/crypto_dag.py
[2024-10-13T08:40:54.487+0000] {processor.py:925} INFO - DAG(s) 'crypto_pipeline' retrieved from /opt/airflow/dags/crypto_dag.py
[2024-10-13T08:40:54.515+0000] {logging_mixin.py:190} INFO - [2024-10-13T08:40:54.514+0000] {dag.py:3239} INFO - Sync 1 DAGs
[2024-10-13T08:40:54.552+0000] {logging_mixin.py:190} INFO - [2024-10-13T08:40:54.551+0000] {dag.py:4180} INFO - Setting next_dagrun for crypto_pipeline to 2024-10-13 08:00:00+00:00, run_after=2024-10-13 09:00:00+00:00
[2024-10-13T08:40:54.583+0000] {processor.py:208} INFO - Processing /opt/airflow/dags/crypto_dag.py took 0.152 seconds
[2024-10-13T08:41:34.630+0000] {processor.py:186} INFO - Started process (PID=2035) to work on /opt/airflow/dags/crypto_dag.py
[2024-10-13T08:41:34.632+0000] {processor.py:914} INFO - Processing file /opt/airflow/dags/crypto_dag.py for tasks to queue
[2024-10-13T08:41:34.634+0000] {logging_mixin.py:190} INFO - [2024-10-13T08:41:34.634+0000] {dagbag.py:588} INFO - Filling up the DagBag from /opt/airflow/dags/crypto_dag.py
[2024-10-13T08:41:34.672+0000] {processor.py:925} INFO - DAG(s) 'crypto_pipeline' retrieved from /opt/airflow/dags/crypto_dag.py
[2024-10-13T08:41:34.697+0000] {logging_mixin.py:190} INFO - [2024-10-13T08:41:34.697+0000] {dag.py:3239} INFO - Sync 1 DAGs
[2024-10-13T08:41:34.730+0000] {logging_mixin.py:190} INFO - [2024-10-13T08:41:34.730+0000] {dag.py:4180} INFO - Setting next_dagrun for crypto_pipeline to 2024-10-13 08:00:00+00:00, run_after=2024-10-13 09:00:00+00:00
[2024-10-13T08:41:34.753+0000] {processor.py:208} INFO - Processing /opt/airflow/dags/crypto_dag.py took 0.129 seconds
[2024-10-13T08:42:05.041+0000] {processor.py:186} INFO - Started process (PID=2097) to work on /opt/airflow/dags/crypto_dag.py
[2024-10-13T08:42:05.045+0000] {processor.py:914} INFO - Processing file /opt/airflow/dags/crypto_dag.py for tasks to queue
[2024-10-13T08:42:05.047+0000] {logging_mixin.py:190} INFO - [2024-10-13T08:42:05.046+0000] {dagbag.py:588} INFO - Filling up the DagBag from /opt/airflow/dags/crypto_dag.py
[2024-10-13T08:42:05.076+0000] {processor.py:925} INFO - DAG(s) 'crypto_pipeline' retrieved from /opt/airflow/dags/crypto_dag.py
[2024-10-13T08:42:05.097+0000] {logging_mixin.py:190} INFO - [2024-10-13T08:42:05.096+0000] {dag.py:3239} INFO - Sync 1 DAGs
[2024-10-13T08:42:05.127+0000] {logging_mixin.py:190} INFO - [2024-10-13T08:42:05.127+0000] {dag.py:4180} INFO - Setting next_dagrun for crypto_pipeline to 2024-10-13 08:00:00+00:00, run_after=2024-10-13 09:00:00+00:00
[2024-10-13T08:42:05.148+0000] {processor.py:208} INFO - Processing /opt/airflow/dags/crypto_dag.py took 0.113 seconds
[2024-10-13T08:42:35.493+0000] {processor.py:186} INFO - Started process (PID=2156) to work on /opt/airflow/dags/crypto_dag.py
[2024-10-13T08:42:35.495+0000] {processor.py:914} INFO - Processing file /opt/airflow/dags/crypto_dag.py for tasks to queue
[2024-10-13T08:42:35.499+0000] {logging_mixin.py:190} INFO - [2024-10-13T08:42:35.498+0000] {dagbag.py:588} INFO - Filling up the DagBag from /opt/airflow/dags/crypto_dag.py
[2024-10-13T08:42:35.564+0000] {processor.py:925} INFO - DAG(s) 'crypto_pipeline' retrieved from /opt/airflow/dags/crypto_dag.py
[2024-10-13T08:42:35.597+0000] {logging_mixin.py:190} INFO - [2024-10-13T08:42:35.597+0000] {dag.py:3239} INFO - Sync 1 DAGs
[2024-10-13T08:42:35.632+0000] {logging_mixin.py:190} INFO - [2024-10-13T08:42:35.632+0000] {dag.py:4180} INFO - Setting next_dagrun for crypto_pipeline to 2024-10-13 08:00:00+00:00, run_after=2024-10-13 09:00:00+00:00
[2024-10-13T08:42:35.658+0000] {processor.py:208} INFO - Processing /opt/airflow/dags/crypto_dag.py took 0.175 seconds
[2024-10-13T08:43:06.096+0000] {processor.py:186} INFO - Started process (PID=2219) to work on /opt/airflow/dags/crypto_dag.py
[2024-10-13T08:43:06.098+0000] {processor.py:914} INFO - Processing file /opt/airflow/dags/crypto_dag.py for tasks to queue
[2024-10-13T08:43:06.101+0000] {logging_mixin.py:190} INFO - [2024-10-13T08:43:06.101+0000] {dagbag.py:588} INFO - Filling up the DagBag from /opt/airflow/dags/crypto_dag.py
[2024-10-13T08:43:06.123+0000] {processor.py:925} INFO - DAG(s) 'crypto_pipeline' retrieved from /opt/airflow/dags/crypto_dag.py
[2024-10-13T08:43:06.142+0000] {logging_mixin.py:190} INFO - [2024-10-13T08:43:06.141+0000] {dag.py:3239} INFO - Sync 1 DAGs
[2024-10-13T08:43:06.165+0000] {logging_mixin.py:190} INFO - [2024-10-13T08:43:06.165+0000] {dag.py:4180} INFO - Setting next_dagrun for crypto_pipeline to 2024-10-13 08:00:00+00:00, run_after=2024-10-13 09:00:00+00:00
[2024-10-13T08:43:06.187+0000] {processor.py:208} INFO - Processing /opt/airflow/dags/crypto_dag.py took 0.097 seconds
[2024-10-13T08:43:36.380+0000] {processor.py:186} INFO - Started process (PID=2282) to work on /opt/airflow/dags/crypto_dag.py
[2024-10-13T08:43:36.381+0000] {processor.py:914} INFO - Processing file /opt/airflow/dags/crypto_dag.py for tasks to queue
[2024-10-13T08:43:36.384+0000] {logging_mixin.py:190} INFO - [2024-10-13T08:43:36.383+0000] {dagbag.py:588} INFO - Filling up the DagBag from /opt/airflow/dags/crypto_dag.py
[2024-10-13T08:43:36.400+0000] {processor.py:925} INFO - DAG(s) 'crypto_pipeline' retrieved from /opt/airflow/dags/crypto_dag.py
[2024-10-13T08:43:36.425+0000] {logging_mixin.py:190} INFO - [2024-10-13T08:43:36.424+0000] {dag.py:3239} INFO - Sync 1 DAGs
[2024-10-13T08:43:36.452+0000] {logging_mixin.py:190} INFO - [2024-10-13T08:43:36.451+0000] {dag.py:4180} INFO - Setting next_dagrun for crypto_pipeline to 2024-10-13 08:00:00+00:00, run_after=2024-10-13 09:00:00+00:00
[2024-10-13T08:43:36.474+0000] {processor.py:208} INFO - Processing /opt/airflow/dags/crypto_dag.py took 0.100 seconds
[2024-10-13T08:44:07.056+0000] {processor.py:186} INFO - Started process (PID=2345) to work on /opt/airflow/dags/crypto_dag.py
[2024-10-13T08:44:07.057+0000] {processor.py:914} INFO - Processing file /opt/airflow/dags/crypto_dag.py for tasks to queue
[2024-10-13T08:44:07.059+0000] {logging_mixin.py:190} INFO - [2024-10-13T08:44:07.059+0000] {dagbag.py:588} INFO - Filling up the DagBag from /opt/airflow/dags/crypto_dag.py
[2024-10-13T08:44:07.082+0000] {processor.py:925} INFO - DAG(s) 'crypto_pipeline' retrieved from /opt/airflow/dags/crypto_dag.py
[2024-10-13T08:44:07.101+0000] {logging_mixin.py:190} INFO - [2024-10-13T08:44:07.101+0000] {dag.py:3239} INFO - Sync 1 DAGs
[2024-10-13T08:44:07.128+0000] {logging_mixin.py:190} INFO - [2024-10-13T08:44:07.128+0000] {dag.py:4180} INFO - Setting next_dagrun for crypto_pipeline to 2024-10-13 08:00:00+00:00, run_after=2024-10-13 09:00:00+00:00
[2024-10-13T08:44:07.148+0000] {processor.py:208} INFO - Processing /opt/airflow/dags/crypto_dag.py took 0.098 seconds
[2024-10-13T08:44:37.310+0000] {processor.py:186} INFO - Started process (PID=2409) to work on /opt/airflow/dags/crypto_dag.py
[2024-10-13T08:44:37.312+0000] {processor.py:914} INFO - Processing file /opt/airflow/dags/crypto_dag.py for tasks to queue
[2024-10-13T08:44:37.315+0000] {logging_mixin.py:190} INFO - [2024-10-13T08:44:37.314+0000] {dagbag.py:588} INFO - Filling up the DagBag from /opt/airflow/dags/crypto_dag.py
[2024-10-13T08:44:37.345+0000] {processor.py:925} INFO - DAG(s) 'crypto_pipeline' retrieved from /opt/airflow/dags/crypto_dag.py
[2024-10-13T08:44:37.363+0000] {logging_mixin.py:190} INFO - [2024-10-13T08:44:37.363+0000] {dag.py:3239} INFO - Sync 1 DAGs
[2024-10-13T08:44:37.390+0000] {logging_mixin.py:190} INFO - [2024-10-13T08:44:37.390+0000] {dag.py:4180} INFO - Setting next_dagrun for crypto_pipeline to 2024-10-13 08:00:00+00:00, run_after=2024-10-13 09:00:00+00:00
[2024-10-13T08:44:37.409+0000] {processor.py:208} INFO - Processing /opt/airflow/dags/crypto_dag.py took 0.104 seconds
[2024-10-13T08:45:08.086+0000] {processor.py:186} INFO - Started process (PID=2472) to work on /opt/airflow/dags/crypto_dag.py
[2024-10-13T08:45:08.088+0000] {processor.py:914} INFO - Processing file /opt/airflow/dags/crypto_dag.py for tasks to queue
[2024-10-13T08:45:08.091+0000] {logging_mixin.py:190} INFO - [2024-10-13T08:45:08.090+0000] {dagbag.py:588} INFO - Filling up the DagBag from /opt/airflow/dags/crypto_dag.py
[2024-10-13T08:45:08.121+0000] {processor.py:925} INFO - DAG(s) 'crypto_pipeline' retrieved from /opt/airflow/dags/crypto_dag.py
[2024-10-13T08:45:08.145+0000] {logging_mixin.py:190} INFO - [2024-10-13T08:45:08.144+0000] {dag.py:3239} INFO - Sync 1 DAGs
[2024-10-13T08:45:08.176+0000] {logging_mixin.py:190} INFO - [2024-10-13T08:45:08.175+0000] {dag.py:4180} INFO - Setting next_dagrun for crypto_pipeline to 2024-10-13 08:00:00+00:00, run_after=2024-10-13 09:00:00+00:00
[2024-10-13T08:45:08.198+0000] {processor.py:208} INFO - Processing /opt/airflow/dags/crypto_dag.py took 0.118 seconds
[2024-10-13T08:45:38.362+0000] {processor.py:186} INFO - Started process (PID=2535) to work on /opt/airflow/dags/crypto_dag.py
[2024-10-13T08:45:38.363+0000] {processor.py:914} INFO - Processing file /opt/airflow/dags/crypto_dag.py for tasks to queue
[2024-10-13T08:45:38.365+0000] {logging_mixin.py:190} INFO - [2024-10-13T08:45:38.365+0000] {dagbag.py:588} INFO - Filling up the DagBag from /opt/airflow/dags/crypto_dag.py
[2024-10-13T08:45:38.395+0000] {processor.py:925} INFO - DAG(s) 'crypto_pipeline' retrieved from /opt/airflow/dags/crypto_dag.py
[2024-10-13T08:45:38.415+0000] {logging_mixin.py:190} INFO - [2024-10-13T08:45:38.415+0000] {dag.py:3239} INFO - Sync 1 DAGs
[2024-10-13T08:45:38.440+0000] {logging_mixin.py:190} INFO - [2024-10-13T08:45:38.440+0000] {dag.py:4180} INFO - Setting next_dagrun for crypto_pipeline to 2024-10-13 08:00:00+00:00, run_after=2024-10-13 09:00:00+00:00
[2024-10-13T08:45:38.461+0000] {processor.py:208} INFO - Processing /opt/airflow/dags/crypto_dag.py took 0.105 seconds
[2024-10-13T08:46:09.195+0000] {processor.py:186} INFO - Started process (PID=2598) to work on /opt/airflow/dags/crypto_dag.py
[2024-10-13T08:46:09.196+0000] {processor.py:914} INFO - Processing file /opt/airflow/dags/crypto_dag.py for tasks to queue
[2024-10-13T08:46:09.198+0000] {logging_mixin.py:190} INFO - [2024-10-13T08:46:09.198+0000] {dagbag.py:588} INFO - Filling up the DagBag from /opt/airflow/dags/crypto_dag.py
[2024-10-13T08:46:09.221+0000] {processor.py:925} INFO - DAG(s) 'crypto_pipeline' retrieved from /opt/airflow/dags/crypto_dag.py
[2024-10-13T08:46:09.243+0000] {logging_mixin.py:190} INFO - [2024-10-13T08:46:09.243+0000] {dag.py:3239} INFO - Sync 1 DAGs
[2024-10-13T08:46:09.275+0000] {logging_mixin.py:190} INFO - [2024-10-13T08:46:09.275+0000] {dag.py:4180} INFO - Setting next_dagrun for crypto_pipeline to 2024-10-13 08:00:00+00:00, run_after=2024-10-13 09:00:00+00:00
[2024-10-13T08:46:09.295+0000] {processor.py:208} INFO - Processing /opt/airflow/dags/crypto_dag.py took 0.106 seconds
[2024-10-13T08:46:39.355+0000] {processor.py:186} INFO - Started process (PID=2661) to work on /opt/airflow/dags/crypto_dag.py
[2024-10-13T08:46:39.356+0000] {processor.py:914} INFO - Processing file /opt/airflow/dags/crypto_dag.py for tasks to queue
[2024-10-13T08:46:39.358+0000] {logging_mixin.py:190} INFO - [2024-10-13T08:46:39.358+0000] {dagbag.py:588} INFO - Filling up the DagBag from /opt/airflow/dags/crypto_dag.py
[2024-10-13T08:46:39.378+0000] {processor.py:925} INFO - DAG(s) 'crypto_pipeline' retrieved from /opt/airflow/dags/crypto_dag.py
[2024-10-13T08:46:39.396+0000] {logging_mixin.py:190} INFO - [2024-10-13T08:46:39.396+0000] {dag.py:3239} INFO - Sync 1 DAGs
[2024-10-13T08:46:39.419+0000] {logging_mixin.py:190} INFO - [2024-10-13T08:46:39.419+0000] {dag.py:4180} INFO - Setting next_dagrun for crypto_pipeline to 2024-10-13 08:00:00+00:00, run_after=2024-10-13 09:00:00+00:00
[2024-10-13T08:46:39.438+0000] {processor.py:208} INFO - Processing /opt/airflow/dags/crypto_dag.py took 0.089 seconds
[2024-10-13T08:47:09.757+0000] {processor.py:186} INFO - Started process (PID=2725) to work on /opt/airflow/dags/crypto_dag.py
[2024-10-13T08:47:09.759+0000] {processor.py:914} INFO - Processing file /opt/airflow/dags/crypto_dag.py for tasks to queue
[2024-10-13T08:47:09.761+0000] {logging_mixin.py:190} INFO - [2024-10-13T08:47:09.761+0000] {dagbag.py:588} INFO - Filling up the DagBag from /opt/airflow/dags/crypto_dag.py
[2024-10-13T08:47:09.786+0000] {processor.py:925} INFO - DAG(s) 'crypto_pipeline' retrieved from /opt/airflow/dags/crypto_dag.py
[2024-10-13T08:47:09.804+0000] {logging_mixin.py:190} INFO - [2024-10-13T08:47:09.804+0000] {dag.py:3239} INFO - Sync 1 DAGs
[2024-10-13T08:47:09.829+0000] {logging_mixin.py:190} INFO - [2024-10-13T08:47:09.828+0000] {dag.py:4180} INFO - Setting next_dagrun for crypto_pipeline to 2024-10-13 08:00:00+00:00, run_after=2024-10-13 09:00:00+00:00
[2024-10-13T08:47:09.848+0000] {processor.py:208} INFO - Processing /opt/airflow/dags/crypto_dag.py took 0.098 seconds
[2024-10-13T08:47:40.703+0000] {processor.py:186} INFO - Started process (PID=2788) to work on /opt/airflow/dags/crypto_dag.py
[2024-10-13T08:47:40.705+0000] {processor.py:914} INFO - Processing file /opt/airflow/dags/crypto_dag.py for tasks to queue
[2024-10-13T08:47:40.707+0000] {logging_mixin.py:190} INFO - [2024-10-13T08:47:40.707+0000] {dagbag.py:588} INFO - Filling up the DagBag from /opt/airflow/dags/crypto_dag.py
[2024-10-13T08:47:40.723+0000] {processor.py:925} INFO - DAG(s) 'crypto_pipeline' retrieved from /opt/airflow/dags/crypto_dag.py
[2024-10-13T08:47:40.744+0000] {logging_mixin.py:190} INFO - [2024-10-13T08:47:40.744+0000] {dag.py:3239} INFO - Sync 1 DAGs
[2024-10-13T08:47:40.773+0000] {logging_mixin.py:190} INFO - [2024-10-13T08:47:40.773+0000] {dag.py:4180} INFO - Setting next_dagrun for crypto_pipeline to 2024-10-13 08:00:00+00:00, run_after=2024-10-13 09:00:00+00:00
[2024-10-13T08:47:40.795+0000] {processor.py:208} INFO - Processing /opt/airflow/dags/crypto_dag.py took 0.097 seconds
[2024-10-13T08:48:11.673+0000] {processor.py:186} INFO - Started process (PID=2852) to work on /opt/airflow/dags/crypto_dag.py
[2024-10-13T08:48:11.674+0000] {processor.py:914} INFO - Processing file /opt/airflow/dags/crypto_dag.py for tasks to queue
[2024-10-13T08:48:11.677+0000] {logging_mixin.py:190} INFO - [2024-10-13T08:48:11.676+0000] {dagbag.py:588} INFO - Filling up the DagBag from /opt/airflow/dags/crypto_dag.py
[2024-10-13T08:48:11.699+0000] {processor.py:925} INFO - DAG(s) 'crypto_pipeline' retrieved from /opt/airflow/dags/crypto_dag.py
[2024-10-13T08:48:11.719+0000] {logging_mixin.py:190} INFO - [2024-10-13T08:48:11.719+0000] {dag.py:3239} INFO - Sync 1 DAGs
[2024-10-13T08:48:11.744+0000] {logging_mixin.py:190} INFO - [2024-10-13T08:48:11.744+0000] {dag.py:4180} INFO - Setting next_dagrun for crypto_pipeline to 2024-10-13 08:00:00+00:00, run_after=2024-10-13 09:00:00+00:00
[2024-10-13T08:48:11.764+0000] {processor.py:208} INFO - Processing /opt/airflow/dags/crypto_dag.py took 0.096 seconds
[2024-10-13T08:48:41.877+0000] {processor.py:186} INFO - Started process (PID=2915) to work on /opt/airflow/dags/crypto_dag.py
[2024-10-13T08:48:41.879+0000] {processor.py:914} INFO - Processing file /opt/airflow/dags/crypto_dag.py for tasks to queue
[2024-10-13T08:48:41.881+0000] {logging_mixin.py:190} INFO - [2024-10-13T08:48:41.881+0000] {dagbag.py:588} INFO - Filling up the DagBag from /opt/airflow/dags/crypto_dag.py
[2024-10-13T08:48:41.902+0000] {processor.py:925} INFO - DAG(s) 'crypto_pipeline' retrieved from /opt/airflow/dags/crypto_dag.py
[2024-10-13T08:48:41.919+0000] {logging_mixin.py:190} INFO - [2024-10-13T08:48:41.919+0000] {dag.py:3239} INFO - Sync 1 DAGs
[2024-10-13T08:48:41.944+0000] {logging_mixin.py:190} INFO - [2024-10-13T08:48:41.943+0000] {dag.py:4180} INFO - Setting next_dagrun for crypto_pipeline to 2024-10-13 08:00:00+00:00, run_after=2024-10-13 09:00:00+00:00
[2024-10-13T08:48:41.964+0000] {processor.py:208} INFO - Processing /opt/airflow/dags/crypto_dag.py took 0.092 seconds
[2024-10-13T08:49:12.090+0000] {processor.py:186} INFO - Started process (PID=2978) to work on /opt/airflow/dags/crypto_dag.py
[2024-10-13T08:49:12.091+0000] {processor.py:914} INFO - Processing file /opt/airflow/dags/crypto_dag.py for tasks to queue
[2024-10-13T08:49:12.095+0000] {logging_mixin.py:190} INFO - [2024-10-13T08:49:12.094+0000] {dagbag.py:588} INFO - Filling up the DagBag from /opt/airflow/dags/crypto_dag.py
[2024-10-13T08:49:12.120+0000] {processor.py:925} INFO - DAG(s) 'crypto_pipeline' retrieved from /opt/airflow/dags/crypto_dag.py
[2024-10-13T08:49:12.147+0000] {logging_mixin.py:190} INFO - [2024-10-13T08:49:12.147+0000] {dag.py:3239} INFO - Sync 1 DAGs
[2024-10-13T08:49:12.182+0000] {logging_mixin.py:190} INFO - [2024-10-13T08:49:12.182+0000] {dag.py:4180} INFO - Setting next_dagrun for crypto_pipeline to 2024-10-13 08:00:00+00:00, run_after=2024-10-13 09:00:00+00:00
[2024-10-13T08:49:12.208+0000] {processor.py:208} INFO - Processing /opt/airflow/dags/crypto_dag.py took 0.127 seconds
[2024-10-13T08:49:42.387+0000] {processor.py:186} INFO - Started process (PID=3041) to work on /opt/airflow/dags/crypto_dag.py
[2024-10-13T08:49:42.388+0000] {processor.py:914} INFO - Processing file /opt/airflow/dags/crypto_dag.py for tasks to queue
[2024-10-13T08:49:42.391+0000] {logging_mixin.py:190} INFO - [2024-10-13T08:49:42.390+0000] {dagbag.py:588} INFO - Filling up the DagBag from /opt/airflow/dags/crypto_dag.py
[2024-10-13T08:49:42.421+0000] {processor.py:925} INFO - DAG(s) 'crypto_pipeline' retrieved from /opt/airflow/dags/crypto_dag.py
[2024-10-13T08:49:42.443+0000] {logging_mixin.py:190} INFO - [2024-10-13T08:49:42.443+0000] {dag.py:3239} INFO - Sync 1 DAGs
[2024-10-13T08:49:42.472+0000] {logging_mixin.py:190} INFO - [2024-10-13T08:49:42.471+0000] {dag.py:4180} INFO - Setting next_dagrun for crypto_pipeline to 2024-10-13 08:00:00+00:00, run_after=2024-10-13 09:00:00+00:00
[2024-10-13T08:49:42.493+0000] {processor.py:208} INFO - Processing /opt/airflow/dags/crypto_dag.py took 0.111 seconds
[2024-10-13T08:50:13.426+0000] {processor.py:186} INFO - Started process (PID=3104) to work on /opt/airflow/dags/crypto_dag.py
[2024-10-13T08:50:13.427+0000] {processor.py:914} INFO - Processing file /opt/airflow/dags/crypto_dag.py for tasks to queue
[2024-10-13T08:50:13.429+0000] {logging_mixin.py:190} INFO - [2024-10-13T08:50:13.429+0000] {dagbag.py:588} INFO - Filling up the DagBag from /opt/airflow/dags/crypto_dag.py
[2024-10-13T08:50:13.455+0000] {processor.py:925} INFO - DAG(s) 'crypto_pipeline' retrieved from /opt/airflow/dags/crypto_dag.py
[2024-10-13T08:50:13.473+0000] {logging_mixin.py:190} INFO - [2024-10-13T08:50:13.473+0000] {dag.py:3239} INFO - Sync 1 DAGs
[2024-10-13T08:50:13.498+0000] {logging_mixin.py:190} INFO - [2024-10-13T08:50:13.498+0000] {dag.py:4180} INFO - Setting next_dagrun for crypto_pipeline to 2024-10-13 08:00:00+00:00, run_after=2024-10-13 09:00:00+00:00
[2024-10-13T08:50:13.518+0000] {processor.py:208} INFO - Processing /opt/airflow/dags/crypto_dag.py took 0.098 seconds
[2024-10-13T08:50:43.606+0000] {processor.py:186} INFO - Started process (PID=3167) to work on /opt/airflow/dags/crypto_dag.py
[2024-10-13T08:50:43.608+0000] {processor.py:914} INFO - Processing file /opt/airflow/dags/crypto_dag.py for tasks to queue
[2024-10-13T08:50:43.610+0000] {logging_mixin.py:190} INFO - [2024-10-13T08:50:43.609+0000] {dagbag.py:588} INFO - Filling up the DagBag from /opt/airflow/dags/crypto_dag.py
[2024-10-13T08:50:43.641+0000] {processor.py:925} INFO - DAG(s) 'crypto_pipeline' retrieved from /opt/airflow/dags/crypto_dag.py
[2024-10-13T08:50:43.663+0000] {logging_mixin.py:190} INFO - [2024-10-13T08:50:43.663+0000] {dag.py:3239} INFO - Sync 1 DAGs
[2024-10-13T08:50:43.690+0000] {logging_mixin.py:190} INFO - [2024-10-13T08:50:43.689+0000] {dag.py:4180} INFO - Setting next_dagrun for crypto_pipeline to 2024-10-13 08:00:00+00:00, run_after=2024-10-13 09:00:00+00:00
[2024-10-13T08:50:43.713+0000] {processor.py:208} INFO - Processing /opt/airflow/dags/crypto_dag.py took 0.113 seconds
[2024-10-13T08:51:14.076+0000] {processor.py:186} INFO - Started process (PID=3230) to work on /opt/airflow/dags/crypto_dag.py
[2024-10-13T08:51:14.078+0000] {processor.py:914} INFO - Processing file /opt/airflow/dags/crypto_dag.py for tasks to queue
[2024-10-13T08:51:14.081+0000] {logging_mixin.py:190} INFO - [2024-10-13T08:51:14.081+0000] {dagbag.py:588} INFO - Filling up the DagBag from /opt/airflow/dags/crypto_dag.py
[2024-10-13T08:51:14.113+0000] {processor.py:925} INFO - DAG(s) 'crypto_pipeline' retrieved from /opt/airflow/dags/crypto_dag.py
[2024-10-13T08:51:14.136+0000] {logging_mixin.py:190} INFO - [2024-10-13T08:51:14.136+0000] {dag.py:3239} INFO - Sync 1 DAGs
[2024-10-13T08:51:14.169+0000] {logging_mixin.py:190} INFO - [2024-10-13T08:51:14.169+0000] {dag.py:4180} INFO - Setting next_dagrun for crypto_pipeline to 2024-10-13 08:00:00+00:00, run_after=2024-10-13 09:00:00+00:00
[2024-10-13T08:51:14.194+0000] {processor.py:208} INFO - Processing /opt/airflow/dags/crypto_dag.py took 0.125 seconds
[2024-10-13T08:51:44.262+0000] {processor.py:186} INFO - Started process (PID=3293) to work on /opt/airflow/dags/crypto_dag.py
[2024-10-13T08:51:44.263+0000] {processor.py:914} INFO - Processing file /opt/airflow/dags/crypto_dag.py for tasks to queue
[2024-10-13T08:51:44.265+0000] {logging_mixin.py:190} INFO - [2024-10-13T08:51:44.265+0000] {dagbag.py:588} INFO - Filling up the DagBag from /opt/airflow/dags/crypto_dag.py
[2024-10-13T08:51:44.294+0000] {processor.py:925} INFO - DAG(s) 'crypto_pipeline' retrieved from /opt/airflow/dags/crypto_dag.py
[2024-10-13T08:51:44.320+0000] {logging_mixin.py:190} INFO - [2024-10-13T08:51:44.319+0000] {dag.py:3239} INFO - Sync 1 DAGs
[2024-10-13T08:51:44.356+0000] {logging_mixin.py:190} INFO - [2024-10-13T08:51:44.356+0000] {dag.py:4180} INFO - Setting next_dagrun for crypto_pipeline to 2024-10-13 08:00:00+00:00, run_after=2024-10-13 09:00:00+00:00
[2024-10-13T08:51:44.381+0000] {processor.py:208} INFO - Processing /opt/airflow/dags/crypto_dag.py took 0.125 seconds
[2024-10-13T08:52:15.145+0000] {processor.py:186} INFO - Started process (PID=3356) to work on /opt/airflow/dags/crypto_dag.py
[2024-10-13T08:52:15.147+0000] {processor.py:914} INFO - Processing file /opt/airflow/dags/crypto_dag.py for tasks to queue
[2024-10-13T08:52:15.149+0000] {logging_mixin.py:190} INFO - [2024-10-13T08:52:15.149+0000] {dagbag.py:588} INFO - Filling up the DagBag from /opt/airflow/dags/crypto_dag.py
[2024-10-13T08:52:15.177+0000] {processor.py:925} INFO - DAG(s) 'crypto_pipeline' retrieved from /opt/airflow/dags/crypto_dag.py
[2024-10-13T08:52:15.202+0000] {logging_mixin.py:190} INFO - [2024-10-13T08:52:15.201+0000] {dag.py:3239} INFO - Sync 1 DAGs
[2024-10-13T08:52:15.370+0000] {logging_mixin.py:190} INFO - [2024-10-13T08:52:15.370+0000] {dag.py:4180} INFO - Setting next_dagrun for crypto_pipeline to 2024-10-13 08:00:00+00:00, run_after=2024-10-13 09:00:00+00:00
[2024-10-13T08:52:15.391+0000] {processor.py:208} INFO - Processing /opt/airflow/dags/crypto_dag.py took 0.252 seconds
[2024-10-13T08:52:45.612+0000] {processor.py:186} INFO - Started process (PID=3419) to work on /opt/airflow/dags/crypto_dag.py
[2024-10-13T08:52:45.613+0000] {processor.py:914} INFO - Processing file /opt/airflow/dags/crypto_dag.py for tasks to queue
[2024-10-13T08:52:45.615+0000] {logging_mixin.py:190} INFO - [2024-10-13T08:52:45.614+0000] {dagbag.py:588} INFO - Filling up the DagBag from /opt/airflow/dags/crypto_dag.py
[2024-10-13T08:52:45.641+0000] {processor.py:925} INFO - DAG(s) 'crypto_pipeline' retrieved from /opt/airflow/dags/crypto_dag.py
[2024-10-13T08:52:45.662+0000] {logging_mixin.py:190} INFO - [2024-10-13T08:52:45.662+0000] {dag.py:3239} INFO - Sync 1 DAGs
[2024-10-13T08:52:45.885+0000] {logging_mixin.py:190} INFO - [2024-10-13T08:52:45.885+0000] {dag.py:4180} INFO - Setting next_dagrun for crypto_pipeline to 2024-10-13 08:00:00+00:00, run_after=2024-10-13 09:00:00+00:00
[2024-10-13T08:52:45.902+0000] {processor.py:208} INFO - Processing /opt/airflow/dags/crypto_dag.py took 0.288 seconds
[2024-10-13T08:53:16.218+0000] {processor.py:186} INFO - Started process (PID=3482) to work on /opt/airflow/dags/crypto_dag.py
[2024-10-13T08:53:16.220+0000] {processor.py:914} INFO - Processing file /opt/airflow/dags/crypto_dag.py for tasks to queue
[2024-10-13T08:53:16.223+0000] {logging_mixin.py:190} INFO - [2024-10-13T08:53:16.222+0000] {dagbag.py:588} INFO - Filling up the DagBag from /opt/airflow/dags/crypto_dag.py
[2024-10-13T08:53:16.247+0000] {processor.py:925} INFO - DAG(s) 'crypto_pipeline' retrieved from /opt/airflow/dags/crypto_dag.py
[2024-10-13T08:53:16.268+0000] {logging_mixin.py:190} INFO - [2024-10-13T08:53:16.267+0000] {dag.py:3239} INFO - Sync 1 DAGs
[2024-10-13T08:53:16.296+0000] {logging_mixin.py:190} INFO - [2024-10-13T08:53:16.296+0000] {dag.py:4180} INFO - Setting next_dagrun for crypto_pipeline to 2024-10-13 08:00:00+00:00, run_after=2024-10-13 09:00:00+00:00
[2024-10-13T08:53:16.489+0000] {processor.py:208} INFO - Processing /opt/airflow/dags/crypto_dag.py took 0.277 seconds
