[2024-10-08T12:08:29.235+0000] {processor.py:186} INFO - Started process (PID=76) to work on /home/airflow/.local/lib/python3.12/site-packages/airflow/example_dags/example_python_operator.py
[2024-10-08T12:08:29.236+0000] {processor.py:914} INFO - Processing file /home/airflow/.local/lib/python3.12/site-packages/airflow/example_dags/example_python_operator.py for tasks to queue
[2024-10-08T12:08:29.238+0000] {logging_mixin.py:190} INFO - [2024-10-08T12:08:29.238+0000] {dagbag.py:588} INFO - Filling up the DagBag from /home/airflow/.local/lib/python3.12/site-packages/airflow/example_dags/example_python_operator.py
[2024-10-08T12:08:29.253+0000] {processor.py:925} INFO - DAG(s) 'example_python_operator' retrieved from /home/airflow/.local/lib/python3.12/site-packages/airflow/example_dags/example_python_operator.py
[2024-10-08T12:08:29.573+0000] {logging_mixin.py:190} INFO - [2024-10-08T12:08:29.573+0000] {override.py:1900} INFO - Created Permission View: can delete on DAG:example_python_operator
[2024-10-08T12:08:29.584+0000] {logging_mixin.py:190} INFO - [2024-10-08T12:08:29.584+0000] {override.py:1900} INFO - Created Permission View: can read on DAG:example_python_operator
[2024-10-08T12:08:29.593+0000] {logging_mixin.py:190} INFO - [2024-10-08T12:08:29.593+0000] {override.py:1900} INFO - Created Permission View: can edit on DAG:example_python_operator
[2024-10-08T12:08:29.604+0000] {logging_mixin.py:190} INFO - [2024-10-08T12:08:29.603+0000] {override.py:1900} INFO - Created Permission View: can create on DAG Run:example_python_operator
[2024-10-08T12:08:29.612+0000] {logging_mixin.py:190} INFO - [2024-10-08T12:08:29.611+0000] {override.py:1900} INFO - Created Permission View: can delete on DAG Run:example_python_operator
[2024-10-08T12:08:29.621+0000] {logging_mixin.py:190} INFO - [2024-10-08T12:08:29.621+0000] {override.py:1900} INFO - Created Permission View: menu access on DAG Run:example_python_operator
[2024-10-08T12:08:29.629+0000] {logging_mixin.py:190} INFO - [2024-10-08T12:08:29.629+0000] {override.py:1900} INFO - Created Permission View: can read on DAG Run:example_python_operator
[2024-10-08T12:08:29.629+0000] {logging_mixin.py:190} INFO - [2024-10-08T12:08:29.629+0000] {dag.py:3239} INFO - Sync 1 DAGs
[2024-10-08T12:08:29.642+0000] {logging_mixin.py:190} INFO - [2024-10-08T12:08:29.642+0000] {dag.py:3262} INFO - Creating ORM DAG for example_python_operator
[2024-10-08T12:08:29.643+0000] {logging_mixin.py:190} INFO - [2024-10-08T12:08:29.643+0000] {dag.py:4180} INFO - Setting next_dagrun for example_python_operator to None, run_after=None
[2024-10-08T12:08:29.662+0000] {processor.py:208} INFO - Processing /home/airflow/.local/lib/python3.12/site-packages/airflow/example_dags/example_python_operator.py took 0.433 seconds
[2024-10-08T12:09:00.510+0000] {processor.py:186} INFO - Started process (PID=140) to work on /home/airflow/.local/lib/python3.12/site-packages/airflow/example_dags/example_python_operator.py
[2024-10-08T12:09:00.511+0000] {processor.py:914} INFO - Processing file /home/airflow/.local/lib/python3.12/site-packages/airflow/example_dags/example_python_operator.py for tasks to queue
[2024-10-08T12:09:00.514+0000] {logging_mixin.py:190} INFO - [2024-10-08T12:09:00.513+0000] {dagbag.py:588} INFO - Filling up the DagBag from /home/airflow/.local/lib/python3.12/site-packages/airflow/example_dags/example_python_operator.py
[2024-10-08T12:09:00.546+0000] {processor.py:925} INFO - DAG(s) 'example_python_operator' retrieved from /home/airflow/.local/lib/python3.12/site-packages/airflow/example_dags/example_python_operator.py
[2024-10-08T12:09:00.593+0000] {logging_mixin.py:190} INFO - [2024-10-08T12:09:00.593+0000] {dag.py:3239} INFO - Sync 1 DAGs
[2024-10-08T12:09:00.621+0000] {logging_mixin.py:190} INFO - [2024-10-08T12:09:00.621+0000] {dag.py:4180} INFO - Setting next_dagrun for example_python_operator to None, run_after=None
[2024-10-08T12:09:00.663+0000] {processor.py:208} INFO - Processing /home/airflow/.local/lib/python3.12/site-packages/airflow/example_dags/example_python_operator.py took 0.161 seconds
[2024-10-08T12:09:36.041+0000] {processor.py:186} INFO - Started process (PID=203) to work on /home/airflow/.local/lib/python3.12/site-packages/airflow/example_dags/example_python_operator.py
[2024-10-08T12:09:36.043+0000] {processor.py:914} INFO - Processing file /home/airflow/.local/lib/python3.12/site-packages/airflow/example_dags/example_python_operator.py for tasks to queue
[2024-10-08T12:09:36.046+0000] {logging_mixin.py:190} INFO - [2024-10-08T12:09:36.045+0000] {dagbag.py:588} INFO - Filling up the DagBag from /home/airflow/.local/lib/python3.12/site-packages/airflow/example_dags/example_python_operator.py
[2024-10-08T12:09:36.066+0000] {processor.py:925} INFO - DAG(s) 'example_python_operator' retrieved from /home/airflow/.local/lib/python3.12/site-packages/airflow/example_dags/example_python_operator.py
[2024-10-08T12:09:36.094+0000] {logging_mixin.py:190} INFO - [2024-10-08T12:09:36.094+0000] {dag.py:3239} INFO - Sync 1 DAGs
[2024-10-08T12:09:36.113+0000] {logging_mixin.py:190} INFO - [2024-10-08T12:09:36.113+0000] {dag.py:4180} INFO - Setting next_dagrun for example_python_operator to None, run_after=None
[2024-10-08T12:09:36.142+0000] {processor.py:208} INFO - Processing /home/airflow/.local/lib/python3.12/site-packages/airflow/example_dags/example_python_operator.py took 0.110 seconds
[2024-10-08T12:10:06.607+0000] {processor.py:186} INFO - Started process (PID=266) to work on /home/airflow/.local/lib/python3.12/site-packages/airflow/example_dags/example_python_operator.py
[2024-10-08T12:10:06.608+0000] {processor.py:914} INFO - Processing file /home/airflow/.local/lib/python3.12/site-packages/airflow/example_dags/example_python_operator.py for tasks to queue
[2024-10-08T12:10:06.611+0000] {logging_mixin.py:190} INFO - [2024-10-08T12:10:06.611+0000] {dagbag.py:588} INFO - Filling up the DagBag from /home/airflow/.local/lib/python3.12/site-packages/airflow/example_dags/example_python_operator.py
[2024-10-08T12:10:06.624+0000] {processor.py:925} INFO - DAG(s) 'example_python_operator' retrieved from /home/airflow/.local/lib/python3.12/site-packages/airflow/example_dags/example_python_operator.py
[2024-10-08T12:10:06.648+0000] {logging_mixin.py:190} INFO - [2024-10-08T12:10:06.648+0000] {dag.py:3239} INFO - Sync 1 DAGs
[2024-10-08T12:10:06.663+0000] {logging_mixin.py:190} INFO - [2024-10-08T12:10:06.663+0000] {dag.py:4180} INFO - Setting next_dagrun for example_python_operator to None, run_after=None
[2024-10-08T12:10:06.682+0000] {processor.py:208} INFO - Processing /home/airflow/.local/lib/python3.12/site-packages/airflow/example_dags/example_python_operator.py took 0.082 seconds
[2024-10-08T12:10:36.825+0000] {processor.py:186} INFO - Started process (PID=329) to work on /home/airflow/.local/lib/python3.12/site-packages/airflow/example_dags/example_python_operator.py
[2024-10-08T12:10:36.827+0000] {processor.py:914} INFO - Processing file /home/airflow/.local/lib/python3.12/site-packages/airflow/example_dags/example_python_operator.py for tasks to queue
[2024-10-08T12:10:36.828+0000] {logging_mixin.py:190} INFO - [2024-10-08T12:10:36.828+0000] {dagbag.py:588} INFO - Filling up the DagBag from /home/airflow/.local/lib/python3.12/site-packages/airflow/example_dags/example_python_operator.py
[2024-10-08T12:10:36.840+0000] {processor.py:925} INFO - DAG(s) 'example_python_operator' retrieved from /home/airflow/.local/lib/python3.12/site-packages/airflow/example_dags/example_python_operator.py
[2024-10-08T12:10:36.860+0000] {logging_mixin.py:190} INFO - [2024-10-08T12:10:36.859+0000] {dag.py:3239} INFO - Sync 1 DAGs
[2024-10-08T12:10:36.873+0000] {logging_mixin.py:190} INFO - [2024-10-08T12:10:36.873+0000] {dag.py:4180} INFO - Setting next_dagrun for example_python_operator to None, run_after=None
[2024-10-08T12:10:36.892+0000] {processor.py:208} INFO - Processing /home/airflow/.local/lib/python3.12/site-packages/airflow/example_dags/example_python_operator.py took 0.072 seconds
[2024-10-08T12:11:07.777+0000] {processor.py:186} INFO - Started process (PID=392) to work on /home/airflow/.local/lib/python3.12/site-packages/airflow/example_dags/example_python_operator.py
[2024-10-08T12:11:07.778+0000] {processor.py:914} INFO - Processing file /home/airflow/.local/lib/python3.12/site-packages/airflow/example_dags/example_python_operator.py for tasks to queue
[2024-10-08T12:11:07.780+0000] {logging_mixin.py:190} INFO - [2024-10-08T12:11:07.780+0000] {dagbag.py:588} INFO - Filling up the DagBag from /home/airflow/.local/lib/python3.12/site-packages/airflow/example_dags/example_python_operator.py
[2024-10-08T12:11:07.794+0000] {processor.py:925} INFO - DAG(s) 'example_python_operator' retrieved from /home/airflow/.local/lib/python3.12/site-packages/airflow/example_dags/example_python_operator.py
[2024-10-08T12:11:07.817+0000] {logging_mixin.py:190} INFO - [2024-10-08T12:11:07.816+0000] {dag.py:3239} INFO - Sync 1 DAGs
[2024-10-08T12:11:07.832+0000] {logging_mixin.py:190} INFO - [2024-10-08T12:11:07.831+0000] {dag.py:4180} INFO - Setting next_dagrun for example_python_operator to None, run_after=None
[2024-10-08T12:11:07.850+0000] {processor.py:208} INFO - Processing /home/airflow/.local/lib/python3.12/site-packages/airflow/example_dags/example_python_operator.py took 0.079 seconds
[2024-10-08T12:11:38.264+0000] {processor.py:186} INFO - Started process (PID=455) to work on /home/airflow/.local/lib/python3.12/site-packages/airflow/example_dags/example_python_operator.py
[2024-10-08T12:11:38.266+0000] {processor.py:914} INFO - Processing file /home/airflow/.local/lib/python3.12/site-packages/airflow/example_dags/example_python_operator.py for tasks to queue
[2024-10-08T12:11:38.268+0000] {logging_mixin.py:190} INFO - [2024-10-08T12:11:38.268+0000] {dagbag.py:588} INFO - Filling up the DagBag from /home/airflow/.local/lib/python3.12/site-packages/airflow/example_dags/example_python_operator.py
[2024-10-08T12:11:38.282+0000] {processor.py:925} INFO - DAG(s) 'example_python_operator' retrieved from /home/airflow/.local/lib/python3.12/site-packages/airflow/example_dags/example_python_operator.py
[2024-10-08T12:11:38.305+0000] {logging_mixin.py:190} INFO - [2024-10-08T12:11:38.305+0000] {dag.py:3239} INFO - Sync 1 DAGs
[2024-10-08T12:11:38.323+0000] {logging_mixin.py:190} INFO - [2024-10-08T12:11:38.323+0000] {dag.py:4180} INFO - Setting next_dagrun for example_python_operator to None, run_after=None
[2024-10-08T12:11:38.351+0000] {processor.py:208} INFO - Processing /home/airflow/.local/lib/python3.12/site-packages/airflow/example_dags/example_python_operator.py took 0.094 seconds
[2024-10-08T12:12:09.075+0000] {processor.py:186} INFO - Started process (PID=518) to work on /home/airflow/.local/lib/python3.12/site-packages/airflow/example_dags/example_python_operator.py
[2024-10-08T12:12:09.076+0000] {processor.py:914} INFO - Processing file /home/airflow/.local/lib/python3.12/site-packages/airflow/example_dags/example_python_operator.py for tasks to queue
[2024-10-08T12:12:09.078+0000] {logging_mixin.py:190} INFO - [2024-10-08T12:12:09.078+0000] {dagbag.py:588} INFO - Filling up the DagBag from /home/airflow/.local/lib/python3.12/site-packages/airflow/example_dags/example_python_operator.py
[2024-10-08T12:12:09.091+0000] {processor.py:925} INFO - DAG(s) 'example_python_operator' retrieved from /home/airflow/.local/lib/python3.12/site-packages/airflow/example_dags/example_python_operator.py
[2024-10-08T12:12:09.113+0000] {logging_mixin.py:190} INFO - [2024-10-08T12:12:09.113+0000] {dag.py:3239} INFO - Sync 1 DAGs
[2024-10-08T12:12:09.129+0000] {logging_mixin.py:190} INFO - [2024-10-08T12:12:09.128+0000] {dag.py:4180} INFO - Setting next_dagrun for example_python_operator to None, run_after=None
[2024-10-08T12:12:09.148+0000] {processor.py:208} INFO - Processing /home/airflow/.local/lib/python3.12/site-packages/airflow/example_dags/example_python_operator.py took 0.081 seconds
[2024-10-08T12:12:40.038+0000] {processor.py:186} INFO - Started process (PID=581) to work on /home/airflow/.local/lib/python3.12/site-packages/airflow/example_dags/example_python_operator.py
[2024-10-08T12:12:40.039+0000] {processor.py:914} INFO - Processing file /home/airflow/.local/lib/python3.12/site-packages/airflow/example_dags/example_python_operator.py for tasks to queue
[2024-10-08T12:12:40.041+0000] {logging_mixin.py:190} INFO - [2024-10-08T12:12:40.041+0000] {dagbag.py:588} INFO - Filling up the DagBag from /home/airflow/.local/lib/python3.12/site-packages/airflow/example_dags/example_python_operator.py
[2024-10-08T12:12:40.055+0000] {processor.py:925} INFO - DAG(s) 'example_python_operator' retrieved from /home/airflow/.local/lib/python3.12/site-packages/airflow/example_dags/example_python_operator.py
[2024-10-08T12:12:40.075+0000] {logging_mixin.py:190} INFO - [2024-10-08T12:12:40.075+0000] {dag.py:3239} INFO - Sync 1 DAGs
[2024-10-08T12:12:40.089+0000] {logging_mixin.py:190} INFO - [2024-10-08T12:12:40.089+0000] {dag.py:4180} INFO - Setting next_dagrun for example_python_operator to None, run_after=None
[2024-10-08T12:12:40.109+0000] {processor.py:208} INFO - Processing /home/airflow/.local/lib/python3.12/site-packages/airflow/example_dags/example_python_operator.py took 0.077 seconds
[2024-10-08T12:13:11.319+0000] {processor.py:186} INFO - Started process (PID=644) to work on /home/airflow/.local/lib/python3.12/site-packages/airflow/example_dags/example_python_operator.py
[2024-10-08T12:13:11.320+0000] {processor.py:914} INFO - Processing file /home/airflow/.local/lib/python3.12/site-packages/airflow/example_dags/example_python_operator.py for tasks to queue
[2024-10-08T12:13:11.323+0000] {logging_mixin.py:190} INFO - [2024-10-08T12:13:11.322+0000] {dagbag.py:588} INFO - Filling up the DagBag from /home/airflow/.local/lib/python3.12/site-packages/airflow/example_dags/example_python_operator.py
[2024-10-08T12:13:11.342+0000] {processor.py:925} INFO - DAG(s) 'example_python_operator' retrieved from /home/airflow/.local/lib/python3.12/site-packages/airflow/example_dags/example_python_operator.py
[2024-10-08T12:13:11.371+0000] {logging_mixin.py:190} INFO - [2024-10-08T12:13:11.371+0000] {dag.py:3239} INFO - Sync 1 DAGs
[2024-10-08T12:13:11.391+0000] {logging_mixin.py:190} INFO - [2024-10-08T12:13:11.391+0000] {dag.py:4180} INFO - Setting next_dagrun for example_python_operator to None, run_after=None
[2024-10-08T12:13:11.412+0000] {processor.py:208} INFO - Processing /home/airflow/.local/lib/python3.12/site-packages/airflow/example_dags/example_python_operator.py took 0.101 seconds
[2024-10-08T12:13:42.157+0000] {processor.py:186} INFO - Started process (PID=707) to work on /home/airflow/.local/lib/python3.12/site-packages/airflow/example_dags/example_python_operator.py
[2024-10-08T12:13:42.158+0000] {processor.py:914} INFO - Processing file /home/airflow/.local/lib/python3.12/site-packages/airflow/example_dags/example_python_operator.py for tasks to queue
[2024-10-08T12:13:42.160+0000] {logging_mixin.py:190} INFO - [2024-10-08T12:13:42.160+0000] {dagbag.py:588} INFO - Filling up the DagBag from /home/airflow/.local/lib/python3.12/site-packages/airflow/example_dags/example_python_operator.py
[2024-10-08T12:13:42.173+0000] {processor.py:925} INFO - DAG(s) 'example_python_operator' retrieved from /home/airflow/.local/lib/python3.12/site-packages/airflow/example_dags/example_python_operator.py
[2024-10-08T12:13:42.194+0000] {logging_mixin.py:190} INFO - [2024-10-08T12:13:42.194+0000] {dag.py:3239} INFO - Sync 1 DAGs
[2024-10-08T12:13:42.207+0000] {logging_mixin.py:190} INFO - [2024-10-08T12:13:42.207+0000] {dag.py:4180} INFO - Setting next_dagrun for example_python_operator to None, run_after=None
[2024-10-08T12:13:42.227+0000] {processor.py:208} INFO - Processing /home/airflow/.local/lib/python3.12/site-packages/airflow/example_dags/example_python_operator.py took 0.076 seconds
[2024-10-08T12:14:12.699+0000] {processor.py:186} INFO - Started process (PID=770) to work on /home/airflow/.local/lib/python3.12/site-packages/airflow/example_dags/example_python_operator.py
[2024-10-08T12:14:12.700+0000] {processor.py:914} INFO - Processing file /home/airflow/.local/lib/python3.12/site-packages/airflow/example_dags/example_python_operator.py for tasks to queue
[2024-10-08T12:14:12.703+0000] {logging_mixin.py:190} INFO - [2024-10-08T12:14:12.702+0000] {dagbag.py:588} INFO - Filling up the DagBag from /home/airflow/.local/lib/python3.12/site-packages/airflow/example_dags/example_python_operator.py
[2024-10-08T12:14:12.715+0000] {processor.py:925} INFO - DAG(s) 'example_python_operator' retrieved from /home/airflow/.local/lib/python3.12/site-packages/airflow/example_dags/example_python_operator.py
[2024-10-08T12:14:12.736+0000] {logging_mixin.py:190} INFO - [2024-10-08T12:14:12.735+0000] {dag.py:3239} INFO - Sync 1 DAGs
[2024-10-08T12:14:12.750+0000] {logging_mixin.py:190} INFO - [2024-10-08T12:14:12.749+0000] {dag.py:4180} INFO - Setting next_dagrun for example_python_operator to None, run_after=None
[2024-10-08T12:14:12.767+0000] {processor.py:208} INFO - Processing /home/airflow/.local/lib/python3.12/site-packages/airflow/example_dags/example_python_operator.py took 0.074 seconds
[2024-10-08T12:14:43.296+0000] {processor.py:186} INFO - Started process (PID=833) to work on /home/airflow/.local/lib/python3.12/site-packages/airflow/example_dags/example_python_operator.py
[2024-10-08T12:14:43.297+0000] {processor.py:914} INFO - Processing file /home/airflow/.local/lib/python3.12/site-packages/airflow/example_dags/example_python_operator.py for tasks to queue
[2024-10-08T12:14:43.300+0000] {logging_mixin.py:190} INFO - [2024-10-08T12:14:43.299+0000] {dagbag.py:588} INFO - Filling up the DagBag from /home/airflow/.local/lib/python3.12/site-packages/airflow/example_dags/example_python_operator.py
[2024-10-08T12:14:43.313+0000] {processor.py:925} INFO - DAG(s) 'example_python_operator' retrieved from /home/airflow/.local/lib/python3.12/site-packages/airflow/example_dags/example_python_operator.py
[2024-10-08T12:14:43.338+0000] {logging_mixin.py:190} INFO - [2024-10-08T12:14:43.338+0000] {dag.py:3239} INFO - Sync 1 DAGs
[2024-10-08T12:14:43.358+0000] {logging_mixin.py:190} INFO - [2024-10-08T12:14:43.358+0000] {dag.py:4180} INFO - Setting next_dagrun for example_python_operator to None, run_after=None
[2024-10-08T12:14:43.385+0000] {processor.py:208} INFO - Processing /home/airflow/.local/lib/python3.12/site-packages/airflow/example_dags/example_python_operator.py took 0.095 seconds
[2024-10-08T12:15:13.891+0000] {processor.py:186} INFO - Started process (PID=896) to work on /home/airflow/.local/lib/python3.12/site-packages/airflow/example_dags/example_python_operator.py
[2024-10-08T12:15:13.894+0000] {processor.py:914} INFO - Processing file /home/airflow/.local/lib/python3.12/site-packages/airflow/example_dags/example_python_operator.py for tasks to queue
[2024-10-08T12:15:13.897+0000] {logging_mixin.py:190} INFO - [2024-10-08T12:15:13.897+0000] {dagbag.py:588} INFO - Filling up the DagBag from /home/airflow/.local/lib/python3.12/site-packages/airflow/example_dags/example_python_operator.py
[2024-10-08T12:15:13.915+0000] {processor.py:925} INFO - DAG(s) 'example_python_operator' retrieved from /home/airflow/.local/lib/python3.12/site-packages/airflow/example_dags/example_python_operator.py
[2024-10-08T12:15:13.942+0000] {logging_mixin.py:190} INFO - [2024-10-08T12:15:13.942+0000] {dag.py:3239} INFO - Sync 1 DAGs
[2024-10-08T12:15:13.960+0000] {logging_mixin.py:190} INFO - [2024-10-08T12:15:13.960+0000] {dag.py:4180} INFO - Setting next_dagrun for example_python_operator to None, run_after=None
[2024-10-08T12:15:13.983+0000] {processor.py:208} INFO - Processing /home/airflow/.local/lib/python3.12/site-packages/airflow/example_dags/example_python_operator.py took 0.102 seconds
[2024-10-08T12:15:44.588+0000] {processor.py:186} INFO - Started process (PID=960) to work on /home/airflow/.local/lib/python3.12/site-packages/airflow/example_dags/example_python_operator.py
[2024-10-08T12:15:44.589+0000] {processor.py:914} INFO - Processing file /home/airflow/.local/lib/python3.12/site-packages/airflow/example_dags/example_python_operator.py for tasks to queue
[2024-10-08T12:15:44.592+0000] {logging_mixin.py:190} INFO - [2024-10-08T12:15:44.592+0000] {dagbag.py:588} INFO - Filling up the DagBag from /home/airflow/.local/lib/python3.12/site-packages/airflow/example_dags/example_python_operator.py
[2024-10-08T12:15:44.609+0000] {processor.py:925} INFO - DAG(s) 'example_python_operator' retrieved from /home/airflow/.local/lib/python3.12/site-packages/airflow/example_dags/example_python_operator.py
[2024-10-08T12:15:44.640+0000] {logging_mixin.py:190} INFO - [2024-10-08T12:15:44.640+0000] {dag.py:3239} INFO - Sync 1 DAGs
[2024-10-08T12:15:44.660+0000] {logging_mixin.py:190} INFO - [2024-10-08T12:15:44.660+0000] {dag.py:4180} INFO - Setting next_dagrun for example_python_operator to None, run_after=None
[2024-10-08T12:15:44.687+0000] {processor.py:208} INFO - Processing /home/airflow/.local/lib/python3.12/site-packages/airflow/example_dags/example_python_operator.py took 0.106 seconds
[2024-10-08T12:16:15.230+0000] {processor.py:186} INFO - Started process (PID=1023) to work on /home/airflow/.local/lib/python3.12/site-packages/airflow/example_dags/example_python_operator.py
[2024-10-08T12:16:15.231+0000] {processor.py:914} INFO - Processing file /home/airflow/.local/lib/python3.12/site-packages/airflow/example_dags/example_python_operator.py for tasks to queue
[2024-10-08T12:16:15.234+0000] {logging_mixin.py:190} INFO - [2024-10-08T12:16:15.234+0000] {dagbag.py:588} INFO - Filling up the DagBag from /home/airflow/.local/lib/python3.12/site-packages/airflow/example_dags/example_python_operator.py
[2024-10-08T12:16:15.246+0000] {processor.py:925} INFO - DAG(s) 'example_python_operator' retrieved from /home/airflow/.local/lib/python3.12/site-packages/airflow/example_dags/example_python_operator.py
[2024-10-08T12:16:15.268+0000] {logging_mixin.py:190} INFO - [2024-10-08T12:16:15.268+0000] {dag.py:3239} INFO - Sync 1 DAGs
[2024-10-08T12:16:15.281+0000] {logging_mixin.py:190} INFO - [2024-10-08T12:16:15.281+0000] {dag.py:4180} INFO - Setting next_dagrun for example_python_operator to None, run_after=None
[2024-10-08T12:16:15.301+0000] {processor.py:208} INFO - Processing /home/airflow/.local/lib/python3.12/site-packages/airflow/example_dags/example_python_operator.py took 0.077 seconds
[2024-10-08T12:16:45.852+0000] {processor.py:186} INFO - Started process (PID=1086) to work on /home/airflow/.local/lib/python3.12/site-packages/airflow/example_dags/example_python_operator.py
[2024-10-08T12:16:45.854+0000] {processor.py:914} INFO - Processing file /home/airflow/.local/lib/python3.12/site-packages/airflow/example_dags/example_python_operator.py for tasks to queue
[2024-10-08T12:16:45.856+0000] {logging_mixin.py:190} INFO - [2024-10-08T12:16:45.856+0000] {dagbag.py:588} INFO - Filling up the DagBag from /home/airflow/.local/lib/python3.12/site-packages/airflow/example_dags/example_python_operator.py
[2024-10-08T12:16:45.869+0000] {processor.py:925} INFO - DAG(s) 'example_python_operator' retrieved from /home/airflow/.local/lib/python3.12/site-packages/airflow/example_dags/example_python_operator.py
[2024-10-08T12:16:45.891+0000] {logging_mixin.py:190} INFO - [2024-10-08T12:16:45.891+0000] {dag.py:3239} INFO - Sync 1 DAGs
[2024-10-08T12:16:45.907+0000] {logging_mixin.py:190} INFO - [2024-10-08T12:16:45.907+0000] {dag.py:4180} INFO - Setting next_dagrun for example_python_operator to None, run_after=None
[2024-10-08T12:16:45.930+0000] {processor.py:208} INFO - Processing /home/airflow/.local/lib/python3.12/site-packages/airflow/example_dags/example_python_operator.py took 0.085 seconds
[2024-10-08T12:17:16.657+0000] {processor.py:186} INFO - Started process (PID=1149) to work on /home/airflow/.local/lib/python3.12/site-packages/airflow/example_dags/example_python_operator.py
[2024-10-08T12:17:16.658+0000] {processor.py:914} INFO - Processing file /home/airflow/.local/lib/python3.12/site-packages/airflow/example_dags/example_python_operator.py for tasks to queue
[2024-10-08T12:17:16.660+0000] {logging_mixin.py:190} INFO - [2024-10-08T12:17:16.660+0000] {dagbag.py:588} INFO - Filling up the DagBag from /home/airflow/.local/lib/python3.12/site-packages/airflow/example_dags/example_python_operator.py
[2024-10-08T12:17:16.673+0000] {processor.py:925} INFO - DAG(s) 'example_python_operator' retrieved from /home/airflow/.local/lib/python3.12/site-packages/airflow/example_dags/example_python_operator.py
[2024-10-08T12:17:16.696+0000] {logging_mixin.py:190} INFO - [2024-10-08T12:17:16.696+0000] {dag.py:3239} INFO - Sync 1 DAGs
[2024-10-08T12:17:16.709+0000] {logging_mixin.py:190} INFO - [2024-10-08T12:17:16.709+0000] {dag.py:4180} INFO - Setting next_dagrun for example_python_operator to None, run_after=None
[2024-10-08T12:17:16.727+0000] {processor.py:208} INFO - Processing /home/airflow/.local/lib/python3.12/site-packages/airflow/example_dags/example_python_operator.py took 0.076 seconds
[2024-10-08T12:17:47.364+0000] {processor.py:186} INFO - Started process (PID=1213) to work on /home/airflow/.local/lib/python3.12/site-packages/airflow/example_dags/example_python_operator.py
[2024-10-08T12:17:47.365+0000] {processor.py:914} INFO - Processing file /home/airflow/.local/lib/python3.12/site-packages/airflow/example_dags/example_python_operator.py for tasks to queue
[2024-10-08T12:17:47.367+0000] {logging_mixin.py:190} INFO - [2024-10-08T12:17:47.367+0000] {dagbag.py:588} INFO - Filling up the DagBag from /home/airflow/.local/lib/python3.12/site-packages/airflow/example_dags/example_python_operator.py
[2024-10-08T12:17:47.380+0000] {processor.py:925} INFO - DAG(s) 'example_python_operator' retrieved from /home/airflow/.local/lib/python3.12/site-packages/airflow/example_dags/example_python_operator.py
[2024-10-08T12:17:47.400+0000] {logging_mixin.py:190} INFO - [2024-10-08T12:17:47.399+0000] {dag.py:3239} INFO - Sync 1 DAGs
[2024-10-08T12:17:47.414+0000] {logging_mixin.py:190} INFO - [2024-10-08T12:17:47.414+0000] {dag.py:4180} INFO - Setting next_dagrun for example_python_operator to None, run_after=None
[2024-10-08T12:17:47.432+0000] {processor.py:208} INFO - Processing /home/airflow/.local/lib/python3.12/site-packages/airflow/example_dags/example_python_operator.py took 0.074 seconds
[2024-10-08T12:18:18.031+0000] {processor.py:186} INFO - Started process (PID=1276) to work on /home/airflow/.local/lib/python3.12/site-packages/airflow/example_dags/example_python_operator.py
[2024-10-08T12:18:18.033+0000] {processor.py:914} INFO - Processing file /home/airflow/.local/lib/python3.12/site-packages/airflow/example_dags/example_python_operator.py for tasks to queue
[2024-10-08T12:18:18.035+0000] {logging_mixin.py:190} INFO - [2024-10-08T12:18:18.035+0000] {dagbag.py:588} INFO - Filling up the DagBag from /home/airflow/.local/lib/python3.12/site-packages/airflow/example_dags/example_python_operator.py
[2024-10-08T12:18:18.050+0000] {processor.py:925} INFO - DAG(s) 'example_python_operator' retrieved from /home/airflow/.local/lib/python3.12/site-packages/airflow/example_dags/example_python_operator.py
[2024-10-08T12:18:18.072+0000] {logging_mixin.py:190} INFO - [2024-10-08T12:18:18.072+0000] {dag.py:3239} INFO - Sync 1 DAGs
[2024-10-08T12:18:18.087+0000] {logging_mixin.py:190} INFO - [2024-10-08T12:18:18.087+0000] {dag.py:4180} INFO - Setting next_dagrun for example_python_operator to None, run_after=None
[2024-10-08T12:18:18.109+0000] {processor.py:208} INFO - Processing /home/airflow/.local/lib/python3.12/site-packages/airflow/example_dags/example_python_operator.py took 0.084 seconds
[2024-10-08T12:18:49.014+0000] {processor.py:186} INFO - Started process (PID=1339) to work on /home/airflow/.local/lib/python3.12/site-packages/airflow/example_dags/example_python_operator.py
[2024-10-08T12:18:49.015+0000] {processor.py:914} INFO - Processing file /home/airflow/.local/lib/python3.12/site-packages/airflow/example_dags/example_python_operator.py for tasks to queue
[2024-10-08T12:18:49.018+0000] {logging_mixin.py:190} INFO - [2024-10-08T12:18:49.017+0000] {dagbag.py:588} INFO - Filling up the DagBag from /home/airflow/.local/lib/python3.12/site-packages/airflow/example_dags/example_python_operator.py
[2024-10-08T12:18:49.030+0000] {processor.py:925} INFO - DAG(s) 'example_python_operator' retrieved from /home/airflow/.local/lib/python3.12/site-packages/airflow/example_dags/example_python_operator.py
[2024-10-08T12:18:49.051+0000] {logging_mixin.py:190} INFO - [2024-10-08T12:18:49.050+0000] {dag.py:3239} INFO - Sync 1 DAGs
[2024-10-08T12:18:49.065+0000] {logging_mixin.py:190} INFO - [2024-10-08T12:18:49.065+0000] {dag.py:4180} INFO - Setting next_dagrun for example_python_operator to None, run_after=None
[2024-10-08T12:18:49.085+0000] {processor.py:208} INFO - Processing /home/airflow/.local/lib/python3.12/site-packages/airflow/example_dags/example_python_operator.py took 0.077 seconds
[2024-10-08T12:19:19.337+0000] {processor.py:186} INFO - Started process (PID=1406) to work on /home/airflow/.local/lib/python3.12/site-packages/airflow/example_dags/example_python_operator.py
[2024-10-08T12:19:19.338+0000] {processor.py:914} INFO - Processing file /home/airflow/.local/lib/python3.12/site-packages/airflow/example_dags/example_python_operator.py for tasks to queue
[2024-10-08T12:19:19.341+0000] {logging_mixin.py:190} INFO - [2024-10-08T12:19:19.340+0000] {dagbag.py:588} INFO - Filling up the DagBag from /home/airflow/.local/lib/python3.12/site-packages/airflow/example_dags/example_python_operator.py
[2024-10-08T12:19:19.354+0000] {processor.py:925} INFO - DAG(s) 'example_python_operator' retrieved from /home/airflow/.local/lib/python3.12/site-packages/airflow/example_dags/example_python_operator.py
[2024-10-08T12:19:19.375+0000] {logging_mixin.py:190} INFO - [2024-10-08T12:19:19.375+0000] {dag.py:3239} INFO - Sync 1 DAGs
[2024-10-08T12:19:19.391+0000] {logging_mixin.py:190} INFO - [2024-10-08T12:19:19.391+0000] {dag.py:4180} INFO - Setting next_dagrun for example_python_operator to None, run_after=None
[2024-10-08T12:19:19.411+0000] {processor.py:208} INFO - Processing /home/airflow/.local/lib/python3.12/site-packages/airflow/example_dags/example_python_operator.py took 0.081 seconds
[2024-10-08T12:19:50.232+0000] {processor.py:186} INFO - Started process (PID=1469) to work on /home/airflow/.local/lib/python3.12/site-packages/airflow/example_dags/example_python_operator.py
[2024-10-08T12:19:50.233+0000] {processor.py:914} INFO - Processing file /home/airflow/.local/lib/python3.12/site-packages/airflow/example_dags/example_python_operator.py for tasks to queue
[2024-10-08T12:19:50.236+0000] {logging_mixin.py:190} INFO - [2024-10-08T12:19:50.236+0000] {dagbag.py:588} INFO - Filling up the DagBag from /home/airflow/.local/lib/python3.12/site-packages/airflow/example_dags/example_python_operator.py
[2024-10-08T12:19:50.248+0000] {processor.py:925} INFO - DAG(s) 'example_python_operator' retrieved from /home/airflow/.local/lib/python3.12/site-packages/airflow/example_dags/example_python_operator.py
[2024-10-08T12:19:50.272+0000] {logging_mixin.py:190} INFO - [2024-10-08T12:19:50.271+0000] {dag.py:3239} INFO - Sync 1 DAGs
[2024-10-08T12:19:50.289+0000] {logging_mixin.py:190} INFO - [2024-10-08T12:19:50.288+0000] {dag.py:4180} INFO - Setting next_dagrun for example_python_operator to None, run_after=None
[2024-10-08T12:19:50.309+0000] {processor.py:208} INFO - Processing /home/airflow/.local/lib/python3.12/site-packages/airflow/example_dags/example_python_operator.py took 0.083 seconds
[2024-10-08T12:34:11.942+0000] {processor.py:186} INFO - Started process (PID=69) to work on /home/airflow/.local/lib/python3.12/site-packages/airflow/example_dags/example_python_operator.py
[2024-10-08T12:34:11.944+0000] {processor.py:914} INFO - Processing file /home/airflow/.local/lib/python3.12/site-packages/airflow/example_dags/example_python_operator.py for tasks to queue
[2024-10-08T12:34:11.946+0000] {logging_mixin.py:190} INFO - [2024-10-08T12:34:11.946+0000] {dagbag.py:588} INFO - Filling up the DagBag from /home/airflow/.local/lib/python3.12/site-packages/airflow/example_dags/example_python_operator.py
[2024-10-08T12:34:11.972+0000] {processor.py:925} INFO - DAG(s) 'example_python_operator' retrieved from /home/airflow/.local/lib/python3.12/site-packages/airflow/example_dags/example_python_operator.py
[2024-10-08T12:34:12.130+0000] {logging_mixin.py:190} INFO - [2024-10-08T12:34:12.129+0000] {dag.py:3239} INFO - Sync 1 DAGs
[2024-10-08T12:34:12.141+0000] {logging_mixin.py:190} INFO - [2024-10-08T12:34:12.141+0000] {dag.py:4180} INFO - Setting next_dagrun for example_python_operator to None, run_after=None
[2024-10-08T12:34:12.161+0000] {processor.py:208} INFO - Processing /home/airflow/.local/lib/python3.12/site-packages/airflow/example_dags/example_python_operator.py took 0.226 seconds
[2024-10-08T12:34:42.350+0000] {processor.py:186} INFO - Started process (PID=132) to work on /home/airflow/.local/lib/python3.12/site-packages/airflow/example_dags/example_python_operator.py
[2024-10-08T12:34:42.352+0000] {processor.py:914} INFO - Processing file /home/airflow/.local/lib/python3.12/site-packages/airflow/example_dags/example_python_operator.py for tasks to queue
[2024-10-08T12:34:42.354+0000] {logging_mixin.py:190} INFO - [2024-10-08T12:34:42.354+0000] {dagbag.py:588} INFO - Filling up the DagBag from /home/airflow/.local/lib/python3.12/site-packages/airflow/example_dags/example_python_operator.py
[2024-10-08T12:34:42.365+0000] {processor.py:925} INFO - DAG(s) 'example_python_operator' retrieved from /home/airflow/.local/lib/python3.12/site-packages/airflow/example_dags/example_python_operator.py
[2024-10-08T12:34:42.386+0000] {logging_mixin.py:190} INFO - [2024-10-08T12:34:42.386+0000] {dag.py:3239} INFO - Sync 1 DAGs
[2024-10-08T12:34:42.401+0000] {logging_mixin.py:190} INFO - [2024-10-08T12:34:42.400+0000] {dag.py:4180} INFO - Setting next_dagrun for example_python_operator to None, run_after=None
[2024-10-08T12:34:42.425+0000] {processor.py:208} INFO - Processing /home/airflow/.local/lib/python3.12/site-packages/airflow/example_dags/example_python_operator.py took 0.080 seconds
[2024-10-08T12:35:13.093+0000] {processor.py:186} INFO - Started process (PID=195) to work on /home/airflow/.local/lib/python3.12/site-packages/airflow/example_dags/example_python_operator.py
[2024-10-08T12:35:13.094+0000] {processor.py:914} INFO - Processing file /home/airflow/.local/lib/python3.12/site-packages/airflow/example_dags/example_python_operator.py for tasks to queue
[2024-10-08T12:35:13.097+0000] {logging_mixin.py:190} INFO - [2024-10-08T12:35:13.097+0000] {dagbag.py:588} INFO - Filling up the DagBag from /home/airflow/.local/lib/python3.12/site-packages/airflow/example_dags/example_python_operator.py
[2024-10-08T12:35:13.109+0000] {processor.py:925} INFO - DAG(s) 'example_python_operator' retrieved from /home/airflow/.local/lib/python3.12/site-packages/airflow/example_dags/example_python_operator.py
[2024-10-08T12:35:13.131+0000] {logging_mixin.py:190} INFO - [2024-10-08T12:35:13.130+0000] {dag.py:3239} INFO - Sync 1 DAGs
[2024-10-08T12:35:13.146+0000] {logging_mixin.py:190} INFO - [2024-10-08T12:35:13.146+0000] {dag.py:4180} INFO - Setting next_dagrun for example_python_operator to None, run_after=None
[2024-10-08T12:35:13.167+0000] {processor.py:208} INFO - Processing /home/airflow/.local/lib/python3.12/site-packages/airflow/example_dags/example_python_operator.py took 0.080 seconds
[2024-10-08T12:35:56.100+0000] {processor.py:186} INFO - Started process (PID=258) to work on /home/airflow/.local/lib/python3.12/site-packages/airflow/example_dags/example_python_operator.py
[2024-10-08T12:35:56.102+0000] {processor.py:914} INFO - Processing file /home/airflow/.local/lib/python3.12/site-packages/airflow/example_dags/example_python_operator.py for tasks to queue
[2024-10-08T12:35:56.105+0000] {logging_mixin.py:190} INFO - [2024-10-08T12:35:56.104+0000] {dagbag.py:588} INFO - Filling up the DagBag from /home/airflow/.local/lib/python3.12/site-packages/airflow/example_dags/example_python_operator.py
[2024-10-08T12:35:56.122+0000] {processor.py:925} INFO - DAG(s) 'example_python_operator' retrieved from /home/airflow/.local/lib/python3.12/site-packages/airflow/example_dags/example_python_operator.py
[2024-10-08T12:35:56.148+0000] {logging_mixin.py:190} INFO - [2024-10-08T12:35:56.148+0000] {dag.py:3239} INFO - Sync 1 DAGs
[2024-10-08T12:35:56.166+0000] {logging_mixin.py:190} INFO - [2024-10-08T12:35:56.166+0000] {dag.py:4180} INFO - Setting next_dagrun for example_python_operator to None, run_after=None
[2024-10-08T12:35:56.191+0000] {processor.py:208} INFO - Processing /home/airflow/.local/lib/python3.12/site-packages/airflow/example_dags/example_python_operator.py took 0.097 seconds
[2024-10-08T12:36:27.246+0000] {processor.py:186} INFO - Started process (PID=321) to work on /home/airflow/.local/lib/python3.12/site-packages/airflow/example_dags/example_python_operator.py
[2024-10-08T12:36:27.248+0000] {processor.py:914} INFO - Processing file /home/airflow/.local/lib/python3.12/site-packages/airflow/example_dags/example_python_operator.py for tasks to queue
[2024-10-08T12:36:27.251+0000] {logging_mixin.py:190} INFO - [2024-10-08T12:36:27.250+0000] {dagbag.py:588} INFO - Filling up the DagBag from /home/airflow/.local/lib/python3.12/site-packages/airflow/example_dags/example_python_operator.py
[2024-10-08T12:36:27.273+0000] {processor.py:925} INFO - DAG(s) 'example_python_operator' retrieved from /home/airflow/.local/lib/python3.12/site-packages/airflow/example_dags/example_python_operator.py
[2024-10-08T12:36:28.325+0000] {logging_mixin.py:190} INFO - [2024-10-08T12:36:28.320+0000] {dag.py:3239} INFO - Sync 1 DAGs
[2024-10-08T12:36:28.351+0000] {logging_mixin.py:190} INFO - [2024-10-08T12:36:28.350+0000] {dag.py:4180} INFO - Setting next_dagrun for example_python_operator to None, run_after=None
[2024-10-08T12:36:28.393+0000] {processor.py:208} INFO - Processing /home/airflow/.local/lib/python3.12/site-packages/airflow/example_dags/example_python_operator.py took 1.153 seconds
[2024-10-08T12:36:58.805+0000] {processor.py:186} INFO - Started process (PID=384) to work on /home/airflow/.local/lib/python3.12/site-packages/airflow/example_dags/example_python_operator.py
[2024-10-08T12:36:58.807+0000] {processor.py:914} INFO - Processing file /home/airflow/.local/lib/python3.12/site-packages/airflow/example_dags/example_python_operator.py for tasks to queue
[2024-10-08T12:36:58.810+0000] {logging_mixin.py:190} INFO - [2024-10-08T12:36:58.809+0000] {dagbag.py:588} INFO - Filling up the DagBag from /home/airflow/.local/lib/python3.12/site-packages/airflow/example_dags/example_python_operator.py
[2024-10-08T12:36:58.821+0000] {processor.py:925} INFO - DAG(s) 'example_python_operator' retrieved from /home/airflow/.local/lib/python3.12/site-packages/airflow/example_dags/example_python_operator.py
[2024-10-08T12:36:58.842+0000] {logging_mixin.py:190} INFO - [2024-10-08T12:36:58.842+0000] {dag.py:3239} INFO - Sync 1 DAGs
[2024-10-08T12:36:58.855+0000] {logging_mixin.py:190} INFO - [2024-10-08T12:36:58.855+0000] {dag.py:4180} INFO - Setting next_dagrun for example_python_operator to None, run_after=None
[2024-10-08T12:36:58.873+0000] {processor.py:208} INFO - Processing /home/airflow/.local/lib/python3.12/site-packages/airflow/example_dags/example_python_operator.py took 0.074 seconds
[2024-10-08T12:37:29.354+0000] {processor.py:186} INFO - Started process (PID=447) to work on /home/airflow/.local/lib/python3.12/site-packages/airflow/example_dags/example_python_operator.py
[2024-10-08T12:37:29.356+0000] {processor.py:914} INFO - Processing file /home/airflow/.local/lib/python3.12/site-packages/airflow/example_dags/example_python_operator.py for tasks to queue
[2024-10-08T12:37:29.359+0000] {logging_mixin.py:190} INFO - [2024-10-08T12:37:29.358+0000] {dagbag.py:588} INFO - Filling up the DagBag from /home/airflow/.local/lib/python3.12/site-packages/airflow/example_dags/example_python_operator.py
[2024-10-08T12:37:29.373+0000] {processor.py:925} INFO - DAG(s) 'example_python_operator' retrieved from /home/airflow/.local/lib/python3.12/site-packages/airflow/example_dags/example_python_operator.py
[2024-10-08T12:37:29.397+0000] {logging_mixin.py:190} INFO - [2024-10-08T12:37:29.397+0000] {dag.py:3239} INFO - Sync 1 DAGs
[2024-10-08T12:37:29.412+0000] {logging_mixin.py:190} INFO - [2024-10-08T12:37:29.412+0000] {dag.py:4180} INFO - Setting next_dagrun for example_python_operator to None, run_after=None
[2024-10-08T12:37:29.433+0000] {processor.py:208} INFO - Processing /home/airflow/.local/lib/python3.12/site-packages/airflow/example_dags/example_python_operator.py took 0.085 seconds
[2024-10-08T12:38:09.867+0000] {processor.py:186} INFO - Started process (PID=509) to work on /home/airflow/.local/lib/python3.12/site-packages/airflow/example_dags/example_python_operator.py
[2024-10-08T12:38:09.868+0000] {processor.py:914} INFO - Processing file /home/airflow/.local/lib/python3.12/site-packages/airflow/example_dags/example_python_operator.py for tasks to queue
[2024-10-08T12:38:09.870+0000] {logging_mixin.py:190} INFO - [2024-10-08T12:38:09.870+0000] {dagbag.py:588} INFO - Filling up the DagBag from /home/airflow/.local/lib/python3.12/site-packages/airflow/example_dags/example_python_operator.py
[2024-10-08T12:38:09.884+0000] {processor.py:925} INFO - DAG(s) 'example_python_operator' retrieved from /home/airflow/.local/lib/python3.12/site-packages/airflow/example_dags/example_python_operator.py
[2024-10-08T12:38:09.906+0000] {logging_mixin.py:190} INFO - [2024-10-08T12:38:09.906+0000] {dag.py:3239} INFO - Sync 1 DAGs
[2024-10-08T12:38:09.920+0000] {logging_mixin.py:190} INFO - [2024-10-08T12:38:09.920+0000] {dag.py:4180} INFO - Setting next_dagrun for example_python_operator to None, run_after=None
[2024-10-08T12:38:09.942+0000] {processor.py:208} INFO - Processing /home/airflow/.local/lib/python3.12/site-packages/airflow/example_dags/example_python_operator.py took 0.085 seconds
[2024-10-08T12:38:40.978+0000] {processor.py:186} INFO - Started process (PID=572) to work on /home/airflow/.local/lib/python3.12/site-packages/airflow/example_dags/example_python_operator.py
[2024-10-08T12:38:40.979+0000] {processor.py:914} INFO - Processing file /home/airflow/.local/lib/python3.12/site-packages/airflow/example_dags/example_python_operator.py for tasks to queue
[2024-10-08T12:38:40.983+0000] {logging_mixin.py:190} INFO - [2024-10-08T12:38:40.982+0000] {dagbag.py:588} INFO - Filling up the DagBag from /home/airflow/.local/lib/python3.12/site-packages/airflow/example_dags/example_python_operator.py
[2024-10-08T12:38:41.013+0000] {processor.py:925} INFO - DAG(s) 'example_python_operator' retrieved from /home/airflow/.local/lib/python3.12/site-packages/airflow/example_dags/example_python_operator.py
[2024-10-08T12:38:41.233+0000] {logging_mixin.py:190} INFO - [2024-10-08T12:38:41.229+0000] {dag.py:3239} INFO - Sync 1 DAGs
[2024-10-08T12:38:41.251+0000] {logging_mixin.py:190} INFO - [2024-10-08T12:38:41.251+0000] {dag.py:4180} INFO - Setting next_dagrun for example_python_operator to None, run_after=None
[2024-10-08T12:38:41.282+0000] {processor.py:208} INFO - Processing /home/airflow/.local/lib/python3.12/site-packages/airflow/example_dags/example_python_operator.py took 0.315 seconds
[2024-10-08T12:39:11.474+0000] {processor.py:186} INFO - Started process (PID=635) to work on /home/airflow/.local/lib/python3.12/site-packages/airflow/example_dags/example_python_operator.py
[2024-10-08T12:39:11.475+0000] {processor.py:914} INFO - Processing file /home/airflow/.local/lib/python3.12/site-packages/airflow/example_dags/example_python_operator.py for tasks to queue
[2024-10-08T12:39:11.477+0000] {logging_mixin.py:190} INFO - [2024-10-08T12:39:11.477+0000] {dagbag.py:588} INFO - Filling up the DagBag from /home/airflow/.local/lib/python3.12/site-packages/airflow/example_dags/example_python_operator.py
[2024-10-08T12:39:11.489+0000] {processor.py:925} INFO - DAG(s) 'example_python_operator' retrieved from /home/airflow/.local/lib/python3.12/site-packages/airflow/example_dags/example_python_operator.py
[2024-10-08T12:39:11.511+0000] {logging_mixin.py:190} INFO - [2024-10-08T12:39:11.511+0000] {dag.py:3239} INFO - Sync 1 DAGs
[2024-10-08T12:39:11.524+0000] {logging_mixin.py:190} INFO - [2024-10-08T12:39:11.523+0000] {dag.py:4180} INFO - Setting next_dagrun for example_python_operator to None, run_after=None
[2024-10-08T12:39:11.540+0000] {processor.py:208} INFO - Processing /home/airflow/.local/lib/python3.12/site-packages/airflow/example_dags/example_python_operator.py took 0.073 seconds
[2024-10-08T12:39:41.829+0000] {processor.py:186} INFO - Started process (PID=698) to work on /home/airflow/.local/lib/python3.12/site-packages/airflow/example_dags/example_python_operator.py
[2024-10-08T12:39:41.831+0000] {processor.py:914} INFO - Processing file /home/airflow/.local/lib/python3.12/site-packages/airflow/example_dags/example_python_operator.py for tasks to queue
[2024-10-08T12:39:41.833+0000] {logging_mixin.py:190} INFO - [2024-10-08T12:39:41.833+0000] {dagbag.py:588} INFO - Filling up the DagBag from /home/airflow/.local/lib/python3.12/site-packages/airflow/example_dags/example_python_operator.py
[2024-10-08T12:39:41.847+0000] {processor.py:925} INFO - DAG(s) 'example_python_operator' retrieved from /home/airflow/.local/lib/python3.12/site-packages/airflow/example_dags/example_python_operator.py
[2024-10-08T12:39:41.869+0000] {logging_mixin.py:190} INFO - [2024-10-08T12:39:41.869+0000] {dag.py:3239} INFO - Sync 1 DAGs
[2024-10-08T12:39:41.884+0000] {logging_mixin.py:190} INFO - [2024-10-08T12:39:41.884+0000] {dag.py:4180} INFO - Setting next_dagrun for example_python_operator to None, run_after=None
[2024-10-08T12:39:41.905+0000] {processor.py:208} INFO - Processing /home/airflow/.local/lib/python3.12/site-packages/airflow/example_dags/example_python_operator.py took 0.083 seconds
[2024-10-08T12:40:12.502+0000] {processor.py:186} INFO - Started process (PID=761) to work on /home/airflow/.local/lib/python3.12/site-packages/airflow/example_dags/example_python_operator.py
[2024-10-08T12:40:12.503+0000] {processor.py:914} INFO - Processing file /home/airflow/.local/lib/python3.12/site-packages/airflow/example_dags/example_python_operator.py for tasks to queue
[2024-10-08T12:40:12.505+0000] {logging_mixin.py:190} INFO - [2024-10-08T12:40:12.504+0000] {dagbag.py:588} INFO - Filling up the DagBag from /home/airflow/.local/lib/python3.12/site-packages/airflow/example_dags/example_python_operator.py
[2024-10-08T12:40:12.518+0000] {processor.py:925} INFO - DAG(s) 'example_python_operator' retrieved from /home/airflow/.local/lib/python3.12/site-packages/airflow/example_dags/example_python_operator.py
[2024-10-08T12:40:12.546+0000] {logging_mixin.py:190} INFO - [2024-10-08T12:40:12.546+0000] {dag.py:3239} INFO - Sync 1 DAGs
[2024-10-08T12:40:12.560+0000] {logging_mixin.py:190} INFO - [2024-10-08T12:40:12.560+0000] {dag.py:4180} INFO - Setting next_dagrun for example_python_operator to None, run_after=None
[2024-10-08T12:40:12.579+0000] {processor.py:208} INFO - Processing /home/airflow/.local/lib/python3.12/site-packages/airflow/example_dags/example_python_operator.py took 0.083 seconds
[2024-10-08T12:40:59.684+0000] {processor.py:186} INFO - Started process (PID=830) to work on /home/airflow/.local/lib/python3.12/site-packages/airflow/example_dags/example_python_operator.py
[2024-10-08T12:40:59.686+0000] {processor.py:914} INFO - Processing file /home/airflow/.local/lib/python3.12/site-packages/airflow/example_dags/example_python_operator.py for tasks to queue
[2024-10-08T12:40:59.688+0000] {logging_mixin.py:190} INFO - [2024-10-08T12:40:59.688+0000] {dagbag.py:588} INFO - Filling up the DagBag from /home/airflow/.local/lib/python3.12/site-packages/airflow/example_dags/example_python_operator.py
[2024-10-08T12:40:59.703+0000] {processor.py:925} INFO - DAG(s) 'example_python_operator' retrieved from /home/airflow/.local/lib/python3.12/site-packages/airflow/example_dags/example_python_operator.py
[2024-10-08T12:40:59.726+0000] {logging_mixin.py:190} INFO - [2024-10-08T12:40:59.726+0000] {dag.py:3239} INFO - Sync 1 DAGs
[2024-10-08T12:40:59.743+0000] {logging_mixin.py:190} INFO - [2024-10-08T12:40:59.743+0000] {dag.py:4180} INFO - Setting next_dagrun for example_python_operator to None, run_after=None
[2024-10-08T12:40:59.767+0000] {processor.py:208} INFO - Processing /home/airflow/.local/lib/python3.12/site-packages/airflow/example_dags/example_python_operator.py took 0.089 seconds
[2024-10-08T12:41:45.121+0000] {processor.py:186} INFO - Started process (PID=893) to work on /home/airflow/.local/lib/python3.12/site-packages/airflow/example_dags/example_python_operator.py
[2024-10-08T12:41:45.124+0000] {processor.py:914} INFO - Processing file /home/airflow/.local/lib/python3.12/site-packages/airflow/example_dags/example_python_operator.py for tasks to queue
[2024-10-08T12:41:45.127+0000] {logging_mixin.py:190} INFO - [2024-10-08T12:41:45.126+0000] {dagbag.py:588} INFO - Filling up the DagBag from /home/airflow/.local/lib/python3.12/site-packages/airflow/example_dags/example_python_operator.py
[2024-10-08T12:41:45.160+0000] {processor.py:925} INFO - DAG(s) 'example_python_operator' retrieved from /home/airflow/.local/lib/python3.12/site-packages/airflow/example_dags/example_python_operator.py
[2024-10-08T12:41:45.190+0000] {logging_mixin.py:190} INFO - [2024-10-08T12:41:45.190+0000] {dag.py:3239} INFO - Sync 1 DAGs
[2024-10-08T12:41:45.209+0000] {logging_mixin.py:190} INFO - [2024-10-08T12:41:45.209+0000] {dag.py:4180} INFO - Setting next_dagrun for example_python_operator to None, run_after=None
[2024-10-08T12:41:45.232+0000] {processor.py:208} INFO - Processing /home/airflow/.local/lib/python3.12/site-packages/airflow/example_dags/example_python_operator.py took 0.122 seconds
[2024-10-08T12:42:15.423+0000] {processor.py:186} INFO - Started process (PID=957) to work on /home/airflow/.local/lib/python3.12/site-packages/airflow/example_dags/example_python_operator.py
[2024-10-08T12:42:15.424+0000] {processor.py:914} INFO - Processing file /home/airflow/.local/lib/python3.12/site-packages/airflow/example_dags/example_python_operator.py for tasks to queue
[2024-10-08T12:42:15.427+0000] {logging_mixin.py:190} INFO - [2024-10-08T12:42:15.427+0000] {dagbag.py:588} INFO - Filling up the DagBag from /home/airflow/.local/lib/python3.12/site-packages/airflow/example_dags/example_python_operator.py
[2024-10-08T12:42:15.445+0000] {processor.py:925} INFO - DAG(s) 'example_python_operator' retrieved from /home/airflow/.local/lib/python3.12/site-packages/airflow/example_dags/example_python_operator.py
[2024-10-08T12:42:15.476+0000] {logging_mixin.py:190} INFO - [2024-10-08T12:42:15.475+0000] {dag.py:3239} INFO - Sync 1 DAGs
[2024-10-08T12:42:15.492+0000] {logging_mixin.py:190} INFO - [2024-10-08T12:42:15.492+0000] {dag.py:4180} INFO - Setting next_dagrun for example_python_operator to None, run_after=None
[2024-10-08T12:42:15.511+0000] {processor.py:208} INFO - Processing /home/airflow/.local/lib/python3.12/site-packages/airflow/example_dags/example_python_operator.py took 0.096 seconds
[2024-10-08T12:42:46.525+0000] {processor.py:186} INFO - Started process (PID=1020) to work on /home/airflow/.local/lib/python3.12/site-packages/airflow/example_dags/example_python_operator.py
[2024-10-08T12:42:46.526+0000] {processor.py:914} INFO - Processing file /home/airflow/.local/lib/python3.12/site-packages/airflow/example_dags/example_python_operator.py for tasks to queue
[2024-10-08T12:42:46.528+0000] {logging_mixin.py:190} INFO - [2024-10-08T12:42:46.528+0000] {dagbag.py:588} INFO - Filling up the DagBag from /home/airflow/.local/lib/python3.12/site-packages/airflow/example_dags/example_python_operator.py
[2024-10-08T12:42:46.540+0000] {processor.py:925} INFO - DAG(s) 'example_python_operator' retrieved from /home/airflow/.local/lib/python3.12/site-packages/airflow/example_dags/example_python_operator.py
[2024-10-08T12:42:46.561+0000] {logging_mixin.py:190} INFO - [2024-10-08T12:42:46.561+0000] {dag.py:3239} INFO - Sync 1 DAGs
[2024-10-08T12:42:46.575+0000] {logging_mixin.py:190} INFO - [2024-10-08T12:42:46.575+0000] {dag.py:4180} INFO - Setting next_dagrun for example_python_operator to None, run_after=None
[2024-10-08T12:42:46.594+0000] {processor.py:208} INFO - Processing /home/airflow/.local/lib/python3.12/site-packages/airflow/example_dags/example_python_operator.py took 0.075 seconds
[2024-10-08T12:43:17.463+0000] {processor.py:186} INFO - Started process (PID=1083) to work on /home/airflow/.local/lib/python3.12/site-packages/airflow/example_dags/example_python_operator.py
[2024-10-08T12:43:17.464+0000] {processor.py:914} INFO - Processing file /home/airflow/.local/lib/python3.12/site-packages/airflow/example_dags/example_python_operator.py for tasks to queue
[2024-10-08T12:43:17.467+0000] {logging_mixin.py:190} INFO - [2024-10-08T12:43:17.467+0000] {dagbag.py:588} INFO - Filling up the DagBag from /home/airflow/.local/lib/python3.12/site-packages/airflow/example_dags/example_python_operator.py
[2024-10-08T12:43:17.484+0000] {processor.py:925} INFO - DAG(s) 'example_python_operator' retrieved from /home/airflow/.local/lib/python3.12/site-packages/airflow/example_dags/example_python_operator.py
[2024-10-08T12:43:17.507+0000] {logging_mixin.py:190} INFO - [2024-10-08T12:43:17.507+0000] {dag.py:3239} INFO - Sync 1 DAGs
[2024-10-08T12:43:17.522+0000] {logging_mixin.py:190} INFO - [2024-10-08T12:43:17.522+0000] {dag.py:4180} INFO - Setting next_dagrun for example_python_operator to None, run_after=None
[2024-10-08T12:43:17.541+0000] {processor.py:208} INFO - Processing /home/airflow/.local/lib/python3.12/site-packages/airflow/example_dags/example_python_operator.py took 0.084 seconds
[2024-10-08T12:44:03.134+0000] {processor.py:186} INFO - Started process (PID=1146) to work on /home/airflow/.local/lib/python3.12/site-packages/airflow/example_dags/example_python_operator.py
[2024-10-08T12:44:03.135+0000] {processor.py:914} INFO - Processing file /home/airflow/.local/lib/python3.12/site-packages/airflow/example_dags/example_python_operator.py for tasks to queue
[2024-10-08T12:44:03.139+0000] {logging_mixin.py:190} INFO - [2024-10-08T12:44:03.138+0000] {dagbag.py:588} INFO - Filling up the DagBag from /home/airflow/.local/lib/python3.12/site-packages/airflow/example_dags/example_python_operator.py
[2024-10-08T12:44:03.169+0000] {processor.py:925} INFO - DAG(s) 'example_python_operator' retrieved from /home/airflow/.local/lib/python3.12/site-packages/airflow/example_dags/example_python_operator.py
[2024-10-08T12:44:03.195+0000] {logging_mixin.py:190} INFO - [2024-10-08T12:44:03.194+0000] {dag.py:3239} INFO - Sync 1 DAGs
[2024-10-08T12:44:03.213+0000] {logging_mixin.py:190} INFO - [2024-10-08T12:44:03.212+0000] {dag.py:4180} INFO - Setting next_dagrun for example_python_operator to None, run_after=None
[2024-10-08T12:44:03.240+0000] {processor.py:208} INFO - Processing /home/airflow/.local/lib/python3.12/site-packages/airflow/example_dags/example_python_operator.py took 0.114 seconds
[2024-10-08T12:44:33.865+0000] {processor.py:186} INFO - Started process (PID=1210) to work on /home/airflow/.local/lib/python3.12/site-packages/airflow/example_dags/example_python_operator.py
[2024-10-08T12:44:33.866+0000] {processor.py:914} INFO - Processing file /home/airflow/.local/lib/python3.12/site-packages/airflow/example_dags/example_python_operator.py for tasks to queue
[2024-10-08T12:44:33.868+0000] {logging_mixin.py:190} INFO - [2024-10-08T12:44:33.867+0000] {dagbag.py:588} INFO - Filling up the DagBag from /home/airflow/.local/lib/python3.12/site-packages/airflow/example_dags/example_python_operator.py
[2024-10-08T12:44:33.885+0000] {processor.py:925} INFO - DAG(s) 'example_python_operator' retrieved from /home/airflow/.local/lib/python3.12/site-packages/airflow/example_dags/example_python_operator.py
[2024-10-08T12:44:33.907+0000] {logging_mixin.py:190} INFO - [2024-10-08T12:44:33.906+0000] {dag.py:3239} INFO - Sync 1 DAGs
[2024-10-08T12:44:33.923+0000] {logging_mixin.py:190} INFO - [2024-10-08T12:44:33.923+0000] {dag.py:4180} INFO - Setting next_dagrun for example_python_operator to None, run_after=None
[2024-10-08T12:44:33.945+0000] {processor.py:208} INFO - Processing /home/airflow/.local/lib/python3.12/site-packages/airflow/example_dags/example_python_operator.py took 0.086 seconds
[2024-10-08T12:45:04.365+0000] {processor.py:186} INFO - Started process (PID=1273) to work on /home/airflow/.local/lib/python3.12/site-packages/airflow/example_dags/example_python_operator.py
[2024-10-08T12:45:04.367+0000] {processor.py:914} INFO - Processing file /home/airflow/.local/lib/python3.12/site-packages/airflow/example_dags/example_python_operator.py for tasks to queue
[2024-10-08T12:45:04.368+0000] {logging_mixin.py:190} INFO - [2024-10-08T12:45:04.368+0000] {dagbag.py:588} INFO - Filling up the DagBag from /home/airflow/.local/lib/python3.12/site-packages/airflow/example_dags/example_python_operator.py
[2024-10-08T12:45:04.381+0000] {processor.py:925} INFO - DAG(s) 'example_python_operator' retrieved from /home/airflow/.local/lib/python3.12/site-packages/airflow/example_dags/example_python_operator.py
[2024-10-08T12:45:04.402+0000] {logging_mixin.py:190} INFO - [2024-10-08T12:45:04.402+0000] {dag.py:3239} INFO - Sync 1 DAGs
[2024-10-08T12:45:04.416+0000] {logging_mixin.py:190} INFO - [2024-10-08T12:45:04.416+0000] {dag.py:4180} INFO - Setting next_dagrun for example_python_operator to None, run_after=None
[2024-10-08T12:45:04.434+0000] {processor.py:208} INFO - Processing /home/airflow/.local/lib/python3.12/site-packages/airflow/example_dags/example_python_operator.py took 0.074 seconds
[2024-10-08T12:45:34.780+0000] {processor.py:186} INFO - Started process (PID=1336) to work on /home/airflow/.local/lib/python3.12/site-packages/airflow/example_dags/example_python_operator.py
[2024-10-08T12:45:34.782+0000] {processor.py:914} INFO - Processing file /home/airflow/.local/lib/python3.12/site-packages/airflow/example_dags/example_python_operator.py for tasks to queue
[2024-10-08T12:45:34.783+0000] {logging_mixin.py:190} INFO - [2024-10-08T12:45:34.782+0000] {dagbag.py:588} INFO - Filling up the DagBag from /home/airflow/.local/lib/python3.12/site-packages/airflow/example_dags/example_python_operator.py
[2024-10-08T12:45:34.802+0000] {processor.py:925} INFO - DAG(s) 'example_python_operator' retrieved from /home/airflow/.local/lib/python3.12/site-packages/airflow/example_dags/example_python_operator.py
[2024-10-08T12:45:34.821+0000] {logging_mixin.py:190} INFO - [2024-10-08T12:45:34.821+0000] {dag.py:3239} INFO - Sync 1 DAGs
[2024-10-08T12:45:34.837+0000] {logging_mixin.py:190} INFO - [2024-10-08T12:45:34.837+0000] {dag.py:4180} INFO - Setting next_dagrun for example_python_operator to None, run_after=None
[2024-10-08T12:45:34.857+0000] {processor.py:208} INFO - Processing /home/airflow/.local/lib/python3.12/site-packages/airflow/example_dags/example_python_operator.py took 0.082 seconds
[2024-10-08T12:46:40.765+0000] {processor.py:186} INFO - Started process (PID=1424) to work on /home/airflow/.local/lib/python3.12/site-packages/airflow/example_dags/example_python_operator.py
[2024-10-08T12:46:40.768+0000] {processor.py:914} INFO - Processing file /home/airflow/.local/lib/python3.12/site-packages/airflow/example_dags/example_python_operator.py for tasks to queue
[2024-10-08T12:46:40.769+0000] {logging_mixin.py:190} INFO - [2024-10-08T12:46:40.769+0000] {dagbag.py:588} INFO - Filling up the DagBag from /home/airflow/.local/lib/python3.12/site-packages/airflow/example_dags/example_python_operator.py
[2024-10-08T12:46:40.784+0000] {processor.py:925} INFO - DAG(s) 'example_python_operator' retrieved from /home/airflow/.local/lib/python3.12/site-packages/airflow/example_dags/example_python_operator.py
[2024-10-08T12:46:40.806+0000] {logging_mixin.py:190} INFO - [2024-10-08T12:46:40.806+0000] {dag.py:3239} INFO - Sync 1 DAGs
[2024-10-08T12:46:40.822+0000] {logging_mixin.py:190} INFO - [2024-10-08T12:46:40.821+0000] {dag.py:4180} INFO - Setting next_dagrun for example_python_operator to None, run_after=None
[2024-10-08T12:46:40.843+0000] {processor.py:208} INFO - Processing /home/airflow/.local/lib/python3.12/site-packages/airflow/example_dags/example_python_operator.py took 0.085 seconds
[2024-10-08T12:47:38.897+0000] {processor.py:186} INFO - Started process (PID=1496) to work on /home/airflow/.local/lib/python3.12/site-packages/airflow/example_dags/example_python_operator.py
[2024-10-08T12:47:38.898+0000] {processor.py:914} INFO - Processing file /home/airflow/.local/lib/python3.12/site-packages/airflow/example_dags/example_python_operator.py for tasks to queue
[2024-10-08T12:47:38.900+0000] {logging_mixin.py:190} INFO - [2024-10-08T12:47:38.899+0000] {dagbag.py:588} INFO - Filling up the DagBag from /home/airflow/.local/lib/python3.12/site-packages/airflow/example_dags/example_python_operator.py
[2024-10-08T12:47:38.914+0000] {processor.py:925} INFO - DAG(s) 'example_python_operator' retrieved from /home/airflow/.local/lib/python3.12/site-packages/airflow/example_dags/example_python_operator.py
[2024-10-08T12:47:38.938+0000] {logging_mixin.py:190} INFO - [2024-10-08T12:47:38.938+0000] {dag.py:3239} INFO - Sync 1 DAGs
[2024-10-08T12:47:38.952+0000] {logging_mixin.py:190} INFO - [2024-10-08T12:47:38.952+0000] {dag.py:4180} INFO - Setting next_dagrun for example_python_operator to None, run_after=None
[2024-10-08T12:47:38.973+0000] {processor.py:208} INFO - Processing /home/airflow/.local/lib/python3.12/site-packages/airflow/example_dags/example_python_operator.py took 0.081 seconds
[2024-10-08T12:48:09.492+0000] {processor.py:186} INFO - Started process (PID=1559) to work on /home/airflow/.local/lib/python3.12/site-packages/airflow/example_dags/example_python_operator.py
[2024-10-08T12:48:09.493+0000] {processor.py:914} INFO - Processing file /home/airflow/.local/lib/python3.12/site-packages/airflow/example_dags/example_python_operator.py for tasks to queue
[2024-10-08T12:48:09.494+0000] {logging_mixin.py:190} INFO - [2024-10-08T12:48:09.494+0000] {dagbag.py:588} INFO - Filling up the DagBag from /home/airflow/.local/lib/python3.12/site-packages/airflow/example_dags/example_python_operator.py
[2024-10-08T12:48:09.509+0000] {processor.py:925} INFO - DAG(s) 'example_python_operator' retrieved from /home/airflow/.local/lib/python3.12/site-packages/airflow/example_dags/example_python_operator.py
[2024-10-08T12:48:09.530+0000] {logging_mixin.py:190} INFO - [2024-10-08T12:48:09.529+0000] {dag.py:3239} INFO - Sync 1 DAGs
[2024-10-08T12:48:09.544+0000] {logging_mixin.py:190} INFO - [2024-10-08T12:48:09.544+0000] {dag.py:4180} INFO - Setting next_dagrun for example_python_operator to None, run_after=None
[2024-10-08T12:48:09.569+0000] {processor.py:208} INFO - Processing /home/airflow/.local/lib/python3.12/site-packages/airflow/example_dags/example_python_operator.py took 0.084 seconds
[2024-10-08T12:48:40.530+0000] {processor.py:186} INFO - Started process (PID=1622) to work on /home/airflow/.local/lib/python3.12/site-packages/airflow/example_dags/example_python_operator.py
[2024-10-08T12:48:40.531+0000] {processor.py:914} INFO - Processing file /home/airflow/.local/lib/python3.12/site-packages/airflow/example_dags/example_python_operator.py for tasks to queue
[2024-10-08T12:48:40.533+0000] {logging_mixin.py:190} INFO - [2024-10-08T12:48:40.532+0000] {dagbag.py:588} INFO - Filling up the DagBag from /home/airflow/.local/lib/python3.12/site-packages/airflow/example_dags/example_python_operator.py
[2024-10-08T12:48:40.546+0000] {processor.py:925} INFO - DAG(s) 'example_python_operator' retrieved from /home/airflow/.local/lib/python3.12/site-packages/airflow/example_dags/example_python_operator.py
[2024-10-08T12:48:40.571+0000] {logging_mixin.py:190} INFO - [2024-10-08T12:48:40.570+0000] {dag.py:3239} INFO - Sync 1 DAGs
[2024-10-08T12:48:40.587+0000] {logging_mixin.py:190} INFO - [2024-10-08T12:48:40.586+0000] {dag.py:4180} INFO - Setting next_dagrun for example_python_operator to None, run_after=None
[2024-10-08T12:48:40.607+0000] {processor.py:208} INFO - Processing /home/airflow/.local/lib/python3.12/site-packages/airflow/example_dags/example_python_operator.py took 0.083 seconds
[2024-10-08T12:49:27.134+0000] {processor.py:186} INFO - Started process (PID=1685) to work on /home/airflow/.local/lib/python3.12/site-packages/airflow/example_dags/example_python_operator.py
[2024-10-08T12:49:27.136+0000] {processor.py:914} INFO - Processing file /home/airflow/.local/lib/python3.12/site-packages/airflow/example_dags/example_python_operator.py for tasks to queue
[2024-10-08T12:49:27.138+0000] {logging_mixin.py:190} INFO - [2024-10-08T12:49:27.138+0000] {dagbag.py:588} INFO - Filling up the DagBag from /home/airflow/.local/lib/python3.12/site-packages/airflow/example_dags/example_python_operator.py
[2024-10-08T12:49:27.160+0000] {processor.py:925} INFO - DAG(s) 'example_python_operator' retrieved from /home/airflow/.local/lib/python3.12/site-packages/airflow/example_dags/example_python_operator.py
[2024-10-08T12:49:27.196+0000] {logging_mixin.py:190} INFO - [2024-10-08T12:49:27.196+0000] {dag.py:3239} INFO - Sync 1 DAGs
[2024-10-08T12:49:27.216+0000] {logging_mixin.py:190} INFO - [2024-10-08T12:49:27.216+0000] {dag.py:4180} INFO - Setting next_dagrun for example_python_operator to None, run_after=None
[2024-10-08T12:49:27.241+0000] {processor.py:208} INFO - Processing /home/airflow/.local/lib/python3.12/site-packages/airflow/example_dags/example_python_operator.py took 0.118 seconds
[2024-10-08T12:49:57.766+0000] {processor.py:186} INFO - Started process (PID=1748) to work on /home/airflow/.local/lib/python3.12/site-packages/airflow/example_dags/example_python_operator.py
[2024-10-08T12:49:57.767+0000] {processor.py:914} INFO - Processing file /home/airflow/.local/lib/python3.12/site-packages/airflow/example_dags/example_python_operator.py for tasks to queue
[2024-10-08T12:49:57.768+0000] {logging_mixin.py:190} INFO - [2024-10-08T12:49:57.768+0000] {dagbag.py:588} INFO - Filling up the DagBag from /home/airflow/.local/lib/python3.12/site-packages/airflow/example_dags/example_python_operator.py
[2024-10-08T12:49:57.786+0000] {processor.py:925} INFO - DAG(s) 'example_python_operator' retrieved from /home/airflow/.local/lib/python3.12/site-packages/airflow/example_dags/example_python_operator.py
[2024-10-08T12:49:57.811+0000] {logging_mixin.py:190} INFO - [2024-10-08T12:49:57.810+0000] {dag.py:3239} INFO - Sync 1 DAGs
[2024-10-08T12:49:57.826+0000] {logging_mixin.py:190} INFO - [2024-10-08T12:49:57.825+0000] {dag.py:4180} INFO - Setting next_dagrun for example_python_operator to None, run_after=None
[2024-10-08T12:49:57.848+0000] {processor.py:208} INFO - Processing /home/airflow/.local/lib/python3.12/site-packages/airflow/example_dags/example_python_operator.py took 0.088 seconds
