[2024-10-08T12:08:29.157+0000] {processor.py:186} INFO - Started process (PID=75) to work on /home/airflow/.local/lib/python3.12/site-packages/airflow/example_dags/example_latest_only.py
[2024-10-08T12:08:29.158+0000] {processor.py:914} INFO - Processing file /home/airflow/.local/lib/python3.12/site-packages/airflow/example_dags/example_latest_only.py for tasks to queue
[2024-10-08T12:08:29.160+0000] {logging_mixin.py:190} INFO - [2024-10-08T12:08:29.160+0000] {dagbag.py:588} INFO - Filling up the DagBag from /home/airflow/.local/lib/python3.12/site-packages/airflow/example_dags/example_latest_only.py
[2024-10-08T12:08:29.169+0000] {processor.py:925} INFO - DAG(s) 'latest_only' retrieved from /home/airflow/.local/lib/python3.12/site-packages/airflow/example_dags/example_latest_only.py
[2024-10-08T12:08:29.569+0000] {logging_mixin.py:190} INFO - [2024-10-08T12:08:29.568+0000] {override.py:1900} INFO - Created Permission View: can delete on DAG:latest_only
[2024-10-08T12:08:29.580+0000] {logging_mixin.py:190} INFO - [2024-10-08T12:08:29.579+0000] {override.py:1900} INFO - Created Permission View: can read on DAG:latest_only
[2024-10-08T12:08:29.587+0000] {logging_mixin.py:190} INFO - [2024-10-08T12:08:29.587+0000] {override.py:1900} INFO - Created Permission View: can edit on DAG:latest_only
[2024-10-08T12:08:29.601+0000] {logging_mixin.py:190} INFO - [2024-10-08T12:08:29.601+0000] {override.py:1900} INFO - Created Permission View: can create on DAG Run:latest_only
[2024-10-08T12:08:29.609+0000] {logging_mixin.py:190} INFO - [2024-10-08T12:08:29.609+0000] {override.py:1900} INFO - Created Permission View: can delete on DAG Run:latest_only
[2024-10-08T12:08:29.617+0000] {logging_mixin.py:190} INFO - [2024-10-08T12:08:29.616+0000] {override.py:1900} INFO - Created Permission View: menu access on DAG Run:latest_only
[2024-10-08T12:08:29.624+0000] {logging_mixin.py:190} INFO - [2024-10-08T12:08:29.624+0000] {override.py:1900} INFO - Created Permission View: can read on DAG Run:latest_only
[2024-10-08T12:08:29.625+0000] {logging_mixin.py:190} INFO - [2024-10-08T12:08:29.625+0000] {dag.py:3239} INFO - Sync 1 DAGs
[2024-10-08T12:08:29.639+0000] {logging_mixin.py:190} INFO - [2024-10-08T12:08:29.638+0000] {dag.py:3262} INFO - Creating ORM DAG for latest_only
[2024-10-08T12:08:29.648+0000] {logging_mixin.py:190} INFO - [2024-10-08T12:08:29.648+0000] {dag.py:4180} INFO - Setting next_dagrun for latest_only to 2024-10-08 08:00:00+00:00, run_after=2024-10-08 12:00:00+00:00
[2024-10-08T12:08:29.667+0000] {processor.py:208} INFO - Processing /home/airflow/.local/lib/python3.12/site-packages/airflow/example_dags/example_latest_only.py took 0.518 seconds
[2024-10-08T12:09:00.471+0000] {processor.py:186} INFO - Started process (PID=139) to work on /home/airflow/.local/lib/python3.12/site-packages/airflow/example_dags/example_latest_only.py
[2024-10-08T12:09:00.473+0000] {processor.py:914} INFO - Processing file /home/airflow/.local/lib/python3.12/site-packages/airflow/example_dags/example_latest_only.py for tasks to queue
[2024-10-08T12:09:00.482+0000] {logging_mixin.py:190} INFO - [2024-10-08T12:09:00.481+0000] {dagbag.py:588} INFO - Filling up the DagBag from /home/airflow/.local/lib/python3.12/site-packages/airflow/example_dags/example_latest_only.py
[2024-10-08T12:09:00.490+0000] {processor.py:925} INFO - DAG(s) 'latest_only' retrieved from /home/airflow/.local/lib/python3.12/site-packages/airflow/example_dags/example_latest_only.py
[2024-10-08T12:09:00.509+0000] {logging_mixin.py:190} INFO - [2024-10-08T12:09:00.509+0000] {dag.py:3239} INFO - Sync 1 DAGs
[2024-10-08T12:09:00.566+0000] {logging_mixin.py:190} INFO - [2024-10-08T12:09:00.566+0000] {dag.py:4180} INFO - Setting next_dagrun for latest_only to 2024-10-08 08:00:00+00:00, run_after=2024-10-08 12:00:00+00:00
[2024-10-08T12:09:00.604+0000] {processor.py:208} INFO - Processing /home/airflow/.local/lib/python3.12/site-packages/airflow/example_dags/example_latest_only.py took 0.151 seconds
[2024-10-08T12:09:35.930+0000] {processor.py:186} INFO - Started process (PID=202) to work on /home/airflow/.local/lib/python3.12/site-packages/airflow/example_dags/example_latest_only.py
[2024-10-08T12:09:35.932+0000] {processor.py:914} INFO - Processing file /home/airflow/.local/lib/python3.12/site-packages/airflow/example_dags/example_latest_only.py for tasks to queue
[2024-10-08T12:09:35.936+0000] {logging_mixin.py:190} INFO - [2024-10-08T12:09:35.935+0000] {dagbag.py:588} INFO - Filling up the DagBag from /home/airflow/.local/lib/python3.12/site-packages/airflow/example_dags/example_latest_only.py
[2024-10-08T12:09:35.947+0000] {processor.py:925} INFO - DAG(s) 'latest_only' retrieved from /home/airflow/.local/lib/python3.12/site-packages/airflow/example_dags/example_latest_only.py
[2024-10-08T12:09:35.981+0000] {logging_mixin.py:190} INFO - [2024-10-08T12:09:35.981+0000] {dag.py:3239} INFO - Sync 1 DAGs
[2024-10-08T12:09:36.015+0000] {logging_mixin.py:190} INFO - [2024-10-08T12:09:36.015+0000] {dag.py:4180} INFO - Setting next_dagrun for latest_only to 2024-10-08 08:00:00+00:00, run_after=2024-10-08 12:00:00+00:00
[2024-10-08T12:09:36.048+0000] {processor.py:208} INFO - Processing /home/airflow/.local/lib/python3.12/site-packages/airflow/example_dags/example_latest_only.py took 0.129 seconds
[2024-10-08T12:10:06.496+0000] {processor.py:186} INFO - Started process (PID=265) to work on /home/airflow/.local/lib/python3.12/site-packages/airflow/example_dags/example_latest_only.py
[2024-10-08T12:10:06.497+0000] {processor.py:914} INFO - Processing file /home/airflow/.local/lib/python3.12/site-packages/airflow/example_dags/example_latest_only.py for tasks to queue
[2024-10-08T12:10:06.500+0000] {logging_mixin.py:190} INFO - [2024-10-08T12:10:06.500+0000] {dagbag.py:588} INFO - Filling up the DagBag from /home/airflow/.local/lib/python3.12/site-packages/airflow/example_dags/example_latest_only.py
[2024-10-08T12:10:06.508+0000] {processor.py:925} INFO - DAG(s) 'latest_only' retrieved from /home/airflow/.local/lib/python3.12/site-packages/airflow/example_dags/example_latest_only.py
[2024-10-08T12:10:06.530+0000] {logging_mixin.py:190} INFO - [2024-10-08T12:10:06.529+0000] {dag.py:3239} INFO - Sync 1 DAGs
[2024-10-08T12:10:06.554+0000] {logging_mixin.py:190} INFO - [2024-10-08T12:10:06.554+0000] {dag.py:4180} INFO - Setting next_dagrun for latest_only to 2024-10-08 08:00:00+00:00, run_after=2024-10-08 12:00:00+00:00
[2024-10-08T12:10:06.576+0000] {processor.py:208} INFO - Processing /home/airflow/.local/lib/python3.12/site-packages/airflow/example_dags/example_latest_only.py took 0.088 seconds
[2024-10-08T12:10:36.777+0000] {processor.py:186} INFO - Started process (PID=328) to work on /home/airflow/.local/lib/python3.12/site-packages/airflow/example_dags/example_latest_only.py
[2024-10-08T12:10:36.778+0000] {processor.py:914} INFO - Processing file /home/airflow/.local/lib/python3.12/site-packages/airflow/example_dags/example_latest_only.py for tasks to queue
[2024-10-08T12:10:36.780+0000] {logging_mixin.py:190} INFO - [2024-10-08T12:10:36.780+0000] {dagbag.py:588} INFO - Filling up the DagBag from /home/airflow/.local/lib/python3.12/site-packages/airflow/example_dags/example_latest_only.py
[2024-10-08T12:10:36.787+0000] {processor.py:925} INFO - DAG(s) 'latest_only' retrieved from /home/airflow/.local/lib/python3.12/site-packages/airflow/example_dags/example_latest_only.py
[2024-10-08T12:10:36.807+0000] {logging_mixin.py:190} INFO - [2024-10-08T12:10:36.807+0000] {dag.py:3239} INFO - Sync 1 DAGs
[2024-10-08T12:10:36.829+0000] {logging_mixin.py:190} INFO - [2024-10-08T12:10:36.829+0000] {dag.py:4180} INFO - Setting next_dagrun for latest_only to 2024-10-08 08:00:00+00:00, run_after=2024-10-08 12:00:00+00:00
[2024-10-08T12:10:36.847+0000] {processor.py:208} INFO - Processing /home/airflow/.local/lib/python3.12/site-packages/airflow/example_dags/example_latest_only.py took 0.075 seconds
[2024-10-08T12:11:07.686+0000] {processor.py:186} INFO - Started process (PID=391) to work on /home/airflow/.local/lib/python3.12/site-packages/airflow/example_dags/example_latest_only.py
[2024-10-08T12:11:07.687+0000] {processor.py:914} INFO - Processing file /home/airflow/.local/lib/python3.12/site-packages/airflow/example_dags/example_latest_only.py for tasks to queue
[2024-10-08T12:11:07.689+0000] {logging_mixin.py:190} INFO - [2024-10-08T12:11:07.689+0000] {dagbag.py:588} INFO - Filling up the DagBag from /home/airflow/.local/lib/python3.12/site-packages/airflow/example_dags/example_latest_only.py
[2024-10-08T12:11:07.696+0000] {processor.py:925} INFO - DAG(s) 'latest_only' retrieved from /home/airflow/.local/lib/python3.12/site-packages/airflow/example_dags/example_latest_only.py
[2024-10-08T12:11:07.715+0000] {logging_mixin.py:190} INFO - [2024-10-08T12:11:07.715+0000] {dag.py:3239} INFO - Sync 1 DAGs
[2024-10-08T12:11:07.736+0000] {logging_mixin.py:190} INFO - [2024-10-08T12:11:07.736+0000] {dag.py:4180} INFO - Setting next_dagrun for latest_only to 2024-10-08 08:00:00+00:00, run_after=2024-10-08 12:00:00+00:00
[2024-10-08T12:11:07.753+0000] {processor.py:208} INFO - Processing /home/airflow/.local/lib/python3.12/site-packages/airflow/example_dags/example_latest_only.py took 0.073 seconds
[2024-10-08T12:11:38.197+0000] {processor.py:186} INFO - Started process (PID=454) to work on /home/airflow/.local/lib/python3.12/site-packages/airflow/example_dags/example_latest_only.py
[2024-10-08T12:11:38.198+0000] {processor.py:914} INFO - Processing file /home/airflow/.local/lib/python3.12/site-packages/airflow/example_dags/example_latest_only.py for tasks to queue
[2024-10-08T12:11:38.201+0000] {logging_mixin.py:190} INFO - [2024-10-08T12:11:38.201+0000] {dagbag.py:588} INFO - Filling up the DagBag from /home/airflow/.local/lib/python3.12/site-packages/airflow/example_dags/example_latest_only.py
[2024-10-08T12:11:38.211+0000] {processor.py:925} INFO - DAG(s) 'latest_only' retrieved from /home/airflow/.local/lib/python3.12/site-packages/airflow/example_dags/example_latest_only.py
[2024-10-08T12:11:38.236+0000] {logging_mixin.py:190} INFO - [2024-10-08T12:11:38.236+0000] {dag.py:3239} INFO - Sync 1 DAGs
[2024-10-08T12:11:38.265+0000] {logging_mixin.py:190} INFO - [2024-10-08T12:11:38.265+0000] {dag.py:4180} INFO - Setting next_dagrun for latest_only to 2024-10-08 08:00:00+00:00, run_after=2024-10-08 12:00:00+00:00
[2024-10-08T12:11:38.286+0000] {processor.py:208} INFO - Processing /home/airflow/.local/lib/python3.12/site-packages/airflow/example_dags/example_latest_only.py took 0.095 seconds
[2024-10-08T12:12:08.988+0000] {processor.py:186} INFO - Started process (PID=517) to work on /home/airflow/.local/lib/python3.12/site-packages/airflow/example_dags/example_latest_only.py
[2024-10-08T12:12:08.990+0000] {processor.py:914} INFO - Processing file /home/airflow/.local/lib/python3.12/site-packages/airflow/example_dags/example_latest_only.py for tasks to queue
[2024-10-08T12:12:08.993+0000] {logging_mixin.py:190} INFO - [2024-10-08T12:12:08.992+0000] {dagbag.py:588} INFO - Filling up the DagBag from /home/airflow/.local/lib/python3.12/site-packages/airflow/example_dags/example_latest_only.py
[2024-10-08T12:12:09.000+0000] {processor.py:925} INFO - DAG(s) 'latest_only' retrieved from /home/airflow/.local/lib/python3.12/site-packages/airflow/example_dags/example_latest_only.py
[2024-10-08T12:12:09.020+0000] {logging_mixin.py:190} INFO - [2024-10-08T12:12:09.019+0000] {dag.py:3239} INFO - Sync 1 DAGs
[2024-10-08T12:12:09.051+0000] {logging_mixin.py:190} INFO - [2024-10-08T12:12:09.050+0000] {dag.py:4180} INFO - Setting next_dagrun for latest_only to 2024-10-08 08:00:00+00:00, run_after=2024-10-08 12:00:00+00:00
[2024-10-08T12:12:09.073+0000] {processor.py:208} INFO - Processing /home/airflow/.local/lib/python3.12/site-packages/airflow/example_dags/example_latest_only.py took 0.090 seconds
[2024-10-08T12:12:39.962+0000] {processor.py:186} INFO - Started process (PID=580) to work on /home/airflow/.local/lib/python3.12/site-packages/airflow/example_dags/example_latest_only.py
[2024-10-08T12:12:39.964+0000] {processor.py:914} INFO - Processing file /home/airflow/.local/lib/python3.12/site-packages/airflow/example_dags/example_latest_only.py for tasks to queue
[2024-10-08T12:12:39.966+0000] {logging_mixin.py:190} INFO - [2024-10-08T12:12:39.966+0000] {dagbag.py:588} INFO - Filling up the DagBag from /home/airflow/.local/lib/python3.12/site-packages/airflow/example_dags/example_latest_only.py
[2024-10-08T12:12:39.973+0000] {processor.py:925} INFO - DAG(s) 'latest_only' retrieved from /home/airflow/.local/lib/python3.12/site-packages/airflow/example_dags/example_latest_only.py
[2024-10-08T12:12:39.994+0000] {logging_mixin.py:190} INFO - [2024-10-08T12:12:39.994+0000] {dag.py:3239} INFO - Sync 1 DAGs
[2024-10-08T12:12:40.024+0000] {logging_mixin.py:190} INFO - [2024-10-08T12:12:40.024+0000] {dag.py:4180} INFO - Setting next_dagrun for latest_only to 2024-10-08 08:00:00+00:00, run_after=2024-10-08 12:00:00+00:00
[2024-10-08T12:12:40.044+0000] {processor.py:208} INFO - Processing /home/airflow/.local/lib/python3.12/site-packages/airflow/example_dags/example_latest_only.py took 0.088 seconds
[2024-10-08T12:13:11.306+0000] {processor.py:186} INFO - Started process (PID=643) to work on /home/airflow/.local/lib/python3.12/site-packages/airflow/example_dags/example_latest_only.py
[2024-10-08T12:13:11.308+0000] {processor.py:914} INFO - Processing file /home/airflow/.local/lib/python3.12/site-packages/airflow/example_dags/example_latest_only.py for tasks to queue
[2024-10-08T12:13:11.311+0000] {logging_mixin.py:190} INFO - [2024-10-08T12:13:11.310+0000] {dagbag.py:588} INFO - Filling up the DagBag from /home/airflow/.local/lib/python3.12/site-packages/airflow/example_dags/example_latest_only.py
[2024-10-08T12:13:11.319+0000] {processor.py:925} INFO - DAG(s) 'latest_only' retrieved from /home/airflow/.local/lib/python3.12/site-packages/airflow/example_dags/example_latest_only.py
[2024-10-08T12:13:11.346+0000] {logging_mixin.py:190} INFO - [2024-10-08T12:13:11.346+0000] {dag.py:3239} INFO - Sync 1 DAGs
[2024-10-08T12:13:11.379+0000] {logging_mixin.py:190} INFO - [2024-10-08T12:13:11.379+0000] {dag.py:4180} INFO - Setting next_dagrun for latest_only to 2024-10-08 08:00:00+00:00, run_after=2024-10-08 12:00:00+00:00
[2024-10-08T12:13:11.401+0000] {processor.py:208} INFO - Processing /home/airflow/.local/lib/python3.12/site-packages/airflow/example_dags/example_latest_only.py took 0.103 seconds
[2024-10-08T12:13:42.142+0000] {processor.py:186} INFO - Started process (PID=706) to work on /home/airflow/.local/lib/python3.12/site-packages/airflow/example_dags/example_latest_only.py
[2024-10-08T12:13:42.143+0000] {processor.py:914} INFO - Processing file /home/airflow/.local/lib/python3.12/site-packages/airflow/example_dags/example_latest_only.py for tasks to queue
[2024-10-08T12:13:42.144+0000] {logging_mixin.py:190} INFO - [2024-10-08T12:13:42.144+0000] {dagbag.py:588} INFO - Filling up the DagBag from /home/airflow/.local/lib/python3.12/site-packages/airflow/example_dags/example_latest_only.py
[2024-10-08T12:13:42.151+0000] {processor.py:925} INFO - DAG(s) 'latest_only' retrieved from /home/airflow/.local/lib/python3.12/site-packages/airflow/example_dags/example_latest_only.py
[2024-10-08T12:13:42.168+0000] {logging_mixin.py:190} INFO - [2024-10-08T12:13:42.167+0000] {dag.py:3239} INFO - Sync 1 DAGs
[2024-10-08T12:13:42.192+0000] {logging_mixin.py:190} INFO - [2024-10-08T12:13:42.192+0000] {dag.py:4180} INFO - Setting next_dagrun for latest_only to 2024-10-08 08:00:00+00:00, run_after=2024-10-08 12:00:00+00:00
[2024-10-08T12:13:42.208+0000] {processor.py:208} INFO - Processing /home/airflow/.local/lib/python3.12/site-packages/airflow/example_dags/example_latest_only.py took 0.072 seconds
[2024-10-08T12:14:12.634+0000] {processor.py:186} INFO - Started process (PID=769) to work on /home/airflow/.local/lib/python3.12/site-packages/airflow/example_dags/example_latest_only.py
[2024-10-08T12:14:12.636+0000] {processor.py:914} INFO - Processing file /home/airflow/.local/lib/python3.12/site-packages/airflow/example_dags/example_latest_only.py for tasks to queue
[2024-10-08T12:14:12.639+0000] {logging_mixin.py:190} INFO - [2024-10-08T12:14:12.638+0000] {dagbag.py:588} INFO - Filling up the DagBag from /home/airflow/.local/lib/python3.12/site-packages/airflow/example_dags/example_latest_only.py
[2024-10-08T12:14:12.646+0000] {processor.py:925} INFO - DAG(s) 'latest_only' retrieved from /home/airflow/.local/lib/python3.12/site-packages/airflow/example_dags/example_latest_only.py
[2024-10-08T12:14:12.665+0000] {logging_mixin.py:190} INFO - [2024-10-08T12:14:12.664+0000] {dag.py:3239} INFO - Sync 1 DAGs
[2024-10-08T12:14:12.688+0000] {logging_mixin.py:190} INFO - [2024-10-08T12:14:12.688+0000] {dag.py:4180} INFO - Setting next_dagrun for latest_only to 2024-10-08 08:00:00+00:00, run_after=2024-10-08 12:00:00+00:00
[2024-10-08T12:14:12.708+0000] {processor.py:208} INFO - Processing /home/airflow/.local/lib/python3.12/site-packages/airflow/example_dags/example_latest_only.py took 0.080 seconds
[2024-10-08T12:14:43.250+0000] {processor.py:186} INFO - Started process (PID=832) to work on /home/airflow/.local/lib/python3.12/site-packages/airflow/example_dags/example_latest_only.py
[2024-10-08T12:14:43.251+0000] {processor.py:914} INFO - Processing file /home/airflow/.local/lib/python3.12/site-packages/airflow/example_dags/example_latest_only.py for tasks to queue
[2024-10-08T12:14:43.254+0000] {logging_mixin.py:190} INFO - [2024-10-08T12:14:43.253+0000] {dagbag.py:588} INFO - Filling up the DagBag from /home/airflow/.local/lib/python3.12/site-packages/airflow/example_dags/example_latest_only.py
[2024-10-08T12:14:43.260+0000] {processor.py:925} INFO - DAG(s) 'latest_only' retrieved from /home/airflow/.local/lib/python3.12/site-packages/airflow/example_dags/example_latest_only.py
[2024-10-08T12:14:43.279+0000] {logging_mixin.py:190} INFO - [2024-10-08T12:14:43.278+0000] {dag.py:3239} INFO - Sync 1 DAGs
[2024-10-08T12:14:43.305+0000] {logging_mixin.py:190} INFO - [2024-10-08T12:14:43.305+0000] {dag.py:4180} INFO - Setting next_dagrun for latest_only to 2024-10-08 08:00:00+00:00, run_after=2024-10-08 12:00:00+00:00
[2024-10-08T12:14:43.326+0000] {processor.py:208} INFO - Processing /home/airflow/.local/lib/python3.12/site-packages/airflow/example_dags/example_latest_only.py took 0.082 seconds
[2024-10-08T12:15:13.802+0000] {processor.py:186} INFO - Started process (PID=895) to work on /home/airflow/.local/lib/python3.12/site-packages/airflow/example_dags/example_latest_only.py
[2024-10-08T12:15:13.803+0000] {processor.py:914} INFO - Processing file /home/airflow/.local/lib/python3.12/site-packages/airflow/example_dags/example_latest_only.py for tasks to queue
[2024-10-08T12:15:13.805+0000] {logging_mixin.py:190} INFO - [2024-10-08T12:15:13.805+0000] {dagbag.py:588} INFO - Filling up the DagBag from /home/airflow/.local/lib/python3.12/site-packages/airflow/example_dags/example_latest_only.py
[2024-10-08T12:15:13.812+0000] {processor.py:925} INFO - DAG(s) 'latest_only' retrieved from /home/airflow/.local/lib/python3.12/site-packages/airflow/example_dags/example_latest_only.py
[2024-10-08T12:15:13.835+0000] {logging_mixin.py:190} INFO - [2024-10-08T12:15:13.835+0000] {dag.py:3239} INFO - Sync 1 DAGs
[2024-10-08T12:15:13.861+0000] {logging_mixin.py:190} INFO - [2024-10-08T12:15:13.860+0000] {dag.py:4180} INFO - Setting next_dagrun for latest_only to 2024-10-08 08:00:00+00:00, run_after=2024-10-08 12:00:00+00:00
[2024-10-08T12:15:13.893+0000] {processor.py:208} INFO - Processing /home/airflow/.local/lib/python3.12/site-packages/airflow/example_dags/example_latest_only.py took 0.099 seconds
[2024-10-08T12:15:44.509+0000] {processor.py:186} INFO - Started process (PID=959) to work on /home/airflow/.local/lib/python3.12/site-packages/airflow/example_dags/example_latest_only.py
[2024-10-08T12:15:44.511+0000] {processor.py:914} INFO - Processing file /home/airflow/.local/lib/python3.12/site-packages/airflow/example_dags/example_latest_only.py for tasks to queue
[2024-10-08T12:15:44.513+0000] {logging_mixin.py:190} INFO - [2024-10-08T12:15:44.513+0000] {dagbag.py:588} INFO - Filling up the DagBag from /home/airflow/.local/lib/python3.12/site-packages/airflow/example_dags/example_latest_only.py
[2024-10-08T12:15:44.520+0000] {processor.py:925} INFO - DAG(s) 'latest_only' retrieved from /home/airflow/.local/lib/python3.12/site-packages/airflow/example_dags/example_latest_only.py
[2024-10-08T12:15:44.538+0000] {logging_mixin.py:190} INFO - [2024-10-08T12:15:44.538+0000] {dag.py:3239} INFO - Sync 1 DAGs
[2024-10-08T12:15:44.563+0000] {logging_mixin.py:190} INFO - [2024-10-08T12:15:44.563+0000] {dag.py:4180} INFO - Setting next_dagrun for latest_only to 2024-10-08 08:00:00+00:00, run_after=2024-10-08 12:00:00+00:00
[2024-10-08T12:15:44.588+0000] {processor.py:208} INFO - Processing /home/airflow/.local/lib/python3.12/site-packages/airflow/example_dags/example_latest_only.py took 0.085 seconds
[2024-10-08T12:16:15.153+0000] {processor.py:186} INFO - Started process (PID=1022) to work on /home/airflow/.local/lib/python3.12/site-packages/airflow/example_dags/example_latest_only.py
[2024-10-08T12:16:15.155+0000] {processor.py:914} INFO - Processing file /home/airflow/.local/lib/python3.12/site-packages/airflow/example_dags/example_latest_only.py for tasks to queue
[2024-10-08T12:16:15.157+0000] {logging_mixin.py:190} INFO - [2024-10-08T12:16:15.156+0000] {dagbag.py:588} INFO - Filling up the DagBag from /home/airflow/.local/lib/python3.12/site-packages/airflow/example_dags/example_latest_only.py
[2024-10-08T12:16:15.164+0000] {processor.py:925} INFO - DAG(s) 'latest_only' retrieved from /home/airflow/.local/lib/python3.12/site-packages/airflow/example_dags/example_latest_only.py
[2024-10-08T12:16:15.182+0000] {logging_mixin.py:190} INFO - [2024-10-08T12:16:15.182+0000] {dag.py:3239} INFO - Sync 1 DAGs
[2024-10-08T12:16:15.206+0000] {logging_mixin.py:190} INFO - [2024-10-08T12:16:15.206+0000] {dag.py:4180} INFO - Setting next_dagrun for latest_only to 2024-10-08 08:00:00+00:00, run_after=2024-10-08 12:00:00+00:00
[2024-10-08T12:16:15.225+0000] {processor.py:208} INFO - Processing /home/airflow/.local/lib/python3.12/site-packages/airflow/example_dags/example_latest_only.py took 0.078 seconds
[2024-10-08T12:16:45.781+0000] {processor.py:186} INFO - Started process (PID=1085) to work on /home/airflow/.local/lib/python3.12/site-packages/airflow/example_dags/example_latest_only.py
[2024-10-08T12:16:45.783+0000] {processor.py:914} INFO - Processing file /home/airflow/.local/lib/python3.12/site-packages/airflow/example_dags/example_latest_only.py for tasks to queue
[2024-10-08T12:16:45.785+0000] {logging_mixin.py:190} INFO - [2024-10-08T12:16:45.785+0000] {dagbag.py:588} INFO - Filling up the DagBag from /home/airflow/.local/lib/python3.12/site-packages/airflow/example_dags/example_latest_only.py
[2024-10-08T12:16:45.796+0000] {processor.py:925} INFO - DAG(s) 'latest_only' retrieved from /home/airflow/.local/lib/python3.12/site-packages/airflow/example_dags/example_latest_only.py
[2024-10-08T12:16:45.818+0000] {logging_mixin.py:190} INFO - [2024-10-08T12:16:45.817+0000] {dag.py:3239} INFO - Sync 1 DAGs
[2024-10-08T12:16:45.845+0000] {logging_mixin.py:190} INFO - [2024-10-08T12:16:45.845+0000] {dag.py:4180} INFO - Setting next_dagrun for latest_only to 2024-10-08 08:00:00+00:00, run_after=2024-10-08 12:00:00+00:00
[2024-10-08T12:16:45.868+0000] {processor.py:208} INFO - Processing /home/airflow/.local/lib/python3.12/site-packages/airflow/example_dags/example_latest_only.py took 0.093 seconds
[2024-10-08T12:17:16.581+0000] {processor.py:186} INFO - Started process (PID=1148) to work on /home/airflow/.local/lib/python3.12/site-packages/airflow/example_dags/example_latest_only.py
[2024-10-08T12:17:16.582+0000] {processor.py:914} INFO - Processing file /home/airflow/.local/lib/python3.12/site-packages/airflow/example_dags/example_latest_only.py for tasks to queue
[2024-10-08T12:17:16.585+0000] {logging_mixin.py:190} INFO - [2024-10-08T12:17:16.584+0000] {dagbag.py:588} INFO - Filling up the DagBag from /home/airflow/.local/lib/python3.12/site-packages/airflow/example_dags/example_latest_only.py
[2024-10-08T12:17:16.591+0000] {processor.py:925} INFO - DAG(s) 'latest_only' retrieved from /home/airflow/.local/lib/python3.12/site-packages/airflow/example_dags/example_latest_only.py
[2024-10-08T12:17:16.610+0000] {logging_mixin.py:190} INFO - [2024-10-08T12:17:16.610+0000] {dag.py:3239} INFO - Sync 1 DAGs
[2024-10-08T12:17:16.632+0000] {logging_mixin.py:190} INFO - [2024-10-08T12:17:16.631+0000] {dag.py:4180} INFO - Setting next_dagrun for latest_only to 2024-10-08 08:00:00+00:00, run_after=2024-10-08 12:00:00+00:00
[2024-10-08T12:17:16.650+0000] {processor.py:208} INFO - Processing /home/airflow/.local/lib/python3.12/site-packages/airflow/example_dags/example_latest_only.py took 0.075 seconds
[2024-10-08T12:17:47.291+0000] {processor.py:186} INFO - Started process (PID=1212) to work on /home/airflow/.local/lib/python3.12/site-packages/airflow/example_dags/example_latest_only.py
[2024-10-08T12:17:47.292+0000] {processor.py:914} INFO - Processing file /home/airflow/.local/lib/python3.12/site-packages/airflow/example_dags/example_latest_only.py for tasks to queue
[2024-10-08T12:17:47.294+0000] {logging_mixin.py:190} INFO - [2024-10-08T12:17:47.294+0000] {dagbag.py:588} INFO - Filling up the DagBag from /home/airflow/.local/lib/python3.12/site-packages/airflow/example_dags/example_latest_only.py
[2024-10-08T12:17:47.301+0000] {processor.py:925} INFO - DAG(s) 'latest_only' retrieved from /home/airflow/.local/lib/python3.12/site-packages/airflow/example_dags/example_latest_only.py
[2024-10-08T12:17:47.319+0000] {logging_mixin.py:190} INFO - [2024-10-08T12:17:47.318+0000] {dag.py:3239} INFO - Sync 1 DAGs
[2024-10-08T12:17:47.343+0000] {logging_mixin.py:190} INFO - [2024-10-08T12:17:47.342+0000] {dag.py:4180} INFO - Setting next_dagrun for latest_only to 2024-10-08 08:00:00+00:00, run_after=2024-10-08 12:00:00+00:00
[2024-10-08T12:17:47.363+0000] {processor.py:208} INFO - Processing /home/airflow/.local/lib/python3.12/site-packages/airflow/example_dags/example_latest_only.py took 0.078 seconds
[2024-10-08T12:18:17.935+0000] {processor.py:186} INFO - Started process (PID=1275) to work on /home/airflow/.local/lib/python3.12/site-packages/airflow/example_dags/example_latest_only.py
[2024-10-08T12:18:17.936+0000] {processor.py:914} INFO - Processing file /home/airflow/.local/lib/python3.12/site-packages/airflow/example_dags/example_latest_only.py for tasks to queue
[2024-10-08T12:18:17.939+0000] {logging_mixin.py:190} INFO - [2024-10-08T12:18:17.939+0000] {dagbag.py:588} INFO - Filling up the DagBag from /home/airflow/.local/lib/python3.12/site-packages/airflow/example_dags/example_latest_only.py
[2024-10-08T12:18:17.946+0000] {processor.py:925} INFO - DAG(s) 'latest_only' retrieved from /home/airflow/.local/lib/python3.12/site-packages/airflow/example_dags/example_latest_only.py
[2024-10-08T12:18:17.968+0000] {logging_mixin.py:190} INFO - [2024-10-08T12:18:17.968+0000] {dag.py:3239} INFO - Sync 1 DAGs
[2024-10-08T12:18:17.991+0000] {logging_mixin.py:190} INFO - [2024-10-08T12:18:17.991+0000] {dag.py:4180} INFO - Setting next_dagrun for latest_only to 2024-10-08 08:00:00+00:00, run_after=2024-10-08 12:00:00+00:00
[2024-10-08T12:18:18.016+0000] {processor.py:208} INFO - Processing /home/airflow/.local/lib/python3.12/site-packages/airflow/example_dags/example_latest_only.py took 0.088 seconds
[2024-10-08T12:18:48.981+0000] {processor.py:186} INFO - Started process (PID=1338) to work on /home/airflow/.local/lib/python3.12/site-packages/airflow/example_dags/example_latest_only.py
[2024-10-08T12:18:48.983+0000] {processor.py:914} INFO - Processing file /home/airflow/.local/lib/python3.12/site-packages/airflow/example_dags/example_latest_only.py for tasks to queue
[2024-10-08T12:18:48.985+0000] {logging_mixin.py:190} INFO - [2024-10-08T12:18:48.985+0000] {dagbag.py:588} INFO - Filling up the DagBag from /home/airflow/.local/lib/python3.12/site-packages/airflow/example_dags/example_latest_only.py
[2024-10-08T12:18:48.992+0000] {processor.py:925} INFO - DAG(s) 'latest_only' retrieved from /home/airflow/.local/lib/python3.12/site-packages/airflow/example_dags/example_latest_only.py
[2024-10-08T12:18:49.010+0000] {logging_mixin.py:190} INFO - [2024-10-08T12:18:49.010+0000] {dag.py:3239} INFO - Sync 1 DAGs
[2024-10-08T12:18:49.035+0000] {logging_mixin.py:190} INFO - [2024-10-08T12:18:49.035+0000] {dag.py:4180} INFO - Setting next_dagrun for latest_only to 2024-10-08 08:00:00+00:00, run_after=2024-10-08 12:00:00+00:00
[2024-10-08T12:18:49.053+0000] {processor.py:208} INFO - Processing /home/airflow/.local/lib/python3.12/site-packages/airflow/example_dags/example_latest_only.py took 0.077 seconds
[2024-10-08T12:19:19.304+0000] {processor.py:186} INFO - Started process (PID=1405) to work on /home/airflow/.local/lib/python3.12/site-packages/airflow/example_dags/example_latest_only.py
[2024-10-08T12:19:19.306+0000] {processor.py:914} INFO - Processing file /home/airflow/.local/lib/python3.12/site-packages/airflow/example_dags/example_latest_only.py for tasks to queue
[2024-10-08T12:19:19.309+0000] {logging_mixin.py:190} INFO - [2024-10-08T12:19:19.308+0000] {dagbag.py:588} INFO - Filling up the DagBag from /home/airflow/.local/lib/python3.12/site-packages/airflow/example_dags/example_latest_only.py
[2024-10-08T12:19:19.316+0000] {processor.py:925} INFO - DAG(s) 'latest_only' retrieved from /home/airflow/.local/lib/python3.12/site-packages/airflow/example_dags/example_latest_only.py
[2024-10-08T12:19:19.334+0000] {logging_mixin.py:190} INFO - [2024-10-08T12:19:19.334+0000] {dag.py:3239} INFO - Sync 1 DAGs
[2024-10-08T12:19:19.360+0000] {logging_mixin.py:190} INFO - [2024-10-08T12:19:19.360+0000] {dag.py:4180} INFO - Setting next_dagrun for latest_only to 2024-10-08 08:00:00+00:00, run_after=2024-10-08 12:00:00+00:00
[2024-10-08T12:19:19.382+0000] {processor.py:208} INFO - Processing /home/airflow/.local/lib/python3.12/site-packages/airflow/example_dags/example_latest_only.py took 0.083 seconds
[2024-10-08T12:19:50.197+0000] {processor.py:186} INFO - Started process (PID=1468) to work on /home/airflow/.local/lib/python3.12/site-packages/airflow/example_dags/example_latest_only.py
[2024-10-08T12:19:50.198+0000] {processor.py:914} INFO - Processing file /home/airflow/.local/lib/python3.12/site-packages/airflow/example_dags/example_latest_only.py for tasks to queue
[2024-10-08T12:19:50.200+0000] {logging_mixin.py:190} INFO - [2024-10-08T12:19:50.200+0000] {dagbag.py:588} INFO - Filling up the DagBag from /home/airflow/.local/lib/python3.12/site-packages/airflow/example_dags/example_latest_only.py
[2024-10-08T12:19:50.207+0000] {processor.py:925} INFO - DAG(s) 'latest_only' retrieved from /home/airflow/.local/lib/python3.12/site-packages/airflow/example_dags/example_latest_only.py
[2024-10-08T12:19:50.225+0000] {logging_mixin.py:190} INFO - [2024-10-08T12:19:50.225+0000] {dag.py:3239} INFO - Sync 1 DAGs
[2024-10-08T12:19:50.248+0000] {logging_mixin.py:190} INFO - [2024-10-08T12:19:50.247+0000] {dag.py:4180} INFO - Setting next_dagrun for latest_only to 2024-10-08 08:00:00+00:00, run_after=2024-10-08 12:00:00+00:00
[2024-10-08T12:19:50.270+0000] {processor.py:208} INFO - Processing /home/airflow/.local/lib/python3.12/site-packages/airflow/example_dags/example_latest_only.py took 0.079 seconds
[2024-10-08T12:34:11.851+0000] {processor.py:186} INFO - Started process (PID=68) to work on /home/airflow/.local/lib/python3.12/site-packages/airflow/example_dags/example_latest_only.py
[2024-10-08T12:34:11.853+0000] {processor.py:914} INFO - Processing file /home/airflow/.local/lib/python3.12/site-packages/airflow/example_dags/example_latest_only.py for tasks to queue
[2024-10-08T12:34:11.855+0000] {logging_mixin.py:190} INFO - [2024-10-08T12:34:11.855+0000] {dagbag.py:588} INFO - Filling up the DagBag from /home/airflow/.local/lib/python3.12/site-packages/airflow/example_dags/example_latest_only.py
[2024-10-08T12:34:11.863+0000] {processor.py:925} INFO - DAG(s) 'latest_only' retrieved from /home/airflow/.local/lib/python3.12/site-packages/airflow/example_dags/example_latest_only.py
[2024-10-08T12:34:11.893+0000] {logging_mixin.py:190} INFO - [2024-10-08T12:34:11.892+0000] {dag.py:3239} INFO - Sync 1 DAGs
[2024-10-08T12:34:11.924+0000] {logging_mixin.py:190} INFO - [2024-10-08T12:34:11.924+0000] {dag.py:4180} INFO - Setting next_dagrun for latest_only to 2024-10-08 08:00:00+00:00, run_after=2024-10-08 12:00:00+00:00
[2024-10-08T12:34:11.947+0000] {processor.py:208} INFO - Processing /home/airflow/.local/lib/python3.12/site-packages/airflow/example_dags/example_latest_only.py took 0.104 seconds
[2024-10-08T12:34:42.309+0000] {processor.py:186} INFO - Started process (PID=131) to work on /home/airflow/.local/lib/python3.12/site-packages/airflow/example_dags/example_latest_only.py
[2024-10-08T12:34:42.311+0000] {processor.py:914} INFO - Processing file /home/airflow/.local/lib/python3.12/site-packages/airflow/example_dags/example_latest_only.py for tasks to queue
[2024-10-08T12:34:42.313+0000] {logging_mixin.py:190} INFO - [2024-10-08T12:34:42.313+0000] {dagbag.py:588} INFO - Filling up the DagBag from /home/airflow/.local/lib/python3.12/site-packages/airflow/example_dags/example_latest_only.py
[2024-10-08T12:34:42.320+0000] {processor.py:925} INFO - DAG(s) 'latest_only' retrieved from /home/airflow/.local/lib/python3.12/site-packages/airflow/example_dags/example_latest_only.py
[2024-10-08T12:34:42.337+0000] {logging_mixin.py:190} INFO - [2024-10-08T12:34:42.337+0000] {dag.py:3239} INFO - Sync 1 DAGs
[2024-10-08T12:34:42.359+0000] {logging_mixin.py:190} INFO - [2024-10-08T12:34:42.359+0000] {dag.py:4180} INFO - Setting next_dagrun for latest_only to 2024-10-08 08:00:00+00:00, run_after=2024-10-08 12:00:00+00:00
[2024-10-08T12:34:42.377+0000] {processor.py:208} INFO - Processing /home/airflow/.local/lib/python3.12/site-packages/airflow/example_dags/example_latest_only.py took 0.072 seconds
[2024-10-08T12:35:13.044+0000] {processor.py:186} INFO - Started process (PID=194) to work on /home/airflow/.local/lib/python3.12/site-packages/airflow/example_dags/example_latest_only.py
[2024-10-08T12:35:13.045+0000] {processor.py:914} INFO - Processing file /home/airflow/.local/lib/python3.12/site-packages/airflow/example_dags/example_latest_only.py for tasks to queue
[2024-10-08T12:35:13.047+0000] {logging_mixin.py:190} INFO - [2024-10-08T12:35:13.047+0000] {dagbag.py:588} INFO - Filling up the DagBag from /home/airflow/.local/lib/python3.12/site-packages/airflow/example_dags/example_latest_only.py
[2024-10-08T12:35:13.054+0000] {processor.py:925} INFO - DAG(s) 'latest_only' retrieved from /home/airflow/.local/lib/python3.12/site-packages/airflow/example_dags/example_latest_only.py
[2024-10-08T12:35:13.075+0000] {logging_mixin.py:190} INFO - [2024-10-08T12:35:13.075+0000] {dag.py:3239} INFO - Sync 1 DAGs
[2024-10-08T12:35:13.102+0000] {logging_mixin.py:190} INFO - [2024-10-08T12:35:13.101+0000] {dag.py:4180} INFO - Setting next_dagrun for latest_only to 2024-10-08 08:00:00+00:00, run_after=2024-10-08 12:00:00+00:00
[2024-10-08T12:35:13.121+0000] {processor.py:208} INFO - Processing /home/airflow/.local/lib/python3.12/site-packages/airflow/example_dags/example_latest_only.py took 0.082 seconds
[2024-10-08T12:35:56.019+0000] {processor.py:186} INFO - Started process (PID=257) to work on /home/airflow/.local/lib/python3.12/site-packages/airflow/example_dags/example_latest_only.py
[2024-10-08T12:35:56.021+0000] {processor.py:914} INFO - Processing file /home/airflow/.local/lib/python3.12/site-packages/airflow/example_dags/example_latest_only.py for tasks to queue
[2024-10-08T12:35:56.023+0000] {logging_mixin.py:190} INFO - [2024-10-08T12:35:56.023+0000] {dagbag.py:588} INFO - Filling up the DagBag from /home/airflow/.local/lib/python3.12/site-packages/airflow/example_dags/example_latest_only.py
[2024-10-08T12:35:56.031+0000] {processor.py:925} INFO - DAG(s) 'latest_only' retrieved from /home/airflow/.local/lib/python3.12/site-packages/airflow/example_dags/example_latest_only.py
[2024-10-08T12:35:56.051+0000] {logging_mixin.py:190} INFO - [2024-10-08T12:35:56.051+0000] {dag.py:3239} INFO - Sync 1 DAGs
[2024-10-08T12:35:56.077+0000] {logging_mixin.py:190} INFO - [2024-10-08T12:35:56.076+0000] {dag.py:4180} INFO - Setting next_dagrun for latest_only to 2024-10-08 08:00:00+00:00, run_after=2024-10-08 12:00:00+00:00
[2024-10-08T12:35:56.098+0000] {processor.py:208} INFO - Processing /home/airflow/.local/lib/python3.12/site-packages/airflow/example_dags/example_latest_only.py took 0.085 seconds
[2024-10-08T12:36:27.239+0000] {processor.py:186} INFO - Started process (PID=320) to work on /home/airflow/.local/lib/python3.12/site-packages/airflow/example_dags/example_latest_only.py
[2024-10-08T12:36:27.241+0000] {processor.py:914} INFO - Processing file /home/airflow/.local/lib/python3.12/site-packages/airflow/example_dags/example_latest_only.py for tasks to queue
[2024-10-08T12:36:27.245+0000] {logging_mixin.py:190} INFO - [2024-10-08T12:36:27.243+0000] {dagbag.py:588} INFO - Filling up the DagBag from /home/airflow/.local/lib/python3.12/site-packages/airflow/example_dags/example_latest_only.py
[2024-10-08T12:36:27.260+0000] {processor.py:925} INFO - DAG(s) 'latest_only' retrieved from /home/airflow/.local/lib/python3.12/site-packages/airflow/example_dags/example_latest_only.py
[2024-10-08T12:36:28.325+0000] {logging_mixin.py:190} INFO - [2024-10-08T12:36:28.320+0000] {dag.py:3239} INFO - Sync 1 DAGs
[2024-10-08T12:36:28.381+0000] {logging_mixin.py:190} INFO - [2024-10-08T12:36:28.381+0000] {dag.py:4180} INFO - Setting next_dagrun for latest_only to 2024-10-08 08:00:00+00:00, run_after=2024-10-08 12:00:00+00:00
[2024-10-08T12:36:28.405+0000] {processor.py:208} INFO - Processing /home/airflow/.local/lib/python3.12/site-packages/airflow/example_dags/example_latest_only.py took 1.175 seconds
[2024-10-08T12:36:58.795+0000] {processor.py:186} INFO - Started process (PID=383) to work on /home/airflow/.local/lib/python3.12/site-packages/airflow/example_dags/example_latest_only.py
[2024-10-08T12:36:58.796+0000] {processor.py:914} INFO - Processing file /home/airflow/.local/lib/python3.12/site-packages/airflow/example_dags/example_latest_only.py for tasks to queue
[2024-10-08T12:36:58.799+0000] {logging_mixin.py:190} INFO - [2024-10-08T12:36:58.798+0000] {dagbag.py:588} INFO - Filling up the DagBag from /home/airflow/.local/lib/python3.12/site-packages/airflow/example_dags/example_latest_only.py
[2024-10-08T12:36:58.806+0000] {processor.py:925} INFO - DAG(s) 'latest_only' retrieved from /home/airflow/.local/lib/python3.12/site-packages/airflow/example_dags/example_latest_only.py
[2024-10-08T12:36:58.824+0000] {logging_mixin.py:190} INFO - [2024-10-08T12:36:58.823+0000] {dag.py:3239} INFO - Sync 1 DAGs
[2024-10-08T12:36:58.846+0000] {logging_mixin.py:190} INFO - [2024-10-08T12:36:58.846+0000] {dag.py:4180} INFO - Setting next_dagrun for latest_only to 2024-10-08 08:00:00+00:00, run_after=2024-10-08 12:00:00+00:00
[2024-10-08T12:36:58.864+0000] {processor.py:208} INFO - Processing /home/airflow/.local/lib/python3.12/site-packages/airflow/example_dags/example_latest_only.py took 0.074 seconds
[2024-10-08T12:37:29.342+0000] {processor.py:186} INFO - Started process (PID=446) to work on /home/airflow/.local/lib/python3.12/site-packages/airflow/example_dags/example_latest_only.py
[2024-10-08T12:37:29.344+0000] {processor.py:914} INFO - Processing file /home/airflow/.local/lib/python3.12/site-packages/airflow/example_dags/example_latest_only.py for tasks to queue
[2024-10-08T12:37:29.348+0000] {logging_mixin.py:190} INFO - [2024-10-08T12:37:29.347+0000] {dagbag.py:588} INFO - Filling up the DagBag from /home/airflow/.local/lib/python3.12/site-packages/airflow/example_dags/example_latest_only.py
[2024-10-08T12:37:29.355+0000] {processor.py:925} INFO - DAG(s) 'latest_only' retrieved from /home/airflow/.local/lib/python3.12/site-packages/airflow/example_dags/example_latest_only.py
[2024-10-08T12:37:29.375+0000] {logging_mixin.py:190} INFO - [2024-10-08T12:37:29.375+0000] {dag.py:3239} INFO - Sync 1 DAGs
[2024-10-08T12:37:29.400+0000] {logging_mixin.py:190} INFO - [2024-10-08T12:37:29.400+0000] {dag.py:4180} INFO - Setting next_dagrun for latest_only to 2024-10-08 08:00:00+00:00, run_after=2024-10-08 12:00:00+00:00
[2024-10-08T12:37:29.420+0000] {processor.py:208} INFO - Processing /home/airflow/.local/lib/python3.12/site-packages/airflow/example_dags/example_latest_only.py took 0.083 seconds
[2024-10-08T12:38:09.852+0000] {processor.py:186} INFO - Started process (PID=508) to work on /home/airflow/.local/lib/python3.12/site-packages/airflow/example_dags/example_latest_only.py
[2024-10-08T12:38:09.855+0000] {processor.py:914} INFO - Processing file /home/airflow/.local/lib/python3.12/site-packages/airflow/example_dags/example_latest_only.py for tasks to queue
[2024-10-08T12:38:09.857+0000] {logging_mixin.py:190} INFO - [2024-10-08T12:38:09.857+0000] {dagbag.py:588} INFO - Filling up the DagBag from /home/airflow/.local/lib/python3.12/site-packages/airflow/example_dags/example_latest_only.py
[2024-10-08T12:38:09.867+0000] {processor.py:925} INFO - DAG(s) 'latest_only' retrieved from /home/airflow/.local/lib/python3.12/site-packages/airflow/example_dags/example_latest_only.py
[2024-10-08T12:38:09.888+0000] {logging_mixin.py:190} INFO - [2024-10-08T12:38:09.887+0000] {dag.py:3239} INFO - Sync 1 DAGs
[2024-10-08T12:38:09.914+0000] {logging_mixin.py:190} INFO - [2024-10-08T12:38:09.914+0000] {dag.py:4180} INFO - Setting next_dagrun for latest_only to 2024-10-08 08:00:00+00:00, run_after=2024-10-08 12:00:00+00:00
[2024-10-08T12:38:09.937+0000] {processor.py:208} INFO - Processing /home/airflow/.local/lib/python3.12/site-packages/airflow/example_dags/example_latest_only.py took 0.092 seconds
[2024-10-08T12:38:40.852+0000] {processor.py:186} INFO - Started process (PID=571) to work on /home/airflow/.local/lib/python3.12/site-packages/airflow/example_dags/example_latest_only.py
[2024-10-08T12:38:40.853+0000] {processor.py:914} INFO - Processing file /home/airflow/.local/lib/python3.12/site-packages/airflow/example_dags/example_latest_only.py for tasks to queue
[2024-10-08T12:38:40.859+0000] {logging_mixin.py:190} INFO - [2024-10-08T12:38:40.858+0000] {dagbag.py:588} INFO - Filling up the DagBag from /home/airflow/.local/lib/python3.12/site-packages/airflow/example_dags/example_latest_only.py
[2024-10-08T12:38:40.869+0000] {processor.py:925} INFO - DAG(s) 'latest_only' retrieved from /home/airflow/.local/lib/python3.12/site-packages/airflow/example_dags/example_latest_only.py
[2024-10-08T12:38:40.897+0000] {logging_mixin.py:190} INFO - [2024-10-08T12:38:40.897+0000] {dag.py:3239} INFO - Sync 1 DAGs
[2024-10-08T12:38:40.934+0000] {logging_mixin.py:190} INFO - [2024-10-08T12:38:40.933+0000] {dag.py:4180} INFO - Setting next_dagrun for latest_only to 2024-10-08 08:00:00+00:00, run_after=2024-10-08 12:00:00+00:00
[2024-10-08T12:38:40.962+0000] {processor.py:208} INFO - Processing /home/airflow/.local/lib/python3.12/site-packages/airflow/example_dags/example_latest_only.py took 0.118 seconds
[2024-10-08T12:39:11.424+0000] {processor.py:186} INFO - Started process (PID=634) to work on /home/airflow/.local/lib/python3.12/site-packages/airflow/example_dags/example_latest_only.py
[2024-10-08T12:39:11.425+0000] {processor.py:914} INFO - Processing file /home/airflow/.local/lib/python3.12/site-packages/airflow/example_dags/example_latest_only.py for tasks to queue
[2024-10-08T12:39:11.427+0000] {logging_mixin.py:190} INFO - [2024-10-08T12:39:11.427+0000] {dagbag.py:588} INFO - Filling up the DagBag from /home/airflow/.local/lib/python3.12/site-packages/airflow/example_dags/example_latest_only.py
[2024-10-08T12:39:11.434+0000] {processor.py:925} INFO - DAG(s) 'latest_only' retrieved from /home/airflow/.local/lib/python3.12/site-packages/airflow/example_dags/example_latest_only.py
[2024-10-08T12:39:11.451+0000] {logging_mixin.py:190} INFO - [2024-10-08T12:39:11.451+0000] {dag.py:3239} INFO - Sync 1 DAGs
[2024-10-08T12:39:11.472+0000] {logging_mixin.py:190} INFO - [2024-10-08T12:39:11.472+0000] {dag.py:4180} INFO - Setting next_dagrun for latest_only to 2024-10-08 08:00:00+00:00, run_after=2024-10-08 12:00:00+00:00
[2024-10-08T12:39:11.492+0000] {processor.py:208} INFO - Processing /home/airflow/.local/lib/python3.12/site-packages/airflow/example_dags/example_latest_only.py took 0.074 seconds
[2024-10-08T12:39:41.768+0000] {processor.py:186} INFO - Started process (PID=697) to work on /home/airflow/.local/lib/python3.12/site-packages/airflow/example_dags/example_latest_only.py
[2024-10-08T12:39:41.769+0000] {processor.py:914} INFO - Processing file /home/airflow/.local/lib/python3.12/site-packages/airflow/example_dags/example_latest_only.py for tasks to queue
[2024-10-08T12:39:41.772+0000] {logging_mixin.py:190} INFO - [2024-10-08T12:39:41.771+0000] {dagbag.py:588} INFO - Filling up the DagBag from /home/airflow/.local/lib/python3.12/site-packages/airflow/example_dags/example_latest_only.py
[2024-10-08T12:39:41.780+0000] {processor.py:925} INFO - DAG(s) 'latest_only' retrieved from /home/airflow/.local/lib/python3.12/site-packages/airflow/example_dags/example_latest_only.py
[2024-10-08T12:39:41.803+0000] {logging_mixin.py:190} INFO - [2024-10-08T12:39:41.803+0000] {dag.py:3239} INFO - Sync 1 DAGs
[2024-10-08T12:39:41.830+0000] {logging_mixin.py:190} INFO - [2024-10-08T12:39:41.830+0000] {dag.py:4180} INFO - Setting next_dagrun for latest_only to 2024-10-08 08:00:00+00:00, run_after=2024-10-08 12:00:00+00:00
[2024-10-08T12:39:41.853+0000] {processor.py:208} INFO - Processing /home/airflow/.local/lib/python3.12/site-packages/airflow/example_dags/example_latest_only.py took 0.092 seconds
[2024-10-08T12:40:12.455+0000] {processor.py:186} INFO - Started process (PID=760) to work on /home/airflow/.local/lib/python3.12/site-packages/airflow/example_dags/example_latest_only.py
[2024-10-08T12:40:12.456+0000] {processor.py:914} INFO - Processing file /home/airflow/.local/lib/python3.12/site-packages/airflow/example_dags/example_latest_only.py for tasks to queue
[2024-10-08T12:40:12.458+0000] {logging_mixin.py:190} INFO - [2024-10-08T12:40:12.458+0000] {dagbag.py:588} INFO - Filling up the DagBag from /home/airflow/.local/lib/python3.12/site-packages/airflow/example_dags/example_latest_only.py
[2024-10-08T12:40:12.466+0000] {processor.py:925} INFO - DAG(s) 'latest_only' retrieved from /home/airflow/.local/lib/python3.12/site-packages/airflow/example_dags/example_latest_only.py
[2024-10-08T12:40:12.485+0000] {logging_mixin.py:190} INFO - [2024-10-08T12:40:12.485+0000] {dag.py:3239} INFO - Sync 1 DAGs
[2024-10-08T12:40:12.509+0000] {logging_mixin.py:190} INFO - [2024-10-08T12:40:12.509+0000] {dag.py:4180} INFO - Setting next_dagrun for latest_only to 2024-10-08 08:00:00+00:00, run_after=2024-10-08 12:00:00+00:00
[2024-10-08T12:40:12.532+0000] {processor.py:208} INFO - Processing /home/airflow/.local/lib/python3.12/site-packages/airflow/example_dags/example_latest_only.py took 0.083 seconds
[2024-10-08T12:40:59.574+0000] {processor.py:186} INFO - Started process (PID=829) to work on /home/airflow/.local/lib/python3.12/site-packages/airflow/example_dags/example_latest_only.py
[2024-10-08T12:40:59.576+0000] {processor.py:914} INFO - Processing file /home/airflow/.local/lib/python3.12/site-packages/airflow/example_dags/example_latest_only.py for tasks to queue
[2024-10-08T12:40:59.578+0000] {logging_mixin.py:190} INFO - [2024-10-08T12:40:59.578+0000] {dagbag.py:588} INFO - Filling up the DagBag from /home/airflow/.local/lib/python3.12/site-packages/airflow/example_dags/example_latest_only.py
[2024-10-08T12:40:59.585+0000] {processor.py:925} INFO - DAG(s) 'latest_only' retrieved from /home/airflow/.local/lib/python3.12/site-packages/airflow/example_dags/example_latest_only.py
[2024-10-08T12:40:59.608+0000] {logging_mixin.py:190} INFO - [2024-10-08T12:40:59.607+0000] {dag.py:3239} INFO - Sync 1 DAGs
[2024-10-08T12:40:59.634+0000] {logging_mixin.py:190} INFO - [2024-10-08T12:40:59.633+0000] {dag.py:4180} INFO - Setting next_dagrun for latest_only to 2024-10-08 08:00:00+00:00, run_after=2024-10-08 12:00:00+00:00
[2024-10-08T12:40:59.656+0000] {processor.py:208} INFO - Processing /home/airflow/.local/lib/python3.12/site-packages/airflow/example_dags/example_latest_only.py took 0.088 seconds
[2024-10-08T12:41:45.107+0000] {processor.py:186} INFO - Started process (PID=892) to work on /home/airflow/.local/lib/python3.12/site-packages/airflow/example_dags/example_latest_only.py
[2024-10-08T12:41:45.109+0000] {processor.py:914} INFO - Processing file /home/airflow/.local/lib/python3.12/site-packages/airflow/example_dags/example_latest_only.py for tasks to queue
[2024-10-08T12:41:45.113+0000] {logging_mixin.py:190} INFO - [2024-10-08T12:41:45.112+0000] {dagbag.py:588} INFO - Filling up the DagBag from /home/airflow/.local/lib/python3.12/site-packages/airflow/example_dags/example_latest_only.py
[2024-10-08T12:41:45.123+0000] {processor.py:925} INFO - DAG(s) 'latest_only' retrieved from /home/airflow/.local/lib/python3.12/site-packages/airflow/example_dags/example_latest_only.py
[2024-10-08T12:41:45.149+0000] {logging_mixin.py:190} INFO - [2024-10-08T12:41:45.149+0000] {dag.py:3239} INFO - Sync 1 DAGs
[2024-10-08T12:41:45.190+0000] {logging_mixin.py:190} INFO - [2024-10-08T12:41:45.190+0000] {dag.py:4180} INFO - Setting next_dagrun for latest_only to 2024-10-08 08:00:00+00:00, run_after=2024-10-08 12:00:00+00:00
[2024-10-08T12:41:45.217+0000] {processor.py:208} INFO - Processing /home/airflow/.local/lib/python3.12/site-packages/airflow/example_dags/example_latest_only.py took 0.117 seconds
[2024-10-08T12:42:15.411+0000] {processor.py:186} INFO - Started process (PID=956) to work on /home/airflow/.local/lib/python3.12/site-packages/airflow/example_dags/example_latest_only.py
[2024-10-08T12:42:15.415+0000] {processor.py:914} INFO - Processing file /home/airflow/.local/lib/python3.12/site-packages/airflow/example_dags/example_latest_only.py for tasks to queue
[2024-10-08T12:42:15.417+0000] {logging_mixin.py:190} INFO - [2024-10-08T12:42:15.417+0000] {dagbag.py:588} INFO - Filling up the DagBag from /home/airflow/.local/lib/python3.12/site-packages/airflow/example_dags/example_latest_only.py
[2024-10-08T12:42:15.425+0000] {processor.py:925} INFO - DAG(s) 'latest_only' retrieved from /home/airflow/.local/lib/python3.12/site-packages/airflow/example_dags/example_latest_only.py
[2024-10-08T12:42:15.449+0000] {logging_mixin.py:190} INFO - [2024-10-08T12:42:15.449+0000] {dag.py:3239} INFO - Sync 1 DAGs
[2024-10-08T12:42:15.487+0000] {logging_mixin.py:190} INFO - [2024-10-08T12:42:15.486+0000] {dag.py:4180} INFO - Setting next_dagrun for latest_only to 2024-10-08 08:00:00+00:00, run_after=2024-10-08 12:00:00+00:00
[2024-10-08T12:42:15.505+0000] {processor.py:208} INFO - Processing /home/airflow/.local/lib/python3.12/site-packages/airflow/example_dags/example_latest_only.py took 0.100 seconds
[2024-10-08T12:42:46.445+0000] {processor.py:186} INFO - Started process (PID=1019) to work on /home/airflow/.local/lib/python3.12/site-packages/airflow/example_dags/example_latest_only.py
[2024-10-08T12:42:46.449+0000] {processor.py:914} INFO - Processing file /home/airflow/.local/lib/python3.12/site-packages/airflow/example_dags/example_latest_only.py for tasks to queue
[2024-10-08T12:42:46.452+0000] {logging_mixin.py:190} INFO - [2024-10-08T12:42:46.452+0000] {dagbag.py:588} INFO - Filling up the DagBag from /home/airflow/.local/lib/python3.12/site-packages/airflow/example_dags/example_latest_only.py
[2024-10-08T12:42:46.459+0000] {processor.py:925} INFO - DAG(s) 'latest_only' retrieved from /home/airflow/.local/lib/python3.12/site-packages/airflow/example_dags/example_latest_only.py
[2024-10-08T12:42:46.477+0000] {logging_mixin.py:190} INFO - [2024-10-08T12:42:46.477+0000] {dag.py:3239} INFO - Sync 1 DAGs
[2024-10-08T12:42:46.506+0000] {logging_mixin.py:190} INFO - [2024-10-08T12:42:46.506+0000] {dag.py:4180} INFO - Setting next_dagrun for latest_only to 2024-10-08 08:00:00+00:00, run_after=2024-10-08 12:00:00+00:00
[2024-10-08T12:42:46.525+0000] {processor.py:208} INFO - Processing /home/airflow/.local/lib/python3.12/site-packages/airflow/example_dags/example_latest_only.py took 0.086 seconds
[2024-10-08T12:43:17.380+0000] {processor.py:186} INFO - Started process (PID=1082) to work on /home/airflow/.local/lib/python3.12/site-packages/airflow/example_dags/example_latest_only.py
[2024-10-08T12:43:17.382+0000] {processor.py:914} INFO - Processing file /home/airflow/.local/lib/python3.12/site-packages/airflow/example_dags/example_latest_only.py for tasks to queue
[2024-10-08T12:43:17.384+0000] {logging_mixin.py:190} INFO - [2024-10-08T12:43:17.384+0000] {dagbag.py:588} INFO - Filling up the DagBag from /home/airflow/.local/lib/python3.12/site-packages/airflow/example_dags/example_latest_only.py
[2024-10-08T12:43:17.392+0000] {processor.py:925} INFO - DAG(s) 'latest_only' retrieved from /home/airflow/.local/lib/python3.12/site-packages/airflow/example_dags/example_latest_only.py
[2024-10-08T12:43:17.410+0000] {logging_mixin.py:190} INFO - [2024-10-08T12:43:17.410+0000] {dag.py:3239} INFO - Sync 1 DAGs
[2024-10-08T12:43:17.437+0000] {logging_mixin.py:190} INFO - [2024-10-08T12:43:17.437+0000] {dag.py:4180} INFO - Setting next_dagrun for latest_only to 2024-10-08 08:00:00+00:00, run_after=2024-10-08 12:00:00+00:00
[2024-10-08T12:43:17.458+0000] {processor.py:208} INFO - Processing /home/airflow/.local/lib/python3.12/site-packages/airflow/example_dags/example_latest_only.py took 0.084 seconds
[2024-10-08T12:44:03.120+0000] {processor.py:186} INFO - Started process (PID=1145) to work on /home/airflow/.local/lib/python3.12/site-packages/airflow/example_dags/example_latest_only.py
[2024-10-08T12:44:03.121+0000] {processor.py:914} INFO - Processing file /home/airflow/.local/lib/python3.12/site-packages/airflow/example_dags/example_latest_only.py for tasks to queue
[2024-10-08T12:44:03.125+0000] {logging_mixin.py:190} INFO - [2024-10-08T12:44:03.124+0000] {dagbag.py:588} INFO - Filling up the DagBag from /home/airflow/.local/lib/python3.12/site-packages/airflow/example_dags/example_latest_only.py
[2024-10-08T12:44:03.134+0000] {processor.py:925} INFO - DAG(s) 'latest_only' retrieved from /home/airflow/.local/lib/python3.12/site-packages/airflow/example_dags/example_latest_only.py
[2024-10-08T12:44:03.160+0000] {logging_mixin.py:190} INFO - [2024-10-08T12:44:03.159+0000] {dag.py:3239} INFO - Sync 1 DAGs
[2024-10-08T12:44:03.193+0000] {logging_mixin.py:190} INFO - [2024-10-08T12:44:03.193+0000] {dag.py:4180} INFO - Setting next_dagrun for latest_only to 2024-10-08 08:00:00+00:00, run_after=2024-10-08 12:00:00+00:00
[2024-10-08T12:44:03.218+0000] {processor.py:208} INFO - Processing /home/airflow/.local/lib/python3.12/site-packages/airflow/example_dags/example_latest_only.py took 0.104 seconds
[2024-10-08T12:44:33.804+0000] {processor.py:186} INFO - Started process (PID=1209) to work on /home/airflow/.local/lib/python3.12/site-packages/airflow/example_dags/example_latest_only.py
[2024-10-08T12:44:33.805+0000] {processor.py:914} INFO - Processing file /home/airflow/.local/lib/python3.12/site-packages/airflow/example_dags/example_latest_only.py for tasks to queue
[2024-10-08T12:44:33.806+0000] {logging_mixin.py:190} INFO - [2024-10-08T12:44:33.806+0000] {dagbag.py:588} INFO - Filling up the DagBag from /home/airflow/.local/lib/python3.12/site-packages/airflow/example_dags/example_latest_only.py
[2024-10-08T12:44:33.815+0000] {processor.py:925} INFO - DAG(s) 'latest_only' retrieved from /home/airflow/.local/lib/python3.12/site-packages/airflow/example_dags/example_latest_only.py
[2024-10-08T12:44:33.835+0000] {logging_mixin.py:190} INFO - [2024-10-08T12:44:33.835+0000] {dag.py:3239} INFO - Sync 1 DAGs
[2024-10-08T12:44:33.862+0000] {logging_mixin.py:190} INFO - [2024-10-08T12:44:33.861+0000] {dag.py:4180} INFO - Setting next_dagrun for latest_only to 2024-10-08 08:00:00+00:00, run_after=2024-10-08 12:00:00+00:00
[2024-10-08T12:44:33.884+0000] {processor.py:208} INFO - Processing /home/airflow/.local/lib/python3.12/site-packages/airflow/example_dags/example_latest_only.py took 0.086 seconds
[2024-10-08T12:45:04.330+0000] {processor.py:186} INFO - Started process (PID=1272) to work on /home/airflow/.local/lib/python3.12/site-packages/airflow/example_dags/example_latest_only.py
[2024-10-08T12:45:04.331+0000] {processor.py:914} INFO - Processing file /home/airflow/.local/lib/python3.12/site-packages/airflow/example_dags/example_latest_only.py for tasks to queue
[2024-10-08T12:45:04.333+0000] {logging_mixin.py:190} INFO - [2024-10-08T12:45:04.332+0000] {dagbag.py:588} INFO - Filling up the DagBag from /home/airflow/.local/lib/python3.12/site-packages/airflow/example_dags/example_latest_only.py
[2024-10-08T12:45:04.341+0000] {processor.py:925} INFO - DAG(s) 'latest_only' retrieved from /home/airflow/.local/lib/python3.12/site-packages/airflow/example_dags/example_latest_only.py
[2024-10-08T12:45:04.359+0000] {logging_mixin.py:190} INFO - [2024-10-08T12:45:04.359+0000] {dag.py:3239} INFO - Sync 1 DAGs
[2024-10-08T12:45:04.383+0000] {logging_mixin.py:190} INFO - [2024-10-08T12:45:04.383+0000] {dag.py:4180} INFO - Setting next_dagrun for latest_only to 2024-10-08 08:00:00+00:00, run_after=2024-10-08 12:00:00+00:00
[2024-10-08T12:45:04.402+0000] {processor.py:208} INFO - Processing /home/airflow/.local/lib/python3.12/site-packages/airflow/example_dags/example_latest_only.py took 0.078 seconds
[2024-10-08T12:45:34.736+0000] {processor.py:186} INFO - Started process (PID=1335) to work on /home/airflow/.local/lib/python3.12/site-packages/airflow/example_dags/example_latest_only.py
[2024-10-08T12:45:34.737+0000] {processor.py:914} INFO - Processing file /home/airflow/.local/lib/python3.12/site-packages/airflow/example_dags/example_latest_only.py for tasks to queue
[2024-10-08T12:45:34.739+0000] {logging_mixin.py:190} INFO - [2024-10-08T12:45:34.738+0000] {dagbag.py:588} INFO - Filling up the DagBag from /home/airflow/.local/lib/python3.12/site-packages/airflow/example_dags/example_latest_only.py
[2024-10-08T12:45:34.748+0000] {processor.py:925} INFO - DAG(s) 'latest_only' retrieved from /home/airflow/.local/lib/python3.12/site-packages/airflow/example_dags/example_latest_only.py
[2024-10-08T12:45:34.765+0000] {logging_mixin.py:190} INFO - [2024-10-08T12:45:34.765+0000] {dag.py:3239} INFO - Sync 1 DAGs
[2024-10-08T12:45:34.786+0000] {logging_mixin.py:190} INFO - [2024-10-08T12:45:34.786+0000] {dag.py:4180} INFO - Setting next_dagrun for latest_only to 2024-10-08 08:00:00+00:00, run_after=2024-10-08 12:00:00+00:00
[2024-10-08T12:45:34.804+0000] {processor.py:208} INFO - Processing /home/airflow/.local/lib/python3.12/site-packages/airflow/example_dags/example_latest_only.py took 0.073 seconds
[2024-10-08T12:46:40.748+0000] {processor.py:186} INFO - Started process (PID=1423) to work on /home/airflow/.local/lib/python3.12/site-packages/airflow/example_dags/example_latest_only.py
[2024-10-08T12:46:40.749+0000] {processor.py:914} INFO - Processing file /home/airflow/.local/lib/python3.12/site-packages/airflow/example_dags/example_latest_only.py for tasks to queue
[2024-10-08T12:46:40.750+0000] {logging_mixin.py:190} INFO - [2024-10-08T12:46:40.750+0000] {dagbag.py:588} INFO - Filling up the DagBag from /home/airflow/.local/lib/python3.12/site-packages/airflow/example_dags/example_latest_only.py
[2024-10-08T12:46:40.758+0000] {processor.py:925} INFO - DAG(s) 'latest_only' retrieved from /home/airflow/.local/lib/python3.12/site-packages/airflow/example_dags/example_latest_only.py
[2024-10-08T12:46:40.778+0000] {logging_mixin.py:190} INFO - [2024-10-08T12:46:40.777+0000] {dag.py:3239} INFO - Sync 1 DAGs
[2024-10-08T12:46:40.801+0000] {logging_mixin.py:190} INFO - [2024-10-08T12:46:40.801+0000] {dag.py:4180} INFO - Setting next_dagrun for latest_only to 2024-10-08 08:00:00+00:00, run_after=2024-10-08 12:00:00+00:00
[2024-10-08T12:46:40.822+0000] {processor.py:208} INFO - Processing /home/airflow/.local/lib/python3.12/site-packages/airflow/example_dags/example_latest_only.py took 0.080 seconds
[2024-10-08T12:47:38.768+0000] {processor.py:186} INFO - Started process (PID=1495) to work on /home/airflow/.local/lib/python3.12/site-packages/airflow/example_dags/example_latest_only.py
[2024-10-08T12:47:38.769+0000] {processor.py:914} INFO - Processing file /home/airflow/.local/lib/python3.12/site-packages/airflow/example_dags/example_latest_only.py for tasks to queue
[2024-10-08T12:47:38.770+0000] {logging_mixin.py:190} INFO - [2024-10-08T12:47:38.770+0000] {dagbag.py:588} INFO - Filling up the DagBag from /home/airflow/.local/lib/python3.12/site-packages/airflow/example_dags/example_latest_only.py
[2024-10-08T12:47:38.785+0000] {processor.py:925} INFO - DAG(s) 'latest_only' retrieved from /home/airflow/.local/lib/python3.12/site-packages/airflow/example_dags/example_latest_only.py
[2024-10-08T12:47:38.816+0000] {logging_mixin.py:190} INFO - [2024-10-08T12:47:38.816+0000] {dag.py:3239} INFO - Sync 1 DAGs
[2024-10-08T12:47:38.846+0000] {logging_mixin.py:190} INFO - [2024-10-08T12:47:38.846+0000] {dag.py:4180} INFO - Setting next_dagrun for latest_only to 2024-10-08 08:00:00+00:00, run_after=2024-10-08 12:00:00+00:00
[2024-10-08T12:47:38.868+0000] {processor.py:208} INFO - Processing /home/airflow/.local/lib/python3.12/site-packages/airflow/example_dags/example_latest_only.py took 0.109 seconds
[2024-10-08T12:48:09.383+0000] {processor.py:186} INFO - Started process (PID=1558) to work on /home/airflow/.local/lib/python3.12/site-packages/airflow/example_dags/example_latest_only.py
[2024-10-08T12:48:09.384+0000] {processor.py:914} INFO - Processing file /home/airflow/.local/lib/python3.12/site-packages/airflow/example_dags/example_latest_only.py for tasks to queue
[2024-10-08T12:48:09.385+0000] {logging_mixin.py:190} INFO - [2024-10-08T12:48:09.385+0000] {dagbag.py:588} INFO - Filling up the DagBag from /home/airflow/.local/lib/python3.12/site-packages/airflow/example_dags/example_latest_only.py
[2024-10-08T12:48:09.393+0000] {processor.py:925} INFO - DAG(s) 'latest_only' retrieved from /home/airflow/.local/lib/python3.12/site-packages/airflow/example_dags/example_latest_only.py
[2024-10-08T12:48:09.414+0000] {logging_mixin.py:190} INFO - [2024-10-08T12:48:09.414+0000] {dag.py:3239} INFO - Sync 1 DAGs
[2024-10-08T12:48:09.442+0000] {logging_mixin.py:190} INFO - [2024-10-08T12:48:09.442+0000] {dag.py:4180} INFO - Setting next_dagrun for latest_only to 2024-10-08 08:00:00+00:00, run_after=2024-10-08 12:00:00+00:00
[2024-10-08T12:48:09.463+0000] {processor.py:208} INFO - Processing /home/airflow/.local/lib/python3.12/site-packages/airflow/example_dags/example_latest_only.py took 0.086 seconds
[2024-10-08T12:48:40.438+0000] {processor.py:186} INFO - Started process (PID=1621) to work on /home/airflow/.local/lib/python3.12/site-packages/airflow/example_dags/example_latest_only.py
[2024-10-08T12:48:40.439+0000] {processor.py:914} INFO - Processing file /home/airflow/.local/lib/python3.12/site-packages/airflow/example_dags/example_latest_only.py for tasks to queue
[2024-10-08T12:48:40.440+0000] {logging_mixin.py:190} INFO - [2024-10-08T12:48:40.440+0000] {dagbag.py:588} INFO - Filling up the DagBag from /home/airflow/.local/lib/python3.12/site-packages/airflow/example_dags/example_latest_only.py
[2024-10-08T12:48:40.447+0000] {processor.py:925} INFO - DAG(s) 'latest_only' retrieved from /home/airflow/.local/lib/python3.12/site-packages/airflow/example_dags/example_latest_only.py
[2024-10-08T12:48:40.468+0000] {logging_mixin.py:190} INFO - [2024-10-08T12:48:40.468+0000] {dag.py:3239} INFO - Sync 1 DAGs
[2024-10-08T12:48:40.488+0000] {logging_mixin.py:190} INFO - [2024-10-08T12:48:40.488+0000] {dag.py:4180} INFO - Setting next_dagrun for latest_only to 2024-10-08 08:00:00+00:00, run_after=2024-10-08 12:00:00+00:00
[2024-10-08T12:48:40.505+0000] {processor.py:208} INFO - Processing /home/airflow/.local/lib/python3.12/site-packages/airflow/example_dags/example_latest_only.py took 0.073 seconds
[2024-10-08T12:49:27.031+0000] {processor.py:186} INFO - Started process (PID=1684) to work on /home/airflow/.local/lib/python3.12/site-packages/airflow/example_dags/example_latest_only.py
[2024-10-08T12:49:27.032+0000] {processor.py:914} INFO - Processing file /home/airflow/.local/lib/python3.12/site-packages/airflow/example_dags/example_latest_only.py for tasks to queue
[2024-10-08T12:49:27.034+0000] {logging_mixin.py:190} INFO - [2024-10-08T12:49:27.033+0000] {dagbag.py:588} INFO - Filling up the DagBag from /home/airflow/.local/lib/python3.12/site-packages/airflow/example_dags/example_latest_only.py
[2024-10-08T12:49:27.052+0000] {processor.py:925} INFO - DAG(s) 'latest_only' retrieved from /home/airflow/.local/lib/python3.12/site-packages/airflow/example_dags/example_latest_only.py
[2024-10-08T12:49:27.089+0000] {logging_mixin.py:190} INFO - [2024-10-08T12:49:27.089+0000] {dag.py:3239} INFO - Sync 1 DAGs
[2024-10-08T12:49:27.139+0000] {logging_mixin.py:190} INFO - [2024-10-08T12:49:27.138+0000] {dag.py:4180} INFO - Setting next_dagrun for latest_only to 2024-10-08 08:00:00+00:00, run_after=2024-10-08 12:00:00+00:00
[2024-10-08T12:49:27.168+0000] {processor.py:208} INFO - Processing /home/airflow/.local/lib/python3.12/site-packages/airflow/example_dags/example_latest_only.py took 0.146 seconds
[2024-10-08T12:49:57.729+0000] {processor.py:186} INFO - Started process (PID=1747) to work on /home/airflow/.local/lib/python3.12/site-packages/airflow/example_dags/example_latest_only.py
[2024-10-08T12:49:57.732+0000] {processor.py:914} INFO - Processing file /home/airflow/.local/lib/python3.12/site-packages/airflow/example_dags/example_latest_only.py for tasks to queue
[2024-10-08T12:49:57.733+0000] {logging_mixin.py:190} INFO - [2024-10-08T12:49:57.733+0000] {dagbag.py:588} INFO - Filling up the DagBag from /home/airflow/.local/lib/python3.12/site-packages/airflow/example_dags/example_latest_only.py
[2024-10-08T12:49:57.744+0000] {processor.py:925} INFO - DAG(s) 'latest_only' retrieved from /home/airflow/.local/lib/python3.12/site-packages/airflow/example_dags/example_latest_only.py
[2024-10-08T12:49:57.776+0000] {logging_mixin.py:190} INFO - [2024-10-08T12:49:57.776+0000] {dag.py:3239} INFO - Sync 1 DAGs
[2024-10-08T12:49:57.805+0000] {logging_mixin.py:190} INFO - [2024-10-08T12:49:57.805+0000] {dag.py:4180} INFO - Setting next_dagrun for latest_only to 2024-10-08 08:00:00+00:00, run_after=2024-10-08 12:00:00+00:00
[2024-10-08T12:49:57.826+0000] {processor.py:208} INFO - Processing /home/airflow/.local/lib/python3.12/site-packages/airflow/example_dags/example_latest_only.py took 0.104 seconds
