[2024-10-08T12:08:33.303+0000] {processor.py:186} INFO - Started process (PID=93) to work on /home/airflow/.local/lib/python3.12/site-packages/airflow/example_dags/example_xcomargs.py
[2024-10-08T12:08:33.303+0000] {processor.py:914} INFO - Processing file /home/airflow/.local/lib/python3.12/site-packages/airflow/example_dags/example_xcomargs.py for tasks to queue
[2024-10-08T12:08:33.306+0000] {logging_mixin.py:190} INFO - [2024-10-08T12:08:33.305+0000] {dagbag.py:588} INFO - Filling up the DagBag from /home/airflow/.local/lib/python3.12/site-packages/airflow/example_dags/example_xcomargs.py
[2024-10-08T12:08:33.315+0000] {processor.py:925} INFO - DAG(s) 'example_xcom_args_with_operators', 'example_xcom_args' retrieved from /home/airflow/.local/lib/python3.12/site-packages/airflow/example_dags/example_xcomargs.py
[2024-10-08T12:08:33.767+0000] {logging_mixin.py:190} INFO - [2024-10-08T12:08:33.767+0000] {override.py:1900} INFO - Created Permission View: can delete on DAG:example_xcom_args_with_operators
[2024-10-08T12:08:33.779+0000] {logging_mixin.py:190} INFO - [2024-10-08T12:08:33.779+0000] {override.py:1900} INFO - Created Permission View: can read on DAG:example_xcom_args_with_operators
[2024-10-08T12:08:33.789+0000] {logging_mixin.py:190} INFO - [2024-10-08T12:08:33.788+0000] {override.py:1900} INFO - Created Permission View: can edit on DAG:example_xcom_args_with_operators
[2024-10-08T12:08:33.800+0000] {logging_mixin.py:190} INFO - [2024-10-08T12:08:33.800+0000] {override.py:1900} INFO - Created Permission View: can create on DAG Run:example_xcom_args_with_operators
[2024-10-08T12:08:33.809+0000] {logging_mixin.py:190} INFO - [2024-10-08T12:08:33.808+0000] {override.py:1900} INFO - Created Permission View: can delete on DAG Run:example_xcom_args_with_operators
[2024-10-08T12:08:33.818+0000] {logging_mixin.py:190} INFO - [2024-10-08T12:08:33.818+0000] {override.py:1900} INFO - Created Permission View: menu access on DAG Run:example_xcom_args_with_operators
[2024-10-08T12:08:33.826+0000] {logging_mixin.py:190} INFO - [2024-10-08T12:08:33.826+0000] {override.py:1900} INFO - Created Permission View: can read on DAG Run:example_xcom_args_with_operators
[2024-10-08T12:08:33.846+0000] {logging_mixin.py:190} INFO - [2024-10-08T12:08:33.845+0000] {override.py:1900} INFO - Created Permission View: can delete on DAG:example_xcom_args
[2024-10-08T12:08:33.855+0000] {logging_mixin.py:190} INFO - [2024-10-08T12:08:33.855+0000] {override.py:1900} INFO - Created Permission View: can read on DAG:example_xcom_args
[2024-10-08T12:08:33.871+0000] {logging_mixin.py:190} INFO - [2024-10-08T12:08:33.871+0000] {override.py:1900} INFO - Created Permission View: can edit on DAG:example_xcom_args
[2024-10-08T12:08:33.885+0000] {logging_mixin.py:190} INFO - [2024-10-08T12:08:33.884+0000] {override.py:1900} INFO - Created Permission View: can create on DAG Run:example_xcom_args
[2024-10-08T12:08:33.894+0000] {logging_mixin.py:190} INFO - [2024-10-08T12:08:33.893+0000] {override.py:1900} INFO - Created Permission View: can delete on DAG Run:example_xcom_args
[2024-10-08T12:08:33.904+0000] {logging_mixin.py:190} INFO - [2024-10-08T12:08:33.904+0000] {override.py:1900} INFO - Created Permission View: menu access on DAG Run:example_xcom_args
[2024-10-08T12:08:33.914+0000] {logging_mixin.py:190} INFO - [2024-10-08T12:08:33.914+0000] {override.py:1900} INFO - Created Permission View: can read on DAG Run:example_xcom_args
[2024-10-08T12:08:33.915+0000] {logging_mixin.py:190} INFO - [2024-10-08T12:08:33.915+0000] {dag.py:3239} INFO - Sync 2 DAGs
[2024-10-08T12:08:33.931+0000] {logging_mixin.py:190} INFO - [2024-10-08T12:08:33.931+0000] {dag.py:3262} INFO - Creating ORM DAG for example_xcom_args
[2024-10-08T12:08:33.932+0000] {logging_mixin.py:190} INFO - [2024-10-08T12:08:33.932+0000] {dag.py:3262} INFO - Creating ORM DAG for example_xcom_args_with_operators
[2024-10-08T12:08:33.933+0000] {logging_mixin.py:190} INFO - [2024-10-08T12:08:33.933+0000] {dag.py:4180} INFO - Setting next_dagrun for example_xcom_args to None, run_after=None
[2024-10-08T12:08:33.934+0000] {logging_mixin.py:190} INFO - [2024-10-08T12:08:33.933+0000] {dag.py:4180} INFO - Setting next_dagrun for example_xcom_args_with_operators to None, run_after=None
[2024-10-08T12:08:33.955+0000] {processor.py:208} INFO - Processing /home/airflow/.local/lib/python3.12/site-packages/airflow/example_dags/example_xcomargs.py took 0.658 seconds
[2024-10-08T12:09:04.642+0000] {processor.py:186} INFO - Started process (PID=157) to work on /home/airflow/.local/lib/python3.12/site-packages/airflow/example_dags/example_xcomargs.py
[2024-10-08T12:09:04.644+0000] {processor.py:914} INFO - Processing file /home/airflow/.local/lib/python3.12/site-packages/airflow/example_dags/example_xcomargs.py for tasks to queue
[2024-10-08T12:09:04.648+0000] {logging_mixin.py:190} INFO - [2024-10-08T12:09:04.647+0000] {dagbag.py:588} INFO - Filling up the DagBag from /home/airflow/.local/lib/python3.12/site-packages/airflow/example_dags/example_xcomargs.py
[2024-10-08T12:09:04.671+0000] {processor.py:925} INFO - DAG(s) 'example_xcom_args_with_operators', 'example_xcom_args' retrieved from /home/airflow/.local/lib/python3.12/site-packages/airflow/example_dags/example_xcomargs.py
[2024-10-08T12:09:04.703+0000] {logging_mixin.py:190} INFO - [2024-10-08T12:09:04.703+0000] {dag.py:3239} INFO - Sync 2 DAGs
[2024-10-08T12:09:04.723+0000] {logging_mixin.py:190} INFO - [2024-10-08T12:09:04.723+0000] {dag.py:4180} INFO - Setting next_dagrun for example_xcom_args to None, run_after=None
[2024-10-08T12:09:04.735+0000] {logging_mixin.py:190} INFO - [2024-10-08T12:09:04.734+0000] {dag.py:4180} INFO - Setting next_dagrun for example_xcom_args_with_operators to None, run_after=None
[2024-10-08T12:09:04.776+0000] {processor.py:208} INFO - Processing /home/airflow/.local/lib/python3.12/site-packages/airflow/example_dags/example_xcomargs.py took 0.149 seconds
[2024-10-08T12:09:37.392+0000] {processor.py:186} INFO - Started process (PID=220) to work on /home/airflow/.local/lib/python3.12/site-packages/airflow/example_dags/example_xcomargs.py
[2024-10-08T12:09:37.394+0000] {processor.py:914} INFO - Processing file /home/airflow/.local/lib/python3.12/site-packages/airflow/example_dags/example_xcomargs.py for tasks to queue
[2024-10-08T12:09:37.398+0000] {logging_mixin.py:190} INFO - [2024-10-08T12:09:37.398+0000] {dagbag.py:588} INFO - Filling up the DagBag from /home/airflow/.local/lib/python3.12/site-packages/airflow/example_dags/example_xcomargs.py
[2024-10-08T12:09:37.412+0000] {processor.py:925} INFO - DAG(s) 'example_xcom_args_with_operators', 'example_xcom_args' retrieved from /home/airflow/.local/lib/python3.12/site-packages/airflow/example_dags/example_xcomargs.py
[2024-10-08T12:09:37.446+0000] {logging_mixin.py:190} INFO - [2024-10-08T12:09:37.445+0000] {dag.py:3239} INFO - Sync 2 DAGs
[2024-10-08T12:09:37.465+0000] {logging_mixin.py:190} INFO - [2024-10-08T12:09:37.464+0000] {dag.py:4180} INFO - Setting next_dagrun for example_xcom_args to None, run_after=None
[2024-10-08T12:09:37.469+0000] {logging_mixin.py:190} INFO - [2024-10-08T12:09:37.468+0000] {dag.py:4180} INFO - Setting next_dagrun for example_xcom_args_with_operators to None, run_after=None
[2024-10-08T12:09:37.489+0000] {processor.py:208} INFO - Processing /home/airflow/.local/lib/python3.12/site-packages/airflow/example_dags/example_xcomargs.py took 0.104 seconds
[2024-10-08T12:10:07.728+0000] {processor.py:186} INFO - Started process (PID=283) to work on /home/airflow/.local/lib/python3.12/site-packages/airflow/example_dags/example_xcomargs.py
[2024-10-08T12:10:07.729+0000] {processor.py:914} INFO - Processing file /home/airflow/.local/lib/python3.12/site-packages/airflow/example_dags/example_xcomargs.py for tasks to queue
[2024-10-08T12:10:07.732+0000] {logging_mixin.py:190} INFO - [2024-10-08T12:10:07.732+0000] {dagbag.py:588} INFO - Filling up the DagBag from /home/airflow/.local/lib/python3.12/site-packages/airflow/example_dags/example_xcomargs.py
[2024-10-08T12:10:07.750+0000] {processor.py:925} INFO - DAG(s) 'example_xcom_args', 'example_xcom_args_with_operators' retrieved from /home/airflow/.local/lib/python3.12/site-packages/airflow/example_dags/example_xcomargs.py
[2024-10-08T12:10:07.780+0000] {logging_mixin.py:190} INFO - [2024-10-08T12:10:07.780+0000] {dag.py:3239} INFO - Sync 2 DAGs
[2024-10-08T12:10:07.800+0000] {logging_mixin.py:190} INFO - [2024-10-08T12:10:07.799+0000] {dag.py:4180} INFO - Setting next_dagrun for example_xcom_args to None, run_after=None
[2024-10-08T12:10:07.806+0000] {logging_mixin.py:190} INFO - [2024-10-08T12:10:07.805+0000] {dag.py:4180} INFO - Setting next_dagrun for example_xcom_args_with_operators to None, run_after=None
[2024-10-08T12:10:07.828+0000] {processor.py:208} INFO - Processing /home/airflow/.local/lib/python3.12/site-packages/airflow/example_dags/example_xcomargs.py took 0.109 seconds
[2024-10-08T12:10:37.886+0000] {processor.py:186} INFO - Started process (PID=346) to work on /home/airflow/.local/lib/python3.12/site-packages/airflow/example_dags/example_xcomargs.py
[2024-10-08T12:10:37.887+0000] {processor.py:914} INFO - Processing file /home/airflow/.local/lib/python3.12/site-packages/airflow/example_dags/example_xcomargs.py for tasks to queue
[2024-10-08T12:10:37.889+0000] {logging_mixin.py:190} INFO - [2024-10-08T12:10:37.889+0000] {dagbag.py:588} INFO - Filling up the DagBag from /home/airflow/.local/lib/python3.12/site-packages/airflow/example_dags/example_xcomargs.py
[2024-10-08T12:10:37.899+0000] {processor.py:925} INFO - DAG(s) 'example_xcom_args_with_operators', 'example_xcom_args' retrieved from /home/airflow/.local/lib/python3.12/site-packages/airflow/example_dags/example_xcomargs.py
[2024-10-08T12:10:37.921+0000] {logging_mixin.py:190} INFO - [2024-10-08T12:10:37.921+0000] {dag.py:3239} INFO - Sync 2 DAGs
[2024-10-08T12:10:37.938+0000] {logging_mixin.py:190} INFO - [2024-10-08T12:10:37.938+0000] {dag.py:4180} INFO - Setting next_dagrun for example_xcom_args to None, run_after=None
[2024-10-08T12:10:37.942+0000] {logging_mixin.py:190} INFO - [2024-10-08T12:10:37.942+0000] {dag.py:4180} INFO - Setting next_dagrun for example_xcom_args_with_operators to None, run_after=None
[2024-10-08T12:10:37.959+0000] {processor.py:208} INFO - Processing /home/airflow/.local/lib/python3.12/site-packages/airflow/example_dags/example_xcomargs.py took 0.079 seconds
[2024-10-08T12:11:08.699+0000] {processor.py:186} INFO - Started process (PID=409) to work on /home/airflow/.local/lib/python3.12/site-packages/airflow/example_dags/example_xcomargs.py
[2024-10-08T12:11:08.700+0000] {processor.py:914} INFO - Processing file /home/airflow/.local/lib/python3.12/site-packages/airflow/example_dags/example_xcomargs.py for tasks to queue
[2024-10-08T12:11:08.702+0000] {logging_mixin.py:190} INFO - [2024-10-08T12:11:08.702+0000] {dagbag.py:588} INFO - Filling up the DagBag from /home/airflow/.local/lib/python3.12/site-packages/airflow/example_dags/example_xcomargs.py
[2024-10-08T12:11:08.712+0000] {processor.py:925} INFO - DAG(s) 'example_xcom_args', 'example_xcom_args_with_operators' retrieved from /home/airflow/.local/lib/python3.12/site-packages/airflow/example_dags/example_xcomargs.py
[2024-10-08T12:11:08.732+0000] {logging_mixin.py:190} INFO - [2024-10-08T12:11:08.732+0000] {dag.py:3239} INFO - Sync 2 DAGs
[2024-10-08T12:11:08.747+0000] {logging_mixin.py:190} INFO - [2024-10-08T12:11:08.747+0000] {dag.py:4180} INFO - Setting next_dagrun for example_xcom_args to None, run_after=None
[2024-10-08T12:11:08.751+0000] {logging_mixin.py:190} INFO - [2024-10-08T12:11:08.751+0000] {dag.py:4180} INFO - Setting next_dagrun for example_xcom_args_with_operators to None, run_after=None
[2024-10-08T12:11:08.768+0000] {processor.py:208} INFO - Processing /home/airflow/.local/lib/python3.12/site-packages/airflow/example_dags/example_xcomargs.py took 0.074 seconds
[2024-10-08T12:11:39.196+0000] {processor.py:186} INFO - Started process (PID=472) to work on /home/airflow/.local/lib/python3.12/site-packages/airflow/example_dags/example_xcomargs.py
[2024-10-08T12:11:39.197+0000] {processor.py:914} INFO - Processing file /home/airflow/.local/lib/python3.12/site-packages/airflow/example_dags/example_xcomargs.py for tasks to queue
[2024-10-08T12:11:39.199+0000] {logging_mixin.py:190} INFO - [2024-10-08T12:11:39.198+0000] {dagbag.py:588} INFO - Filling up the DagBag from /home/airflow/.local/lib/python3.12/site-packages/airflow/example_dags/example_xcomargs.py
[2024-10-08T12:11:39.209+0000] {processor.py:925} INFO - DAG(s) 'example_xcom_args', 'example_xcom_args_with_operators' retrieved from /home/airflow/.local/lib/python3.12/site-packages/airflow/example_dags/example_xcomargs.py
[2024-10-08T12:11:39.232+0000] {logging_mixin.py:190} INFO - [2024-10-08T12:11:39.232+0000] {dag.py:3239} INFO - Sync 2 DAGs
[2024-10-08T12:11:39.248+0000] {logging_mixin.py:190} INFO - [2024-10-08T12:11:39.247+0000] {dag.py:4180} INFO - Setting next_dagrun for example_xcom_args to None, run_after=None
[2024-10-08T12:11:39.251+0000] {logging_mixin.py:190} INFO - [2024-10-08T12:11:39.251+0000] {dag.py:4180} INFO - Setting next_dagrun for example_xcom_args_with_operators to None, run_after=None
[2024-10-08T12:11:39.270+0000] {processor.py:208} INFO - Processing /home/airflow/.local/lib/python3.12/site-packages/airflow/example_dags/example_xcomargs.py took 0.081 seconds
[2024-10-08T12:12:09.984+0000] {processor.py:186} INFO - Started process (PID=535) to work on /home/airflow/.local/lib/python3.12/site-packages/airflow/example_dags/example_xcomargs.py
[2024-10-08T12:12:09.985+0000] {processor.py:914} INFO - Processing file /home/airflow/.local/lib/python3.12/site-packages/airflow/example_dags/example_xcomargs.py for tasks to queue
[2024-10-08T12:12:09.987+0000] {logging_mixin.py:190} INFO - [2024-10-08T12:12:09.987+0000] {dagbag.py:588} INFO - Filling up the DagBag from /home/airflow/.local/lib/python3.12/site-packages/airflow/example_dags/example_xcomargs.py
[2024-10-08T12:12:09.998+0000] {processor.py:925} INFO - DAG(s) 'example_xcom_args', 'example_xcom_args_with_operators' retrieved from /home/airflow/.local/lib/python3.12/site-packages/airflow/example_dags/example_xcomargs.py
[2024-10-08T12:12:10.024+0000] {logging_mixin.py:190} INFO - [2024-10-08T12:12:10.024+0000] {dag.py:3239} INFO - Sync 2 DAGs
[2024-10-08T12:12:10.039+0000] {logging_mixin.py:190} INFO - [2024-10-08T12:12:10.039+0000] {dag.py:4180} INFO - Setting next_dagrun for example_xcom_args to None, run_after=None
[2024-10-08T12:12:10.043+0000] {logging_mixin.py:190} INFO - [2024-10-08T12:12:10.043+0000] {dag.py:4180} INFO - Setting next_dagrun for example_xcom_args_with_operators to None, run_after=None
[2024-10-08T12:12:10.063+0000] {processor.py:208} INFO - Processing /home/airflow/.local/lib/python3.12/site-packages/airflow/example_dags/example_xcomargs.py took 0.086 seconds
[2024-10-08T12:12:41.044+0000] {processor.py:186} INFO - Started process (PID=598) to work on /home/airflow/.local/lib/python3.12/site-packages/airflow/example_dags/example_xcomargs.py
[2024-10-08T12:12:41.045+0000] {processor.py:914} INFO - Processing file /home/airflow/.local/lib/python3.12/site-packages/airflow/example_dags/example_xcomargs.py for tasks to queue
[2024-10-08T12:12:41.047+0000] {logging_mixin.py:190} INFO - [2024-10-08T12:12:41.047+0000] {dagbag.py:588} INFO - Filling up the DagBag from /home/airflow/.local/lib/python3.12/site-packages/airflow/example_dags/example_xcomargs.py
[2024-10-08T12:12:41.059+0000] {processor.py:925} INFO - DAG(s) 'example_xcom_args_with_operators', 'example_xcom_args' retrieved from /home/airflow/.local/lib/python3.12/site-packages/airflow/example_dags/example_xcomargs.py
[2024-10-08T12:12:41.086+0000] {logging_mixin.py:190} INFO - [2024-10-08T12:12:41.085+0000] {dag.py:3239} INFO - Sync 2 DAGs
[2024-10-08T12:12:41.103+0000] {logging_mixin.py:190} INFO - [2024-10-08T12:12:41.103+0000] {dag.py:4180} INFO - Setting next_dagrun for example_xcom_args to None, run_after=None
[2024-10-08T12:12:41.107+0000] {logging_mixin.py:190} INFO - [2024-10-08T12:12:41.107+0000] {dag.py:4180} INFO - Setting next_dagrun for example_xcom_args_with_operators to None, run_after=None
[2024-10-08T12:12:41.128+0000] {processor.py:208} INFO - Processing /home/airflow/.local/lib/python3.12/site-packages/airflow/example_dags/example_xcomargs.py took 0.090 seconds
[2024-10-08T12:13:12.376+0000] {processor.py:186} INFO - Started process (PID=661) to work on /home/airflow/.local/lib/python3.12/site-packages/airflow/example_dags/example_xcomargs.py
[2024-10-08T12:13:12.377+0000] {processor.py:914} INFO - Processing file /home/airflow/.local/lib/python3.12/site-packages/airflow/example_dags/example_xcomargs.py for tasks to queue
[2024-10-08T12:13:12.380+0000] {logging_mixin.py:190} INFO - [2024-10-08T12:13:12.379+0000] {dagbag.py:588} INFO - Filling up the DagBag from /home/airflow/.local/lib/python3.12/site-packages/airflow/example_dags/example_xcomargs.py
[2024-10-08T12:13:12.392+0000] {processor.py:925} INFO - DAG(s) 'example_xcom_args_with_operators', 'example_xcom_args' retrieved from /home/airflow/.local/lib/python3.12/site-packages/airflow/example_dags/example_xcomargs.py
[2024-10-08T12:13:12.419+0000] {logging_mixin.py:190} INFO - [2024-10-08T12:13:12.419+0000] {dag.py:3239} INFO - Sync 2 DAGs
[2024-10-08T12:13:12.436+0000] {logging_mixin.py:190} INFO - [2024-10-08T12:13:12.436+0000] {dag.py:4180} INFO - Setting next_dagrun for example_xcom_args to None, run_after=None
[2024-10-08T12:13:12.441+0000] {logging_mixin.py:190} INFO - [2024-10-08T12:13:12.441+0000] {dag.py:4180} INFO - Setting next_dagrun for example_xcom_args_with_operators to None, run_after=None
[2024-10-08T12:13:12.460+0000] {processor.py:208} INFO - Processing /home/airflow/.local/lib/python3.12/site-packages/airflow/example_dags/example_xcomargs.py took 0.090 seconds
[2024-10-08T12:13:43.101+0000] {processor.py:186} INFO - Started process (PID=724) to work on /home/airflow/.local/lib/python3.12/site-packages/airflow/example_dags/example_xcomargs.py
[2024-10-08T12:13:43.102+0000] {processor.py:914} INFO - Processing file /home/airflow/.local/lib/python3.12/site-packages/airflow/example_dags/example_xcomargs.py for tasks to queue
[2024-10-08T12:13:43.105+0000] {logging_mixin.py:190} INFO - [2024-10-08T12:13:43.104+0000] {dagbag.py:588} INFO - Filling up the DagBag from /home/airflow/.local/lib/python3.12/site-packages/airflow/example_dags/example_xcomargs.py
[2024-10-08T12:13:43.117+0000] {processor.py:925} INFO - DAG(s) 'example_xcom_args', 'example_xcom_args_with_operators' retrieved from /home/airflow/.local/lib/python3.12/site-packages/airflow/example_dags/example_xcomargs.py
[2024-10-08T12:13:43.143+0000] {logging_mixin.py:190} INFO - [2024-10-08T12:13:43.142+0000] {dag.py:3239} INFO - Sync 2 DAGs
[2024-10-08T12:13:43.162+0000] {logging_mixin.py:190} INFO - [2024-10-08T12:13:43.161+0000] {dag.py:4180} INFO - Setting next_dagrun for example_xcom_args to None, run_after=None
[2024-10-08T12:13:43.167+0000] {logging_mixin.py:190} INFO - [2024-10-08T12:13:43.167+0000] {dag.py:4180} INFO - Setting next_dagrun for example_xcom_args_with_operators to None, run_after=None
[2024-10-08T12:13:43.190+0000] {processor.py:208} INFO - Processing /home/airflow/.local/lib/python3.12/site-packages/airflow/example_dags/example_xcomargs.py took 0.096 seconds
[2024-10-08T12:14:13.647+0000] {processor.py:186} INFO - Started process (PID=787) to work on /home/airflow/.local/lib/python3.12/site-packages/airflow/example_dags/example_xcomargs.py
[2024-10-08T12:14:13.648+0000] {processor.py:914} INFO - Processing file /home/airflow/.local/lib/python3.12/site-packages/airflow/example_dags/example_xcomargs.py for tasks to queue
[2024-10-08T12:14:13.650+0000] {logging_mixin.py:190} INFO - [2024-10-08T12:14:13.650+0000] {dagbag.py:588} INFO - Filling up the DagBag from /home/airflow/.local/lib/python3.12/site-packages/airflow/example_dags/example_xcomargs.py
[2024-10-08T12:14:13.663+0000] {processor.py:925} INFO - DAG(s) 'example_xcom_args_with_operators', 'example_xcom_args' retrieved from /home/airflow/.local/lib/python3.12/site-packages/airflow/example_dags/example_xcomargs.py
[2024-10-08T12:14:13.688+0000] {logging_mixin.py:190} INFO - [2024-10-08T12:14:13.687+0000] {dag.py:3239} INFO - Sync 2 DAGs
[2024-10-08T12:14:13.706+0000] {logging_mixin.py:190} INFO - [2024-10-08T12:14:13.706+0000] {dag.py:4180} INFO - Setting next_dagrun for example_xcom_args to None, run_after=None
[2024-10-08T12:14:13.710+0000] {logging_mixin.py:190} INFO - [2024-10-08T12:14:13.709+0000] {dag.py:4180} INFO - Setting next_dagrun for example_xcom_args_with_operators to None, run_after=None
[2024-10-08T12:14:13.733+0000] {processor.py:208} INFO - Processing /home/airflow/.local/lib/python3.12/site-packages/airflow/example_dags/example_xcomargs.py took 0.093 seconds
[2024-10-08T12:14:44.263+0000] {processor.py:186} INFO - Started process (PID=850) to work on /home/airflow/.local/lib/python3.12/site-packages/airflow/example_dags/example_xcomargs.py
[2024-10-08T12:14:44.265+0000] {processor.py:914} INFO - Processing file /home/airflow/.local/lib/python3.12/site-packages/airflow/example_dags/example_xcomargs.py for tasks to queue
[2024-10-08T12:14:44.267+0000] {logging_mixin.py:190} INFO - [2024-10-08T12:14:44.267+0000] {dagbag.py:588} INFO - Filling up the DagBag from /home/airflow/.local/lib/python3.12/site-packages/airflow/example_dags/example_xcomargs.py
[2024-10-08T12:14:44.277+0000] {processor.py:925} INFO - DAG(s) 'example_xcom_args_with_operators', 'example_xcom_args' retrieved from /home/airflow/.local/lib/python3.12/site-packages/airflow/example_dags/example_xcomargs.py
[2024-10-08T12:14:44.300+0000] {logging_mixin.py:190} INFO - [2024-10-08T12:14:44.300+0000] {dag.py:3239} INFO - Sync 2 DAGs
[2024-10-08T12:14:44.316+0000] {logging_mixin.py:190} INFO - [2024-10-08T12:14:44.315+0000] {dag.py:4180} INFO - Setting next_dagrun for example_xcom_args to None, run_after=None
[2024-10-08T12:14:44.319+0000] {logging_mixin.py:190} INFO - [2024-10-08T12:14:44.319+0000] {dag.py:4180} INFO - Setting next_dagrun for example_xcom_args_with_operators to None, run_after=None
[2024-10-08T12:14:44.337+0000] {processor.py:208} INFO - Processing /home/airflow/.local/lib/python3.12/site-packages/airflow/example_dags/example_xcomargs.py took 0.080 seconds
[2024-10-08T12:15:14.780+0000] {processor.py:186} INFO - Started process (PID=913) to work on /home/airflow/.local/lib/python3.12/site-packages/airflow/example_dags/example_xcomargs.py
[2024-10-08T12:15:14.781+0000] {processor.py:914} INFO - Processing file /home/airflow/.local/lib/python3.12/site-packages/airflow/example_dags/example_xcomargs.py for tasks to queue
[2024-10-08T12:15:14.783+0000] {logging_mixin.py:190} INFO - [2024-10-08T12:15:14.783+0000] {dagbag.py:588} INFO - Filling up the DagBag from /home/airflow/.local/lib/python3.12/site-packages/airflow/example_dags/example_xcomargs.py
[2024-10-08T12:15:14.794+0000] {processor.py:925} INFO - DAG(s) 'example_xcom_args_with_operators', 'example_xcom_args' retrieved from /home/airflow/.local/lib/python3.12/site-packages/airflow/example_dags/example_xcomargs.py
[2024-10-08T12:15:14.814+0000] {logging_mixin.py:190} INFO - [2024-10-08T12:15:14.814+0000] {dag.py:3239} INFO - Sync 2 DAGs
[2024-10-08T12:15:14.829+0000] {logging_mixin.py:190} INFO - [2024-10-08T12:15:14.829+0000] {dag.py:4180} INFO - Setting next_dagrun for example_xcom_args to None, run_after=None
[2024-10-08T12:15:14.832+0000] {logging_mixin.py:190} INFO - [2024-10-08T12:15:14.832+0000] {dag.py:4180} INFO - Setting next_dagrun for example_xcom_args_with_operators to None, run_after=None
[2024-10-08T12:15:14.852+0000] {processor.py:208} INFO - Processing /home/airflow/.local/lib/python3.12/site-packages/airflow/example_dags/example_xcomargs.py took 0.078 seconds
[2024-10-08T12:15:45.529+0000] {processor.py:186} INFO - Started process (PID=977) to work on /home/airflow/.local/lib/python3.12/site-packages/airflow/example_dags/example_xcomargs.py
[2024-10-08T12:15:45.530+0000] {processor.py:914} INFO - Processing file /home/airflow/.local/lib/python3.12/site-packages/airflow/example_dags/example_xcomargs.py for tasks to queue
[2024-10-08T12:15:45.533+0000] {logging_mixin.py:190} INFO - [2024-10-08T12:15:45.532+0000] {dagbag.py:588} INFO - Filling up the DagBag from /home/airflow/.local/lib/python3.12/site-packages/airflow/example_dags/example_xcomargs.py
[2024-10-08T12:15:45.542+0000] {processor.py:925} INFO - DAG(s) 'example_xcom_args_with_operators', 'example_xcom_args' retrieved from /home/airflow/.local/lib/python3.12/site-packages/airflow/example_dags/example_xcomargs.py
[2024-10-08T12:15:45.563+0000] {logging_mixin.py:190} INFO - [2024-10-08T12:15:45.562+0000] {dag.py:3239} INFO - Sync 2 DAGs
[2024-10-08T12:15:45.576+0000] {logging_mixin.py:190} INFO - [2024-10-08T12:15:45.576+0000] {dag.py:4180} INFO - Setting next_dagrun for example_xcom_args to None, run_after=None
[2024-10-08T12:15:45.580+0000] {logging_mixin.py:190} INFO - [2024-10-08T12:15:45.580+0000] {dag.py:4180} INFO - Setting next_dagrun for example_xcom_args_with_operators to None, run_after=None
[2024-10-08T12:15:45.596+0000] {processor.py:208} INFO - Processing /home/airflow/.local/lib/python3.12/site-packages/airflow/example_dags/example_xcomargs.py took 0.073 seconds
[2024-10-08T12:16:16.086+0000] {processor.py:186} INFO - Started process (PID=1040) to work on /home/airflow/.local/lib/python3.12/site-packages/airflow/example_dags/example_xcomargs.py
[2024-10-08T12:16:16.087+0000] {processor.py:914} INFO - Processing file /home/airflow/.local/lib/python3.12/site-packages/airflow/example_dags/example_xcomargs.py for tasks to queue
[2024-10-08T12:16:16.090+0000] {logging_mixin.py:190} INFO - [2024-10-08T12:16:16.089+0000] {dagbag.py:588} INFO - Filling up the DagBag from /home/airflow/.local/lib/python3.12/site-packages/airflow/example_dags/example_xcomargs.py
[2024-10-08T12:16:16.101+0000] {processor.py:925} INFO - DAG(s) 'example_xcom_args', 'example_xcom_args_with_operators' retrieved from /home/airflow/.local/lib/python3.12/site-packages/airflow/example_dags/example_xcomargs.py
[2024-10-08T12:16:16.123+0000] {logging_mixin.py:190} INFO - [2024-10-08T12:16:16.123+0000] {dag.py:3239} INFO - Sync 2 DAGs
[2024-10-08T12:16:16.137+0000] {logging_mixin.py:190} INFO - [2024-10-08T12:16:16.137+0000] {dag.py:4180} INFO - Setting next_dagrun for example_xcom_args to None, run_after=None
[2024-10-08T12:16:16.141+0000] {logging_mixin.py:190} INFO - [2024-10-08T12:16:16.141+0000] {dag.py:4180} INFO - Setting next_dagrun for example_xcom_args_with_operators to None, run_after=None
[2024-10-08T12:16:16.160+0000] {processor.py:208} INFO - Processing /home/airflow/.local/lib/python3.12/site-packages/airflow/example_dags/example_xcomargs.py took 0.080 seconds
[2024-10-08T12:16:46.890+0000] {processor.py:186} INFO - Started process (PID=1103) to work on /home/airflow/.local/lib/python3.12/site-packages/airflow/example_dags/example_xcomargs.py
[2024-10-08T12:16:46.891+0000] {processor.py:914} INFO - Processing file /home/airflow/.local/lib/python3.12/site-packages/airflow/example_dags/example_xcomargs.py for tasks to queue
[2024-10-08T12:16:46.894+0000] {logging_mixin.py:190} INFO - [2024-10-08T12:16:46.893+0000] {dagbag.py:588} INFO - Filling up the DagBag from /home/airflow/.local/lib/python3.12/site-packages/airflow/example_dags/example_xcomargs.py
[2024-10-08T12:16:46.905+0000] {processor.py:925} INFO - DAG(s) 'example_xcom_args', 'example_xcom_args_with_operators' retrieved from /home/airflow/.local/lib/python3.12/site-packages/airflow/example_dags/example_xcomargs.py
[2024-10-08T12:16:46.927+0000] {logging_mixin.py:190} INFO - [2024-10-08T12:16:46.927+0000] {dag.py:3239} INFO - Sync 2 DAGs
[2024-10-08T12:16:46.940+0000] {logging_mixin.py:190} INFO - [2024-10-08T12:16:46.940+0000] {dag.py:4180} INFO - Setting next_dagrun for example_xcom_args to None, run_after=None
[2024-10-08T12:16:46.945+0000] {logging_mixin.py:190} INFO - [2024-10-08T12:16:46.944+0000] {dag.py:4180} INFO - Setting next_dagrun for example_xcom_args_with_operators to None, run_after=None
[2024-10-08T12:16:46.962+0000] {processor.py:208} INFO - Processing /home/airflow/.local/lib/python3.12/site-packages/airflow/example_dags/example_xcomargs.py took 0.078 seconds
[2024-10-08T12:17:17.529+0000] {processor.py:186} INFO - Started process (PID=1166) to work on /home/airflow/.local/lib/python3.12/site-packages/airflow/example_dags/example_xcomargs.py
[2024-10-08T12:17:17.531+0000] {processor.py:914} INFO - Processing file /home/airflow/.local/lib/python3.12/site-packages/airflow/example_dags/example_xcomargs.py for tasks to queue
[2024-10-08T12:17:17.534+0000] {logging_mixin.py:190} INFO - [2024-10-08T12:17:17.533+0000] {dagbag.py:588} INFO - Filling up the DagBag from /home/airflow/.local/lib/python3.12/site-packages/airflow/example_dags/example_xcomargs.py
[2024-10-08T12:17:17.545+0000] {processor.py:925} INFO - DAG(s) 'example_xcom_args', 'example_xcom_args_with_operators' retrieved from /home/airflow/.local/lib/python3.12/site-packages/airflow/example_dags/example_xcomargs.py
[2024-10-08T12:17:17.569+0000] {logging_mixin.py:190} INFO - [2024-10-08T12:17:17.569+0000] {dag.py:3239} INFO - Sync 2 DAGs
[2024-10-08T12:17:17.585+0000] {logging_mixin.py:190} INFO - [2024-10-08T12:17:17.584+0000] {dag.py:4180} INFO - Setting next_dagrun for example_xcom_args to None, run_after=None
[2024-10-08T12:17:17.589+0000] {logging_mixin.py:190} INFO - [2024-10-08T12:17:17.588+0000] {dag.py:4180} INFO - Setting next_dagrun for example_xcom_args_with_operators to None, run_after=None
[2024-10-08T12:17:17.607+0000] {processor.py:208} INFO - Processing /home/airflow/.local/lib/python3.12/site-packages/airflow/example_dags/example_xcomargs.py took 0.084 seconds
[2024-10-08T12:17:48.230+0000] {processor.py:186} INFO - Started process (PID=1230) to work on /home/airflow/.local/lib/python3.12/site-packages/airflow/example_dags/example_xcomargs.py
[2024-10-08T12:17:48.232+0000] {processor.py:914} INFO - Processing file /home/airflow/.local/lib/python3.12/site-packages/airflow/example_dags/example_xcomargs.py for tasks to queue
[2024-10-08T12:17:48.234+0000] {logging_mixin.py:190} INFO - [2024-10-08T12:17:48.233+0000] {dagbag.py:588} INFO - Filling up the DagBag from /home/airflow/.local/lib/python3.12/site-packages/airflow/example_dags/example_xcomargs.py
[2024-10-08T12:17:48.244+0000] {processor.py:925} INFO - DAG(s) 'example_xcom_args', 'example_xcom_args_with_operators' retrieved from /home/airflow/.local/lib/python3.12/site-packages/airflow/example_dags/example_xcomargs.py
[2024-10-08T12:17:48.267+0000] {logging_mixin.py:190} INFO - [2024-10-08T12:17:48.267+0000] {dag.py:3239} INFO - Sync 2 DAGs
[2024-10-08T12:17:48.286+0000] {logging_mixin.py:190} INFO - [2024-10-08T12:17:48.286+0000] {dag.py:4180} INFO - Setting next_dagrun for example_xcom_args to None, run_after=None
[2024-10-08T12:17:48.291+0000] {logging_mixin.py:190} INFO - [2024-10-08T12:17:48.291+0000] {dag.py:4180} INFO - Setting next_dagrun for example_xcom_args_with_operators to None, run_after=None
[2024-10-08T12:17:48.310+0000] {processor.py:208} INFO - Processing /home/airflow/.local/lib/python3.12/site-packages/airflow/example_dags/example_xcomargs.py took 0.085 seconds
[2024-10-08T12:18:19.033+0000] {processor.py:186} INFO - Started process (PID=1293) to work on /home/airflow/.local/lib/python3.12/site-packages/airflow/example_dags/example_xcomargs.py
[2024-10-08T12:18:19.034+0000] {processor.py:914} INFO - Processing file /home/airflow/.local/lib/python3.12/site-packages/airflow/example_dags/example_xcomargs.py for tasks to queue
[2024-10-08T12:18:19.037+0000] {logging_mixin.py:190} INFO - [2024-10-08T12:18:19.036+0000] {dagbag.py:588} INFO - Filling up the DagBag from /home/airflow/.local/lib/python3.12/site-packages/airflow/example_dags/example_xcomargs.py
[2024-10-08T12:18:19.048+0000] {processor.py:925} INFO - DAG(s) 'example_xcom_args', 'example_xcom_args_with_operators' retrieved from /home/airflow/.local/lib/python3.12/site-packages/airflow/example_dags/example_xcomargs.py
[2024-10-08T12:18:19.071+0000] {logging_mixin.py:190} INFO - [2024-10-08T12:18:19.071+0000] {dag.py:3239} INFO - Sync 2 DAGs
[2024-10-08T12:18:19.086+0000] {logging_mixin.py:190} INFO - [2024-10-08T12:18:19.086+0000] {dag.py:4180} INFO - Setting next_dagrun for example_xcom_args to None, run_after=None
[2024-10-08T12:18:19.090+0000] {logging_mixin.py:190} INFO - [2024-10-08T12:18:19.090+0000] {dag.py:4180} INFO - Setting next_dagrun for example_xcom_args_with_operators to None, run_after=None
[2024-10-08T12:18:19.108+0000] {processor.py:208} INFO - Processing /home/airflow/.local/lib/python3.12/site-packages/airflow/example_dags/example_xcomargs.py took 0.081 seconds
[2024-10-08T12:18:49.917+0000] {processor.py:186} INFO - Started process (PID=1356) to work on /home/airflow/.local/lib/python3.12/site-packages/airflow/example_dags/example_xcomargs.py
[2024-10-08T12:18:49.918+0000] {processor.py:914} INFO - Processing file /home/airflow/.local/lib/python3.12/site-packages/airflow/example_dags/example_xcomargs.py for tasks to queue
[2024-10-08T12:18:49.920+0000] {logging_mixin.py:190} INFO - [2024-10-08T12:18:49.920+0000] {dagbag.py:588} INFO - Filling up the DagBag from /home/airflow/.local/lib/python3.12/site-packages/airflow/example_dags/example_xcomargs.py
[2024-10-08T12:18:49.932+0000] {processor.py:925} INFO - DAG(s) 'example_xcom_args', 'example_xcom_args_with_operators' retrieved from /home/airflow/.local/lib/python3.12/site-packages/airflow/example_dags/example_xcomargs.py
[2024-10-08T12:18:49.957+0000] {logging_mixin.py:190} INFO - [2024-10-08T12:18:49.957+0000] {dag.py:3239} INFO - Sync 2 DAGs
[2024-10-08T12:18:49.973+0000] {logging_mixin.py:190} INFO - [2024-10-08T12:18:49.972+0000] {dag.py:4180} INFO - Setting next_dagrun for example_xcom_args to None, run_after=None
[2024-10-08T12:18:49.977+0000] {logging_mixin.py:190} INFO - [2024-10-08T12:18:49.977+0000] {dag.py:4180} INFO - Setting next_dagrun for example_xcom_args_with_operators to None, run_after=None
[2024-10-08T12:18:49.995+0000] {processor.py:208} INFO - Processing /home/airflow/.local/lib/python3.12/site-packages/airflow/example_dags/example_xcomargs.py took 0.084 seconds
[2024-10-08T12:19:20.278+0000] {processor.py:186} INFO - Started process (PID=1423) to work on /home/airflow/.local/lib/python3.12/site-packages/airflow/example_dags/example_xcomargs.py
[2024-10-08T12:19:20.280+0000] {processor.py:914} INFO - Processing file /home/airflow/.local/lib/python3.12/site-packages/airflow/example_dags/example_xcomargs.py for tasks to queue
[2024-10-08T12:19:20.282+0000] {logging_mixin.py:190} INFO - [2024-10-08T12:19:20.281+0000] {dagbag.py:588} INFO - Filling up the DagBag from /home/airflow/.local/lib/python3.12/site-packages/airflow/example_dags/example_xcomargs.py
[2024-10-08T12:19:20.291+0000] {processor.py:925} INFO - DAG(s) 'example_xcom_args_with_operators', 'example_xcom_args' retrieved from /home/airflow/.local/lib/python3.12/site-packages/airflow/example_dags/example_xcomargs.py
[2024-10-08T12:19:20.312+0000] {logging_mixin.py:190} INFO - [2024-10-08T12:19:20.312+0000] {dag.py:3239} INFO - Sync 2 DAGs
[2024-10-08T12:19:20.326+0000] {logging_mixin.py:190} INFO - [2024-10-08T12:19:20.326+0000] {dag.py:4180} INFO - Setting next_dagrun for example_xcom_args to None, run_after=None
[2024-10-08T12:19:20.330+0000] {logging_mixin.py:190} INFO - [2024-10-08T12:19:20.330+0000] {dag.py:4180} INFO - Setting next_dagrun for example_xcom_args_with_operators to None, run_after=None
[2024-10-08T12:19:20.346+0000] {processor.py:208} INFO - Processing /home/airflow/.local/lib/python3.12/site-packages/airflow/example_dags/example_xcomargs.py took 0.074 seconds
[2024-10-08T12:19:51.224+0000] {processor.py:186} INFO - Started process (PID=1486) to work on /home/airflow/.local/lib/python3.12/site-packages/airflow/example_dags/example_xcomargs.py
[2024-10-08T12:19:51.226+0000] {processor.py:914} INFO - Processing file /home/airflow/.local/lib/python3.12/site-packages/airflow/example_dags/example_xcomargs.py for tasks to queue
[2024-10-08T12:19:51.228+0000] {logging_mixin.py:190} INFO - [2024-10-08T12:19:51.228+0000] {dagbag.py:588} INFO - Filling up the DagBag from /home/airflow/.local/lib/python3.12/site-packages/airflow/example_dags/example_xcomargs.py
[2024-10-08T12:19:51.241+0000] {processor.py:925} INFO - DAG(s) 'example_xcom_args', 'example_xcom_args_with_operators' retrieved from /home/airflow/.local/lib/python3.12/site-packages/airflow/example_dags/example_xcomargs.py
[2024-10-08T12:19:51.263+0000] {logging_mixin.py:190} INFO - [2024-10-08T12:19:51.263+0000] {dag.py:3239} INFO - Sync 2 DAGs
[2024-10-08T12:19:51.279+0000] {logging_mixin.py:190} INFO - [2024-10-08T12:19:51.279+0000] {dag.py:4180} INFO - Setting next_dagrun for example_xcom_args to None, run_after=None
[2024-10-08T12:19:51.284+0000] {logging_mixin.py:190} INFO - [2024-10-08T12:19:51.284+0000] {dag.py:4180} INFO - Setting next_dagrun for example_xcom_args_with_operators to None, run_after=None
[2024-10-08T12:19:51.304+0000] {processor.py:208} INFO - Processing /home/airflow/.local/lib/python3.12/site-packages/airflow/example_dags/example_xcomargs.py took 0.088 seconds
[2024-10-08T12:34:13.171+0000] {processor.py:186} INFO - Started process (PID=86) to work on /home/airflow/.local/lib/python3.12/site-packages/airflow/example_dags/example_xcomargs.py
[2024-10-08T12:34:13.173+0000] {processor.py:914} INFO - Processing file /home/airflow/.local/lib/python3.12/site-packages/airflow/example_dags/example_xcomargs.py for tasks to queue
[2024-10-08T12:34:13.175+0000] {logging_mixin.py:190} INFO - [2024-10-08T12:34:13.174+0000] {dagbag.py:588} INFO - Filling up the DagBag from /home/airflow/.local/lib/python3.12/site-packages/airflow/example_dags/example_xcomargs.py
[2024-10-08T12:34:13.184+0000] {processor.py:925} INFO - DAG(s) 'example_xcom_args', 'example_xcom_args_with_operators' retrieved from /home/airflow/.local/lib/python3.12/site-packages/airflow/example_dags/example_xcomargs.py
[2024-10-08T12:34:13.206+0000] {logging_mixin.py:190} INFO - [2024-10-08T12:34:13.205+0000] {dag.py:3239} INFO - Sync 2 DAGs
[2024-10-08T12:34:13.219+0000] {logging_mixin.py:190} INFO - [2024-10-08T12:34:13.219+0000] {dag.py:4180} INFO - Setting next_dagrun for example_xcom_args to None, run_after=None
[2024-10-08T12:34:13.222+0000] {logging_mixin.py:190} INFO - [2024-10-08T12:34:13.222+0000] {dag.py:4180} INFO - Setting next_dagrun for example_xcom_args_with_operators to None, run_after=None
[2024-10-08T12:34:13.238+0000] {processor.py:208} INFO - Processing /home/airflow/.local/lib/python3.12/site-packages/airflow/example_dags/example_xcomargs.py took 0.071 seconds
[2024-10-08T12:34:43.310+0000] {processor.py:186} INFO - Started process (PID=151) to work on /home/airflow/.local/lib/python3.12/site-packages/airflow/example_dags/example_xcomargs.py
[2024-10-08T12:34:43.312+0000] {processor.py:914} INFO - Processing file /home/airflow/.local/lib/python3.12/site-packages/airflow/example_dags/example_xcomargs.py for tasks to queue
[2024-10-08T12:34:43.314+0000] {logging_mixin.py:190} INFO - [2024-10-08T12:34:43.314+0000] {dagbag.py:588} INFO - Filling up the DagBag from /home/airflow/.local/lib/python3.12/site-packages/airflow/example_dags/example_xcomargs.py
[2024-10-08T12:34:43.324+0000] {processor.py:925} INFO - DAG(s) 'example_xcom_args', 'example_xcom_args_with_operators' retrieved from /home/airflow/.local/lib/python3.12/site-packages/airflow/example_dags/example_xcomargs.py
[2024-10-08T12:34:43.347+0000] {logging_mixin.py:190} INFO - [2024-10-08T12:34:43.347+0000] {dag.py:3239} INFO - Sync 2 DAGs
[2024-10-08T12:34:43.360+0000] {logging_mixin.py:190} INFO - [2024-10-08T12:34:43.360+0000] {dag.py:4180} INFO - Setting next_dagrun for example_xcom_args to None, run_after=None
[2024-10-08T12:34:43.364+0000] {logging_mixin.py:190} INFO - [2024-10-08T12:34:43.364+0000] {dag.py:4180} INFO - Setting next_dagrun for example_xcom_args_with_operators to None, run_after=None
[2024-10-08T12:34:43.380+0000] {processor.py:208} INFO - Processing /home/airflow/.local/lib/python3.12/site-packages/airflow/example_dags/example_xcomargs.py took 0.076 seconds
[2024-10-08T12:35:14.052+0000] {processor.py:186} INFO - Started process (PID=212) to work on /home/airflow/.local/lib/python3.12/site-packages/airflow/example_dags/example_xcomargs.py
[2024-10-08T12:35:14.054+0000] {processor.py:914} INFO - Processing file /home/airflow/.local/lib/python3.12/site-packages/airflow/example_dags/example_xcomargs.py for tasks to queue
[2024-10-08T12:35:14.056+0000] {logging_mixin.py:190} INFO - [2024-10-08T12:35:14.056+0000] {dagbag.py:588} INFO - Filling up the DagBag from /home/airflow/.local/lib/python3.12/site-packages/airflow/example_dags/example_xcomargs.py
[2024-10-08T12:35:14.066+0000] {processor.py:925} INFO - DAG(s) 'example_xcom_args', 'example_xcom_args_with_operators' retrieved from /home/airflow/.local/lib/python3.12/site-packages/airflow/example_dags/example_xcomargs.py
[2024-10-08T12:35:14.094+0000] {logging_mixin.py:190} INFO - [2024-10-08T12:35:14.094+0000] {dag.py:3239} INFO - Sync 2 DAGs
[2024-10-08T12:35:14.117+0000] {logging_mixin.py:190} INFO - [2024-10-08T12:35:14.117+0000] {dag.py:4180} INFO - Setting next_dagrun for example_xcom_args to None, run_after=None
[2024-10-08T12:35:14.123+0000] {logging_mixin.py:190} INFO - [2024-10-08T12:35:14.122+0000] {dag.py:4180} INFO - Setting next_dagrun for example_xcom_args_with_operators to None, run_after=None
[2024-10-08T12:35:14.144+0000] {processor.py:208} INFO - Processing /home/airflow/.local/lib/python3.12/site-packages/airflow/example_dags/example_xcomargs.py took 0.097 seconds
[2024-10-08T12:35:57.286+0000] {processor.py:186} INFO - Started process (PID=275) to work on /home/airflow/.local/lib/python3.12/site-packages/airflow/example_dags/example_xcomargs.py
[2024-10-08T12:35:57.288+0000] {processor.py:914} INFO - Processing file /home/airflow/.local/lib/python3.12/site-packages/airflow/example_dags/example_xcomargs.py for tasks to queue
[2024-10-08T12:35:57.290+0000] {logging_mixin.py:190} INFO - [2024-10-08T12:35:57.290+0000] {dagbag.py:588} INFO - Filling up the DagBag from /home/airflow/.local/lib/python3.12/site-packages/airflow/example_dags/example_xcomargs.py
[2024-10-08T12:35:57.302+0000] {processor.py:925} INFO - DAG(s) 'example_xcom_args_with_operators', 'example_xcom_args' retrieved from /home/airflow/.local/lib/python3.12/site-packages/airflow/example_dags/example_xcomargs.py
[2024-10-08T12:35:57.336+0000] {logging_mixin.py:190} INFO - [2024-10-08T12:35:57.336+0000] {dag.py:3239} INFO - Sync 2 DAGs
[2024-10-08T12:35:57.355+0000] {logging_mixin.py:190} INFO - [2024-10-08T12:35:57.354+0000] {dag.py:4180} INFO - Setting next_dagrun for example_xcom_args to None, run_after=None
[2024-10-08T12:35:57.360+0000] {logging_mixin.py:190} INFO - [2024-10-08T12:35:57.359+0000] {dag.py:4180} INFO - Setting next_dagrun for example_xcom_args_with_operators to None, run_after=None
[2024-10-08T12:35:57.384+0000] {processor.py:208} INFO - Processing /home/airflow/.local/lib/python3.12/site-packages/airflow/example_dags/example_xcomargs.py took 0.104 seconds
[2024-10-08T12:36:43.849+0000] {processor.py:186} INFO - Started process (PID=344) to work on /home/airflow/.local/lib/python3.12/site-packages/airflow/example_dags/example_xcomargs.py
[2024-10-08T12:36:43.850+0000] {processor.py:914} INFO - Processing file /home/airflow/.local/lib/python3.12/site-packages/airflow/example_dags/example_xcomargs.py for tasks to queue
[2024-10-08T12:36:43.852+0000] {logging_mixin.py:190} INFO - [2024-10-08T12:36:43.852+0000] {dagbag.py:588} INFO - Filling up the DagBag from /home/airflow/.local/lib/python3.12/site-packages/airflow/example_dags/example_xcomargs.py
[2024-10-08T12:36:43.863+0000] {processor.py:925} INFO - DAG(s) 'example_xcom_args_with_operators', 'example_xcom_args' retrieved from /home/airflow/.local/lib/python3.12/site-packages/airflow/example_dags/example_xcomargs.py
[2024-10-08T12:36:43.886+0000] {logging_mixin.py:190} INFO - [2024-10-08T12:36:43.886+0000] {dag.py:3239} INFO - Sync 2 DAGs
[2024-10-08T12:36:43.904+0000] {logging_mixin.py:190} INFO - [2024-10-08T12:36:43.903+0000] {dag.py:4180} INFO - Setting next_dagrun for example_xcom_args to None, run_after=None
[2024-10-08T12:36:43.908+0000] {logging_mixin.py:190} INFO - [2024-10-08T12:36:43.907+0000] {dag.py:4180} INFO - Setting next_dagrun for example_xcom_args_with_operators to None, run_after=None
[2024-10-08T12:36:43.926+0000] {processor.py:208} INFO - Processing /home/airflow/.local/lib/python3.12/site-packages/airflow/example_dags/example_xcomargs.py took 0.082 seconds
[2024-10-08T12:37:14.068+0000] {processor.py:186} INFO - Started process (PID=407) to work on /home/airflow/.local/lib/python3.12/site-packages/airflow/example_dags/example_xcomargs.py
[2024-10-08T12:37:14.069+0000] {processor.py:914} INFO - Processing file /home/airflow/.local/lib/python3.12/site-packages/airflow/example_dags/example_xcomargs.py for tasks to queue
[2024-10-08T12:37:14.072+0000] {logging_mixin.py:190} INFO - [2024-10-08T12:37:14.072+0000] {dagbag.py:588} INFO - Filling up the DagBag from /home/airflow/.local/lib/python3.12/site-packages/airflow/example_dags/example_xcomargs.py
[2024-10-08T12:37:14.084+0000] {processor.py:925} INFO - DAG(s) 'example_xcom_args_with_operators', 'example_xcom_args' retrieved from /home/airflow/.local/lib/python3.12/site-packages/airflow/example_dags/example_xcomargs.py
[2024-10-08T12:37:14.105+0000] {logging_mixin.py:190} INFO - [2024-10-08T12:37:14.105+0000] {dag.py:3239} INFO - Sync 2 DAGs
[2024-10-08T12:37:14.120+0000] {logging_mixin.py:190} INFO - [2024-10-08T12:37:14.120+0000] {dag.py:4180} INFO - Setting next_dagrun for example_xcom_args to None, run_after=None
[2024-10-08T12:37:14.124+0000] {logging_mixin.py:190} INFO - [2024-10-08T12:37:14.124+0000] {dag.py:4180} INFO - Setting next_dagrun for example_xcom_args_with_operators to None, run_after=None
[2024-10-08T12:37:14.148+0000] {processor.py:208} INFO - Processing /home/airflow/.local/lib/python3.12/site-packages/airflow/example_dags/example_xcomargs.py took 0.087 seconds
[2024-10-08T12:37:44.640+0000] {processor.py:186} INFO - Started process (PID=469) to work on /home/airflow/.local/lib/python3.12/site-packages/airflow/example_dags/example_xcomargs.py
[2024-10-08T12:37:44.642+0000] {processor.py:914} INFO - Processing file /home/airflow/.local/lib/python3.12/site-packages/airflow/example_dags/example_xcomargs.py for tasks to queue
[2024-10-08T12:37:44.644+0000] {logging_mixin.py:190} INFO - [2024-10-08T12:37:44.644+0000] {dagbag.py:588} INFO - Filling up the DagBag from /home/airflow/.local/lib/python3.12/site-packages/airflow/example_dags/example_xcomargs.py
[2024-10-08T12:37:44.656+0000] {processor.py:925} INFO - DAG(s) 'example_xcom_args_with_operators', 'example_xcom_args' retrieved from /home/airflow/.local/lib/python3.12/site-packages/airflow/example_dags/example_xcomargs.py
[2024-10-08T12:37:44.683+0000] {logging_mixin.py:190} INFO - [2024-10-08T12:37:44.682+0000] {dag.py:3239} INFO - Sync 2 DAGs
[2024-10-08T12:37:44.698+0000] {logging_mixin.py:190} INFO - [2024-10-08T12:37:44.698+0000] {dag.py:4180} INFO - Setting next_dagrun for example_xcom_args to None, run_after=None
[2024-10-08T12:37:44.702+0000] {logging_mixin.py:190} INFO - [2024-10-08T12:37:44.701+0000] {dag.py:4180} INFO - Setting next_dagrun for example_xcom_args_with_operators to None, run_after=None
[2024-10-08T12:37:44.722+0000] {processor.py:208} INFO - Processing /home/airflow/.local/lib/python3.12/site-packages/airflow/example_dags/example_xcomargs.py took 0.088 seconds
[2024-10-08T12:38:14.921+0000] {processor.py:186} INFO - Started process (PID=532) to work on /home/airflow/.local/lib/python3.12/site-packages/airflow/example_dags/example_xcomargs.py
[2024-10-08T12:38:14.923+0000] {processor.py:914} INFO - Processing file /home/airflow/.local/lib/python3.12/site-packages/airflow/example_dags/example_xcomargs.py for tasks to queue
[2024-10-08T12:38:14.925+0000] {logging_mixin.py:190} INFO - [2024-10-08T12:38:14.925+0000] {dagbag.py:588} INFO - Filling up the DagBag from /home/airflow/.local/lib/python3.12/site-packages/airflow/example_dags/example_xcomargs.py
[2024-10-08T12:38:14.936+0000] {processor.py:925} INFO - DAG(s) 'example_xcom_args', 'example_xcom_args_with_operators' retrieved from /home/airflow/.local/lib/python3.12/site-packages/airflow/example_dags/example_xcomargs.py
[2024-10-08T12:38:14.961+0000] {logging_mixin.py:190} INFO - [2024-10-08T12:38:14.961+0000] {dag.py:3239} INFO - Sync 2 DAGs
[2024-10-08T12:38:14.977+0000] {logging_mixin.py:190} INFO - [2024-10-08T12:38:14.976+0000] {dag.py:4180} INFO - Setting next_dagrun for example_xcom_args to None, run_after=None
[2024-10-08T12:38:14.981+0000] {logging_mixin.py:190} INFO - [2024-10-08T12:38:14.980+0000] {dag.py:4180} INFO - Setting next_dagrun for example_xcom_args_with_operators to None, run_after=None
[2024-10-08T12:38:15.001+0000] {processor.py:208} INFO - Processing /home/airflow/.local/lib/python3.12/site-packages/airflow/example_dags/example_xcomargs.py took 0.087 seconds
[2024-10-08T12:38:47.380+0000] {processor.py:186} INFO - Started process (PID=595) to work on /home/airflow/.local/lib/python3.12/site-packages/airflow/example_dags/example_xcomargs.py
[2024-10-08T12:38:47.381+0000] {processor.py:914} INFO - Processing file /home/airflow/.local/lib/python3.12/site-packages/airflow/example_dags/example_xcomargs.py for tasks to queue
[2024-10-08T12:38:47.384+0000] {logging_mixin.py:190} INFO - [2024-10-08T12:38:47.383+0000] {dagbag.py:588} INFO - Filling up the DagBag from /home/airflow/.local/lib/python3.12/site-packages/airflow/example_dags/example_xcomargs.py
[2024-10-08T12:38:47.394+0000] {processor.py:925} INFO - DAG(s) 'example_xcom_args', 'example_xcom_args_with_operators' retrieved from /home/airflow/.local/lib/python3.12/site-packages/airflow/example_dags/example_xcomargs.py
[2024-10-08T12:38:47.416+0000] {logging_mixin.py:190} INFO - [2024-10-08T12:38:47.416+0000] {dag.py:3239} INFO - Sync 2 DAGs
[2024-10-08T12:38:47.431+0000] {logging_mixin.py:190} INFO - [2024-10-08T12:38:47.431+0000] {dag.py:4180} INFO - Setting next_dagrun for example_xcom_args to None, run_after=None
[2024-10-08T12:38:47.435+0000] {logging_mixin.py:190} INFO - [2024-10-08T12:38:47.434+0000] {dag.py:4180} INFO - Setting next_dagrun for example_xcom_args_with_operators to None, run_after=None
[2024-10-08T12:38:47.454+0000] {processor.py:208} INFO - Processing /home/airflow/.local/lib/python3.12/site-packages/airflow/example_dags/example_xcomargs.py took 0.080 seconds
[2024-10-08T12:39:17.845+0000] {processor.py:186} INFO - Started process (PID=658) to work on /home/airflow/.local/lib/python3.12/site-packages/airflow/example_dags/example_xcomargs.py
[2024-10-08T12:39:17.846+0000] {processor.py:914} INFO - Processing file /home/airflow/.local/lib/python3.12/site-packages/airflow/example_dags/example_xcomargs.py for tasks to queue
[2024-10-08T12:39:17.849+0000] {logging_mixin.py:190} INFO - [2024-10-08T12:39:17.849+0000] {dagbag.py:588} INFO - Filling up the DagBag from /home/airflow/.local/lib/python3.12/site-packages/airflow/example_dags/example_xcomargs.py
[2024-10-08T12:39:17.861+0000] {processor.py:925} INFO - DAG(s) 'example_xcom_args_with_operators', 'example_xcom_args' retrieved from /home/airflow/.local/lib/python3.12/site-packages/airflow/example_dags/example_xcomargs.py
[2024-10-08T12:39:17.897+0000] {logging_mixin.py:190} INFO - [2024-10-08T12:39:17.897+0000] {dag.py:3239} INFO - Sync 2 DAGs
[2024-10-08T12:39:17.917+0000] {logging_mixin.py:190} INFO - [2024-10-08T12:39:17.916+0000] {dag.py:4180} INFO - Setting next_dagrun for example_xcom_args to None, run_after=None
[2024-10-08T12:39:17.922+0000] {logging_mixin.py:190} INFO - [2024-10-08T12:39:17.921+0000] {dag.py:4180} INFO - Setting next_dagrun for example_xcom_args_with_operators to None, run_after=None
[2024-10-08T12:39:17.947+0000] {processor.py:208} INFO - Processing /home/airflow/.local/lib/python3.12/site-packages/airflow/example_dags/example_xcomargs.py took 0.110 seconds
[2024-10-08T12:39:47.990+0000] {processor.py:186} INFO - Started process (PID=721) to work on /home/airflow/.local/lib/python3.12/site-packages/airflow/example_dags/example_xcomargs.py
[2024-10-08T12:39:47.991+0000] {processor.py:914} INFO - Processing file /home/airflow/.local/lib/python3.12/site-packages/airflow/example_dags/example_xcomargs.py for tasks to queue
[2024-10-08T12:39:47.993+0000] {logging_mixin.py:190} INFO - [2024-10-08T12:39:47.993+0000] {dagbag.py:588} INFO - Filling up the DagBag from /home/airflow/.local/lib/python3.12/site-packages/airflow/example_dags/example_xcomargs.py
[2024-10-08T12:39:48.005+0000] {processor.py:925} INFO - DAG(s) 'example_xcom_args', 'example_xcom_args_with_operators' retrieved from /home/airflow/.local/lib/python3.12/site-packages/airflow/example_dags/example_xcomargs.py
[2024-10-08T12:39:48.027+0000] {logging_mixin.py:190} INFO - [2024-10-08T12:39:48.027+0000] {dag.py:3239} INFO - Sync 2 DAGs
[2024-10-08T12:39:48.041+0000] {logging_mixin.py:190} INFO - [2024-10-08T12:39:48.041+0000] {dag.py:4180} INFO - Setting next_dagrun for example_xcom_args to None, run_after=None
[2024-10-08T12:39:48.044+0000] {logging_mixin.py:190} INFO - [2024-10-08T12:39:48.044+0000] {dag.py:4180} INFO - Setting next_dagrun for example_xcom_args_with_operators to None, run_after=None
[2024-10-08T12:39:48.061+0000] {processor.py:208} INFO - Processing /home/airflow/.local/lib/python3.12/site-packages/airflow/example_dags/example_xcomargs.py took 0.077 seconds
[2024-10-08T12:40:18.469+0000] {processor.py:186} INFO - Started process (PID=784) to work on /home/airflow/.local/lib/python3.12/site-packages/airflow/example_dags/example_xcomargs.py
[2024-10-08T12:40:18.470+0000] {processor.py:914} INFO - Processing file /home/airflow/.local/lib/python3.12/site-packages/airflow/example_dags/example_xcomargs.py for tasks to queue
[2024-10-08T12:40:18.472+0000] {logging_mixin.py:190} INFO - [2024-10-08T12:40:18.472+0000] {dagbag.py:588} INFO - Filling up the DagBag from /home/airflow/.local/lib/python3.12/site-packages/airflow/example_dags/example_xcomargs.py
[2024-10-08T12:40:18.483+0000] {processor.py:925} INFO - DAG(s) 'example_xcom_args', 'example_xcom_args_with_operators' retrieved from /home/airflow/.local/lib/python3.12/site-packages/airflow/example_dags/example_xcomargs.py
[2024-10-08T12:40:18.506+0000] {logging_mixin.py:190} INFO - [2024-10-08T12:40:18.506+0000] {dag.py:3239} INFO - Sync 2 DAGs
[2024-10-08T12:40:18.520+0000] {logging_mixin.py:190} INFO - [2024-10-08T12:40:18.520+0000] {dag.py:4180} INFO - Setting next_dagrun for example_xcom_args to None, run_after=None
[2024-10-08T12:40:18.524+0000] {logging_mixin.py:190} INFO - [2024-10-08T12:40:18.523+0000] {dag.py:4180} INFO - Setting next_dagrun for example_xcom_args_with_operators to None, run_after=None
[2024-10-08T12:40:18.541+0000] {processor.py:208} INFO - Processing /home/airflow/.local/lib/python3.12/site-packages/airflow/example_dags/example_xcomargs.py took 0.078 seconds
[2024-10-08T12:41:00.912+0000] {processor.py:186} INFO - Started process (PID=847) to work on /home/airflow/.local/lib/python3.12/site-packages/airflow/example_dags/example_xcomargs.py
[2024-10-08T12:41:00.914+0000] {processor.py:914} INFO - Processing file /home/airflow/.local/lib/python3.12/site-packages/airflow/example_dags/example_xcomargs.py for tasks to queue
[2024-10-08T12:41:00.916+0000] {logging_mixin.py:190} INFO - [2024-10-08T12:41:00.916+0000] {dagbag.py:588} INFO - Filling up the DagBag from /home/airflow/.local/lib/python3.12/site-packages/airflow/example_dags/example_xcomargs.py
[2024-10-08T12:41:00.926+0000] {processor.py:925} INFO - DAG(s) 'example_xcom_args_with_operators', 'example_xcom_args' retrieved from /home/airflow/.local/lib/python3.12/site-packages/airflow/example_dags/example_xcomargs.py
[2024-10-08T12:41:00.951+0000] {logging_mixin.py:190} INFO - [2024-10-08T12:41:00.951+0000] {dag.py:3239} INFO - Sync 2 DAGs
[2024-10-08T12:41:00.965+0000] {logging_mixin.py:190} INFO - [2024-10-08T12:41:00.965+0000] {dag.py:4180} INFO - Setting next_dagrun for example_xcom_args to None, run_after=None
[2024-10-08T12:41:00.969+0000] {logging_mixin.py:190} INFO - [2024-10-08T12:41:00.969+0000] {dag.py:4180} INFO - Setting next_dagrun for example_xcom_args_with_operators to None, run_after=None
[2024-10-08T12:41:00.987+0000] {processor.py:208} INFO - Processing /home/airflow/.local/lib/python3.12/site-packages/airflow/example_dags/example_xcomargs.py took 0.082 seconds
[2024-10-08T12:41:46.155+0000] {processor.py:186} INFO - Started process (PID=910) to work on /home/airflow/.local/lib/python3.12/site-packages/airflow/example_dags/example_xcomargs.py
[2024-10-08T12:41:46.156+0000] {processor.py:914} INFO - Processing file /home/airflow/.local/lib/python3.12/site-packages/airflow/example_dags/example_xcomargs.py for tasks to queue
[2024-10-08T12:41:46.159+0000] {logging_mixin.py:190} INFO - [2024-10-08T12:41:46.159+0000] {dagbag.py:588} INFO - Filling up the DagBag from /home/airflow/.local/lib/python3.12/site-packages/airflow/example_dags/example_xcomargs.py
[2024-10-08T12:41:46.171+0000] {processor.py:925} INFO - DAG(s) 'example_xcom_args_with_operators', 'example_xcom_args' retrieved from /home/airflow/.local/lib/python3.12/site-packages/airflow/example_dags/example_xcomargs.py
[2024-10-08T12:41:46.198+0000] {logging_mixin.py:190} INFO - [2024-10-08T12:41:46.198+0000] {dag.py:3239} INFO - Sync 2 DAGs
[2024-10-08T12:41:46.216+0000] {logging_mixin.py:190} INFO - [2024-10-08T12:41:46.216+0000] {dag.py:4180} INFO - Setting next_dagrun for example_xcom_args to None, run_after=None
[2024-10-08T12:41:46.221+0000] {logging_mixin.py:190} INFO - [2024-10-08T12:41:46.221+0000] {dag.py:4180} INFO - Setting next_dagrun for example_xcom_args_with_operators to None, run_after=None
[2024-10-08T12:41:46.241+0000] {processor.py:208} INFO - Processing /home/airflow/.local/lib/python3.12/site-packages/airflow/example_dags/example_xcomargs.py took 0.094 seconds
[2024-10-08T12:42:16.510+0000] {processor.py:186} INFO - Started process (PID=974) to work on /home/airflow/.local/lib/python3.12/site-packages/airflow/example_dags/example_xcomargs.py
[2024-10-08T12:42:16.511+0000] {processor.py:914} INFO - Processing file /home/airflow/.local/lib/python3.12/site-packages/airflow/example_dags/example_xcomargs.py for tasks to queue
[2024-10-08T12:42:16.514+0000] {logging_mixin.py:190} INFO - [2024-10-08T12:42:16.513+0000] {dagbag.py:588} INFO - Filling up the DagBag from /home/airflow/.local/lib/python3.12/site-packages/airflow/example_dags/example_xcomargs.py
[2024-10-08T12:42:16.524+0000] {processor.py:925} INFO - DAG(s) 'example_xcom_args', 'example_xcom_args_with_operators' retrieved from /home/airflow/.local/lib/python3.12/site-packages/airflow/example_dags/example_xcomargs.py
[2024-10-08T12:42:16.547+0000] {logging_mixin.py:190} INFO - [2024-10-08T12:42:16.547+0000] {dag.py:3239} INFO - Sync 2 DAGs
[2024-10-08T12:42:16.562+0000] {logging_mixin.py:190} INFO - [2024-10-08T12:42:16.562+0000] {dag.py:4180} INFO - Setting next_dagrun for example_xcom_args to None, run_after=None
[2024-10-08T12:42:16.567+0000] {logging_mixin.py:190} INFO - [2024-10-08T12:42:16.567+0000] {dag.py:4180} INFO - Setting next_dagrun for example_xcom_args_with_operators to None, run_after=None
[2024-10-08T12:42:16.586+0000] {processor.py:208} INFO - Processing /home/airflow/.local/lib/python3.12/site-packages/airflow/example_dags/example_xcomargs.py took 0.082 seconds
[2024-10-08T12:42:47.372+0000] {processor.py:186} INFO - Started process (PID=1037) to work on /home/airflow/.local/lib/python3.12/site-packages/airflow/example_dags/example_xcomargs.py
[2024-10-08T12:42:47.374+0000] {processor.py:914} INFO - Processing file /home/airflow/.local/lib/python3.12/site-packages/airflow/example_dags/example_xcomargs.py for tasks to queue
[2024-10-08T12:42:47.376+0000] {logging_mixin.py:190} INFO - [2024-10-08T12:42:47.376+0000] {dagbag.py:588} INFO - Filling up the DagBag from /home/airflow/.local/lib/python3.12/site-packages/airflow/example_dags/example_xcomargs.py
[2024-10-08T12:42:47.386+0000] {processor.py:925} INFO - DAG(s) 'example_xcom_args_with_operators', 'example_xcom_args' retrieved from /home/airflow/.local/lib/python3.12/site-packages/airflow/example_dags/example_xcomargs.py
[2024-10-08T12:42:47.406+0000] {logging_mixin.py:190} INFO - [2024-10-08T12:42:47.406+0000] {dag.py:3239} INFO - Sync 2 DAGs
[2024-10-08T12:42:47.420+0000] {logging_mixin.py:190} INFO - [2024-10-08T12:42:47.420+0000] {dag.py:4180} INFO - Setting next_dagrun for example_xcom_args to None, run_after=None
[2024-10-08T12:42:47.423+0000] {logging_mixin.py:190} INFO - [2024-10-08T12:42:47.423+0000] {dag.py:4180} INFO - Setting next_dagrun for example_xcom_args_with_operators to None, run_after=None
[2024-10-08T12:42:47.440+0000] {processor.py:208} INFO - Processing /home/airflow/.local/lib/python3.12/site-packages/airflow/example_dags/example_xcomargs.py took 0.073 seconds
[2024-10-08T12:43:18.424+0000] {processor.py:186} INFO - Started process (PID=1100) to work on /home/airflow/.local/lib/python3.12/site-packages/airflow/example_dags/example_xcomargs.py
[2024-10-08T12:43:18.426+0000] {processor.py:914} INFO - Processing file /home/airflow/.local/lib/python3.12/site-packages/airflow/example_dags/example_xcomargs.py for tasks to queue
[2024-10-08T12:43:18.428+0000] {logging_mixin.py:190} INFO - [2024-10-08T12:43:18.428+0000] {dagbag.py:588} INFO - Filling up the DagBag from /home/airflow/.local/lib/python3.12/site-packages/airflow/example_dags/example_xcomargs.py
[2024-10-08T12:43:18.437+0000] {processor.py:925} INFO - DAG(s) 'example_xcom_args', 'example_xcom_args_with_operators' retrieved from /home/airflow/.local/lib/python3.12/site-packages/airflow/example_dags/example_xcomargs.py
[2024-10-08T12:43:18.461+0000] {logging_mixin.py:190} INFO - [2024-10-08T12:43:18.460+0000] {dag.py:3239} INFO - Sync 2 DAGs
[2024-10-08T12:43:18.475+0000] {logging_mixin.py:190} INFO - [2024-10-08T12:43:18.475+0000] {dag.py:4180} INFO - Setting next_dagrun for example_xcom_args to None, run_after=None
[2024-10-08T12:43:18.478+0000] {logging_mixin.py:190} INFO - [2024-10-08T12:43:18.478+0000] {dag.py:4180} INFO - Setting next_dagrun for example_xcom_args_with_operators to None, run_after=None
[2024-10-08T12:43:18.494+0000] {processor.py:208} INFO - Processing /home/airflow/.local/lib/python3.12/site-packages/airflow/example_dags/example_xcomargs.py took 0.075 seconds
[2024-10-08T12:44:04.225+0000] {processor.py:186} INFO - Started process (PID=1163) to work on /home/airflow/.local/lib/python3.12/site-packages/airflow/example_dags/example_xcomargs.py
[2024-10-08T12:44:04.226+0000] {processor.py:914} INFO - Processing file /home/airflow/.local/lib/python3.12/site-packages/airflow/example_dags/example_xcomargs.py for tasks to queue
[2024-10-08T12:44:04.229+0000] {logging_mixin.py:190} INFO - [2024-10-08T12:44:04.228+0000] {dagbag.py:588} INFO - Filling up the DagBag from /home/airflow/.local/lib/python3.12/site-packages/airflow/example_dags/example_xcomargs.py
[2024-10-08T12:44:04.240+0000] {processor.py:925} INFO - DAG(s) 'example_xcom_args', 'example_xcom_args_with_operators' retrieved from /home/airflow/.local/lib/python3.12/site-packages/airflow/example_dags/example_xcomargs.py
[2024-10-08T12:44:04.268+0000] {logging_mixin.py:190} INFO - [2024-10-08T12:44:04.268+0000] {dag.py:3239} INFO - Sync 2 DAGs
[2024-10-08T12:44:04.287+0000] {logging_mixin.py:190} INFO - [2024-10-08T12:44:04.287+0000] {dag.py:4180} INFO - Setting next_dagrun for example_xcom_args to None, run_after=None
[2024-10-08T12:44:04.291+0000] {logging_mixin.py:190} INFO - [2024-10-08T12:44:04.291+0000] {dag.py:4180} INFO - Setting next_dagrun for example_xcom_args_with_operators to None, run_after=None
[2024-10-08T12:44:04.312+0000] {processor.py:208} INFO - Processing /home/airflow/.local/lib/python3.12/site-packages/airflow/example_dags/example_xcomargs.py took 0.093 seconds
[2024-10-08T12:44:34.834+0000] {processor.py:186} INFO - Started process (PID=1227) to work on /home/airflow/.local/lib/python3.12/site-packages/airflow/example_dags/example_xcomargs.py
[2024-10-08T12:44:34.835+0000] {processor.py:914} INFO - Processing file /home/airflow/.local/lib/python3.12/site-packages/airflow/example_dags/example_xcomargs.py for tasks to queue
[2024-10-08T12:44:34.836+0000] {logging_mixin.py:190} INFO - [2024-10-08T12:44:34.836+0000] {dagbag.py:588} INFO - Filling up the DagBag from /home/airflow/.local/lib/python3.12/site-packages/airflow/example_dags/example_xcomargs.py
[2024-10-08T12:44:34.848+0000] {processor.py:925} INFO - DAG(s) 'example_xcom_args_with_operators', 'example_xcom_args' retrieved from /home/airflow/.local/lib/python3.12/site-packages/airflow/example_dags/example_xcomargs.py
[2024-10-08T12:44:34.879+0000] {logging_mixin.py:190} INFO - [2024-10-08T12:44:34.879+0000] {dag.py:3239} INFO - Sync 2 DAGs
[2024-10-08T12:44:34.897+0000] {logging_mixin.py:190} INFO - [2024-10-08T12:44:34.897+0000] {dag.py:4180} INFO - Setting next_dagrun for example_xcom_args to None, run_after=None
[2024-10-08T12:44:34.901+0000] {logging_mixin.py:190} INFO - [2024-10-08T12:44:34.901+0000] {dag.py:4180} INFO - Setting next_dagrun for example_xcom_args_with_operators to None, run_after=None
[2024-10-08T12:44:34.921+0000] {processor.py:208} INFO - Processing /home/airflow/.local/lib/python3.12/site-packages/airflow/example_dags/example_xcomargs.py took 0.094 seconds
[2024-10-08T12:45:05.285+0000] {processor.py:186} INFO - Started process (PID=1290) to work on /home/airflow/.local/lib/python3.12/site-packages/airflow/example_dags/example_xcomargs.py
[2024-10-08T12:45:05.286+0000] {processor.py:914} INFO - Processing file /home/airflow/.local/lib/python3.12/site-packages/airflow/example_dags/example_xcomargs.py for tasks to queue
[2024-10-08T12:45:05.287+0000] {logging_mixin.py:190} INFO - [2024-10-08T12:45:05.287+0000] {dagbag.py:588} INFO - Filling up the DagBag from /home/airflow/.local/lib/python3.12/site-packages/airflow/example_dags/example_xcomargs.py
[2024-10-08T12:45:05.299+0000] {processor.py:925} INFO - DAG(s) 'example_xcom_args', 'example_xcom_args_with_operators' retrieved from /home/airflow/.local/lib/python3.12/site-packages/airflow/example_dags/example_xcomargs.py
[2024-10-08T12:45:05.325+0000] {logging_mixin.py:190} INFO - [2024-10-08T12:45:05.325+0000] {dag.py:3239} INFO - Sync 2 DAGs
[2024-10-08T12:45:05.341+0000] {logging_mixin.py:190} INFO - [2024-10-08T12:45:05.340+0000] {dag.py:4180} INFO - Setting next_dagrun for example_xcom_args to None, run_after=None
[2024-10-08T12:45:05.345+0000] {logging_mixin.py:190} INFO - [2024-10-08T12:45:05.344+0000] {dag.py:4180} INFO - Setting next_dagrun for example_xcom_args_with_operators to None, run_after=None
[2024-10-08T12:45:05.360+0000] {processor.py:208} INFO - Processing /home/airflow/.local/lib/python3.12/site-packages/airflow/example_dags/example_xcomargs.py took 0.083 seconds
[2024-10-08T12:45:35.675+0000] {processor.py:186} INFO - Started process (PID=1353) to work on /home/airflow/.local/lib/python3.12/site-packages/airflow/example_dags/example_xcomargs.py
[2024-10-08T12:45:35.676+0000] {processor.py:914} INFO - Processing file /home/airflow/.local/lib/python3.12/site-packages/airflow/example_dags/example_xcomargs.py for tasks to queue
[2024-10-08T12:45:35.677+0000] {logging_mixin.py:190} INFO - [2024-10-08T12:45:35.677+0000] {dagbag.py:588} INFO - Filling up the DagBag from /home/airflow/.local/lib/python3.12/site-packages/airflow/example_dags/example_xcomargs.py
[2024-10-08T12:45:35.686+0000] {processor.py:925} INFO - DAG(s) 'example_xcom_args_with_operators', 'example_xcom_args' retrieved from /home/airflow/.local/lib/python3.12/site-packages/airflow/example_dags/example_xcomargs.py
[2024-10-08T12:45:35.707+0000] {logging_mixin.py:190} INFO - [2024-10-08T12:45:35.707+0000] {dag.py:3239} INFO - Sync 2 DAGs
[2024-10-08T12:45:35.721+0000] {logging_mixin.py:190} INFO - [2024-10-08T12:45:35.721+0000] {dag.py:4180} INFO - Setting next_dagrun for example_xcom_args to None, run_after=None
[2024-10-08T12:45:35.724+0000] {logging_mixin.py:190} INFO - [2024-10-08T12:45:35.724+0000] {dag.py:4180} INFO - Setting next_dagrun for example_xcom_args_with_operators to None, run_after=None
[2024-10-08T12:45:35.741+0000] {processor.py:208} INFO - Processing /home/airflow/.local/lib/python3.12/site-packages/airflow/example_dags/example_xcomargs.py took 0.071 seconds
[2024-10-08T12:46:41.795+0000] {processor.py:186} INFO - Started process (PID=1441) to work on /home/airflow/.local/lib/python3.12/site-packages/airflow/example_dags/example_xcomargs.py
[2024-10-08T12:46:41.796+0000] {processor.py:914} INFO - Processing file /home/airflow/.local/lib/python3.12/site-packages/airflow/example_dags/example_xcomargs.py for tasks to queue
[2024-10-08T12:46:41.797+0000] {logging_mixin.py:190} INFO - [2024-10-08T12:46:41.797+0000] {dagbag.py:588} INFO - Filling up the DagBag from /home/airflow/.local/lib/python3.12/site-packages/airflow/example_dags/example_xcomargs.py
[2024-10-08T12:46:41.808+0000] {processor.py:925} INFO - DAG(s) 'example_xcom_args', 'example_xcom_args_with_operators' retrieved from /home/airflow/.local/lib/python3.12/site-packages/airflow/example_dags/example_xcomargs.py
[2024-10-08T12:46:41.829+0000] {logging_mixin.py:190} INFO - [2024-10-08T12:46:41.829+0000] {dag.py:3239} INFO - Sync 2 DAGs
[2024-10-08T12:46:41.846+0000] {logging_mixin.py:190} INFO - [2024-10-08T12:46:41.846+0000] {dag.py:4180} INFO - Setting next_dagrun for example_xcom_args to None, run_after=None
[2024-10-08T12:46:41.850+0000] {logging_mixin.py:190} INFO - [2024-10-08T12:46:41.850+0000] {dag.py:4180} INFO - Setting next_dagrun for example_xcom_args_with_operators to None, run_after=None
[2024-10-08T12:46:41.867+0000] {processor.py:208} INFO - Processing /home/airflow/.local/lib/python3.12/site-packages/airflow/example_dags/example_xcomargs.py took 0.079 seconds
[2024-10-08T12:47:39.931+0000] {processor.py:186} INFO - Started process (PID=1513) to work on /home/airflow/.local/lib/python3.12/site-packages/airflow/example_dags/example_xcomargs.py
[2024-10-08T12:47:39.933+0000] {processor.py:914} INFO - Processing file /home/airflow/.local/lib/python3.12/site-packages/airflow/example_dags/example_xcomargs.py for tasks to queue
[2024-10-08T12:47:39.934+0000] {logging_mixin.py:190} INFO - [2024-10-08T12:47:39.934+0000] {dagbag.py:588} INFO - Filling up the DagBag from /home/airflow/.local/lib/python3.12/site-packages/airflow/example_dags/example_xcomargs.py
[2024-10-08T12:47:39.947+0000] {processor.py:925} INFO - DAG(s) 'example_xcom_args_with_operators', 'example_xcom_args' retrieved from /home/airflow/.local/lib/python3.12/site-packages/airflow/example_dags/example_xcomargs.py
[2024-10-08T12:47:39.969+0000] {logging_mixin.py:190} INFO - [2024-10-08T12:47:39.969+0000] {dag.py:3239} INFO - Sync 2 DAGs
[2024-10-08T12:47:39.988+0000] {logging_mixin.py:190} INFO - [2024-10-08T12:47:39.988+0000] {dag.py:4180} INFO - Setting next_dagrun for example_xcom_args to None, run_after=None
[2024-10-08T12:47:39.993+0000] {logging_mixin.py:190} INFO - [2024-10-08T12:47:39.993+0000] {dag.py:4180} INFO - Setting next_dagrun for example_xcom_args_with_operators to None, run_after=None
[2024-10-08T12:47:40.016+0000] {processor.py:208} INFO - Processing /home/airflow/.local/lib/python3.12/site-packages/airflow/example_dags/example_xcomargs.py took 0.092 seconds
[2024-10-08T12:48:10.637+0000] {processor.py:186} INFO - Started process (PID=1576) to work on /home/airflow/.local/lib/python3.12/site-packages/airflow/example_dags/example_xcomargs.py
[2024-10-08T12:48:10.638+0000] {processor.py:914} INFO - Processing file /home/airflow/.local/lib/python3.12/site-packages/airflow/example_dags/example_xcomargs.py for tasks to queue
[2024-10-08T12:48:10.639+0000] {logging_mixin.py:190} INFO - [2024-10-08T12:48:10.639+0000] {dagbag.py:588} INFO - Filling up the DagBag from /home/airflow/.local/lib/python3.12/site-packages/airflow/example_dags/example_xcomargs.py
[2024-10-08T12:48:10.649+0000] {processor.py:925} INFO - DAG(s) 'example_xcom_args_with_operators', 'example_xcom_args' retrieved from /home/airflow/.local/lib/python3.12/site-packages/airflow/example_dags/example_xcomargs.py
[2024-10-08T12:48:10.672+0000] {logging_mixin.py:190} INFO - [2024-10-08T12:48:10.671+0000] {dag.py:3239} INFO - Sync 2 DAGs
[2024-10-08T12:48:10.688+0000] {logging_mixin.py:190} INFO - [2024-10-08T12:48:10.687+0000] {dag.py:4180} INFO - Setting next_dagrun for example_xcom_args to None, run_after=None
[2024-10-08T12:48:10.691+0000] {logging_mixin.py:190} INFO - [2024-10-08T12:48:10.691+0000] {dag.py:4180} INFO - Setting next_dagrun for example_xcom_args_with_operators to None, run_after=None
[2024-10-08T12:48:10.712+0000] {processor.py:208} INFO - Processing /home/airflow/.local/lib/python3.12/site-packages/airflow/example_dags/example_xcomargs.py took 0.081 seconds
[2024-10-08T12:48:41.941+0000] {processor.py:186} INFO - Started process (PID=1645) to work on /home/airflow/.local/lib/python3.12/site-packages/airflow/example_dags/example_xcomargs.py
[2024-10-08T12:48:41.942+0000] {processor.py:914} INFO - Processing file /home/airflow/.local/lib/python3.12/site-packages/airflow/example_dags/example_xcomargs.py for tasks to queue
[2024-10-08T12:48:41.944+0000] {logging_mixin.py:190} INFO - [2024-10-08T12:48:41.943+0000] {dagbag.py:588} INFO - Filling up the DagBag from /home/airflow/.local/lib/python3.12/site-packages/airflow/example_dags/example_xcomargs.py
[2024-10-08T12:48:41.955+0000] {processor.py:925} INFO - DAG(s) 'example_xcom_args_with_operators', 'example_xcom_args' retrieved from /home/airflow/.local/lib/python3.12/site-packages/airflow/example_dags/example_xcomargs.py
[2024-10-08T12:48:41.977+0000] {logging_mixin.py:190} INFO - [2024-10-08T12:48:41.977+0000] {dag.py:3239} INFO - Sync 2 DAGs
[2024-10-08T12:48:41.994+0000] {logging_mixin.py:190} INFO - [2024-10-08T12:48:41.994+0000] {dag.py:4180} INFO - Setting next_dagrun for example_xcom_args to None, run_after=None
[2024-10-08T12:48:41.998+0000] {logging_mixin.py:190} INFO - [2024-10-08T12:48:41.997+0000] {dag.py:4180} INFO - Setting next_dagrun for example_xcom_args_with_operators to None, run_after=None
[2024-10-08T12:48:42.018+0000] {processor.py:208} INFO - Processing /home/airflow/.local/lib/python3.12/site-packages/airflow/example_dags/example_xcomargs.py took 0.083 seconds
[2024-10-08T12:49:29.414+0000] {processor.py:186} INFO - Started process (PID=1715) to work on /home/airflow/.local/lib/python3.12/site-packages/airflow/example_dags/example_xcomargs.py
[2024-10-08T12:49:29.416+0000] {processor.py:914} INFO - Processing file /home/airflow/.local/lib/python3.12/site-packages/airflow/example_dags/example_xcomargs.py for tasks to queue
[2024-10-08T12:49:29.417+0000] {logging_mixin.py:190} INFO - [2024-10-08T12:49:29.417+0000] {dagbag.py:588} INFO - Filling up the DagBag from /home/airflow/.local/lib/python3.12/site-packages/airflow/example_dags/example_xcomargs.py
[2024-10-08T12:49:29.428+0000] {processor.py:925} INFO - DAG(s) 'example_xcom_args_with_operators', 'example_xcom_args' retrieved from /home/airflow/.local/lib/python3.12/site-packages/airflow/example_dags/example_xcomargs.py
[2024-10-08T12:49:29.453+0000] {logging_mixin.py:190} INFO - [2024-10-08T12:49:29.452+0000] {dag.py:3239} INFO - Sync 2 DAGs
[2024-10-08T12:49:29.469+0000] {logging_mixin.py:190} INFO - [2024-10-08T12:49:29.469+0000] {dag.py:4180} INFO - Setting next_dagrun for example_xcom_args to None, run_after=None
[2024-10-08T12:49:29.474+0000] {logging_mixin.py:190} INFO - [2024-10-08T12:49:29.474+0000] {dag.py:4180} INFO - Setting next_dagrun for example_xcom_args_with_operators to None, run_after=None
[2024-10-08T12:49:29.495+0000] {processor.py:208} INFO - Processing /home/airflow/.local/lib/python3.12/site-packages/airflow/example_dags/example_xcomargs.py took 0.087 seconds
