[2024-10-08T12:08:20.286+0000] {processor.py:186} INFO - Started process (PID=40) to work on /home/airflow/.local/lib/python3.12/site-packages/airflow/example_dags/example_short_circuit_operator.py
[2024-10-08T12:08:20.288+0000] {processor.py:914} INFO - Processing file /home/airflow/.local/lib/python3.12/site-packages/airflow/example_dags/example_short_circuit_operator.py for tasks to queue
[2024-10-08T12:08:20.291+0000] {logging_mixin.py:190} INFO - [2024-10-08T12:08:20.290+0000] {dagbag.py:588} INFO - Filling up the DagBag from /home/airflow/.local/lib/python3.12/site-packages/airflow/example_dags/example_short_circuit_operator.py
[2024-10-08T12:08:20.305+0000] {processor.py:925} INFO - DAG(s) 'example_short_circuit_operator' retrieved from /home/airflow/.local/lib/python3.12/site-packages/airflow/example_dags/example_short_circuit_operator.py
[2024-10-08T12:08:20.618+0000] {logging_mixin.py:190} INFO - [2024-10-08T12:08:20.617+0000] {override.py:1900} INFO - Created Permission View: can delete on DAG:example_short_circuit_operator
[2024-10-08T12:08:20.639+0000] {logging_mixin.py:190} INFO - [2024-10-08T12:08:20.638+0000] {override.py:1900} INFO - Created Permission View: can read on DAG:example_short_circuit_operator
[2024-10-08T12:08:20.652+0000] {logging_mixin.py:190} INFO - [2024-10-08T12:08:20.651+0000] {override.py:1900} INFO - Created Permission View: can edit on DAG:example_short_circuit_operator
[2024-10-08T12:08:20.685+0000] {logging_mixin.py:190} INFO - [2024-10-08T12:08:20.685+0000] {override.py:1900} INFO - Created Permission View: can create on DAG Run:example_short_circuit_operator
[2024-10-08T12:08:20.712+0000] {logging_mixin.py:190} INFO - [2024-10-08T12:08:20.712+0000] {override.py:1900} INFO - Created Permission View: can delete on DAG Run:example_short_circuit_operator
[2024-10-08T12:08:20.726+0000] {logging_mixin.py:190} INFO - [2024-10-08T12:08:20.726+0000] {override.py:1900} INFO - Created Permission View: menu access on DAG Run:example_short_circuit_operator
[2024-10-08T12:08:20.738+0000] {logging_mixin.py:190} INFO - [2024-10-08T12:08:20.737+0000] {override.py:1900} INFO - Created Permission View: can read on DAG Run:example_short_circuit_operator
[2024-10-08T12:08:20.738+0000] {logging_mixin.py:190} INFO - [2024-10-08T12:08:20.738+0000] {dag.py:3239} INFO - Sync 1 DAGs
[2024-10-08T12:08:20.755+0000] {logging_mixin.py:190} INFO - [2024-10-08T12:08:20.755+0000] {dag.py:3262} INFO - Creating ORM DAG for example_short_circuit_operator
[2024-10-08T12:08:20.756+0000] {logging_mixin.py:190} INFO - [2024-10-08T12:08:20.756+0000] {dag.py:4180} INFO - Setting next_dagrun for example_short_circuit_operator to None, run_after=None
[2024-10-08T12:08:20.785+0000] {processor.py:208} INFO - Processing /home/airflow/.local/lib/python3.12/site-packages/airflow/example_dags/example_short_circuit_operator.py took 0.513 seconds
[2024-10-08T12:08:51.566+0000] {processor.py:186} INFO - Started process (PID=103) to work on /home/airflow/.local/lib/python3.12/site-packages/airflow/example_dags/example_short_circuit_operator.py
[2024-10-08T12:08:51.567+0000] {processor.py:914} INFO - Processing file /home/airflow/.local/lib/python3.12/site-packages/airflow/example_dags/example_short_circuit_operator.py for tasks to queue
[2024-10-08T12:08:51.570+0000] {logging_mixin.py:190} INFO - [2024-10-08T12:08:51.569+0000] {dagbag.py:588} INFO - Filling up the DagBag from /home/airflow/.local/lib/python3.12/site-packages/airflow/example_dags/example_short_circuit_operator.py
[2024-10-08T12:08:51.579+0000] {processor.py:925} INFO - DAG(s) 'example_short_circuit_operator' retrieved from /home/airflow/.local/lib/python3.12/site-packages/airflow/example_dags/example_short_circuit_operator.py
[2024-10-08T12:08:51.604+0000] {logging_mixin.py:190} INFO - [2024-10-08T12:08:51.604+0000] {dag.py:3239} INFO - Sync 1 DAGs
[2024-10-08T12:08:51.622+0000] {logging_mixin.py:190} INFO - [2024-10-08T12:08:51.622+0000] {dag.py:4180} INFO - Setting next_dagrun for example_short_circuit_operator to None, run_after=None
[2024-10-08T12:08:51.646+0000] {processor.py:208} INFO - Processing /home/airflow/.local/lib/python3.12/site-packages/airflow/example_dags/example_short_circuit_operator.py took 0.086 seconds
[2024-10-08T12:09:22.597+0000] {processor.py:186} INFO - Started process (PID=173) to work on /home/airflow/.local/lib/python3.12/site-packages/airflow/example_dags/example_short_circuit_operator.py
[2024-10-08T12:09:22.599+0000] {processor.py:914} INFO - Processing file /home/airflow/.local/lib/python3.12/site-packages/airflow/example_dags/example_short_circuit_operator.py for tasks to queue
[2024-10-08T12:09:22.603+0000] {logging_mixin.py:190} INFO - [2024-10-08T12:09:22.602+0000] {dagbag.py:588} INFO - Filling up the DagBag from /home/airflow/.local/lib/python3.12/site-packages/airflow/example_dags/example_short_circuit_operator.py
[2024-10-08T12:09:22.617+0000] {processor.py:925} INFO - DAG(s) 'example_short_circuit_operator' retrieved from /home/airflow/.local/lib/python3.12/site-packages/airflow/example_dags/example_short_circuit_operator.py
[2024-10-08T12:09:22.651+0000] {logging_mixin.py:190} INFO - [2024-10-08T12:09:22.651+0000] {dag.py:3239} INFO - Sync 1 DAGs
[2024-10-08T12:09:22.682+0000] {logging_mixin.py:190} INFO - [2024-10-08T12:09:22.681+0000] {dag.py:4180} INFO - Setting next_dagrun for example_short_circuit_operator to None, run_after=None
[2024-10-08T12:09:22.752+0000] {processor.py:208} INFO - Processing /home/airflow/.local/lib/python3.12/site-packages/airflow/example_dags/example_short_circuit_operator.py took 0.167 seconds
[2024-10-08T12:09:52.835+0000] {processor.py:186} INFO - Started process (PID=235) to work on /home/airflow/.local/lib/python3.12/site-packages/airflow/example_dags/example_short_circuit_operator.py
[2024-10-08T12:09:52.836+0000] {processor.py:914} INFO - Processing file /home/airflow/.local/lib/python3.12/site-packages/airflow/example_dags/example_short_circuit_operator.py for tasks to queue
[2024-10-08T12:09:52.839+0000] {logging_mixin.py:190} INFO - [2024-10-08T12:09:52.838+0000] {dagbag.py:588} INFO - Filling up the DagBag from /home/airflow/.local/lib/python3.12/site-packages/airflow/example_dags/example_short_circuit_operator.py
[2024-10-08T12:09:52.852+0000] {processor.py:925} INFO - DAG(s) 'example_short_circuit_operator' retrieved from /home/airflow/.local/lib/python3.12/site-packages/airflow/example_dags/example_short_circuit_operator.py
[2024-10-08T12:09:52.879+0000] {logging_mixin.py:190} INFO - [2024-10-08T12:09:52.879+0000] {dag.py:3239} INFO - Sync 1 DAGs
[2024-10-08T12:09:52.894+0000] {logging_mixin.py:190} INFO - [2024-10-08T12:09:52.894+0000] {dag.py:4180} INFO - Setting next_dagrun for example_short_circuit_operator to None, run_after=None
[2024-10-08T12:09:52.915+0000] {processor.py:208} INFO - Processing /home/airflow/.local/lib/python3.12/site-packages/airflow/example_dags/example_short_circuit_operator.py took 0.088 seconds
[2024-10-08T12:10:23.219+0000] {processor.py:186} INFO - Started process (PID=298) to work on /home/airflow/.local/lib/python3.12/site-packages/airflow/example_dags/example_short_circuit_operator.py
[2024-10-08T12:10:23.221+0000] {processor.py:914} INFO - Processing file /home/airflow/.local/lib/python3.12/site-packages/airflow/example_dags/example_short_circuit_operator.py for tasks to queue
[2024-10-08T12:10:23.224+0000] {logging_mixin.py:190} INFO - [2024-10-08T12:10:23.224+0000] {dagbag.py:588} INFO - Filling up the DagBag from /home/airflow/.local/lib/python3.12/site-packages/airflow/example_dags/example_short_circuit_operator.py
[2024-10-08T12:10:23.237+0000] {processor.py:925} INFO - DAG(s) 'example_short_circuit_operator' retrieved from /home/airflow/.local/lib/python3.12/site-packages/airflow/example_dags/example_short_circuit_operator.py
[2024-10-08T12:10:23.275+0000] {logging_mixin.py:190} INFO - [2024-10-08T12:10:23.275+0000] {dag.py:3239} INFO - Sync 1 DAGs
[2024-10-08T12:10:23.296+0000] {logging_mixin.py:190} INFO - [2024-10-08T12:10:23.296+0000] {dag.py:4180} INFO - Setting next_dagrun for example_short_circuit_operator to None, run_after=None
[2024-10-08T12:10:23.329+0000] {processor.py:208} INFO - Processing /home/airflow/.local/lib/python3.12/site-packages/airflow/example_dags/example_short_circuit_operator.py took 0.117 seconds
[2024-10-08T12:10:53.428+0000] {processor.py:186} INFO - Started process (PID=361) to work on /home/airflow/.local/lib/python3.12/site-packages/airflow/example_dags/example_short_circuit_operator.py
[2024-10-08T12:10:53.430+0000] {processor.py:914} INFO - Processing file /home/airflow/.local/lib/python3.12/site-packages/airflow/example_dags/example_short_circuit_operator.py for tasks to queue
[2024-10-08T12:10:53.433+0000] {logging_mixin.py:190} INFO - [2024-10-08T12:10:53.432+0000] {dagbag.py:588} INFO - Filling up the DagBag from /home/airflow/.local/lib/python3.12/site-packages/airflow/example_dags/example_short_circuit_operator.py
[2024-10-08T12:10:53.444+0000] {processor.py:925} INFO - DAG(s) 'example_short_circuit_operator' retrieved from /home/airflow/.local/lib/python3.12/site-packages/airflow/example_dags/example_short_circuit_operator.py
[2024-10-08T12:10:53.468+0000] {logging_mixin.py:190} INFO - [2024-10-08T12:10:53.468+0000] {dag.py:3239} INFO - Sync 1 DAGs
[2024-10-08T12:10:53.485+0000] {logging_mixin.py:190} INFO - [2024-10-08T12:10:53.484+0000] {dag.py:4180} INFO - Setting next_dagrun for example_short_circuit_operator to None, run_after=None
[2024-10-08T12:10:53.506+0000] {processor.py:208} INFO - Processing /home/airflow/.local/lib/python3.12/site-packages/airflow/example_dags/example_short_circuit_operator.py took 0.087 seconds
[2024-10-08T12:11:24.105+0000] {processor.py:186} INFO - Started process (PID=424) to work on /home/airflow/.local/lib/python3.12/site-packages/airflow/example_dags/example_short_circuit_operator.py
[2024-10-08T12:11:24.106+0000] {processor.py:914} INFO - Processing file /home/airflow/.local/lib/python3.12/site-packages/airflow/example_dags/example_short_circuit_operator.py for tasks to queue
[2024-10-08T12:11:24.108+0000] {logging_mixin.py:190} INFO - [2024-10-08T12:11:24.108+0000] {dagbag.py:588} INFO - Filling up the DagBag from /home/airflow/.local/lib/python3.12/site-packages/airflow/example_dags/example_short_circuit_operator.py
[2024-10-08T12:11:24.116+0000] {processor.py:925} INFO - DAG(s) 'example_short_circuit_operator' retrieved from /home/airflow/.local/lib/python3.12/site-packages/airflow/example_dags/example_short_circuit_operator.py
[2024-10-08T12:11:24.139+0000] {logging_mixin.py:190} INFO - [2024-10-08T12:11:24.138+0000] {dag.py:3239} INFO - Sync 1 DAGs
[2024-10-08T12:11:24.154+0000] {logging_mixin.py:190} INFO - [2024-10-08T12:11:24.154+0000] {dag.py:4180} INFO - Setting next_dagrun for example_short_circuit_operator to None, run_after=None
[2024-10-08T12:11:24.174+0000] {processor.py:208} INFO - Processing /home/airflow/.local/lib/python3.12/site-packages/airflow/example_dags/example_short_circuit_operator.py took 0.076 seconds
[2024-10-08T12:11:54.587+0000] {processor.py:186} INFO - Started process (PID=487) to work on /home/airflow/.local/lib/python3.12/site-packages/airflow/example_dags/example_short_circuit_operator.py
[2024-10-08T12:11:54.588+0000] {processor.py:914} INFO - Processing file /home/airflow/.local/lib/python3.12/site-packages/airflow/example_dags/example_short_circuit_operator.py for tasks to queue
[2024-10-08T12:11:54.590+0000] {logging_mixin.py:190} INFO - [2024-10-08T12:11:54.589+0000] {dagbag.py:588} INFO - Filling up the DagBag from /home/airflow/.local/lib/python3.12/site-packages/airflow/example_dags/example_short_circuit_operator.py
[2024-10-08T12:11:54.598+0000] {processor.py:925} INFO - DAG(s) 'example_short_circuit_operator' retrieved from /home/airflow/.local/lib/python3.12/site-packages/airflow/example_dags/example_short_circuit_operator.py
[2024-10-08T12:11:54.619+0000] {logging_mixin.py:190} INFO - [2024-10-08T12:11:54.619+0000] {dag.py:3239} INFO - Sync 1 DAGs
[2024-10-08T12:11:54.633+0000] {logging_mixin.py:190} INFO - [2024-10-08T12:11:54.633+0000] {dag.py:4180} INFO - Setting next_dagrun for example_short_circuit_operator to None, run_after=None
[2024-10-08T12:11:54.652+0000] {processor.py:208} INFO - Processing /home/airflow/.local/lib/python3.12/site-packages/airflow/example_dags/example_short_circuit_operator.py took 0.071 seconds
[2024-10-08T12:12:25.401+0000] {processor.py:186} INFO - Started process (PID=550) to work on /home/airflow/.local/lib/python3.12/site-packages/airflow/example_dags/example_short_circuit_operator.py
[2024-10-08T12:12:25.402+0000] {processor.py:914} INFO - Processing file /home/airflow/.local/lib/python3.12/site-packages/airflow/example_dags/example_short_circuit_operator.py for tasks to queue
[2024-10-08T12:12:25.406+0000] {logging_mixin.py:190} INFO - [2024-10-08T12:12:25.406+0000] {dagbag.py:588} INFO - Filling up the DagBag from /home/airflow/.local/lib/python3.12/site-packages/airflow/example_dags/example_short_circuit_operator.py
[2024-10-08T12:12:25.417+0000] {processor.py:925} INFO - DAG(s) 'example_short_circuit_operator' retrieved from /home/airflow/.local/lib/python3.12/site-packages/airflow/example_dags/example_short_circuit_operator.py
[2024-10-08T12:12:25.440+0000] {logging_mixin.py:190} INFO - [2024-10-08T12:12:25.440+0000] {dag.py:3239} INFO - Sync 1 DAGs
[2024-10-08T12:12:25.454+0000] {logging_mixin.py:190} INFO - [2024-10-08T12:12:25.454+0000] {dag.py:4180} INFO - Setting next_dagrun for example_short_circuit_operator to None, run_after=None
[2024-10-08T12:12:25.473+0000] {processor.py:208} INFO - Processing /home/airflow/.local/lib/python3.12/site-packages/airflow/example_dags/example_short_circuit_operator.py took 0.077 seconds
[2024-10-08T12:12:55.596+0000] {processor.py:186} INFO - Started process (PID=613) to work on /home/airflow/.local/lib/python3.12/site-packages/airflow/example_dags/example_short_circuit_operator.py
[2024-10-08T12:12:55.598+0000] {processor.py:914} INFO - Processing file /home/airflow/.local/lib/python3.12/site-packages/airflow/example_dags/example_short_circuit_operator.py for tasks to queue
[2024-10-08T12:12:55.601+0000] {logging_mixin.py:190} INFO - [2024-10-08T12:12:55.601+0000] {dagbag.py:588} INFO - Filling up the DagBag from /home/airflow/.local/lib/python3.12/site-packages/airflow/example_dags/example_short_circuit_operator.py
[2024-10-08T12:12:55.613+0000] {processor.py:925} INFO - DAG(s) 'example_short_circuit_operator' retrieved from /home/airflow/.local/lib/python3.12/site-packages/airflow/example_dags/example_short_circuit_operator.py
[2024-10-08T12:12:55.639+0000] {logging_mixin.py:190} INFO - [2024-10-08T12:12:55.639+0000] {dag.py:3239} INFO - Sync 1 DAGs
[2024-10-08T12:12:55.655+0000] {logging_mixin.py:190} INFO - [2024-10-08T12:12:55.654+0000] {dag.py:4180} INFO - Setting next_dagrun for example_short_circuit_operator to None, run_after=None
[2024-10-08T12:12:55.678+0000] {processor.py:208} INFO - Processing /home/airflow/.local/lib/python3.12/site-packages/airflow/example_dags/example_short_circuit_operator.py took 0.095 seconds
[2024-10-08T12:13:25.898+0000] {processor.py:186} INFO - Started process (PID=676) to work on /home/airflow/.local/lib/python3.12/site-packages/airflow/example_dags/example_short_circuit_operator.py
[2024-10-08T12:13:25.899+0000] {processor.py:914} INFO - Processing file /home/airflow/.local/lib/python3.12/site-packages/airflow/example_dags/example_short_circuit_operator.py for tasks to queue
[2024-10-08T12:13:25.901+0000] {logging_mixin.py:190} INFO - [2024-10-08T12:13:25.901+0000] {dagbag.py:588} INFO - Filling up the DagBag from /home/airflow/.local/lib/python3.12/site-packages/airflow/example_dags/example_short_circuit_operator.py
[2024-10-08T12:13:25.909+0000] {processor.py:925} INFO - DAG(s) 'example_short_circuit_operator' retrieved from /home/airflow/.local/lib/python3.12/site-packages/airflow/example_dags/example_short_circuit_operator.py
[2024-10-08T12:13:25.929+0000] {logging_mixin.py:190} INFO - [2024-10-08T12:13:25.929+0000] {dag.py:3239} INFO - Sync 1 DAGs
[2024-10-08T12:13:25.944+0000] {logging_mixin.py:190} INFO - [2024-10-08T12:13:25.944+0000] {dag.py:4180} INFO - Setting next_dagrun for example_short_circuit_operator to None, run_after=None
[2024-10-08T12:13:25.962+0000] {processor.py:208} INFO - Processing /home/airflow/.local/lib/python3.12/site-packages/airflow/example_dags/example_short_circuit_operator.py took 0.069 seconds
[2024-10-08T12:13:56.511+0000] {processor.py:186} INFO - Started process (PID=739) to work on /home/airflow/.local/lib/python3.12/site-packages/airflow/example_dags/example_short_circuit_operator.py
[2024-10-08T12:13:56.514+0000] {processor.py:914} INFO - Processing file /home/airflow/.local/lib/python3.12/site-packages/airflow/example_dags/example_short_circuit_operator.py for tasks to queue
[2024-10-08T12:13:56.519+0000] {logging_mixin.py:190} INFO - [2024-10-08T12:13:56.518+0000] {dagbag.py:588} INFO - Filling up the DagBag from /home/airflow/.local/lib/python3.12/site-packages/airflow/example_dags/example_short_circuit_operator.py
[2024-10-08T12:13:56.534+0000] {processor.py:925} INFO - DAG(s) 'example_short_circuit_operator' retrieved from /home/airflow/.local/lib/python3.12/site-packages/airflow/example_dags/example_short_circuit_operator.py
[2024-10-08T12:13:56.560+0000] {logging_mixin.py:190} INFO - [2024-10-08T12:13:56.560+0000] {dag.py:3239} INFO - Sync 1 DAGs
[2024-10-08T12:13:56.577+0000] {logging_mixin.py:190} INFO - [2024-10-08T12:13:56.576+0000] {dag.py:4180} INFO - Setting next_dagrun for example_short_circuit_operator to None, run_after=None
[2024-10-08T12:13:56.600+0000] {processor.py:208} INFO - Processing /home/airflow/.local/lib/python3.12/site-packages/airflow/example_dags/example_short_circuit_operator.py took 0.095 seconds
[2024-10-08T12:14:27.086+0000] {processor.py:186} INFO - Started process (PID=802) to work on /home/airflow/.local/lib/python3.12/site-packages/airflow/example_dags/example_short_circuit_operator.py
[2024-10-08T12:14:27.087+0000] {processor.py:914} INFO - Processing file /home/airflow/.local/lib/python3.12/site-packages/airflow/example_dags/example_short_circuit_operator.py for tasks to queue
[2024-10-08T12:14:27.090+0000] {logging_mixin.py:190} INFO - [2024-10-08T12:14:27.090+0000] {dagbag.py:588} INFO - Filling up the DagBag from /home/airflow/.local/lib/python3.12/site-packages/airflow/example_dags/example_short_circuit_operator.py
[2024-10-08T12:14:27.099+0000] {processor.py:925} INFO - DAG(s) 'example_short_circuit_operator' retrieved from /home/airflow/.local/lib/python3.12/site-packages/airflow/example_dags/example_short_circuit_operator.py
[2024-10-08T12:14:27.122+0000] {logging_mixin.py:190} INFO - [2024-10-08T12:14:27.121+0000] {dag.py:3239} INFO - Sync 1 DAGs
[2024-10-08T12:14:27.137+0000] {logging_mixin.py:190} INFO - [2024-10-08T12:14:27.137+0000] {dag.py:4180} INFO - Setting next_dagrun for example_short_circuit_operator to None, run_after=None
[2024-10-08T12:14:27.159+0000] {processor.py:208} INFO - Processing /home/airflow/.local/lib/python3.12/site-packages/airflow/example_dags/example_short_circuit_operator.py took 0.079 seconds
[2024-10-08T12:14:57.633+0000] {processor.py:186} INFO - Started process (PID=865) to work on /home/airflow/.local/lib/python3.12/site-packages/airflow/example_dags/example_short_circuit_operator.py
[2024-10-08T12:14:57.634+0000] {processor.py:914} INFO - Processing file /home/airflow/.local/lib/python3.12/site-packages/airflow/example_dags/example_short_circuit_operator.py for tasks to queue
[2024-10-08T12:14:57.636+0000] {logging_mixin.py:190} INFO - [2024-10-08T12:14:57.636+0000] {dagbag.py:588} INFO - Filling up the DagBag from /home/airflow/.local/lib/python3.12/site-packages/airflow/example_dags/example_short_circuit_operator.py
[2024-10-08T12:14:57.644+0000] {processor.py:925} INFO - DAG(s) 'example_short_circuit_operator' retrieved from /home/airflow/.local/lib/python3.12/site-packages/airflow/example_dags/example_short_circuit_operator.py
[2024-10-08T12:14:57.662+0000] {logging_mixin.py:190} INFO - [2024-10-08T12:14:57.662+0000] {dag.py:3239} INFO - Sync 1 DAGs
[2024-10-08T12:14:57.674+0000] {logging_mixin.py:190} INFO - [2024-10-08T12:14:57.674+0000] {dag.py:4180} INFO - Setting next_dagrun for example_short_circuit_operator to None, run_after=None
[2024-10-08T12:14:57.692+0000] {processor.py:208} INFO - Processing /home/airflow/.local/lib/python3.12/site-packages/airflow/example_dags/example_short_circuit_operator.py took 0.065 seconds
[2024-10-08T12:15:28.188+0000] {processor.py:186} INFO - Started process (PID=928) to work on /home/airflow/.local/lib/python3.12/site-packages/airflow/example_dags/example_short_circuit_operator.py
[2024-10-08T12:15:28.190+0000] {processor.py:914} INFO - Processing file /home/airflow/.local/lib/python3.12/site-packages/airflow/example_dags/example_short_circuit_operator.py for tasks to queue
[2024-10-08T12:15:28.192+0000] {logging_mixin.py:190} INFO - [2024-10-08T12:15:28.192+0000] {dagbag.py:588} INFO - Filling up the DagBag from /home/airflow/.local/lib/python3.12/site-packages/airflow/example_dags/example_short_circuit_operator.py
[2024-10-08T12:15:28.201+0000] {processor.py:925} INFO - DAG(s) 'example_short_circuit_operator' retrieved from /home/airflow/.local/lib/python3.12/site-packages/airflow/example_dags/example_short_circuit_operator.py
[2024-10-08T12:15:28.222+0000] {logging_mixin.py:190} INFO - [2024-10-08T12:15:28.222+0000] {dag.py:3239} INFO - Sync 1 DAGs
[2024-10-08T12:15:28.238+0000] {logging_mixin.py:190} INFO - [2024-10-08T12:15:28.238+0000] {dag.py:4180} INFO - Setting next_dagrun for example_short_circuit_operator to None, run_after=None
[2024-10-08T12:15:28.259+0000] {processor.py:208} INFO - Processing /home/airflow/.local/lib/python3.12/site-packages/airflow/example_dags/example_short_circuit_operator.py took 0.078 seconds
[2024-10-08T12:15:58.958+0000] {processor.py:186} INFO - Started process (PID=992) to work on /home/airflow/.local/lib/python3.12/site-packages/airflow/example_dags/example_short_circuit_operator.py
[2024-10-08T12:15:58.959+0000] {processor.py:914} INFO - Processing file /home/airflow/.local/lib/python3.12/site-packages/airflow/example_dags/example_short_circuit_operator.py for tasks to queue
[2024-10-08T12:15:58.962+0000] {logging_mixin.py:190} INFO - [2024-10-08T12:15:58.961+0000] {dagbag.py:588} INFO - Filling up the DagBag from /home/airflow/.local/lib/python3.12/site-packages/airflow/example_dags/example_short_circuit_operator.py
[2024-10-08T12:15:58.970+0000] {processor.py:925} INFO - DAG(s) 'example_short_circuit_operator' retrieved from /home/airflow/.local/lib/python3.12/site-packages/airflow/example_dags/example_short_circuit_operator.py
[2024-10-08T12:15:58.990+0000] {logging_mixin.py:190} INFO - [2024-10-08T12:15:58.990+0000] {dag.py:3239} INFO - Sync 1 DAGs
[2024-10-08T12:15:59.005+0000] {logging_mixin.py:190} INFO - [2024-10-08T12:15:59.005+0000] {dag.py:4180} INFO - Setting next_dagrun for example_short_circuit_operator to None, run_after=None
[2024-10-08T12:15:59.024+0000] {processor.py:208} INFO - Processing /home/airflow/.local/lib/python3.12/site-packages/airflow/example_dags/example_short_circuit_operator.py took 0.071 seconds
[2024-10-08T12:16:29.571+0000] {processor.py:186} INFO - Started process (PID=1055) to work on /home/airflow/.local/lib/python3.12/site-packages/airflow/example_dags/example_short_circuit_operator.py
[2024-10-08T12:16:29.573+0000] {processor.py:914} INFO - Processing file /home/airflow/.local/lib/python3.12/site-packages/airflow/example_dags/example_short_circuit_operator.py for tasks to queue
[2024-10-08T12:16:29.577+0000] {logging_mixin.py:190} INFO - [2024-10-08T12:16:29.576+0000] {dagbag.py:588} INFO - Filling up the DagBag from /home/airflow/.local/lib/python3.12/site-packages/airflow/example_dags/example_short_circuit_operator.py
[2024-10-08T12:16:29.590+0000] {processor.py:925} INFO - DAG(s) 'example_short_circuit_operator' retrieved from /home/airflow/.local/lib/python3.12/site-packages/airflow/example_dags/example_short_circuit_operator.py
[2024-10-08T12:16:29.616+0000] {logging_mixin.py:190} INFO - [2024-10-08T12:16:29.615+0000] {dag.py:3239} INFO - Sync 1 DAGs
[2024-10-08T12:16:29.637+0000] {logging_mixin.py:190} INFO - [2024-10-08T12:16:29.636+0000] {dag.py:4180} INFO - Setting next_dagrun for example_short_circuit_operator to None, run_after=None
[2024-10-08T12:16:29.660+0000] {processor.py:208} INFO - Processing /home/airflow/.local/lib/python3.12/site-packages/airflow/example_dags/example_short_circuit_operator.py took 0.097 seconds
[2024-10-08T12:17:00.281+0000] {processor.py:186} INFO - Started process (PID=1118) to work on /home/airflow/.local/lib/python3.12/site-packages/airflow/example_dags/example_short_circuit_operator.py
[2024-10-08T12:17:00.282+0000] {processor.py:914} INFO - Processing file /home/airflow/.local/lib/python3.12/site-packages/airflow/example_dags/example_short_circuit_operator.py for tasks to queue
[2024-10-08T12:17:00.285+0000] {logging_mixin.py:190} INFO - [2024-10-08T12:17:00.284+0000] {dagbag.py:588} INFO - Filling up the DagBag from /home/airflow/.local/lib/python3.12/site-packages/airflow/example_dags/example_short_circuit_operator.py
[2024-10-08T12:17:00.293+0000] {processor.py:925} INFO - DAG(s) 'example_short_circuit_operator' retrieved from /home/airflow/.local/lib/python3.12/site-packages/airflow/example_dags/example_short_circuit_operator.py
[2024-10-08T12:17:00.315+0000] {logging_mixin.py:190} INFO - [2024-10-08T12:17:00.315+0000] {dag.py:3239} INFO - Sync 1 DAGs
[2024-10-08T12:17:00.329+0000] {logging_mixin.py:190} INFO - [2024-10-08T12:17:00.329+0000] {dag.py:4180} INFO - Setting next_dagrun for example_short_circuit_operator to None, run_after=None
[2024-10-08T12:17:00.351+0000] {processor.py:208} INFO - Processing /home/airflow/.local/lib/python3.12/site-packages/airflow/example_dags/example_short_circuit_operator.py took 0.077 seconds
[2024-10-08T12:17:30.933+0000] {processor.py:186} INFO - Started process (PID=1182) to work on /home/airflow/.local/lib/python3.12/site-packages/airflow/example_dags/example_short_circuit_operator.py
[2024-10-08T12:17:30.934+0000] {processor.py:914} INFO - Processing file /home/airflow/.local/lib/python3.12/site-packages/airflow/example_dags/example_short_circuit_operator.py for tasks to queue
[2024-10-08T12:17:30.936+0000] {logging_mixin.py:190} INFO - [2024-10-08T12:17:30.936+0000] {dagbag.py:588} INFO - Filling up the DagBag from /home/airflow/.local/lib/python3.12/site-packages/airflow/example_dags/example_short_circuit_operator.py
[2024-10-08T12:17:30.944+0000] {processor.py:925} INFO - DAG(s) 'example_short_circuit_operator' retrieved from /home/airflow/.local/lib/python3.12/site-packages/airflow/example_dags/example_short_circuit_operator.py
[2024-10-08T12:17:30.963+0000] {logging_mixin.py:190} INFO - [2024-10-08T12:17:30.963+0000] {dag.py:3239} INFO - Sync 1 DAGs
[2024-10-08T12:17:30.976+0000] {logging_mixin.py:190} INFO - [2024-10-08T12:17:30.976+0000] {dag.py:4180} INFO - Setting next_dagrun for example_short_circuit_operator to None, run_after=None
[2024-10-08T12:17:30.995+0000] {processor.py:208} INFO - Processing /home/airflow/.local/lib/python3.12/site-packages/airflow/example_dags/example_short_circuit_operator.py took 0.068 seconds
[2024-10-08T12:18:01.645+0000] {processor.py:186} INFO - Started process (PID=1245) to work on /home/airflow/.local/lib/python3.12/site-packages/airflow/example_dags/example_short_circuit_operator.py
[2024-10-08T12:18:01.646+0000] {processor.py:914} INFO - Processing file /home/airflow/.local/lib/python3.12/site-packages/airflow/example_dags/example_short_circuit_operator.py for tasks to queue
[2024-10-08T12:18:01.648+0000] {logging_mixin.py:190} INFO - [2024-10-08T12:18:01.647+0000] {dagbag.py:588} INFO - Filling up the DagBag from /home/airflow/.local/lib/python3.12/site-packages/airflow/example_dags/example_short_circuit_operator.py
[2024-10-08T12:18:01.656+0000] {processor.py:925} INFO - DAG(s) 'example_short_circuit_operator' retrieved from /home/airflow/.local/lib/python3.12/site-packages/airflow/example_dags/example_short_circuit_operator.py
[2024-10-08T12:18:01.677+0000] {logging_mixin.py:190} INFO - [2024-10-08T12:18:01.677+0000] {dag.py:3239} INFO - Sync 1 DAGs
[2024-10-08T12:18:01.692+0000] {logging_mixin.py:190} INFO - [2024-10-08T12:18:01.692+0000] {dag.py:4180} INFO - Setting next_dagrun for example_short_circuit_operator to None, run_after=None
[2024-10-08T12:18:01.709+0000] {processor.py:208} INFO - Processing /home/airflow/.local/lib/python3.12/site-packages/airflow/example_dags/example_short_circuit_operator.py took 0.070 seconds
[2024-10-08T12:18:32.428+0000] {processor.py:186} INFO - Started process (PID=1308) to work on /home/airflow/.local/lib/python3.12/site-packages/airflow/example_dags/example_short_circuit_operator.py
[2024-10-08T12:18:32.429+0000] {processor.py:914} INFO - Processing file /home/airflow/.local/lib/python3.12/site-packages/airflow/example_dags/example_short_circuit_operator.py for tasks to queue
[2024-10-08T12:18:32.430+0000] {logging_mixin.py:190} INFO - [2024-10-08T12:18:32.430+0000] {dagbag.py:588} INFO - Filling up the DagBag from /home/airflow/.local/lib/python3.12/site-packages/airflow/example_dags/example_short_circuit_operator.py
[2024-10-08T12:18:32.438+0000] {processor.py:925} INFO - DAG(s) 'example_short_circuit_operator' retrieved from /home/airflow/.local/lib/python3.12/site-packages/airflow/example_dags/example_short_circuit_operator.py
[2024-10-08T12:18:32.458+0000] {logging_mixin.py:190} INFO - [2024-10-08T12:18:32.458+0000] {dag.py:3239} INFO - Sync 1 DAGs
[2024-10-08T12:18:32.471+0000] {logging_mixin.py:190} INFO - [2024-10-08T12:18:32.471+0000] {dag.py:4180} INFO - Setting next_dagrun for example_short_circuit_operator to None, run_after=None
[2024-10-08T12:18:32.488+0000] {processor.py:208} INFO - Processing /home/airflow/.local/lib/python3.12/site-packages/airflow/example_dags/example_short_circuit_operator.py took 0.066 seconds
[2024-10-08T12:19:03.302+0000] {processor.py:186} INFO - Started process (PID=1371) to work on /home/airflow/.local/lib/python3.12/site-packages/airflow/example_dags/example_short_circuit_operator.py
[2024-10-08T12:19:03.303+0000] {processor.py:914} INFO - Processing file /home/airflow/.local/lib/python3.12/site-packages/airflow/example_dags/example_short_circuit_operator.py for tasks to queue
[2024-10-08T12:19:03.305+0000] {logging_mixin.py:190} INFO - [2024-10-08T12:19:03.305+0000] {dagbag.py:588} INFO - Filling up the DagBag from /home/airflow/.local/lib/python3.12/site-packages/airflow/example_dags/example_short_circuit_operator.py
[2024-10-08T12:19:03.313+0000] {processor.py:925} INFO - DAG(s) 'example_short_circuit_operator' retrieved from /home/airflow/.local/lib/python3.12/site-packages/airflow/example_dags/example_short_circuit_operator.py
[2024-10-08T12:19:03.333+0000] {logging_mixin.py:190} INFO - [2024-10-08T12:19:03.333+0000] {dag.py:3239} INFO - Sync 1 DAGs
[2024-10-08T12:19:03.348+0000] {logging_mixin.py:190} INFO - [2024-10-08T12:19:03.348+0000] {dag.py:4180} INFO - Setting next_dagrun for example_short_circuit_operator to None, run_after=None
[2024-10-08T12:19:03.367+0000] {processor.py:208} INFO - Processing /home/airflow/.local/lib/python3.12/site-packages/airflow/example_dags/example_short_circuit_operator.py took 0.072 seconds
[2024-10-08T12:19:41.689+0000] {processor.py:186} INFO - Started process (PID=1438) to work on /home/airflow/.local/lib/python3.12/site-packages/airflow/example_dags/example_short_circuit_operator.py
[2024-10-08T12:19:41.690+0000] {processor.py:914} INFO - Processing file /home/airflow/.local/lib/python3.12/site-packages/airflow/example_dags/example_short_circuit_operator.py for tasks to queue
[2024-10-08T12:19:41.694+0000] {logging_mixin.py:190} INFO - [2024-10-08T12:19:41.693+0000] {dagbag.py:588} INFO - Filling up the DagBag from /home/airflow/.local/lib/python3.12/site-packages/airflow/example_dags/example_short_circuit_operator.py
[2024-10-08T12:19:41.712+0000] {processor.py:925} INFO - DAG(s) 'example_short_circuit_operator' retrieved from /home/airflow/.local/lib/python3.12/site-packages/airflow/example_dags/example_short_circuit_operator.py
[2024-10-08T12:19:42.491+0000] {logging_mixin.py:190} INFO - [2024-10-08T12:19:42.484+0000] {dag.py:3239} INFO - Sync 1 DAGs
[2024-10-08T12:19:42.511+0000] {logging_mixin.py:190} INFO - [2024-10-08T12:19:42.511+0000] {dag.py:4180} INFO - Setting next_dagrun for example_short_circuit_operator to None, run_after=None
[2024-10-08T12:19:42.539+0000] {processor.py:208} INFO - Processing /home/airflow/.local/lib/python3.12/site-packages/airflow/example_dags/example_short_circuit_operator.py took 0.861 seconds
[2024-10-08T12:20:12.769+0000] {processor.py:186} INFO - Started process (PID=1502) to work on /home/airflow/.local/lib/python3.12/site-packages/airflow/example_dags/example_short_circuit_operator.py
[2024-10-08T12:20:12.772+0000] {processor.py:914} INFO - Processing file /home/airflow/.local/lib/python3.12/site-packages/airflow/example_dags/example_short_circuit_operator.py for tasks to queue
[2024-10-08T12:20:12.777+0000] {logging_mixin.py:190} INFO - [2024-10-08T12:20:12.774+0000] {dagbag.py:588} INFO - Filling up the DagBag from /home/airflow/.local/lib/python3.12/site-packages/airflow/example_dags/example_short_circuit_operator.py
[2024-10-08T12:20:12.799+0000] {processor.py:925} INFO - DAG(s) 'example_short_circuit_operator' retrieved from /home/airflow/.local/lib/python3.12/site-packages/airflow/example_dags/example_short_circuit_operator.py
[2024-10-08T12:20:13.072+0000] {logging_mixin.py:190} INFO - [2024-10-08T12:20:13.066+0000] {dag.py:3239} INFO - Sync 1 DAGs
[2024-10-08T12:20:13.091+0000] {logging_mixin.py:190} INFO - [2024-10-08T12:20:13.091+0000] {dag.py:4180} INFO - Setting next_dagrun for example_short_circuit_operator to None, run_after=None
[2024-10-08T12:20:13.115+0000] {processor.py:208} INFO - Processing /home/airflow/.local/lib/python3.12/site-packages/airflow/example_dags/example_short_circuit_operator.py took 0.356 seconds
[2024-10-08T12:32:25.762+0000] {processor.py:186} INFO - Started process (PID=1534) to work on /home/airflow/.local/lib/python3.12/site-packages/airflow/example_dags/example_short_circuit_operator.py
[2024-10-08T12:32:25.765+0000] {processor.py:914} INFO - Processing file /home/airflow/.local/lib/python3.12/site-packages/airflow/example_dags/example_short_circuit_operator.py for tasks to queue
[2024-10-08T12:32:25.768+0000] {logging_mixin.py:190} INFO - [2024-10-08T12:32:25.766+0000] {dagbag.py:588} INFO - Filling up the DagBag from /home/airflow/.local/lib/python3.12/site-packages/airflow/example_dags/example_short_circuit_operator.py
[2024-10-08T12:32:25.807+0000] {processor.py:925} INFO - DAG(s) 'example_short_circuit_operator' retrieved from /home/airflow/.local/lib/python3.12/site-packages/airflow/example_dags/example_short_circuit_operator.py
[2024-10-08T12:32:26.481+0000] {logging_mixin.py:190} INFO - [2024-10-08T12:32:26.477+0000] {dag.py:3239} INFO - Sync 1 DAGs
[2024-10-08T12:32:26.504+0000] {logging_mixin.py:190} INFO - [2024-10-08T12:32:26.503+0000] {dag.py:4180} INFO - Setting next_dagrun for example_short_circuit_operator to None, run_after=None
[2024-10-08T12:32:26.535+0000] {processor.py:208} INFO - Processing /home/airflow/.local/lib/python3.12/site-packages/airflow/example_dags/example_short_circuit_operator.py took 0.788 seconds
[2024-10-08T12:34:09.069+0000] {processor.py:186} INFO - Started process (PID=39) to work on /home/airflow/.local/lib/python3.12/site-packages/airflow/example_dags/example_short_circuit_operator.py
[2024-10-08T12:34:09.071+0000] {processor.py:914} INFO - Processing file /home/airflow/.local/lib/python3.12/site-packages/airflow/example_dags/example_short_circuit_operator.py for tasks to queue
[2024-10-08T12:34:09.073+0000] {logging_mixin.py:190} INFO - [2024-10-08T12:34:09.072+0000] {dagbag.py:588} INFO - Filling up the DagBag from /home/airflow/.local/lib/python3.12/site-packages/airflow/example_dags/example_short_circuit_operator.py
[2024-10-08T12:34:09.084+0000] {processor.py:925} INFO - DAG(s) 'example_short_circuit_operator' retrieved from /home/airflow/.local/lib/python3.12/site-packages/airflow/example_dags/example_short_circuit_operator.py
[2024-10-08T12:34:09.115+0000] {logging_mixin.py:190} INFO - [2024-10-08T12:34:09.115+0000] {dag.py:3239} INFO - Sync 1 DAGs
[2024-10-08T12:34:09.130+0000] {logging_mixin.py:190} INFO - [2024-10-08T12:34:09.130+0000] {dag.py:4180} INFO - Setting next_dagrun for example_short_circuit_operator to None, run_after=None
[2024-10-08T12:34:09.149+0000] {processor.py:208} INFO - Processing /home/airflow/.local/lib/python3.12/site-packages/airflow/example_dags/example_short_circuit_operator.py took 0.085 seconds
[2024-10-08T12:34:40.015+0000] {processor.py:186} INFO - Started process (PID=102) to work on /home/airflow/.local/lib/python3.12/site-packages/airflow/example_dags/example_short_circuit_operator.py
[2024-10-08T12:34:40.016+0000] {processor.py:914} INFO - Processing file /home/airflow/.local/lib/python3.12/site-packages/airflow/example_dags/example_short_circuit_operator.py for tasks to queue
[2024-10-08T12:34:40.018+0000] {logging_mixin.py:190} INFO - [2024-10-08T12:34:40.018+0000] {dagbag.py:588} INFO - Filling up the DagBag from /home/airflow/.local/lib/python3.12/site-packages/airflow/example_dags/example_short_circuit_operator.py
[2024-10-08T12:34:40.026+0000] {processor.py:925} INFO - DAG(s) 'example_short_circuit_operator' retrieved from /home/airflow/.local/lib/python3.12/site-packages/airflow/example_dags/example_short_circuit_operator.py
[2024-10-08T12:34:40.047+0000] {logging_mixin.py:190} INFO - [2024-10-08T12:34:40.046+0000] {dag.py:3239} INFO - Sync 1 DAGs
[2024-10-08T12:34:40.059+0000] {logging_mixin.py:190} INFO - [2024-10-08T12:34:40.059+0000] {dag.py:4180} INFO - Setting next_dagrun for example_short_circuit_operator to None, run_after=None
[2024-10-08T12:34:40.080+0000] {processor.py:208} INFO - Processing /home/airflow/.local/lib/python3.12/site-packages/airflow/example_dags/example_short_circuit_operator.py took 0.070 seconds
[2024-10-08T12:35:10.484+0000] {processor.py:186} INFO - Started process (PID=164) to work on /home/airflow/.local/lib/python3.12/site-packages/airflow/example_dags/example_short_circuit_operator.py
[2024-10-08T12:35:10.486+0000] {processor.py:914} INFO - Processing file /home/airflow/.local/lib/python3.12/site-packages/airflow/example_dags/example_short_circuit_operator.py for tasks to queue
[2024-10-08T12:35:10.487+0000] {logging_mixin.py:190} INFO - [2024-10-08T12:35:10.487+0000] {dagbag.py:588} INFO - Filling up the DagBag from /home/airflow/.local/lib/python3.12/site-packages/airflow/example_dags/example_short_circuit_operator.py
[2024-10-08T12:35:10.495+0000] {processor.py:925} INFO - DAG(s) 'example_short_circuit_operator' retrieved from /home/airflow/.local/lib/python3.12/site-packages/airflow/example_dags/example_short_circuit_operator.py
[2024-10-08T12:35:10.518+0000] {logging_mixin.py:190} INFO - [2024-10-08T12:35:10.517+0000] {dag.py:3239} INFO - Sync 1 DAGs
[2024-10-08T12:35:10.532+0000] {logging_mixin.py:190} INFO - [2024-10-08T12:35:10.532+0000] {dag.py:4180} INFO - Setting next_dagrun for example_short_circuit_operator to None, run_after=None
[2024-10-08T12:35:10.552+0000] {processor.py:208} INFO - Processing /home/airflow/.local/lib/python3.12/site-packages/airflow/example_dags/example_short_circuit_operator.py took 0.074 seconds
[2024-10-08T12:35:53.275+0000] {processor.py:186} INFO - Started process (PID=228) to work on /home/airflow/.local/lib/python3.12/site-packages/airflow/example_dags/example_short_circuit_operator.py
[2024-10-08T12:35:53.276+0000] {processor.py:914} INFO - Processing file /home/airflow/.local/lib/python3.12/site-packages/airflow/example_dags/example_short_circuit_operator.py for tasks to queue
[2024-10-08T12:35:53.279+0000] {logging_mixin.py:190} INFO - [2024-10-08T12:35:53.278+0000] {dagbag.py:588} INFO - Filling up the DagBag from /home/airflow/.local/lib/python3.12/site-packages/airflow/example_dags/example_short_circuit_operator.py
[2024-10-08T12:35:53.289+0000] {processor.py:925} INFO - DAG(s) 'example_short_circuit_operator' retrieved from /home/airflow/.local/lib/python3.12/site-packages/airflow/example_dags/example_short_circuit_operator.py
[2024-10-08T12:35:53.316+0000] {logging_mixin.py:190} INFO - [2024-10-08T12:35:53.315+0000] {dag.py:3239} INFO - Sync 1 DAGs
[2024-10-08T12:35:53.335+0000] {logging_mixin.py:190} INFO - [2024-10-08T12:35:53.335+0000] {dag.py:4180} INFO - Setting next_dagrun for example_short_circuit_operator to None, run_after=None
[2024-10-08T12:35:53.361+0000] {processor.py:208} INFO - Processing /home/airflow/.local/lib/python3.12/site-packages/airflow/example_dags/example_short_circuit_operator.py took 0.094 seconds
[2024-10-08T12:36:24.157+0000] {processor.py:186} INFO - Started process (PID=291) to work on /home/airflow/.local/lib/python3.12/site-packages/airflow/example_dags/example_short_circuit_operator.py
[2024-10-08T12:36:24.158+0000] {processor.py:914} INFO - Processing file /home/airflow/.local/lib/python3.12/site-packages/airflow/example_dags/example_short_circuit_operator.py for tasks to queue
[2024-10-08T12:36:24.160+0000] {logging_mixin.py:190} INFO - [2024-10-08T12:36:24.160+0000] {dagbag.py:588} INFO - Filling up the DagBag from /home/airflow/.local/lib/python3.12/site-packages/airflow/example_dags/example_short_circuit_operator.py
[2024-10-08T12:36:24.169+0000] {processor.py:925} INFO - DAG(s) 'example_short_circuit_operator' retrieved from /home/airflow/.local/lib/python3.12/site-packages/airflow/example_dags/example_short_circuit_operator.py
[2024-10-08T12:36:24.191+0000] {logging_mixin.py:190} INFO - [2024-10-08T12:36:24.190+0000] {dag.py:3239} INFO - Sync 1 DAGs
[2024-10-08T12:36:24.206+0000] {logging_mixin.py:190} INFO - [2024-10-08T12:36:24.205+0000] {dag.py:4180} INFO - Setting next_dagrun for example_short_circuit_operator to None, run_after=None
[2024-10-08T12:36:24.226+0000] {processor.py:208} INFO - Processing /home/airflow/.local/lib/python3.12/site-packages/airflow/example_dags/example_short_circuit_operator.py took 0.076 seconds
[2024-10-08T12:36:54.531+0000] {processor.py:186} INFO - Started process (PID=354) to work on /home/airflow/.local/lib/python3.12/site-packages/airflow/example_dags/example_short_circuit_operator.py
[2024-10-08T12:36:54.532+0000] {processor.py:914} INFO - Processing file /home/airflow/.local/lib/python3.12/site-packages/airflow/example_dags/example_short_circuit_operator.py for tasks to queue
[2024-10-08T12:36:54.534+0000] {logging_mixin.py:190} INFO - [2024-10-08T12:36:54.534+0000] {dagbag.py:588} INFO - Filling up the DagBag from /home/airflow/.local/lib/python3.12/site-packages/airflow/example_dags/example_short_circuit_operator.py
[2024-10-08T12:36:54.543+0000] {processor.py:925} INFO - DAG(s) 'example_short_circuit_operator' retrieved from /home/airflow/.local/lib/python3.12/site-packages/airflow/example_dags/example_short_circuit_operator.py
[2024-10-08T12:36:54.566+0000] {logging_mixin.py:190} INFO - [2024-10-08T12:36:54.566+0000] {dag.py:3239} INFO - Sync 1 DAGs
[2024-10-08T12:36:54.579+0000] {logging_mixin.py:190} INFO - [2024-10-08T12:36:54.578+0000] {dag.py:4180} INFO - Setting next_dagrun for example_short_circuit_operator to None, run_after=None
[2024-10-08T12:36:54.596+0000] {processor.py:208} INFO - Processing /home/airflow/.local/lib/python3.12/site-packages/airflow/example_dags/example_short_circuit_operator.py took 0.071 seconds
[2024-10-08T12:37:24.887+0000] {processor.py:186} INFO - Started process (PID=417) to work on /home/airflow/.local/lib/python3.12/site-packages/airflow/example_dags/example_short_circuit_operator.py
[2024-10-08T12:37:24.888+0000] {processor.py:914} INFO - Processing file /home/airflow/.local/lib/python3.12/site-packages/airflow/example_dags/example_short_circuit_operator.py for tasks to queue
[2024-10-08T12:37:24.891+0000] {logging_mixin.py:190} INFO - [2024-10-08T12:37:24.890+0000] {dagbag.py:588} INFO - Filling up the DagBag from /home/airflow/.local/lib/python3.12/site-packages/airflow/example_dags/example_short_circuit_operator.py
[2024-10-08T12:37:24.899+0000] {processor.py:925} INFO - DAG(s) 'example_short_circuit_operator' retrieved from /home/airflow/.local/lib/python3.12/site-packages/airflow/example_dags/example_short_circuit_operator.py
[2024-10-08T12:37:24.920+0000] {logging_mixin.py:190} INFO - [2024-10-08T12:37:24.920+0000] {dag.py:3239} INFO - Sync 1 DAGs
[2024-10-08T12:37:24.933+0000] {logging_mixin.py:190} INFO - [2024-10-08T12:37:24.933+0000] {dag.py:4180} INFO - Setting next_dagrun for example_short_circuit_operator to None, run_after=None
[2024-10-08T12:37:24.951+0000] {processor.py:208} INFO - Processing /home/airflow/.local/lib/python3.12/site-packages/airflow/example_dags/example_short_circuit_operator.py took 0.070 seconds
[2024-10-08T12:38:06.994+0000] {processor.py:186} INFO - Started process (PID=479) to work on /home/airflow/.local/lib/python3.12/site-packages/airflow/example_dags/example_short_circuit_operator.py
[2024-10-08T12:38:06.996+0000] {processor.py:914} INFO - Processing file /home/airflow/.local/lib/python3.12/site-packages/airflow/example_dags/example_short_circuit_operator.py for tasks to queue
[2024-10-08T12:38:06.999+0000] {logging_mixin.py:190} INFO - [2024-10-08T12:38:06.999+0000] {dagbag.py:588} INFO - Filling up the DagBag from /home/airflow/.local/lib/python3.12/site-packages/airflow/example_dags/example_short_circuit_operator.py
[2024-10-08T12:38:07.012+0000] {processor.py:925} INFO - DAG(s) 'example_short_circuit_operator' retrieved from /home/airflow/.local/lib/python3.12/site-packages/airflow/example_dags/example_short_circuit_operator.py
[2024-10-08T12:38:07.047+0000] {logging_mixin.py:190} INFO - [2024-10-08T12:38:07.047+0000] {dag.py:3239} INFO - Sync 1 DAGs
[2024-10-08T12:38:07.064+0000] {logging_mixin.py:190} INFO - [2024-10-08T12:38:07.064+0000] {dag.py:4180} INFO - Setting next_dagrun for example_short_circuit_operator to None, run_after=None
[2024-10-08T12:38:07.084+0000] {processor.py:208} INFO - Processing /home/airflow/.local/lib/python3.12/site-packages/airflow/example_dags/example_short_circuit_operator.py took 0.098 seconds
[2024-10-08T12:38:37.669+0000] {processor.py:186} INFO - Started process (PID=542) to work on /home/airflow/.local/lib/python3.12/site-packages/airflow/example_dags/example_short_circuit_operator.py
[2024-10-08T12:38:37.671+0000] {processor.py:914} INFO - Processing file /home/airflow/.local/lib/python3.12/site-packages/airflow/example_dags/example_short_circuit_operator.py for tasks to queue
[2024-10-08T12:38:37.673+0000] {logging_mixin.py:190} INFO - [2024-10-08T12:38:37.673+0000] {dagbag.py:588} INFO - Filling up the DagBag from /home/airflow/.local/lib/python3.12/site-packages/airflow/example_dags/example_short_circuit_operator.py
[2024-10-08T12:38:37.685+0000] {processor.py:925} INFO - DAG(s) 'example_short_circuit_operator' retrieved from /home/airflow/.local/lib/python3.12/site-packages/airflow/example_dags/example_short_circuit_operator.py
[2024-10-08T12:38:37.710+0000] {logging_mixin.py:190} INFO - [2024-10-08T12:38:37.710+0000] {dag.py:3239} INFO - Sync 1 DAGs
[2024-10-08T12:38:37.726+0000] {logging_mixin.py:190} INFO - [2024-10-08T12:38:37.725+0000] {dag.py:4180} INFO - Setting next_dagrun for example_short_circuit_operator to None, run_after=None
[2024-10-08T12:38:37.746+0000] {processor.py:208} INFO - Processing /home/airflow/.local/lib/python3.12/site-packages/airflow/example_dags/example_short_circuit_operator.py took 0.083 seconds
[2024-10-08T12:39:08.046+0000] {processor.py:186} INFO - Started process (PID=605) to work on /home/airflow/.local/lib/python3.12/site-packages/airflow/example_dags/example_short_circuit_operator.py
[2024-10-08T12:39:08.047+0000] {processor.py:914} INFO - Processing file /home/airflow/.local/lib/python3.12/site-packages/airflow/example_dags/example_short_circuit_operator.py for tasks to queue
[2024-10-08T12:39:08.051+0000] {logging_mixin.py:190} INFO - [2024-10-08T12:39:08.050+0000] {dagbag.py:588} INFO - Filling up the DagBag from /home/airflow/.local/lib/python3.12/site-packages/airflow/example_dags/example_short_circuit_operator.py
[2024-10-08T12:39:08.061+0000] {processor.py:925} INFO - DAG(s) 'example_short_circuit_operator' retrieved from /home/airflow/.local/lib/python3.12/site-packages/airflow/example_dags/example_short_circuit_operator.py
[2024-10-08T12:39:08.086+0000] {logging_mixin.py:190} INFO - [2024-10-08T12:39:08.086+0000] {dag.py:3239} INFO - Sync 1 DAGs
[2024-10-08T12:39:08.104+0000] {logging_mixin.py:190} INFO - [2024-10-08T12:39:08.104+0000] {dag.py:4180} INFO - Setting next_dagrun for example_short_circuit_operator to None, run_after=None
[2024-10-08T12:39:08.125+0000] {processor.py:208} INFO - Processing /home/airflow/.local/lib/python3.12/site-packages/airflow/example_dags/example_short_circuit_operator.py took 0.089 seconds
[2024-10-08T12:39:38.517+0000] {processor.py:186} INFO - Started process (PID=667) to work on /home/airflow/.local/lib/python3.12/site-packages/airflow/example_dags/example_short_circuit_operator.py
[2024-10-08T12:39:38.518+0000] {processor.py:914} INFO - Processing file /home/airflow/.local/lib/python3.12/site-packages/airflow/example_dags/example_short_circuit_operator.py for tasks to queue
[2024-10-08T12:39:38.520+0000] {logging_mixin.py:190} INFO - [2024-10-08T12:39:38.520+0000] {dagbag.py:588} INFO - Filling up the DagBag from /home/airflow/.local/lib/python3.12/site-packages/airflow/example_dags/example_short_circuit_operator.py
[2024-10-08T12:39:38.528+0000] {processor.py:925} INFO - DAG(s) 'example_short_circuit_operator' retrieved from /home/airflow/.local/lib/python3.12/site-packages/airflow/example_dags/example_short_circuit_operator.py
[2024-10-08T12:39:38.548+0000] {logging_mixin.py:190} INFO - [2024-10-08T12:39:38.548+0000] {dag.py:3239} INFO - Sync 1 DAGs
[2024-10-08T12:39:38.562+0000] {logging_mixin.py:190} INFO - [2024-10-08T12:39:38.562+0000] {dag.py:4180} INFO - Setting next_dagrun for example_short_circuit_operator to None, run_after=None
[2024-10-08T12:39:38.578+0000] {processor.py:208} INFO - Processing /home/airflow/.local/lib/python3.12/site-packages/airflow/example_dags/example_short_circuit_operator.py took 0.066 seconds
[2024-10-08T12:40:09.112+0000] {processor.py:186} INFO - Started process (PID=731) to work on /home/airflow/.local/lib/python3.12/site-packages/airflow/example_dags/example_short_circuit_operator.py
[2024-10-08T12:40:09.113+0000] {processor.py:914} INFO - Processing file /home/airflow/.local/lib/python3.12/site-packages/airflow/example_dags/example_short_circuit_operator.py for tasks to queue
[2024-10-08T12:40:09.115+0000] {logging_mixin.py:190} INFO - [2024-10-08T12:40:09.115+0000] {dagbag.py:588} INFO - Filling up the DagBag from /home/airflow/.local/lib/python3.12/site-packages/airflow/example_dags/example_short_circuit_operator.py
[2024-10-08T12:40:09.124+0000] {processor.py:925} INFO - DAG(s) 'example_short_circuit_operator' retrieved from /home/airflow/.local/lib/python3.12/site-packages/airflow/example_dags/example_short_circuit_operator.py
[2024-10-08T12:40:09.146+0000] {logging_mixin.py:190} INFO - [2024-10-08T12:40:09.146+0000] {dag.py:3239} INFO - Sync 1 DAGs
[2024-10-08T12:40:09.160+0000] {logging_mixin.py:190} INFO - [2024-10-08T12:40:09.160+0000] {dag.py:4180} INFO - Setting next_dagrun for example_short_circuit_operator to None, run_after=None
[2024-10-08T12:40:09.179+0000] {processor.py:208} INFO - Processing /home/airflow/.local/lib/python3.12/site-packages/airflow/example_dags/example_short_circuit_operator.py took 0.073 seconds
[2024-10-08T12:40:55.772+0000] {processor.py:186} INFO - Started process (PID=794) to work on /home/airflow/.local/lib/python3.12/site-packages/airflow/example_dags/example_short_circuit_operator.py
[2024-10-08T12:40:55.775+0000] {processor.py:914} INFO - Processing file /home/airflow/.local/lib/python3.12/site-packages/airflow/example_dags/example_short_circuit_operator.py for tasks to queue
[2024-10-08T12:40:55.778+0000] {logging_mixin.py:190} INFO - [2024-10-08T12:40:55.777+0000] {dagbag.py:588} INFO - Filling up the DagBag from /home/airflow/.local/lib/python3.12/site-packages/airflow/example_dags/example_short_circuit_operator.py
[2024-10-08T12:40:55.795+0000] {processor.py:925} INFO - DAG(s) 'example_short_circuit_operator' retrieved from /home/airflow/.local/lib/python3.12/site-packages/airflow/example_dags/example_short_circuit_operator.py
[2024-10-08T12:40:56.207+0000] {logging_mixin.py:190} INFO - [2024-10-08T12:40:56.206+0000] {dag.py:3239} INFO - Sync 1 DAGs
[2024-10-08T12:40:56.229+0000] {logging_mixin.py:190} INFO - [2024-10-08T12:40:56.229+0000] {dag.py:4180} INFO - Setting next_dagrun for example_short_circuit_operator to None, run_after=None
[2024-10-08T12:40:56.259+0000] {processor.py:208} INFO - Processing /home/airflow/.local/lib/python3.12/site-packages/airflow/example_dags/example_short_circuit_operator.py took 0.495 seconds
[2024-10-08T12:41:26.774+0000] {processor.py:186} INFO - Started process (PID=857) to work on /home/airflow/.local/lib/python3.12/site-packages/airflow/example_dags/example_short_circuit_operator.py
[2024-10-08T12:41:26.776+0000] {processor.py:914} INFO - Processing file /home/airflow/.local/lib/python3.12/site-packages/airflow/example_dags/example_short_circuit_operator.py for tasks to queue
[2024-10-08T12:41:26.779+0000] {logging_mixin.py:190} INFO - [2024-10-08T12:41:26.779+0000] {dagbag.py:588} INFO - Filling up the DagBag from /home/airflow/.local/lib/python3.12/site-packages/airflow/example_dags/example_short_circuit_operator.py
[2024-10-08T12:41:26.790+0000] {processor.py:925} INFO - DAG(s) 'example_short_circuit_operator' retrieved from /home/airflow/.local/lib/python3.12/site-packages/airflow/example_dags/example_short_circuit_operator.py
[2024-10-08T12:41:26.819+0000] {logging_mixin.py:190} INFO - [2024-10-08T12:41:26.819+0000] {dag.py:3239} INFO - Sync 1 DAGs
[2024-10-08T12:41:26.837+0000] {logging_mixin.py:190} INFO - [2024-10-08T12:41:26.837+0000] {dag.py:4180} INFO - Setting next_dagrun for example_short_circuit_operator to None, run_after=None
[2024-10-08T12:41:26.862+0000] {processor.py:208} INFO - Processing /home/airflow/.local/lib/python3.12/site-packages/airflow/example_dags/example_short_circuit_operator.py took 0.094 seconds
[2024-10-08T12:41:57.749+0000] {processor.py:186} INFO - Started process (PID=927) to work on /home/airflow/.local/lib/python3.12/site-packages/airflow/example_dags/example_short_circuit_operator.py
[2024-10-08T12:41:57.750+0000] {processor.py:914} INFO - Processing file /home/airflow/.local/lib/python3.12/site-packages/airflow/example_dags/example_short_circuit_operator.py for tasks to queue
[2024-10-08T12:41:57.753+0000] {logging_mixin.py:190} INFO - [2024-10-08T12:41:57.752+0000] {dagbag.py:588} INFO - Filling up the DagBag from /home/airflow/.local/lib/python3.12/site-packages/airflow/example_dags/example_short_circuit_operator.py
[2024-10-08T12:41:57.762+0000] {processor.py:925} INFO - DAG(s) 'example_short_circuit_operator' retrieved from /home/airflow/.local/lib/python3.12/site-packages/airflow/example_dags/example_short_circuit_operator.py
[2024-10-08T12:41:57.783+0000] {logging_mixin.py:190} INFO - [2024-10-08T12:41:57.783+0000] {dag.py:3239} INFO - Sync 1 DAGs
[2024-10-08T12:41:57.796+0000] {logging_mixin.py:190} INFO - [2024-10-08T12:41:57.796+0000] {dag.py:4180} INFO - Setting next_dagrun for example_short_circuit_operator to None, run_after=None
[2024-10-08T12:41:57.815+0000] {processor.py:208} INFO - Processing /home/airflow/.local/lib/python3.12/site-packages/airflow/example_dags/example_short_circuit_operator.py took 0.072 seconds
[2024-10-08T12:42:28.244+0000] {processor.py:186} INFO - Started process (PID=990) to work on /home/airflow/.local/lib/python3.12/site-packages/airflow/example_dags/example_short_circuit_operator.py
[2024-10-08T12:42:28.246+0000] {processor.py:914} INFO - Processing file /home/airflow/.local/lib/python3.12/site-packages/airflow/example_dags/example_short_circuit_operator.py for tasks to queue
[2024-10-08T12:42:28.249+0000] {logging_mixin.py:190} INFO - [2024-10-08T12:42:28.249+0000] {dagbag.py:588} INFO - Filling up the DagBag from /home/airflow/.local/lib/python3.12/site-packages/airflow/example_dags/example_short_circuit_operator.py
[2024-10-08T12:42:28.259+0000] {processor.py:925} INFO - DAG(s) 'example_short_circuit_operator' retrieved from /home/airflow/.local/lib/python3.12/site-packages/airflow/example_dags/example_short_circuit_operator.py
[2024-10-08T12:42:28.284+0000] {logging_mixin.py:190} INFO - [2024-10-08T12:42:28.284+0000] {dag.py:3239} INFO - Sync 1 DAGs
[2024-10-08T12:42:28.300+0000] {logging_mixin.py:190} INFO - [2024-10-08T12:42:28.299+0000] {dag.py:4180} INFO - Setting next_dagrun for example_short_circuit_operator to None, run_after=None
[2024-10-08T12:42:28.320+0000] {processor.py:208} INFO - Processing /home/airflow/.local/lib/python3.12/site-packages/airflow/example_dags/example_short_circuit_operator.py took 0.083 seconds
[2024-10-08T12:43:08.070+0000] {processor.py:186} INFO - Started process (PID=1053) to work on /home/airflow/.local/lib/python3.12/site-packages/airflow/example_dags/example_short_circuit_operator.py
[2024-10-08T12:43:08.072+0000] {processor.py:914} INFO - Processing file /home/airflow/.local/lib/python3.12/site-packages/airflow/example_dags/example_short_circuit_operator.py for tasks to queue
[2024-10-08T12:43:08.075+0000] {logging_mixin.py:190} INFO - [2024-10-08T12:43:08.075+0000] {dagbag.py:588} INFO - Filling up the DagBag from /home/airflow/.local/lib/python3.12/site-packages/airflow/example_dags/example_short_circuit_operator.py
[2024-10-08T12:43:08.086+0000] {processor.py:925} INFO - DAG(s) 'example_short_circuit_operator' retrieved from /home/airflow/.local/lib/python3.12/site-packages/airflow/example_dags/example_short_circuit_operator.py
[2024-10-08T12:43:08.111+0000] {logging_mixin.py:190} INFO - [2024-10-08T12:43:08.111+0000] {dag.py:3239} INFO - Sync 1 DAGs
[2024-10-08T12:43:08.126+0000] {logging_mixin.py:190} INFO - [2024-10-08T12:43:08.126+0000] {dag.py:4180} INFO - Setting next_dagrun for example_short_circuit_operator to None, run_after=None
[2024-10-08T12:43:08.148+0000] {processor.py:208} INFO - Processing /home/airflow/.local/lib/python3.12/site-packages/airflow/example_dags/example_short_circuit_operator.py took 0.087 seconds
[2024-10-08T12:43:38.353+0000] {processor.py:186} INFO - Started process (PID=1116) to work on /home/airflow/.local/lib/python3.12/site-packages/airflow/example_dags/example_short_circuit_operator.py
[2024-10-08T12:43:38.354+0000] {processor.py:914} INFO - Processing file /home/airflow/.local/lib/python3.12/site-packages/airflow/example_dags/example_short_circuit_operator.py for tasks to queue
[2024-10-08T12:43:38.356+0000] {logging_mixin.py:190} INFO - [2024-10-08T12:43:38.356+0000] {dagbag.py:588} INFO - Filling up the DagBag from /home/airflow/.local/lib/python3.12/site-packages/airflow/example_dags/example_short_circuit_operator.py
[2024-10-08T12:43:38.364+0000] {processor.py:925} INFO - DAG(s) 'example_short_circuit_operator' retrieved from /home/airflow/.local/lib/python3.12/site-packages/airflow/example_dags/example_short_circuit_operator.py
[2024-10-08T12:43:38.390+0000] {logging_mixin.py:190} INFO - [2024-10-08T12:43:38.390+0000] {dag.py:3239} INFO - Sync 1 DAGs
[2024-10-08T12:43:38.405+0000] {logging_mixin.py:190} INFO - [2024-10-08T12:43:38.404+0000] {dag.py:4180} INFO - Setting next_dagrun for example_short_circuit_operator to None, run_after=None
[2024-10-08T12:43:38.426+0000] {processor.py:208} INFO - Processing /home/airflow/.local/lib/python3.12/site-packages/airflow/example_dags/example_short_circuit_operator.py took 0.080 seconds
[2024-10-08T12:44:09.008+0000] {processor.py:186} INFO - Started process (PID=1180) to work on /home/airflow/.local/lib/python3.12/site-packages/airflow/example_dags/example_short_circuit_operator.py
[2024-10-08T12:44:09.009+0000] {processor.py:914} INFO - Processing file /home/airflow/.local/lib/python3.12/site-packages/airflow/example_dags/example_short_circuit_operator.py for tasks to queue
[2024-10-08T12:44:09.011+0000] {logging_mixin.py:190} INFO - [2024-10-08T12:44:09.011+0000] {dagbag.py:588} INFO - Filling up the DagBag from /home/airflow/.local/lib/python3.12/site-packages/airflow/example_dags/example_short_circuit_operator.py
[2024-10-08T12:44:09.020+0000] {processor.py:925} INFO - DAG(s) 'example_short_circuit_operator' retrieved from /home/airflow/.local/lib/python3.12/site-packages/airflow/example_dags/example_short_circuit_operator.py
[2024-10-08T12:44:09.043+0000] {logging_mixin.py:190} INFO - [2024-10-08T12:44:09.043+0000] {dag.py:3239} INFO - Sync 1 DAGs
[2024-10-08T12:44:09.057+0000] {logging_mixin.py:190} INFO - [2024-10-08T12:44:09.056+0000] {dag.py:4180} INFO - Setting next_dagrun for example_short_circuit_operator to None, run_after=None
[2024-10-08T12:44:09.076+0000] {processor.py:208} INFO - Processing /home/airflow/.local/lib/python3.12/site-packages/airflow/example_dags/example_short_circuit_operator.py took 0.074 seconds
[2024-10-08T12:44:40.175+0000] {processor.py:186} INFO - Started process (PID=1237) to work on /home/airflow/.local/lib/python3.12/site-packages/airflow/example_dags/example_short_circuit_operator.py
[2024-10-08T12:44:40.176+0000] {processor.py:914} INFO - Processing file /home/airflow/.local/lib/python3.12/site-packages/airflow/example_dags/example_short_circuit_operator.py for tasks to queue
[2024-10-08T12:44:40.178+0000] {logging_mixin.py:190} INFO - [2024-10-08T12:44:40.177+0000] {dagbag.py:588} INFO - Filling up the DagBag from /home/airflow/.local/lib/python3.12/site-packages/airflow/example_dags/example_short_circuit_operator.py
[2024-10-08T12:44:40.187+0000] {processor.py:925} INFO - DAG(s) 'example_short_circuit_operator' retrieved from /home/airflow/.local/lib/python3.12/site-packages/airflow/example_dags/example_short_circuit_operator.py
[2024-10-08T12:44:40.219+0000] {logging_mixin.py:190} INFO - [2024-10-08T12:44:40.218+0000] {dag.py:3239} INFO - Sync 1 DAGs
[2024-10-08T12:44:40.235+0000] {logging_mixin.py:190} INFO - [2024-10-08T12:44:40.234+0000] {dag.py:4180} INFO - Setting next_dagrun for example_short_circuit_operator to None, run_after=None
[2024-10-08T12:44:40.259+0000] {processor.py:208} INFO - Processing /home/airflow/.local/lib/python3.12/site-packages/airflow/example_dags/example_short_circuit_operator.py took 0.090 seconds
[2024-10-08T12:45:10.792+0000] {processor.py:186} INFO - Started process (PID=1306) to work on /home/airflow/.local/lib/python3.12/site-packages/airflow/example_dags/example_short_circuit_operator.py
[2024-10-08T12:45:10.793+0000] {processor.py:914} INFO - Processing file /home/airflow/.local/lib/python3.12/site-packages/airflow/example_dags/example_short_circuit_operator.py for tasks to queue
[2024-10-08T12:45:10.794+0000] {logging_mixin.py:190} INFO - [2024-10-08T12:45:10.794+0000] {dagbag.py:588} INFO - Filling up the DagBag from /home/airflow/.local/lib/python3.12/site-packages/airflow/example_dags/example_short_circuit_operator.py
[2024-10-08T12:45:10.804+0000] {processor.py:925} INFO - DAG(s) 'example_short_circuit_operator' retrieved from /home/airflow/.local/lib/python3.12/site-packages/airflow/example_dags/example_short_circuit_operator.py
[2024-10-08T12:45:10.827+0000] {logging_mixin.py:190} INFO - [2024-10-08T12:45:10.827+0000] {dag.py:3239} INFO - Sync 1 DAGs
[2024-10-08T12:45:10.844+0000] {logging_mixin.py:190} INFO - [2024-10-08T12:45:10.844+0000] {dag.py:4180} INFO - Setting next_dagrun for example_short_circuit_operator to None, run_after=None
[2024-10-08T12:45:10.865+0000] {processor.py:208} INFO - Processing /home/airflow/.local/lib/python3.12/site-packages/airflow/example_dags/example_short_circuit_operator.py took 0.080 seconds
[2024-10-08T12:45:41.138+0000] {processor.py:186} INFO - Started process (PID=1369) to work on /home/airflow/.local/lib/python3.12/site-packages/airflow/example_dags/example_short_circuit_operator.py
[2024-10-08T12:45:41.139+0000] {processor.py:914} INFO - Processing file /home/airflow/.local/lib/python3.12/site-packages/airflow/example_dags/example_short_circuit_operator.py for tasks to queue
[2024-10-08T12:45:41.140+0000] {logging_mixin.py:190} INFO - [2024-10-08T12:45:41.140+0000] {dagbag.py:588} INFO - Filling up the DagBag from /home/airflow/.local/lib/python3.12/site-packages/airflow/example_dags/example_short_circuit_operator.py
[2024-10-08T12:45:41.148+0000] {processor.py:925} INFO - DAG(s) 'example_short_circuit_operator' retrieved from /home/airflow/.local/lib/python3.12/site-packages/airflow/example_dags/example_short_circuit_operator.py
[2024-10-08T12:45:41.171+0000] {logging_mixin.py:190} INFO - [2024-10-08T12:45:41.171+0000] {dag.py:3239} INFO - Sync 1 DAGs
[2024-10-08T12:45:41.185+0000] {logging_mixin.py:190} INFO - [2024-10-08T12:45:41.185+0000] {dag.py:4180} INFO - Setting next_dagrun for example_short_circuit_operator to None, run_after=None
[2024-10-08T12:45:41.201+0000] {processor.py:208} INFO - Processing /home/airflow/.local/lib/python3.12/site-packages/airflow/example_dags/example_short_circuit_operator.py took 0.069 seconds
[2024-10-08T12:46:38.787+0000] {processor.py:186} INFO - Started process (PID=1403) to work on /home/airflow/.local/lib/python3.12/site-packages/airflow/example_dags/example_short_circuit_operator.py
[2024-10-08T12:46:38.789+0000] {processor.py:914} INFO - Processing file /home/airflow/.local/lib/python3.12/site-packages/airflow/example_dags/example_short_circuit_operator.py for tasks to queue
[2024-10-08T12:46:38.790+0000] {logging_mixin.py:190} INFO - [2024-10-08T12:46:38.789+0000] {dagbag.py:588} INFO - Filling up the DagBag from /home/airflow/.local/lib/python3.12/site-packages/airflow/example_dags/example_short_circuit_operator.py
[2024-10-08T12:46:38.800+0000] {processor.py:925} INFO - DAG(s) 'example_short_circuit_operator' retrieved from /home/airflow/.local/lib/python3.12/site-packages/airflow/example_dags/example_short_circuit_operator.py
[2024-10-08T12:46:38.823+0000] {logging_mixin.py:190} INFO - [2024-10-08T12:46:38.823+0000] {dag.py:3239} INFO - Sync 1 DAGs
[2024-10-08T12:46:38.838+0000] {logging_mixin.py:190} INFO - [2024-10-08T12:46:38.838+0000] {dag.py:4180} INFO - Setting next_dagrun for example_short_circuit_operator to None, run_after=None
[2024-10-08T12:46:38.860+0000] {processor.py:208} INFO - Processing /home/airflow/.local/lib/python3.12/site-packages/airflow/example_dags/example_short_circuit_operator.py took 0.080 seconds
[2024-10-08T12:47:09.316+0000] {processor.py:186} INFO - Started process (PID=1467) to work on /home/airflow/.local/lib/python3.12/site-packages/airflow/example_dags/example_short_circuit_operator.py
[2024-10-08T12:47:09.317+0000] {processor.py:914} INFO - Processing file /home/airflow/.local/lib/python3.12/site-packages/airflow/example_dags/example_short_circuit_operator.py for tasks to queue
[2024-10-08T12:47:09.318+0000] {logging_mixin.py:190} INFO - [2024-10-08T12:47:09.318+0000] {dagbag.py:588} INFO - Filling up the DagBag from /home/airflow/.local/lib/python3.12/site-packages/airflow/example_dags/example_short_circuit_operator.py
[2024-10-08T12:47:09.329+0000] {processor.py:925} INFO - DAG(s) 'example_short_circuit_operator' retrieved from /home/airflow/.local/lib/python3.12/site-packages/airflow/example_dags/example_short_circuit_operator.py
[2024-10-08T12:47:09.362+0000] {logging_mixin.py:190} INFO - [2024-10-08T12:47:09.362+0000] {dag.py:3239} INFO - Sync 1 DAGs
[2024-10-08T12:47:09.378+0000] {logging_mixin.py:190} INFO - [2024-10-08T12:47:09.377+0000] {dag.py:4180} INFO - Setting next_dagrun for example_short_circuit_operator to None, run_after=None
[2024-10-08T12:47:09.397+0000] {processor.py:208} INFO - Processing /home/airflow/.local/lib/python3.12/site-packages/airflow/example_dags/example_short_circuit_operator.py took 0.087 seconds
[2024-10-08T12:47:40.394+0000] {processor.py:186} INFO - Started process (PID=1523) to work on /home/airflow/.local/lib/python3.12/site-packages/airflow/example_dags/example_short_circuit_operator.py
[2024-10-08T12:47:40.396+0000] {processor.py:914} INFO - Processing file /home/airflow/.local/lib/python3.12/site-packages/airflow/example_dags/example_short_circuit_operator.py for tasks to queue
[2024-10-08T12:47:40.397+0000] {logging_mixin.py:190} INFO - [2024-10-08T12:47:40.397+0000] {dagbag.py:588} INFO - Filling up the DagBag from /home/airflow/.local/lib/python3.12/site-packages/airflow/example_dags/example_short_circuit_operator.py
[2024-10-08T12:47:40.406+0000] {processor.py:925} INFO - DAG(s) 'example_short_circuit_operator' retrieved from /home/airflow/.local/lib/python3.12/site-packages/airflow/example_dags/example_short_circuit_operator.py
[2024-10-08T12:47:40.428+0000] {logging_mixin.py:190} INFO - [2024-10-08T12:47:40.428+0000] {dag.py:3239} INFO - Sync 1 DAGs
[2024-10-08T12:47:40.444+0000] {logging_mixin.py:190} INFO - [2024-10-08T12:47:40.443+0000] {dag.py:4180} INFO - Setting next_dagrun for example_short_circuit_operator to None, run_after=None
[2024-10-08T12:47:40.464+0000] {processor.py:208} INFO - Processing /home/airflow/.local/lib/python3.12/site-packages/airflow/example_dags/example_short_circuit_operator.py took 0.076 seconds
[2024-10-08T12:48:11.013+0000] {processor.py:186} INFO - Started process (PID=1582) to work on /home/airflow/.local/lib/python3.12/site-packages/airflow/example_dags/example_short_circuit_operator.py
[2024-10-08T12:48:11.015+0000] {processor.py:914} INFO - Processing file /home/airflow/.local/lib/python3.12/site-packages/airflow/example_dags/example_short_circuit_operator.py for tasks to queue
[2024-10-08T12:48:11.016+0000] {logging_mixin.py:190} INFO - [2024-10-08T12:48:11.016+0000] {dagbag.py:588} INFO - Filling up the DagBag from /home/airflow/.local/lib/python3.12/site-packages/airflow/example_dags/example_short_circuit_operator.py
[2024-10-08T12:48:11.032+0000] {processor.py:925} INFO - DAG(s) 'example_short_circuit_operator' retrieved from /home/airflow/.local/lib/python3.12/site-packages/airflow/example_dags/example_short_circuit_operator.py
[2024-10-08T12:48:11.070+0000] {logging_mixin.py:190} INFO - [2024-10-08T12:48:11.070+0000] {dag.py:3239} INFO - Sync 1 DAGs
[2024-10-08T12:48:11.087+0000] {logging_mixin.py:190} INFO - [2024-10-08T12:48:11.087+0000] {dag.py:4180} INFO - Setting next_dagrun for example_short_circuit_operator to None, run_after=None
[2024-10-08T12:48:11.112+0000] {processor.py:208} INFO - Processing /home/airflow/.local/lib/python3.12/site-packages/airflow/example_dags/example_short_circuit_operator.py took 0.108 seconds
[2024-10-08T12:48:41.622+0000] {processor.py:186} INFO - Started process (PID=1640) to work on /home/airflow/.local/lib/python3.12/site-packages/airflow/example_dags/example_short_circuit_operator.py
[2024-10-08T12:48:41.623+0000] {processor.py:914} INFO - Processing file /home/airflow/.local/lib/python3.12/site-packages/airflow/example_dags/example_short_circuit_operator.py for tasks to queue
[2024-10-08T12:48:41.624+0000] {logging_mixin.py:190} INFO - [2024-10-08T12:48:41.624+0000] {dagbag.py:588} INFO - Filling up the DagBag from /home/airflow/.local/lib/python3.12/site-packages/airflow/example_dags/example_short_circuit_operator.py
[2024-10-08T12:48:41.633+0000] {processor.py:925} INFO - DAG(s) 'example_short_circuit_operator' retrieved from /home/airflow/.local/lib/python3.12/site-packages/airflow/example_dags/example_short_circuit_operator.py
[2024-10-08T12:48:41.658+0000] {logging_mixin.py:190} INFO - [2024-10-08T12:48:41.657+0000] {dag.py:3239} INFO - Sync 1 DAGs
[2024-10-08T12:48:41.673+0000] {logging_mixin.py:190} INFO - [2024-10-08T12:48:41.673+0000] {dag.py:4180} INFO - Setting next_dagrun for example_short_circuit_operator to None, run_after=None
[2024-10-08T12:48:41.692+0000] {processor.py:208} INFO - Processing /home/airflow/.local/lib/python3.12/site-packages/airflow/example_dags/example_short_circuit_operator.py took 0.077 seconds
[2024-10-08T12:49:28.015+0000] {processor.py:186} INFO - Started process (PID=1698) to work on /home/airflow/.local/lib/python3.12/site-packages/airflow/example_dags/example_short_circuit_operator.py
[2024-10-08T12:49:28.017+0000] {processor.py:914} INFO - Processing file /home/airflow/.local/lib/python3.12/site-packages/airflow/example_dags/example_short_circuit_operator.py for tasks to queue
[2024-10-08T12:49:28.018+0000] {logging_mixin.py:190} INFO - [2024-10-08T12:49:28.018+0000] {dagbag.py:588} INFO - Filling up the DagBag from /home/airflow/.local/lib/python3.12/site-packages/airflow/example_dags/example_short_circuit_operator.py
[2024-10-08T12:49:28.030+0000] {processor.py:925} INFO - DAG(s) 'example_short_circuit_operator' retrieved from /home/airflow/.local/lib/python3.12/site-packages/airflow/example_dags/example_short_circuit_operator.py
[2024-10-08T12:49:28.064+0000] {logging_mixin.py:190} INFO - [2024-10-08T12:49:28.063+0000] {dag.py:3239} INFO - Sync 1 DAGs
[2024-10-08T12:49:28.087+0000] {logging_mixin.py:190} INFO - [2024-10-08T12:49:28.087+0000] {dag.py:4180} INFO - Setting next_dagrun for example_short_circuit_operator to None, run_after=None
[2024-10-08T12:49:28.109+0000] {processor.py:208} INFO - Processing /home/airflow/.local/lib/python3.12/site-packages/airflow/example_dags/example_short_circuit_operator.py took 0.101 seconds
[2024-10-08T12:49:58.511+0000] {processor.py:186} INFO - Started process (PID=1758) to work on /home/airflow/.local/lib/python3.12/site-packages/airflow/example_dags/example_short_circuit_operator.py
[2024-10-08T12:49:58.513+0000] {processor.py:914} INFO - Processing file /home/airflow/.local/lib/python3.12/site-packages/airflow/example_dags/example_short_circuit_operator.py for tasks to queue
[2024-10-08T12:49:58.514+0000] {logging_mixin.py:190} INFO - [2024-10-08T12:49:58.514+0000] {dagbag.py:588} INFO - Filling up the DagBag from /home/airflow/.local/lib/python3.12/site-packages/airflow/example_dags/example_short_circuit_operator.py
[2024-10-08T12:49:58.525+0000] {processor.py:925} INFO - DAG(s) 'example_short_circuit_operator' retrieved from /home/airflow/.local/lib/python3.12/site-packages/airflow/example_dags/example_short_circuit_operator.py
[2024-10-08T12:49:58.551+0000] {logging_mixin.py:190} INFO - [2024-10-08T12:49:58.551+0000] {dag.py:3239} INFO - Sync 1 DAGs
[2024-10-08T12:49:58.570+0000] {logging_mixin.py:190} INFO - [2024-10-08T12:49:58.570+0000] {dag.py:4180} INFO - Setting next_dagrun for example_short_circuit_operator to None, run_after=None
[2024-10-08T12:49:58.598+0000] {processor.py:208} INFO - Processing /home/airflow/.local/lib/python3.12/site-packages/airflow/example_dags/example_short_circuit_operator.py took 0.093 seconds
