[2024-10-08T12:08:33.133+0000] {processor.py:186} INFO - Started process (PID=92) to work on /home/airflow/.local/lib/python3.12/site-packages/airflow/example_dags/example_external_task_marker_dag.py
[2024-10-08T12:08:33.133+0000] {processor.py:914} INFO - Processing file /home/airflow/.local/lib/python3.12/site-packages/airflow/example_dags/example_external_task_marker_dag.py for tasks to queue
[2024-10-08T12:08:33.136+0000] {logging_mixin.py:190} INFO - [2024-10-08T12:08:33.136+0000] {dagbag.py:588} INFO - Filling up the DagBag from /home/airflow/.local/lib/python3.12/site-packages/airflow/example_dags/example_external_task_marker_dag.py
[2024-10-08T12:08:33.144+0000] {processor.py:925} INFO - DAG(s) 'example_external_task_marker_child', 'example_external_task_marker_parent' retrieved from /home/airflow/.local/lib/python3.12/site-packages/airflow/example_dags/example_external_task_marker_dag.py
[2024-10-08T12:08:33.564+0000] {logging_mixin.py:190} INFO - [2024-10-08T12:08:33.563+0000] {override.py:1900} INFO - Created Permission View: can delete on DAG:example_external_task_marker_child
[2024-10-08T12:08:33.759+0000] {logging_mixin.py:190} INFO - [2024-10-08T12:08:33.758+0000] {override.py:1900} INFO - Created Permission View: can read on DAG:example_external_task_marker_child
[2024-10-08T12:08:33.774+0000] {logging_mixin.py:190} INFO - [2024-10-08T12:08:33.774+0000] {override.py:1900} INFO - Created Permission View: can edit on DAG:example_external_task_marker_child
[2024-10-08T12:08:33.786+0000] {logging_mixin.py:190} INFO - [2024-10-08T12:08:33.786+0000] {override.py:1900} INFO - Created Permission View: can create on DAG Run:example_external_task_marker_child
[2024-10-08T12:08:33.798+0000] {logging_mixin.py:190} INFO - [2024-10-08T12:08:33.797+0000] {override.py:1900} INFO - Created Permission View: can delete on DAG Run:example_external_task_marker_child
[2024-10-08T12:08:33.806+0000] {logging_mixin.py:190} INFO - [2024-10-08T12:08:33.806+0000] {override.py:1900} INFO - Created Permission View: menu access on DAG Run:example_external_task_marker_child
[2024-10-08T12:08:33.816+0000] {logging_mixin.py:190} INFO - [2024-10-08T12:08:33.815+0000] {override.py:1900} INFO - Created Permission View: can read on DAG Run:example_external_task_marker_child
[2024-10-08T12:08:33.833+0000] {logging_mixin.py:190} INFO - [2024-10-08T12:08:33.833+0000] {override.py:1900} INFO - Created Permission View: can delete on DAG:example_external_task_marker_parent
[2024-10-08T12:08:33.843+0000] {logging_mixin.py:190} INFO - [2024-10-08T12:08:33.843+0000] {override.py:1900} INFO - Created Permission View: can read on DAG:example_external_task_marker_parent
[2024-10-08T12:08:33.853+0000] {logging_mixin.py:190} INFO - [2024-10-08T12:08:33.852+0000] {override.py:1900} INFO - Created Permission View: can edit on DAG:example_external_task_marker_parent
[2024-10-08T12:08:33.867+0000] {logging_mixin.py:190} INFO - [2024-10-08T12:08:33.867+0000] {override.py:1900} INFO - Created Permission View: can create on DAG Run:example_external_task_marker_parent
[2024-10-08T12:08:33.878+0000] {logging_mixin.py:190} INFO - [2024-10-08T12:08:33.877+0000] {override.py:1900} INFO - Created Permission View: can delete on DAG Run:example_external_task_marker_parent
[2024-10-08T12:08:33.887+0000] {logging_mixin.py:190} INFO - [2024-10-08T12:08:33.887+0000] {override.py:1900} INFO - Created Permission View: menu access on DAG Run:example_external_task_marker_parent
[2024-10-08T12:08:33.897+0000] {logging_mixin.py:190} INFO - [2024-10-08T12:08:33.896+0000] {override.py:1900} INFO - Created Permission View: can read on DAG Run:example_external_task_marker_parent
[2024-10-08T12:08:33.897+0000] {logging_mixin.py:190} INFO - [2024-10-08T12:08:33.897+0000] {dag.py:3239} INFO - Sync 2 DAGs
[2024-10-08T12:08:33.912+0000] {logging_mixin.py:190} INFO - [2024-10-08T12:08:33.912+0000] {dag.py:3262} INFO - Creating ORM DAG for example_external_task_marker_parent
[2024-10-08T12:08:33.913+0000] {logging_mixin.py:190} INFO - [2024-10-08T12:08:33.913+0000] {dag.py:3262} INFO - Creating ORM DAG for example_external_task_marker_child
[2024-10-08T12:08:33.914+0000] {logging_mixin.py:190} INFO - [2024-10-08T12:08:33.914+0000] {dag.py:4180} INFO - Setting next_dagrun for example_external_task_marker_child to None, run_after=None
[2024-10-08T12:08:33.915+0000] {logging_mixin.py:190} INFO - [2024-10-08T12:08:33.915+0000] {dag.py:4180} INFO - Setting next_dagrun for example_external_task_marker_parent to None, run_after=None
[2024-10-08T12:08:33.936+0000] {processor.py:208} INFO - Processing /home/airflow/.local/lib/python3.12/site-packages/airflow/example_dags/example_external_task_marker_dag.py took 0.809 seconds
[2024-10-08T12:09:04.622+0000] {processor.py:186} INFO - Started process (PID=156) to work on /home/airflow/.local/lib/python3.12/site-packages/airflow/example_dags/example_external_task_marker_dag.py
[2024-10-08T12:09:04.624+0000] {processor.py:914} INFO - Processing file /home/airflow/.local/lib/python3.12/site-packages/airflow/example_dags/example_external_task_marker_dag.py for tasks to queue
[2024-10-08T12:09:04.633+0000] {logging_mixin.py:190} INFO - [2024-10-08T12:09:04.631+0000] {dagbag.py:588} INFO - Filling up the DagBag from /home/airflow/.local/lib/python3.12/site-packages/airflow/example_dags/example_external_task_marker_dag.py
[2024-10-08T12:09:04.653+0000] {processor.py:925} INFO - DAG(s) 'example_external_task_marker_parent', 'example_external_task_marker_child' retrieved from /home/airflow/.local/lib/python3.12/site-packages/airflow/example_dags/example_external_task_marker_dag.py
[2024-10-08T12:09:04.690+0000] {logging_mixin.py:190} INFO - [2024-10-08T12:09:04.690+0000] {dag.py:3239} INFO - Sync 2 DAGs
[2024-10-08T12:09:04.710+0000] {logging_mixin.py:190} INFO - [2024-10-08T12:09:04.710+0000] {dag.py:4180} INFO - Setting next_dagrun for example_external_task_marker_child to None, run_after=None
[2024-10-08T12:09:04.714+0000] {logging_mixin.py:190} INFO - [2024-10-08T12:09:04.714+0000] {dag.py:4180} INFO - Setting next_dagrun for example_external_task_marker_parent to None, run_after=None
[2024-10-08T12:09:04.747+0000] {processor.py:208} INFO - Processing /home/airflow/.local/lib/python3.12/site-packages/airflow/example_dags/example_external_task_marker_dag.py took 0.143 seconds
[2024-10-08T12:09:37.300+0000] {processor.py:186} INFO - Started process (PID=219) to work on /home/airflow/.local/lib/python3.12/site-packages/airflow/example_dags/example_external_task_marker_dag.py
[2024-10-08T12:09:37.301+0000] {processor.py:914} INFO - Processing file /home/airflow/.local/lib/python3.12/site-packages/airflow/example_dags/example_external_task_marker_dag.py for tasks to queue
[2024-10-08T12:09:37.305+0000] {logging_mixin.py:190} INFO - [2024-10-08T12:09:37.304+0000] {dagbag.py:588} INFO - Filling up the DagBag from /home/airflow/.local/lib/python3.12/site-packages/airflow/example_dags/example_external_task_marker_dag.py
[2024-10-08T12:09:37.319+0000] {processor.py:925} INFO - DAG(s) 'example_external_task_marker_child', 'example_external_task_marker_parent' retrieved from /home/airflow/.local/lib/python3.12/site-packages/airflow/example_dags/example_external_task_marker_dag.py
[2024-10-08T12:09:37.347+0000] {logging_mixin.py:190} INFO - [2024-10-08T12:09:37.347+0000] {dag.py:3239} INFO - Sync 2 DAGs
[2024-10-08T12:09:37.364+0000] {logging_mixin.py:190} INFO - [2024-10-08T12:09:37.364+0000] {dag.py:4180} INFO - Setting next_dagrun for example_external_task_marker_child to None, run_after=None
[2024-10-08T12:09:37.371+0000] {logging_mixin.py:190} INFO - [2024-10-08T12:09:37.370+0000] {dag.py:4180} INFO - Setting next_dagrun for example_external_task_marker_parent to None, run_after=None
[2024-10-08T12:09:37.394+0000] {processor.py:208} INFO - Processing /home/airflow/.local/lib/python3.12/site-packages/airflow/example_dags/example_external_task_marker_dag.py took 0.104 seconds
[2024-10-08T12:10:07.659+0000] {processor.py:186} INFO - Started process (PID=282) to work on /home/airflow/.local/lib/python3.12/site-packages/airflow/example_dags/example_external_task_marker_dag.py
[2024-10-08T12:10:07.661+0000] {processor.py:914} INFO - Processing file /home/airflow/.local/lib/python3.12/site-packages/airflow/example_dags/example_external_task_marker_dag.py for tasks to queue
[2024-10-08T12:10:07.664+0000] {logging_mixin.py:190} INFO - [2024-10-08T12:10:07.664+0000] {dagbag.py:588} INFO - Filling up the DagBag from /home/airflow/.local/lib/python3.12/site-packages/airflow/example_dags/example_external_task_marker_dag.py
[2024-10-08T12:10:07.679+0000] {processor.py:925} INFO - DAG(s) 'example_external_task_marker_parent', 'example_external_task_marker_child' retrieved from /home/airflow/.local/lib/python3.12/site-packages/airflow/example_dags/example_external_task_marker_dag.py
[2024-10-08T12:10:07.714+0000] {logging_mixin.py:190} INFO - [2024-10-08T12:10:07.713+0000] {dag.py:3239} INFO - Sync 2 DAGs
[2024-10-08T12:10:07.743+0000] {logging_mixin.py:190} INFO - [2024-10-08T12:10:07.742+0000] {dag.py:4180} INFO - Setting next_dagrun for example_external_task_marker_child to None, run_after=None
[2024-10-08T12:10:07.749+0000] {logging_mixin.py:190} INFO - [2024-10-08T12:10:07.749+0000] {dag.py:4180} INFO - Setting next_dagrun for example_external_task_marker_parent to None, run_after=None
[2024-10-08T12:10:07.775+0000] {processor.py:208} INFO - Processing /home/airflow/.local/lib/python3.12/site-packages/airflow/example_dags/example_external_task_marker_dag.py took 0.123 seconds
[2024-10-08T12:10:37.858+0000] {processor.py:186} INFO - Started process (PID=345) to work on /home/airflow/.local/lib/python3.12/site-packages/airflow/example_dags/example_external_task_marker_dag.py
[2024-10-08T12:10:37.859+0000] {processor.py:914} INFO - Processing file /home/airflow/.local/lib/python3.12/site-packages/airflow/example_dags/example_external_task_marker_dag.py for tasks to queue
[2024-10-08T12:10:37.861+0000] {logging_mixin.py:190} INFO - [2024-10-08T12:10:37.861+0000] {dagbag.py:588} INFO - Filling up the DagBag from /home/airflow/.local/lib/python3.12/site-packages/airflow/example_dags/example_external_task_marker_dag.py
[2024-10-08T12:10:37.870+0000] {processor.py:925} INFO - DAG(s) 'example_external_task_marker_parent', 'example_external_task_marker_child' retrieved from /home/airflow/.local/lib/python3.12/site-packages/airflow/example_dags/example_external_task_marker_dag.py
[2024-10-08T12:10:37.890+0000] {logging_mixin.py:190} INFO - [2024-10-08T12:10:37.890+0000] {dag.py:3239} INFO - Sync 2 DAGs
[2024-10-08T12:10:37.904+0000] {logging_mixin.py:190} INFO - [2024-10-08T12:10:37.904+0000] {dag.py:4180} INFO - Setting next_dagrun for example_external_task_marker_child to None, run_after=None
[2024-10-08T12:10:37.908+0000] {logging_mixin.py:190} INFO - [2024-10-08T12:10:37.908+0000] {dag.py:4180} INFO - Setting next_dagrun for example_external_task_marker_parent to None, run_after=None
[2024-10-08T12:10:37.924+0000] {processor.py:208} INFO - Processing /home/airflow/.local/lib/python3.12/site-packages/airflow/example_dags/example_external_task_marker_dag.py took 0.072 seconds
[2024-10-08T12:11:08.623+0000] {processor.py:186} INFO - Started process (PID=408) to work on /home/airflow/.local/lib/python3.12/site-packages/airflow/example_dags/example_external_task_marker_dag.py
[2024-10-08T12:11:08.624+0000] {processor.py:914} INFO - Processing file /home/airflow/.local/lib/python3.12/site-packages/airflow/example_dags/example_external_task_marker_dag.py for tasks to queue
[2024-10-08T12:11:08.626+0000] {logging_mixin.py:190} INFO - [2024-10-08T12:11:08.626+0000] {dagbag.py:588} INFO - Filling up the DagBag from /home/airflow/.local/lib/python3.12/site-packages/airflow/example_dags/example_external_task_marker_dag.py
[2024-10-08T12:11:08.633+0000] {processor.py:925} INFO - DAG(s) 'example_external_task_marker_parent', 'example_external_task_marker_child' retrieved from /home/airflow/.local/lib/python3.12/site-packages/airflow/example_dags/example_external_task_marker_dag.py
[2024-10-08T12:11:08.655+0000] {logging_mixin.py:190} INFO - [2024-10-08T12:11:08.654+0000] {dag.py:3239} INFO - Sync 2 DAGs
[2024-10-08T12:11:08.668+0000] {logging_mixin.py:190} INFO - [2024-10-08T12:11:08.668+0000] {dag.py:4180} INFO - Setting next_dagrun for example_external_task_marker_child to None, run_after=None
[2024-10-08T12:11:08.672+0000] {logging_mixin.py:190} INFO - [2024-10-08T12:11:08.672+0000] {dag.py:4180} INFO - Setting next_dagrun for example_external_task_marker_parent to None, run_after=None
[2024-10-08T12:11:08.688+0000] {processor.py:208} INFO - Processing /home/airflow/.local/lib/python3.12/site-packages/airflow/example_dags/example_external_task_marker_dag.py took 0.070 seconds
[2024-10-08T12:11:39.139+0000] {processor.py:186} INFO - Started process (PID=471) to work on /home/airflow/.local/lib/python3.12/site-packages/airflow/example_dags/example_external_task_marker_dag.py
[2024-10-08T12:11:39.140+0000] {processor.py:914} INFO - Processing file /home/airflow/.local/lib/python3.12/site-packages/airflow/example_dags/example_external_task_marker_dag.py for tasks to queue
[2024-10-08T12:11:39.143+0000] {logging_mixin.py:190} INFO - [2024-10-08T12:11:39.142+0000] {dagbag.py:588} INFO - Filling up the DagBag from /home/airflow/.local/lib/python3.12/site-packages/airflow/example_dags/example_external_task_marker_dag.py
[2024-10-08T12:11:39.151+0000] {processor.py:925} INFO - DAG(s) 'example_external_task_marker_parent', 'example_external_task_marker_child' retrieved from /home/airflow/.local/lib/python3.12/site-packages/airflow/example_dags/example_external_task_marker_dag.py
[2024-10-08T12:11:39.173+0000] {logging_mixin.py:190} INFO - [2024-10-08T12:11:39.172+0000] {dag.py:3239} INFO - Sync 2 DAGs
[2024-10-08T12:11:39.188+0000] {logging_mixin.py:190} INFO - [2024-10-08T12:11:39.188+0000] {dag.py:4180} INFO - Setting next_dagrun for example_external_task_marker_child to None, run_after=None
[2024-10-08T12:11:39.191+0000] {logging_mixin.py:190} INFO - [2024-10-08T12:11:39.191+0000] {dag.py:4180} INFO - Setting next_dagrun for example_external_task_marker_parent to None, run_after=None
[2024-10-08T12:11:39.211+0000] {processor.py:208} INFO - Processing /home/airflow/.local/lib/python3.12/site-packages/airflow/example_dags/example_external_task_marker_dag.py took 0.078 seconds
[2024-10-08T12:12:09.933+0000] {processor.py:186} INFO - Started process (PID=534) to work on /home/airflow/.local/lib/python3.12/site-packages/airflow/example_dags/example_external_task_marker_dag.py
[2024-10-08T12:12:09.934+0000] {processor.py:914} INFO - Processing file /home/airflow/.local/lib/python3.12/site-packages/airflow/example_dags/example_external_task_marker_dag.py for tasks to queue
[2024-10-08T12:12:09.936+0000] {logging_mixin.py:190} INFO - [2024-10-08T12:12:09.935+0000] {dagbag.py:588} INFO - Filling up the DagBag from /home/airflow/.local/lib/python3.12/site-packages/airflow/example_dags/example_external_task_marker_dag.py
[2024-10-08T12:12:09.946+0000] {processor.py:925} INFO - DAG(s) 'example_external_task_marker_child', 'example_external_task_marker_parent' retrieved from /home/airflow/.local/lib/python3.12/site-packages/airflow/example_dags/example_external_task_marker_dag.py
[2024-10-08T12:12:09.969+0000] {logging_mixin.py:190} INFO - [2024-10-08T12:12:09.969+0000] {dag.py:3239} INFO - Sync 2 DAGs
[2024-10-08T12:12:09.987+0000] {logging_mixin.py:190} INFO - [2024-10-08T12:12:09.987+0000] {dag.py:4180} INFO - Setting next_dagrun for example_external_task_marker_child to None, run_after=None
[2024-10-08T12:12:09.991+0000] {logging_mixin.py:190} INFO - [2024-10-08T12:12:09.991+0000] {dag.py:4180} INFO - Setting next_dagrun for example_external_task_marker_parent to None, run_after=None
[2024-10-08T12:12:10.012+0000] {processor.py:208} INFO - Processing /home/airflow/.local/lib/python3.12/site-packages/airflow/example_dags/example_external_task_marker_dag.py took 0.086 seconds
[2024-10-08T12:12:40.991+0000] {processor.py:186} INFO - Started process (PID=597) to work on /home/airflow/.local/lib/python3.12/site-packages/airflow/example_dags/example_external_task_marker_dag.py
[2024-10-08T12:12:40.992+0000] {processor.py:914} INFO - Processing file /home/airflow/.local/lib/python3.12/site-packages/airflow/example_dags/example_external_task_marker_dag.py for tasks to queue
[2024-10-08T12:12:40.994+0000] {logging_mixin.py:190} INFO - [2024-10-08T12:12:40.994+0000] {dagbag.py:588} INFO - Filling up the DagBag from /home/airflow/.local/lib/python3.12/site-packages/airflow/example_dags/example_external_task_marker_dag.py
[2024-10-08T12:12:41.005+0000] {processor.py:925} INFO - DAG(s) 'example_external_task_marker_parent', 'example_external_task_marker_child' retrieved from /home/airflow/.local/lib/python3.12/site-packages/airflow/example_dags/example_external_task_marker_dag.py
[2024-10-08T12:12:41.033+0000] {logging_mixin.py:190} INFO - [2024-10-08T12:12:41.033+0000] {dag.py:3239} INFO - Sync 2 DAGs
[2024-10-08T12:12:41.050+0000] {logging_mixin.py:190} INFO - [2024-10-08T12:12:41.050+0000] {dag.py:4180} INFO - Setting next_dagrun for example_external_task_marker_child to None, run_after=None
[2024-10-08T12:12:41.054+0000] {logging_mixin.py:190} INFO - [2024-10-08T12:12:41.054+0000] {dag.py:4180} INFO - Setting next_dagrun for example_external_task_marker_parent to None, run_after=None
[2024-10-08T12:12:41.074+0000] {processor.py:208} INFO - Processing /home/airflow/.local/lib/python3.12/site-packages/airflow/example_dags/example_external_task_marker_dag.py took 0.090 seconds
[2024-10-08T12:13:12.280+0000] {processor.py:186} INFO - Started process (PID=660) to work on /home/airflow/.local/lib/python3.12/site-packages/airflow/example_dags/example_external_task_marker_dag.py
[2024-10-08T12:13:12.281+0000] {processor.py:914} INFO - Processing file /home/airflow/.local/lib/python3.12/site-packages/airflow/example_dags/example_external_task_marker_dag.py for tasks to queue
[2024-10-08T12:13:12.285+0000] {logging_mixin.py:190} INFO - [2024-10-08T12:13:12.284+0000] {dagbag.py:588} INFO - Filling up the DagBag from /home/airflow/.local/lib/python3.12/site-packages/airflow/example_dags/example_external_task_marker_dag.py
[2024-10-08T12:13:12.294+0000] {processor.py:925} INFO - DAG(s) 'example_external_task_marker_child', 'example_external_task_marker_parent' retrieved from /home/airflow/.local/lib/python3.12/site-packages/airflow/example_dags/example_external_task_marker_dag.py
[2024-10-08T12:13:12.319+0000] {logging_mixin.py:190} INFO - [2024-10-08T12:13:12.318+0000] {dag.py:3239} INFO - Sync 2 DAGs
[2024-10-08T12:13:12.336+0000] {logging_mixin.py:190} INFO - [2024-10-08T12:13:12.336+0000] {dag.py:4180} INFO - Setting next_dagrun for example_external_task_marker_child to None, run_after=None
[2024-10-08T12:13:12.340+0000] {logging_mixin.py:190} INFO - [2024-10-08T12:13:12.340+0000] {dag.py:4180} INFO - Setting next_dagrun for example_external_task_marker_parent to None, run_after=None
[2024-10-08T12:13:12.359+0000] {processor.py:208} INFO - Processing /home/airflow/.local/lib/python3.12/site-packages/airflow/example_dags/example_external_task_marker_dag.py took 0.086 seconds
[2024-10-08T12:13:43.023+0000] {processor.py:186} INFO - Started process (PID=723) to work on /home/airflow/.local/lib/python3.12/site-packages/airflow/example_dags/example_external_task_marker_dag.py
[2024-10-08T12:13:43.024+0000] {processor.py:914} INFO - Processing file /home/airflow/.local/lib/python3.12/site-packages/airflow/example_dags/example_external_task_marker_dag.py for tasks to queue
[2024-10-08T12:13:43.026+0000] {logging_mixin.py:190} INFO - [2024-10-08T12:13:43.026+0000] {dagbag.py:588} INFO - Filling up the DagBag from /home/airflow/.local/lib/python3.12/site-packages/airflow/example_dags/example_external_task_marker_dag.py
[2024-10-08T12:13:43.035+0000] {processor.py:925} INFO - DAG(s) 'example_external_task_marker_child', 'example_external_task_marker_parent' retrieved from /home/airflow/.local/lib/python3.12/site-packages/airflow/example_dags/example_external_task_marker_dag.py
[2024-10-08T12:13:43.060+0000] {logging_mixin.py:190} INFO - [2024-10-08T12:13:43.060+0000] {dag.py:3239} INFO - Sync 2 DAGs
[2024-10-08T12:13:43.078+0000] {logging_mixin.py:190} INFO - [2024-10-08T12:13:43.078+0000] {dag.py:4180} INFO - Setting next_dagrun for example_external_task_marker_child to None, run_after=None
[2024-10-08T12:13:43.082+0000] {logging_mixin.py:190} INFO - [2024-10-08T12:13:43.082+0000] {dag.py:4180} INFO - Setting next_dagrun for example_external_task_marker_parent to None, run_after=None
[2024-10-08T12:13:43.102+0000] {processor.py:208} INFO - Processing /home/airflow/.local/lib/python3.12/site-packages/airflow/example_dags/example_external_task_marker_dag.py took 0.086 seconds
[2024-10-08T12:14:13.576+0000] {processor.py:186} INFO - Started process (PID=786) to work on /home/airflow/.local/lib/python3.12/site-packages/airflow/example_dags/example_external_task_marker_dag.py
[2024-10-08T12:14:13.577+0000] {processor.py:914} INFO - Processing file /home/airflow/.local/lib/python3.12/site-packages/airflow/example_dags/example_external_task_marker_dag.py for tasks to queue
[2024-10-08T12:14:13.579+0000] {logging_mixin.py:190} INFO - [2024-10-08T12:14:13.579+0000] {dagbag.py:588} INFO - Filling up the DagBag from /home/airflow/.local/lib/python3.12/site-packages/airflow/example_dags/example_external_task_marker_dag.py
[2024-10-08T12:14:13.590+0000] {processor.py:925} INFO - DAG(s) 'example_external_task_marker_parent', 'example_external_task_marker_child' retrieved from /home/airflow/.local/lib/python3.12/site-packages/airflow/example_dags/example_external_task_marker_dag.py
[2024-10-08T12:14:13.621+0000] {logging_mixin.py:190} INFO - [2024-10-08T12:14:13.620+0000] {dag.py:3239} INFO - Sync 2 DAGs
[2024-10-08T12:14:13.637+0000] {logging_mixin.py:190} INFO - [2024-10-08T12:14:13.637+0000] {dag.py:4180} INFO - Setting next_dagrun for example_external_task_marker_child to None, run_after=None
[2024-10-08T12:14:13.641+0000] {logging_mixin.py:190} INFO - [2024-10-08T12:14:13.641+0000] {dag.py:4180} INFO - Setting next_dagrun for example_external_task_marker_parent to None, run_after=None
[2024-10-08T12:14:13.662+0000] {processor.py:208} INFO - Processing /home/airflow/.local/lib/python3.12/site-packages/airflow/example_dags/example_external_task_marker_dag.py took 0.092 seconds
[2024-10-08T12:14:44.200+0000] {processor.py:186} INFO - Started process (PID=849) to work on /home/airflow/.local/lib/python3.12/site-packages/airflow/example_dags/example_external_task_marker_dag.py
[2024-10-08T12:14:44.201+0000] {processor.py:914} INFO - Processing file /home/airflow/.local/lib/python3.12/site-packages/airflow/example_dags/example_external_task_marker_dag.py for tasks to queue
[2024-10-08T12:14:44.204+0000] {logging_mixin.py:190} INFO - [2024-10-08T12:14:44.203+0000] {dagbag.py:588} INFO - Filling up the DagBag from /home/airflow/.local/lib/python3.12/site-packages/airflow/example_dags/example_external_task_marker_dag.py
[2024-10-08T12:14:44.212+0000] {processor.py:925} INFO - DAG(s) 'example_external_task_marker_parent', 'example_external_task_marker_child' retrieved from /home/airflow/.local/lib/python3.12/site-packages/airflow/example_dags/example_external_task_marker_dag.py
[2024-10-08T12:14:44.233+0000] {logging_mixin.py:190} INFO - [2024-10-08T12:14:44.233+0000] {dag.py:3239} INFO - Sync 2 DAGs
[2024-10-08T12:14:44.252+0000] {logging_mixin.py:190} INFO - [2024-10-08T12:14:44.251+0000] {dag.py:4180} INFO - Setting next_dagrun for example_external_task_marker_child to None, run_after=None
[2024-10-08T12:14:44.255+0000] {logging_mixin.py:190} INFO - [2024-10-08T12:14:44.255+0000] {dag.py:4180} INFO - Setting next_dagrun for example_external_task_marker_parent to None, run_after=None
[2024-10-08T12:14:44.272+0000] {processor.py:208} INFO - Processing /home/airflow/.local/lib/python3.12/site-packages/airflow/example_dags/example_external_task_marker_dag.py took 0.078 seconds
[2024-10-08T12:15:14.726+0000] {processor.py:186} INFO - Started process (PID=912) to work on /home/airflow/.local/lib/python3.12/site-packages/airflow/example_dags/example_external_task_marker_dag.py
[2024-10-08T12:15:14.727+0000] {processor.py:914} INFO - Processing file /home/airflow/.local/lib/python3.12/site-packages/airflow/example_dags/example_external_task_marker_dag.py for tasks to queue
[2024-10-08T12:15:14.729+0000] {logging_mixin.py:190} INFO - [2024-10-08T12:15:14.729+0000] {dagbag.py:588} INFO - Filling up the DagBag from /home/airflow/.local/lib/python3.12/site-packages/airflow/example_dags/example_external_task_marker_dag.py
[2024-10-08T12:15:14.738+0000] {processor.py:925} INFO - DAG(s) 'example_external_task_marker_parent', 'example_external_task_marker_child' retrieved from /home/airflow/.local/lib/python3.12/site-packages/airflow/example_dags/example_external_task_marker_dag.py
[2024-10-08T12:15:14.765+0000] {logging_mixin.py:190} INFO - [2024-10-08T12:15:14.765+0000] {dag.py:3239} INFO - Sync 2 DAGs
[2024-10-08T12:15:14.780+0000] {logging_mixin.py:190} INFO - [2024-10-08T12:15:14.780+0000] {dag.py:4180} INFO - Setting next_dagrun for example_external_task_marker_child to None, run_after=None
[2024-10-08T12:15:14.784+0000] {logging_mixin.py:190} INFO - [2024-10-08T12:15:14.784+0000] {dag.py:4180} INFO - Setting next_dagrun for example_external_task_marker_parent to None, run_after=None
[2024-10-08T12:15:14.801+0000] {processor.py:208} INFO - Processing /home/airflow/.local/lib/python3.12/site-packages/airflow/example_dags/example_external_task_marker_dag.py took 0.081 seconds
[2024-10-08T12:15:45.486+0000] {processor.py:186} INFO - Started process (PID=976) to work on /home/airflow/.local/lib/python3.12/site-packages/airflow/example_dags/example_external_task_marker_dag.py
[2024-10-08T12:15:45.487+0000] {processor.py:914} INFO - Processing file /home/airflow/.local/lib/python3.12/site-packages/airflow/example_dags/example_external_task_marker_dag.py for tasks to queue
[2024-10-08T12:15:45.489+0000] {logging_mixin.py:190} INFO - [2024-10-08T12:15:45.489+0000] {dagbag.py:588} INFO - Filling up the DagBag from /home/airflow/.local/lib/python3.12/site-packages/airflow/example_dags/example_external_task_marker_dag.py
[2024-10-08T12:15:45.497+0000] {processor.py:925} INFO - DAG(s) 'example_external_task_marker_parent', 'example_external_task_marker_child' retrieved from /home/airflow/.local/lib/python3.12/site-packages/airflow/example_dags/example_external_task_marker_dag.py
[2024-10-08T12:15:45.518+0000] {logging_mixin.py:190} INFO - [2024-10-08T12:15:45.518+0000] {dag.py:3239} INFO - Sync 2 DAGs
[2024-10-08T12:15:45.533+0000] {logging_mixin.py:190} INFO - [2024-10-08T12:15:45.532+0000] {dag.py:4180} INFO - Setting next_dagrun for example_external_task_marker_child to None, run_after=None
[2024-10-08T12:15:45.536+0000] {logging_mixin.py:190} INFO - [2024-10-08T12:15:45.536+0000] {dag.py:4180} INFO - Setting next_dagrun for example_external_task_marker_parent to None, run_after=None
[2024-10-08T12:15:45.552+0000] {processor.py:208} INFO - Processing /home/airflow/.local/lib/python3.12/site-packages/airflow/example_dags/example_external_task_marker_dag.py took 0.073 seconds
[2024-10-08T12:16:16.042+0000] {processor.py:186} INFO - Started process (PID=1039) to work on /home/airflow/.local/lib/python3.12/site-packages/airflow/example_dags/example_external_task_marker_dag.py
[2024-10-08T12:16:16.044+0000] {processor.py:914} INFO - Processing file /home/airflow/.local/lib/python3.12/site-packages/airflow/example_dags/example_external_task_marker_dag.py for tasks to queue
[2024-10-08T12:16:16.046+0000] {logging_mixin.py:190} INFO - [2024-10-08T12:16:16.045+0000] {dagbag.py:588} INFO - Filling up the DagBag from /home/airflow/.local/lib/python3.12/site-packages/airflow/example_dags/example_external_task_marker_dag.py
[2024-10-08T12:16:16.053+0000] {processor.py:925} INFO - DAG(s) 'example_external_task_marker_child', 'example_external_task_marker_parent' retrieved from /home/airflow/.local/lib/python3.12/site-packages/airflow/example_dags/example_external_task_marker_dag.py
[2024-10-08T12:16:16.073+0000] {logging_mixin.py:190} INFO - [2024-10-08T12:16:16.073+0000] {dag.py:3239} INFO - Sync 2 DAGs
[2024-10-08T12:16:16.090+0000] {logging_mixin.py:190} INFO - [2024-10-08T12:16:16.090+0000] {dag.py:4180} INFO - Setting next_dagrun for example_external_task_marker_child to None, run_after=None
[2024-10-08T12:16:16.094+0000] {logging_mixin.py:190} INFO - [2024-10-08T12:16:16.094+0000] {dag.py:4180} INFO - Setting next_dagrun for example_external_task_marker_parent to None, run_after=None
[2024-10-08T12:16:16.112+0000] {processor.py:208} INFO - Processing /home/airflow/.local/lib/python3.12/site-packages/airflow/example_dags/example_external_task_marker_dag.py took 0.075 seconds
[2024-10-08T12:16:46.826+0000] {processor.py:186} INFO - Started process (PID=1102) to work on /home/airflow/.local/lib/python3.12/site-packages/airflow/example_dags/example_external_task_marker_dag.py
[2024-10-08T12:16:46.828+0000] {processor.py:914} INFO - Processing file /home/airflow/.local/lib/python3.12/site-packages/airflow/example_dags/example_external_task_marker_dag.py for tasks to queue
[2024-10-08T12:16:46.830+0000] {logging_mixin.py:190} INFO - [2024-10-08T12:16:46.830+0000] {dagbag.py:588} INFO - Filling up the DagBag from /home/airflow/.local/lib/python3.12/site-packages/airflow/example_dags/example_external_task_marker_dag.py
[2024-10-08T12:16:46.839+0000] {processor.py:925} INFO - DAG(s) 'example_external_task_marker_parent', 'example_external_task_marker_child' retrieved from /home/airflow/.local/lib/python3.12/site-packages/airflow/example_dags/example_external_task_marker_dag.py
[2024-10-08T12:16:46.863+0000] {logging_mixin.py:190} INFO - [2024-10-08T12:16:46.863+0000] {dag.py:3239} INFO - Sync 2 DAGs
[2024-10-08T12:16:46.879+0000] {logging_mixin.py:190} INFO - [2024-10-08T12:16:46.878+0000] {dag.py:4180} INFO - Setting next_dagrun for example_external_task_marker_child to None, run_after=None
[2024-10-08T12:16:46.883+0000] {logging_mixin.py:190} INFO - [2024-10-08T12:16:46.883+0000] {dag.py:4180} INFO - Setting next_dagrun for example_external_task_marker_parent to None, run_after=None
[2024-10-08T12:16:46.900+0000] {processor.py:208} INFO - Processing /home/airflow/.local/lib/python3.12/site-packages/airflow/example_dags/example_external_task_marker_dag.py took 0.080 seconds
[2024-10-08T12:17:17.482+0000] {processor.py:186} INFO - Started process (PID=1165) to work on /home/airflow/.local/lib/python3.12/site-packages/airflow/example_dags/example_external_task_marker_dag.py
[2024-10-08T12:17:17.484+0000] {processor.py:914} INFO - Processing file /home/airflow/.local/lib/python3.12/site-packages/airflow/example_dags/example_external_task_marker_dag.py for tasks to queue
[2024-10-08T12:17:17.486+0000] {logging_mixin.py:190} INFO - [2024-10-08T12:17:17.486+0000] {dagbag.py:588} INFO - Filling up the DagBag from /home/airflow/.local/lib/python3.12/site-packages/airflow/example_dags/example_external_task_marker_dag.py
[2024-10-08T12:17:17.495+0000] {processor.py:925} INFO - DAG(s) 'example_external_task_marker_parent', 'example_external_task_marker_child' retrieved from /home/airflow/.local/lib/python3.12/site-packages/airflow/example_dags/example_external_task_marker_dag.py
[2024-10-08T12:17:17.520+0000] {logging_mixin.py:190} INFO - [2024-10-08T12:17:17.519+0000] {dag.py:3239} INFO - Sync 2 DAGs
[2024-10-08T12:17:17.536+0000] {logging_mixin.py:190} INFO - [2024-10-08T12:17:17.535+0000] {dag.py:4180} INFO - Setting next_dagrun for example_external_task_marker_child to None, run_after=None
[2024-10-08T12:17:17.539+0000] {logging_mixin.py:190} INFO - [2024-10-08T12:17:17.539+0000] {dag.py:4180} INFO - Setting next_dagrun for example_external_task_marker_parent to None, run_after=None
[2024-10-08T12:17:17.557+0000] {processor.py:208} INFO - Processing /home/airflow/.local/lib/python3.12/site-packages/airflow/example_dags/example_external_task_marker_dag.py took 0.080 seconds
[2024-10-08T12:17:48.184+0000] {processor.py:186} INFO - Started process (PID=1229) to work on /home/airflow/.local/lib/python3.12/site-packages/airflow/example_dags/example_external_task_marker_dag.py
[2024-10-08T12:17:48.185+0000] {processor.py:914} INFO - Processing file /home/airflow/.local/lib/python3.12/site-packages/airflow/example_dags/example_external_task_marker_dag.py for tasks to queue
[2024-10-08T12:17:48.188+0000] {logging_mixin.py:190} INFO - [2024-10-08T12:17:48.187+0000] {dagbag.py:588} INFO - Filling up the DagBag from /home/airflow/.local/lib/python3.12/site-packages/airflow/example_dags/example_external_task_marker_dag.py
[2024-10-08T12:17:48.197+0000] {processor.py:925} INFO - DAG(s) 'example_external_task_marker_parent', 'example_external_task_marker_child' retrieved from /home/airflow/.local/lib/python3.12/site-packages/airflow/example_dags/example_external_task_marker_dag.py
[2024-10-08T12:17:48.221+0000] {logging_mixin.py:190} INFO - [2024-10-08T12:17:48.221+0000] {dag.py:3239} INFO - Sync 2 DAGs
[2024-10-08T12:17:48.236+0000] {logging_mixin.py:190} INFO - [2024-10-08T12:17:48.235+0000] {dag.py:4180} INFO - Setting next_dagrun for example_external_task_marker_child to None, run_after=None
[2024-10-08T12:17:48.239+0000] {logging_mixin.py:190} INFO - [2024-10-08T12:17:48.239+0000] {dag.py:4180} INFO - Setting next_dagrun for example_external_task_marker_parent to None, run_after=None
[2024-10-08T12:17:48.255+0000] {processor.py:208} INFO - Processing /home/airflow/.local/lib/python3.12/site-packages/airflow/example_dags/example_external_task_marker_dag.py took 0.077 seconds
[2024-10-08T12:18:18.947+0000] {processor.py:186} INFO - Started process (PID=1292) to work on /home/airflow/.local/lib/python3.12/site-packages/airflow/example_dags/example_external_task_marker_dag.py
[2024-10-08T12:18:18.948+0000] {processor.py:914} INFO - Processing file /home/airflow/.local/lib/python3.12/site-packages/airflow/example_dags/example_external_task_marker_dag.py for tasks to queue
[2024-10-08T12:18:18.950+0000] {logging_mixin.py:190} INFO - [2024-10-08T12:18:18.950+0000] {dagbag.py:588} INFO - Filling up the DagBag from /home/airflow/.local/lib/python3.12/site-packages/airflow/example_dags/example_external_task_marker_dag.py
[2024-10-08T12:18:18.958+0000] {processor.py:925} INFO - DAG(s) 'example_external_task_marker_parent', 'example_external_task_marker_child' retrieved from /home/airflow/.local/lib/python3.12/site-packages/airflow/example_dags/example_external_task_marker_dag.py
[2024-10-08T12:18:18.983+0000] {logging_mixin.py:190} INFO - [2024-10-08T12:18:18.982+0000] {dag.py:3239} INFO - Sync 2 DAGs
[2024-10-08T12:18:19.000+0000] {logging_mixin.py:190} INFO - [2024-10-08T12:18:19.000+0000] {dag.py:4180} INFO - Setting next_dagrun for example_external_task_marker_child to None, run_after=None
[2024-10-08T12:18:19.004+0000] {logging_mixin.py:190} INFO - [2024-10-08T12:18:19.004+0000] {dag.py:4180} INFO - Setting next_dagrun for example_external_task_marker_parent to None, run_after=None
[2024-10-08T12:18:19.023+0000] {processor.py:208} INFO - Processing /home/airflow/.local/lib/python3.12/site-packages/airflow/example_dags/example_external_task_marker_dag.py took 0.082 seconds
[2024-10-08T12:18:49.846+0000] {processor.py:186} INFO - Started process (PID=1355) to work on /home/airflow/.local/lib/python3.12/site-packages/airflow/example_dags/example_external_task_marker_dag.py
[2024-10-08T12:18:49.847+0000] {processor.py:914} INFO - Processing file /home/airflow/.local/lib/python3.12/site-packages/airflow/example_dags/example_external_task_marker_dag.py for tasks to queue
[2024-10-08T12:18:49.851+0000] {logging_mixin.py:190} INFO - [2024-10-08T12:18:49.850+0000] {dagbag.py:588} INFO - Filling up the DagBag from /home/airflow/.local/lib/python3.12/site-packages/airflow/example_dags/example_external_task_marker_dag.py
[2024-10-08T12:18:49.860+0000] {processor.py:925} INFO - DAG(s) 'example_external_task_marker_parent', 'example_external_task_marker_child' retrieved from /home/airflow/.local/lib/python3.12/site-packages/airflow/example_dags/example_external_task_marker_dag.py
[2024-10-08T12:18:49.883+0000] {logging_mixin.py:190} INFO - [2024-10-08T12:18:49.883+0000] {dag.py:3239} INFO - Sync 2 DAGs
[2024-10-08T12:18:49.899+0000] {logging_mixin.py:190} INFO - [2024-10-08T12:18:49.899+0000] {dag.py:4180} INFO - Setting next_dagrun for example_external_task_marker_child to None, run_after=None
[2024-10-08T12:18:49.903+0000] {logging_mixin.py:190} INFO - [2024-10-08T12:18:49.903+0000] {dag.py:4180} INFO - Setting next_dagrun for example_external_task_marker_parent to None, run_after=None
[2024-10-08T12:18:49.919+0000] {processor.py:208} INFO - Processing /home/airflow/.local/lib/python3.12/site-packages/airflow/example_dags/example_external_task_marker_dag.py took 0.079 seconds
[2024-10-08T12:19:20.203+0000] {processor.py:186} INFO - Started process (PID=1422) to work on /home/airflow/.local/lib/python3.12/site-packages/airflow/example_dags/example_external_task_marker_dag.py
[2024-10-08T12:19:20.204+0000] {processor.py:914} INFO - Processing file /home/airflow/.local/lib/python3.12/site-packages/airflow/example_dags/example_external_task_marker_dag.py for tasks to queue
[2024-10-08T12:19:20.206+0000] {logging_mixin.py:190} INFO - [2024-10-08T12:19:20.206+0000] {dagbag.py:588} INFO - Filling up the DagBag from /home/airflow/.local/lib/python3.12/site-packages/airflow/example_dags/example_external_task_marker_dag.py
[2024-10-08T12:19:20.215+0000] {processor.py:925} INFO - DAG(s) 'example_external_task_marker_child', 'example_external_task_marker_parent' retrieved from /home/airflow/.local/lib/python3.12/site-packages/airflow/example_dags/example_external_task_marker_dag.py
[2024-10-08T12:19:20.235+0000] {logging_mixin.py:190} INFO - [2024-10-08T12:19:20.235+0000] {dag.py:3239} INFO - Sync 2 DAGs
[2024-10-08T12:19:20.250+0000] {logging_mixin.py:190} INFO - [2024-10-08T12:19:20.250+0000] {dag.py:4180} INFO - Setting next_dagrun for example_external_task_marker_child to None, run_after=None
[2024-10-08T12:19:20.254+0000] {logging_mixin.py:190} INFO - [2024-10-08T12:19:20.253+0000] {dag.py:4180} INFO - Setting next_dagrun for example_external_task_marker_parent to None, run_after=None
[2024-10-08T12:19:20.271+0000] {processor.py:208} INFO - Processing /home/airflow/.local/lib/python3.12/site-packages/airflow/example_dags/example_external_task_marker_dag.py took 0.073 seconds
[2024-10-08T12:19:51.132+0000] {processor.py:186} INFO - Started process (PID=1485) to work on /home/airflow/.local/lib/python3.12/site-packages/airflow/example_dags/example_external_task_marker_dag.py
[2024-10-08T12:19:51.134+0000] {processor.py:914} INFO - Processing file /home/airflow/.local/lib/python3.12/site-packages/airflow/example_dags/example_external_task_marker_dag.py for tasks to queue
[2024-10-08T12:19:51.136+0000] {logging_mixin.py:190} INFO - [2024-10-08T12:19:51.135+0000] {dagbag.py:588} INFO - Filling up the DagBag from /home/airflow/.local/lib/python3.12/site-packages/airflow/example_dags/example_external_task_marker_dag.py
[2024-10-08T12:19:51.144+0000] {processor.py:925} INFO - DAG(s) 'example_external_task_marker_parent', 'example_external_task_marker_child' retrieved from /home/airflow/.local/lib/python3.12/site-packages/airflow/example_dags/example_external_task_marker_dag.py
[2024-10-08T12:19:51.172+0000] {logging_mixin.py:190} INFO - [2024-10-08T12:19:51.171+0000] {dag.py:3239} INFO - Sync 2 DAGs
[2024-10-08T12:19:51.189+0000] {logging_mixin.py:190} INFO - [2024-10-08T12:19:51.189+0000] {dag.py:4180} INFO - Setting next_dagrun for example_external_task_marker_child to None, run_after=None
[2024-10-08T12:19:51.197+0000] {logging_mixin.py:190} INFO - [2024-10-08T12:19:51.196+0000] {dag.py:4180} INFO - Setting next_dagrun for example_external_task_marker_parent to None, run_after=None
[2024-10-08T12:19:51.225+0000] {processor.py:208} INFO - Processing /home/airflow/.local/lib/python3.12/site-packages/airflow/example_dags/example_external_task_marker_dag.py took 0.099 seconds
[2024-10-08T12:34:13.080+0000] {processor.py:186} INFO - Started process (PID=85) to work on /home/airflow/.local/lib/python3.12/site-packages/airflow/example_dags/example_external_task_marker_dag.py
[2024-10-08T12:34:13.082+0000] {processor.py:914} INFO - Processing file /home/airflow/.local/lib/python3.12/site-packages/airflow/example_dags/example_external_task_marker_dag.py for tasks to queue
[2024-10-08T12:34:13.084+0000] {logging_mixin.py:190} INFO - [2024-10-08T12:34:13.084+0000] {dagbag.py:588} INFO - Filling up the DagBag from /home/airflow/.local/lib/python3.12/site-packages/airflow/example_dags/example_external_task_marker_dag.py
[2024-10-08T12:34:13.091+0000] {processor.py:925} INFO - DAG(s) 'example_external_task_marker_parent', 'example_external_task_marker_child' retrieved from /home/airflow/.local/lib/python3.12/site-packages/airflow/example_dags/example_external_task_marker_dag.py
[2024-10-08T12:34:13.113+0000] {logging_mixin.py:190} INFO - [2024-10-08T12:34:13.113+0000] {dag.py:3239} INFO - Sync 2 DAGs
[2024-10-08T12:34:13.128+0000] {logging_mixin.py:190} INFO - [2024-10-08T12:34:13.128+0000] {dag.py:4180} INFO - Setting next_dagrun for example_external_task_marker_child to None, run_after=None
[2024-10-08T12:34:13.131+0000] {logging_mixin.py:190} INFO - [2024-10-08T12:34:13.131+0000] {dag.py:4180} INFO - Setting next_dagrun for example_external_task_marker_parent to None, run_after=None
[2024-10-08T12:34:13.148+0000] {processor.py:208} INFO - Processing /home/airflow/.local/lib/python3.12/site-packages/airflow/example_dags/example_external_task_marker_dag.py took 0.073 seconds
[2024-10-08T12:34:43.199+0000] {processor.py:186} INFO - Started process (PID=148) to work on /home/airflow/.local/lib/python3.12/site-packages/airflow/example_dags/example_external_task_marker_dag.py
[2024-10-08T12:34:43.200+0000] {processor.py:914} INFO - Processing file /home/airflow/.local/lib/python3.12/site-packages/airflow/example_dags/example_external_task_marker_dag.py for tasks to queue
[2024-10-08T12:34:43.202+0000] {logging_mixin.py:190} INFO - [2024-10-08T12:34:43.202+0000] {dagbag.py:588} INFO - Filling up the DagBag from /home/airflow/.local/lib/python3.12/site-packages/airflow/example_dags/example_external_task_marker_dag.py
[2024-10-08T12:34:43.210+0000] {processor.py:925} INFO - DAG(s) 'example_external_task_marker_parent', 'example_external_task_marker_child' retrieved from /home/airflow/.local/lib/python3.12/site-packages/airflow/example_dags/example_external_task_marker_dag.py
[2024-10-08T12:34:43.232+0000] {logging_mixin.py:190} INFO - [2024-10-08T12:34:43.231+0000] {dag.py:3239} INFO - Sync 2 DAGs
[2024-10-08T12:34:43.248+0000] {logging_mixin.py:190} INFO - [2024-10-08T12:34:43.248+0000] {dag.py:4180} INFO - Setting next_dagrun for example_external_task_marker_child to None, run_after=None
[2024-10-08T12:34:43.252+0000] {logging_mixin.py:190} INFO - [2024-10-08T12:34:43.251+0000] {dag.py:4180} INFO - Setting next_dagrun for example_external_task_marker_parent to None, run_after=None
[2024-10-08T12:34:43.267+0000] {processor.py:208} INFO - Processing /home/airflow/.local/lib/python3.12/site-packages/airflow/example_dags/example_external_task_marker_dag.py took 0.074 seconds
[2024-10-08T12:35:13.984+0000] {processor.py:186} INFO - Started process (PID=211) to work on /home/airflow/.local/lib/python3.12/site-packages/airflow/example_dags/example_external_task_marker_dag.py
[2024-10-08T12:35:13.986+0000] {processor.py:914} INFO - Processing file /home/airflow/.local/lib/python3.12/site-packages/airflow/example_dags/example_external_task_marker_dag.py for tasks to queue
[2024-10-08T12:35:13.988+0000] {logging_mixin.py:190} INFO - [2024-10-08T12:35:13.988+0000] {dagbag.py:588} INFO - Filling up the DagBag from /home/airflow/.local/lib/python3.12/site-packages/airflow/example_dags/example_external_task_marker_dag.py
[2024-10-08T12:35:13.996+0000] {processor.py:925} INFO - DAG(s) 'example_external_task_marker_child', 'example_external_task_marker_parent' retrieved from /home/airflow/.local/lib/python3.12/site-packages/airflow/example_dags/example_external_task_marker_dag.py
[2024-10-08T12:35:14.020+0000] {logging_mixin.py:190} INFO - [2024-10-08T12:35:14.020+0000] {dag.py:3239} INFO - Sync 2 DAGs
[2024-10-08T12:35:14.035+0000] {logging_mixin.py:190} INFO - [2024-10-08T12:35:14.035+0000] {dag.py:4180} INFO - Setting next_dagrun for example_external_task_marker_child to None, run_after=None
[2024-10-08T12:35:14.039+0000] {logging_mixin.py:190} INFO - [2024-10-08T12:35:14.039+0000] {dag.py:4180} INFO - Setting next_dagrun for example_external_task_marker_parent to None, run_after=None
[2024-10-08T12:35:14.057+0000] {processor.py:208} INFO - Processing /home/airflow/.local/lib/python3.12/site-packages/airflow/example_dags/example_external_task_marker_dag.py took 0.078 seconds
[2024-10-08T12:35:57.171+0000] {processor.py:186} INFO - Started process (PID=274) to work on /home/airflow/.local/lib/python3.12/site-packages/airflow/example_dags/example_external_task_marker_dag.py
[2024-10-08T12:35:57.172+0000] {processor.py:914} INFO - Processing file /home/airflow/.local/lib/python3.12/site-packages/airflow/example_dags/example_external_task_marker_dag.py for tasks to queue
[2024-10-08T12:35:57.175+0000] {logging_mixin.py:190} INFO - [2024-10-08T12:35:57.174+0000] {dagbag.py:588} INFO - Filling up the DagBag from /home/airflow/.local/lib/python3.12/site-packages/airflow/example_dags/example_external_task_marker_dag.py
[2024-10-08T12:35:57.183+0000] {processor.py:925} INFO - DAG(s) 'example_external_task_marker_parent', 'example_external_task_marker_child' retrieved from /home/airflow/.local/lib/python3.12/site-packages/airflow/example_dags/example_external_task_marker_dag.py
[2024-10-08T12:35:57.206+0000] {logging_mixin.py:190} INFO - [2024-10-08T12:35:57.205+0000] {dag.py:3239} INFO - Sync 2 DAGs
[2024-10-08T12:35:57.222+0000] {logging_mixin.py:190} INFO - [2024-10-08T12:35:57.222+0000] {dag.py:4180} INFO - Setting next_dagrun for example_external_task_marker_child to None, run_after=None
[2024-10-08T12:35:57.227+0000] {logging_mixin.py:190} INFO - [2024-10-08T12:35:57.226+0000] {dag.py:4180} INFO - Setting next_dagrun for example_external_task_marker_parent to None, run_after=None
[2024-10-08T12:35:57.252+0000] {processor.py:208} INFO - Processing /home/airflow/.local/lib/python3.12/site-packages/airflow/example_dags/example_external_task_marker_dag.py took 0.088 seconds
[2024-10-08T12:36:43.757+0000] {processor.py:186} INFO - Started process (PID=343) to work on /home/airflow/.local/lib/python3.12/site-packages/airflow/example_dags/example_external_task_marker_dag.py
[2024-10-08T12:36:43.758+0000] {processor.py:914} INFO - Processing file /home/airflow/.local/lib/python3.12/site-packages/airflow/example_dags/example_external_task_marker_dag.py for tasks to queue
[2024-10-08T12:36:43.760+0000] {logging_mixin.py:190} INFO - [2024-10-08T12:36:43.760+0000] {dagbag.py:588} INFO - Filling up the DagBag from /home/airflow/.local/lib/python3.12/site-packages/airflow/example_dags/example_external_task_marker_dag.py
[2024-10-08T12:36:43.769+0000] {processor.py:925} INFO - DAG(s) 'example_external_task_marker_parent', 'example_external_task_marker_child' retrieved from /home/airflow/.local/lib/python3.12/site-packages/airflow/example_dags/example_external_task_marker_dag.py
[2024-10-08T12:36:43.791+0000] {logging_mixin.py:190} INFO - [2024-10-08T12:36:43.790+0000] {dag.py:3239} INFO - Sync 2 DAGs
[2024-10-08T12:36:43.810+0000] {logging_mixin.py:190} INFO - [2024-10-08T12:36:43.810+0000] {dag.py:4180} INFO - Setting next_dagrun for example_external_task_marker_child to None, run_after=None
[2024-10-08T12:36:43.815+0000] {logging_mixin.py:190} INFO - [2024-10-08T12:36:43.815+0000] {dag.py:4180} INFO - Setting next_dagrun for example_external_task_marker_parent to None, run_after=None
[2024-10-08T12:36:43.833+0000] {processor.py:208} INFO - Processing /home/airflow/.local/lib/python3.12/site-packages/airflow/example_dags/example_external_task_marker_dag.py took 0.081 seconds
[2024-10-08T12:37:14.015+0000] {processor.py:186} INFO - Started process (PID=406) to work on /home/airflow/.local/lib/python3.12/site-packages/airflow/example_dags/example_external_task_marker_dag.py
[2024-10-08T12:37:14.017+0000] {processor.py:914} INFO - Processing file /home/airflow/.local/lib/python3.12/site-packages/airflow/example_dags/example_external_task_marker_dag.py for tasks to queue
[2024-10-08T12:37:14.019+0000] {logging_mixin.py:190} INFO - [2024-10-08T12:37:14.019+0000] {dagbag.py:588} INFO - Filling up the DagBag from /home/airflow/.local/lib/python3.12/site-packages/airflow/example_dags/example_external_task_marker_dag.py
[2024-10-08T12:37:14.028+0000] {processor.py:925} INFO - DAG(s) 'example_external_task_marker_child', 'example_external_task_marker_parent' retrieved from /home/airflow/.local/lib/python3.12/site-packages/airflow/example_dags/example_external_task_marker_dag.py
[2024-10-08T12:37:14.052+0000] {logging_mixin.py:190} INFO - [2024-10-08T12:37:14.052+0000] {dag.py:3239} INFO - Sync 2 DAGs
[2024-10-08T12:37:14.069+0000] {logging_mixin.py:190} INFO - [2024-10-08T12:37:14.068+0000] {dag.py:4180} INFO - Setting next_dagrun for example_external_task_marker_child to None, run_after=None
[2024-10-08T12:37:14.073+0000] {logging_mixin.py:190} INFO - [2024-10-08T12:37:14.073+0000] {dag.py:4180} INFO - Setting next_dagrun for example_external_task_marker_parent to None, run_after=None
[2024-10-08T12:37:14.092+0000] {processor.py:208} INFO - Processing /home/airflow/.local/lib/python3.12/site-packages/airflow/example_dags/example_external_task_marker_dag.py took 0.083 seconds
[2024-10-08T12:37:44.591+0000] {processor.py:186} INFO - Started process (PID=468) to work on /home/airflow/.local/lib/python3.12/site-packages/airflow/example_dags/example_external_task_marker_dag.py
[2024-10-08T12:37:44.593+0000] {processor.py:914} INFO - Processing file /home/airflow/.local/lib/python3.12/site-packages/airflow/example_dags/example_external_task_marker_dag.py for tasks to queue
[2024-10-08T12:37:44.595+0000] {logging_mixin.py:190} INFO - [2024-10-08T12:37:44.595+0000] {dagbag.py:588} INFO - Filling up the DagBag from /home/airflow/.local/lib/python3.12/site-packages/airflow/example_dags/example_external_task_marker_dag.py
[2024-10-08T12:37:44.603+0000] {processor.py:925} INFO - DAG(s) 'example_external_task_marker_child', 'example_external_task_marker_parent' retrieved from /home/airflow/.local/lib/python3.12/site-packages/airflow/example_dags/example_external_task_marker_dag.py
[2024-10-08T12:37:44.627+0000] {logging_mixin.py:190} INFO - [2024-10-08T12:37:44.627+0000] {dag.py:3239} INFO - Sync 2 DAGs
[2024-10-08T12:37:44.645+0000] {logging_mixin.py:190} INFO - [2024-10-08T12:37:44.645+0000] {dag.py:4180} INFO - Setting next_dagrun for example_external_task_marker_child to None, run_after=None
[2024-10-08T12:37:44.649+0000] {logging_mixin.py:190} INFO - [2024-10-08T12:37:44.648+0000] {dag.py:4180} INFO - Setting next_dagrun for example_external_task_marker_parent to None, run_after=None
[2024-10-08T12:37:44.670+0000] {processor.py:208} INFO - Processing /home/airflow/.local/lib/python3.12/site-packages/airflow/example_dags/example_external_task_marker_dag.py took 0.084 seconds
[2024-10-08T12:38:14.806+0000] {processor.py:186} INFO - Started process (PID=531) to work on /home/airflow/.local/lib/python3.12/site-packages/airflow/example_dags/example_external_task_marker_dag.py
[2024-10-08T12:38:14.808+0000] {processor.py:914} INFO - Processing file /home/airflow/.local/lib/python3.12/site-packages/airflow/example_dags/example_external_task_marker_dag.py for tasks to queue
[2024-10-08T12:38:14.810+0000] {logging_mixin.py:190} INFO - [2024-10-08T12:38:14.810+0000] {dagbag.py:588} INFO - Filling up the DagBag from /home/airflow/.local/lib/python3.12/site-packages/airflow/example_dags/example_external_task_marker_dag.py
[2024-10-08T12:38:14.819+0000] {processor.py:925} INFO - DAG(s) 'example_external_task_marker_child', 'example_external_task_marker_parent' retrieved from /home/airflow/.local/lib/python3.12/site-packages/airflow/example_dags/example_external_task_marker_dag.py
[2024-10-08T12:38:14.839+0000] {logging_mixin.py:190} INFO - [2024-10-08T12:38:14.839+0000] {dag.py:3239} INFO - Sync 2 DAGs
[2024-10-08T12:38:14.858+0000] {logging_mixin.py:190} INFO - [2024-10-08T12:38:14.858+0000] {dag.py:4180} INFO - Setting next_dagrun for example_external_task_marker_child to None, run_after=None
[2024-10-08T12:38:14.864+0000] {logging_mixin.py:190} INFO - [2024-10-08T12:38:14.863+0000] {dag.py:4180} INFO - Setting next_dagrun for example_external_task_marker_parent to None, run_after=None
[2024-10-08T12:38:14.886+0000] {processor.py:208} INFO - Processing /home/airflow/.local/lib/python3.12/site-packages/airflow/example_dags/example_external_task_marker_dag.py took 0.087 seconds
[2024-10-08T12:38:47.312+0000] {processor.py:186} INFO - Started process (PID=594) to work on /home/airflow/.local/lib/python3.12/site-packages/airflow/example_dags/example_external_task_marker_dag.py
[2024-10-08T12:38:47.313+0000] {processor.py:914} INFO - Processing file /home/airflow/.local/lib/python3.12/site-packages/airflow/example_dags/example_external_task_marker_dag.py for tasks to queue
[2024-10-08T12:38:47.316+0000] {logging_mixin.py:190} INFO - [2024-10-08T12:38:47.315+0000] {dagbag.py:588} INFO - Filling up the DagBag from /home/airflow/.local/lib/python3.12/site-packages/airflow/example_dags/example_external_task_marker_dag.py
[2024-10-08T12:38:47.324+0000] {processor.py:925} INFO - DAG(s) 'example_external_task_marker_parent', 'example_external_task_marker_child' retrieved from /home/airflow/.local/lib/python3.12/site-packages/airflow/example_dags/example_external_task_marker_dag.py
[2024-10-08T12:38:47.349+0000] {logging_mixin.py:190} INFO - [2024-10-08T12:38:47.349+0000] {dag.py:3239} INFO - Sync 2 DAGs
[2024-10-08T12:38:47.366+0000] {logging_mixin.py:190} INFO - [2024-10-08T12:38:47.365+0000] {dag.py:4180} INFO - Setting next_dagrun for example_external_task_marker_child to None, run_after=None
[2024-10-08T12:38:47.369+0000] {logging_mixin.py:190} INFO - [2024-10-08T12:38:47.369+0000] {dag.py:4180} INFO - Setting next_dagrun for example_external_task_marker_parent to None, run_after=None
[2024-10-08T12:38:47.387+0000] {processor.py:208} INFO - Processing /home/airflow/.local/lib/python3.12/site-packages/airflow/example_dags/example_external_task_marker_dag.py took 0.080 seconds
[2024-10-08T12:39:17.741+0000] {processor.py:186} INFO - Started process (PID=657) to work on /home/airflow/.local/lib/python3.12/site-packages/airflow/example_dags/example_external_task_marker_dag.py
[2024-10-08T12:39:17.743+0000] {processor.py:914} INFO - Processing file /home/airflow/.local/lib/python3.12/site-packages/airflow/example_dags/example_external_task_marker_dag.py for tasks to queue
[2024-10-08T12:39:17.745+0000] {logging_mixin.py:190} INFO - [2024-10-08T12:39:17.744+0000] {dagbag.py:588} INFO - Filling up the DagBag from /home/airflow/.local/lib/python3.12/site-packages/airflow/example_dags/example_external_task_marker_dag.py
[2024-10-08T12:39:17.753+0000] {processor.py:925} INFO - DAG(s) 'example_external_task_marker_child', 'example_external_task_marker_parent' retrieved from /home/airflow/.local/lib/python3.12/site-packages/airflow/example_dags/example_external_task_marker_dag.py
[2024-10-08T12:39:17.776+0000] {logging_mixin.py:190} INFO - [2024-10-08T12:39:17.775+0000] {dag.py:3239} INFO - Sync 2 DAGs
[2024-10-08T12:39:17.791+0000] {logging_mixin.py:190} INFO - [2024-10-08T12:39:17.790+0000] {dag.py:4180} INFO - Setting next_dagrun for example_external_task_marker_child to None, run_after=None
[2024-10-08T12:39:17.795+0000] {logging_mixin.py:190} INFO - [2024-10-08T12:39:17.794+0000] {dag.py:4180} INFO - Setting next_dagrun for example_external_task_marker_parent to None, run_after=None
[2024-10-08T12:39:17.814+0000] {processor.py:208} INFO - Processing /home/airflow/.local/lib/python3.12/site-packages/airflow/example_dags/example_external_task_marker_dag.py took 0.078 seconds
[2024-10-08T12:39:47.893+0000] {processor.py:186} INFO - Started process (PID=720) to work on /home/airflow/.local/lib/python3.12/site-packages/airflow/example_dags/example_external_task_marker_dag.py
[2024-10-08T12:39:47.895+0000] {processor.py:914} INFO - Processing file /home/airflow/.local/lib/python3.12/site-packages/airflow/example_dags/example_external_task_marker_dag.py for tasks to queue
[2024-10-08T12:39:47.897+0000] {logging_mixin.py:190} INFO - [2024-10-08T12:39:47.897+0000] {dagbag.py:588} INFO - Filling up the DagBag from /home/airflow/.local/lib/python3.12/site-packages/airflow/example_dags/example_external_task_marker_dag.py
[2024-10-08T12:39:47.906+0000] {processor.py:925} INFO - DAG(s) 'example_external_task_marker_parent', 'example_external_task_marker_child' retrieved from /home/airflow/.local/lib/python3.12/site-packages/airflow/example_dags/example_external_task_marker_dag.py
[2024-10-08T12:39:47.930+0000] {logging_mixin.py:190} INFO - [2024-10-08T12:39:47.929+0000] {dag.py:3239} INFO - Sync 2 DAGs
[2024-10-08T12:39:47.944+0000] {logging_mixin.py:190} INFO - [2024-10-08T12:39:47.944+0000] {dag.py:4180} INFO - Setting next_dagrun for example_external_task_marker_child to None, run_after=None
[2024-10-08T12:39:47.947+0000] {logging_mixin.py:190} INFO - [2024-10-08T12:39:47.947+0000] {dag.py:4180} INFO - Setting next_dagrun for example_external_task_marker_parent to None, run_after=None
[2024-10-08T12:39:47.963+0000] {processor.py:208} INFO - Processing /home/airflow/.local/lib/python3.12/site-packages/airflow/example_dags/example_external_task_marker_dag.py took 0.077 seconds
[2024-10-08T12:40:18.431+0000] {processor.py:186} INFO - Started process (PID=783) to work on /home/airflow/.local/lib/python3.12/site-packages/airflow/example_dags/example_external_task_marker_dag.py
[2024-10-08T12:40:18.432+0000] {processor.py:914} INFO - Processing file /home/airflow/.local/lib/python3.12/site-packages/airflow/example_dags/example_external_task_marker_dag.py for tasks to queue
[2024-10-08T12:40:18.435+0000] {logging_mixin.py:190} INFO - [2024-10-08T12:40:18.434+0000] {dagbag.py:588} INFO - Filling up the DagBag from /home/airflow/.local/lib/python3.12/site-packages/airflow/example_dags/example_external_task_marker_dag.py
[2024-10-08T12:40:18.442+0000] {processor.py:925} INFO - DAG(s) 'example_external_task_marker_parent', 'example_external_task_marker_child' retrieved from /home/airflow/.local/lib/python3.12/site-packages/airflow/example_dags/example_external_task_marker_dag.py
[2024-10-08T12:40:18.463+0000] {logging_mixin.py:190} INFO - [2024-10-08T12:40:18.463+0000] {dag.py:3239} INFO - Sync 2 DAGs
[2024-10-08T12:40:18.478+0000] {logging_mixin.py:190} INFO - [2024-10-08T12:40:18.477+0000] {dag.py:4180} INFO - Setting next_dagrun for example_external_task_marker_child to None, run_after=None
[2024-10-08T12:40:18.482+0000] {logging_mixin.py:190} INFO - [2024-10-08T12:40:18.482+0000] {dag.py:4180} INFO - Setting next_dagrun for example_external_task_marker_parent to None, run_after=None
[2024-10-08T12:40:18.501+0000] {processor.py:208} INFO - Processing /home/airflow/.local/lib/python3.12/site-packages/airflow/example_dags/example_external_task_marker_dag.py took 0.076 seconds
[2024-10-08T12:41:00.880+0000] {processor.py:186} INFO - Started process (PID=846) to work on /home/airflow/.local/lib/python3.12/site-packages/airflow/example_dags/example_external_task_marker_dag.py
[2024-10-08T12:41:00.881+0000] {processor.py:914} INFO - Processing file /home/airflow/.local/lib/python3.12/site-packages/airflow/example_dags/example_external_task_marker_dag.py for tasks to queue
[2024-10-08T12:41:00.884+0000] {logging_mixin.py:190} INFO - [2024-10-08T12:41:00.883+0000] {dagbag.py:588} INFO - Filling up the DagBag from /home/airflow/.local/lib/python3.12/site-packages/airflow/example_dags/example_external_task_marker_dag.py
[2024-10-08T12:41:00.892+0000] {processor.py:925} INFO - DAG(s) 'example_external_task_marker_parent', 'example_external_task_marker_child' retrieved from /home/airflow/.local/lib/python3.12/site-packages/airflow/example_dags/example_external_task_marker_dag.py
[2024-10-08T12:41:00.914+0000] {logging_mixin.py:190} INFO - [2024-10-08T12:41:00.914+0000] {dag.py:3239} INFO - Sync 2 DAGs
[2024-10-08T12:41:00.928+0000] {logging_mixin.py:190} INFO - [2024-10-08T12:41:00.928+0000] {dag.py:4180} INFO - Setting next_dagrun for example_external_task_marker_child to None, run_after=None
[2024-10-08T12:41:00.933+0000] {logging_mixin.py:190} INFO - [2024-10-08T12:41:00.932+0000] {dag.py:4180} INFO - Setting next_dagrun for example_external_task_marker_parent to None, run_after=None
[2024-10-08T12:41:00.952+0000] {processor.py:208} INFO - Processing /home/airflow/.local/lib/python3.12/site-packages/airflow/example_dags/example_external_task_marker_dag.py took 0.078 seconds
[2024-10-08T12:41:46.052+0000] {processor.py:186} INFO - Started process (PID=909) to work on /home/airflow/.local/lib/python3.12/site-packages/airflow/example_dags/example_external_task_marker_dag.py
[2024-10-08T12:41:46.053+0000] {processor.py:914} INFO - Processing file /home/airflow/.local/lib/python3.12/site-packages/airflow/example_dags/example_external_task_marker_dag.py for tasks to queue
[2024-10-08T12:41:46.057+0000] {logging_mixin.py:190} INFO - [2024-10-08T12:41:46.056+0000] {dagbag.py:588} INFO - Filling up the DagBag from /home/airflow/.local/lib/python3.12/site-packages/airflow/example_dags/example_external_task_marker_dag.py
[2024-10-08T12:41:46.067+0000] {processor.py:925} INFO - DAG(s) 'example_external_task_marker_parent', 'example_external_task_marker_child' retrieved from /home/airflow/.local/lib/python3.12/site-packages/airflow/example_dags/example_external_task_marker_dag.py
[2024-10-08T12:41:46.099+0000] {logging_mixin.py:190} INFO - [2024-10-08T12:41:46.099+0000] {dag.py:3239} INFO - Sync 2 DAGs
[2024-10-08T12:41:46.121+0000] {logging_mixin.py:190} INFO - [2024-10-08T12:41:46.121+0000] {dag.py:4180} INFO - Setting next_dagrun for example_external_task_marker_child to None, run_after=None
[2024-10-08T12:41:46.127+0000] {logging_mixin.py:190} INFO - [2024-10-08T12:41:46.126+0000] {dag.py:4180} INFO - Setting next_dagrun for example_external_task_marker_parent to None, run_after=None
[2024-10-08T12:41:46.150+0000] {processor.py:208} INFO - Processing /home/airflow/.local/lib/python3.12/site-packages/airflow/example_dags/example_external_task_marker_dag.py took 0.105 seconds
[2024-10-08T12:42:16.457+0000] {processor.py:186} INFO - Started process (PID=973) to work on /home/airflow/.local/lib/python3.12/site-packages/airflow/example_dags/example_external_task_marker_dag.py
[2024-10-08T12:42:16.458+0000] {processor.py:914} INFO - Processing file /home/airflow/.local/lib/python3.12/site-packages/airflow/example_dags/example_external_task_marker_dag.py for tasks to queue
[2024-10-08T12:42:16.460+0000] {logging_mixin.py:190} INFO - [2024-10-08T12:42:16.460+0000] {dagbag.py:588} INFO - Filling up the DagBag from /home/airflow/.local/lib/python3.12/site-packages/airflow/example_dags/example_external_task_marker_dag.py
[2024-10-08T12:42:16.468+0000] {processor.py:925} INFO - DAG(s) 'example_external_task_marker_parent', 'example_external_task_marker_child' retrieved from /home/airflow/.local/lib/python3.12/site-packages/airflow/example_dags/example_external_task_marker_dag.py
[2024-10-08T12:42:16.493+0000] {logging_mixin.py:190} INFO - [2024-10-08T12:42:16.493+0000] {dag.py:3239} INFO - Sync 2 DAGs
[2024-10-08T12:42:16.507+0000] {logging_mixin.py:190} INFO - [2024-10-08T12:42:16.507+0000] {dag.py:4180} INFO - Setting next_dagrun for example_external_task_marker_child to None, run_after=None
[2024-10-08T12:42:16.511+0000] {logging_mixin.py:190} INFO - [2024-10-08T12:42:16.511+0000] {dag.py:4180} INFO - Setting next_dagrun for example_external_task_marker_parent to None, run_after=None
[2024-10-08T12:42:16.530+0000] {processor.py:208} INFO - Processing /home/airflow/.local/lib/python3.12/site-packages/airflow/example_dags/example_external_task_marker_dag.py took 0.079 seconds
[2024-10-08T12:42:47.321+0000] {processor.py:186} INFO - Started process (PID=1036) to work on /home/airflow/.local/lib/python3.12/site-packages/airflow/example_dags/example_external_task_marker_dag.py
[2024-10-08T12:42:47.323+0000] {processor.py:914} INFO - Processing file /home/airflow/.local/lib/python3.12/site-packages/airflow/example_dags/example_external_task_marker_dag.py for tasks to queue
[2024-10-08T12:42:47.325+0000] {logging_mixin.py:190} INFO - [2024-10-08T12:42:47.324+0000] {dagbag.py:588} INFO - Filling up the DagBag from /home/airflow/.local/lib/python3.12/site-packages/airflow/example_dags/example_external_task_marker_dag.py
[2024-10-08T12:42:47.332+0000] {processor.py:925} INFO - DAG(s) 'example_external_task_marker_child', 'example_external_task_marker_parent' retrieved from /home/airflow/.local/lib/python3.12/site-packages/airflow/example_dags/example_external_task_marker_dag.py
[2024-10-08T12:42:47.352+0000] {logging_mixin.py:190} INFO - [2024-10-08T12:42:47.352+0000] {dag.py:3239} INFO - Sync 2 DAGs
[2024-10-08T12:42:47.367+0000] {logging_mixin.py:190} INFO - [2024-10-08T12:42:47.367+0000] {dag.py:4180} INFO - Setting next_dagrun for example_external_task_marker_child to None, run_after=None
[2024-10-08T12:42:47.371+0000] {logging_mixin.py:190} INFO - [2024-10-08T12:42:47.371+0000] {dag.py:4180} INFO - Setting next_dagrun for example_external_task_marker_parent to None, run_after=None
[2024-10-08T12:42:47.387+0000] {processor.py:208} INFO - Processing /home/airflow/.local/lib/python3.12/site-packages/airflow/example_dags/example_external_task_marker_dag.py took 0.071 seconds
[2024-10-08T12:43:18.387+0000] {processor.py:186} INFO - Started process (PID=1099) to work on /home/airflow/.local/lib/python3.12/site-packages/airflow/example_dags/example_external_task_marker_dag.py
[2024-10-08T12:43:18.389+0000] {processor.py:914} INFO - Processing file /home/airflow/.local/lib/python3.12/site-packages/airflow/example_dags/example_external_task_marker_dag.py for tasks to queue
[2024-10-08T12:43:18.391+0000] {logging_mixin.py:190} INFO - [2024-10-08T12:43:18.391+0000] {dagbag.py:588} INFO - Filling up the DagBag from /home/airflow/.local/lib/python3.12/site-packages/airflow/example_dags/example_external_task_marker_dag.py
[2024-10-08T12:43:18.399+0000] {processor.py:925} INFO - DAG(s) 'example_external_task_marker_child', 'example_external_task_marker_parent' retrieved from /home/airflow/.local/lib/python3.12/site-packages/airflow/example_dags/example_external_task_marker_dag.py
[2024-10-08T12:43:18.420+0000] {logging_mixin.py:190} INFO - [2024-10-08T12:43:18.420+0000] {dag.py:3239} INFO - Sync 2 DAGs
[2024-10-08T12:43:18.434+0000] {logging_mixin.py:190} INFO - [2024-10-08T12:43:18.434+0000] {dag.py:4180} INFO - Setting next_dagrun for example_external_task_marker_child to None, run_after=None
[2024-10-08T12:43:18.437+0000] {logging_mixin.py:190} INFO - [2024-10-08T12:43:18.437+0000] {dag.py:4180} INFO - Setting next_dagrun for example_external_task_marker_parent to None, run_after=None
[2024-10-08T12:43:18.454+0000] {processor.py:208} INFO - Processing /home/airflow/.local/lib/python3.12/site-packages/airflow/example_dags/example_external_task_marker_dag.py took 0.072 seconds
[2024-10-08T12:44:04.137+0000] {processor.py:186} INFO - Started process (PID=1162) to work on /home/airflow/.local/lib/python3.12/site-packages/airflow/example_dags/example_external_task_marker_dag.py
[2024-10-08T12:44:04.138+0000] {processor.py:914} INFO - Processing file /home/airflow/.local/lib/python3.12/site-packages/airflow/example_dags/example_external_task_marker_dag.py for tasks to queue
[2024-10-08T12:44:04.141+0000] {logging_mixin.py:190} INFO - [2024-10-08T12:44:04.141+0000] {dagbag.py:588} INFO - Filling up the DagBag from /home/airflow/.local/lib/python3.12/site-packages/airflow/example_dags/example_external_task_marker_dag.py
[2024-10-08T12:44:04.152+0000] {processor.py:925} INFO - DAG(s) 'example_external_task_marker_child', 'example_external_task_marker_parent' retrieved from /home/airflow/.local/lib/python3.12/site-packages/airflow/example_dags/example_external_task_marker_dag.py
[2024-10-08T12:44:04.182+0000] {logging_mixin.py:190} INFO - [2024-10-08T12:44:04.181+0000] {dag.py:3239} INFO - Sync 2 DAGs
[2024-10-08T12:44:04.199+0000] {logging_mixin.py:190} INFO - [2024-10-08T12:44:04.199+0000] {dag.py:4180} INFO - Setting next_dagrun for example_external_task_marker_child to None, run_after=None
[2024-10-08T12:44:04.202+0000] {logging_mixin.py:190} INFO - [2024-10-08T12:44:04.202+0000] {dag.py:4180} INFO - Setting next_dagrun for example_external_task_marker_parent to None, run_after=None
[2024-10-08T12:44:04.222+0000] {processor.py:208} INFO - Processing /home/airflow/.local/lib/python3.12/site-packages/airflow/example_dags/example_external_task_marker_dag.py took 0.091 seconds
[2024-10-08T12:44:34.781+0000] {processor.py:186} INFO - Started process (PID=1226) to work on /home/airflow/.local/lib/python3.12/site-packages/airflow/example_dags/example_external_task_marker_dag.py
[2024-10-08T12:44:34.783+0000] {processor.py:914} INFO - Processing file /home/airflow/.local/lib/python3.12/site-packages/airflow/example_dags/example_external_task_marker_dag.py for tasks to queue
[2024-10-08T12:44:34.784+0000] {logging_mixin.py:190} INFO - [2024-10-08T12:44:34.783+0000] {dagbag.py:588} INFO - Filling up the DagBag from /home/airflow/.local/lib/python3.12/site-packages/airflow/example_dags/example_external_task_marker_dag.py
[2024-10-08T12:44:34.792+0000] {processor.py:925} INFO - DAG(s) 'example_external_task_marker_child', 'example_external_task_marker_parent' retrieved from /home/airflow/.local/lib/python3.12/site-packages/airflow/example_dags/example_external_task_marker_dag.py
[2024-10-08T12:44:34.817+0000] {logging_mixin.py:190} INFO - [2024-10-08T12:44:34.817+0000] {dag.py:3239} INFO - Sync 2 DAGs
[2024-10-08T12:44:34.835+0000] {logging_mixin.py:190} INFO - [2024-10-08T12:44:34.834+0000] {dag.py:4180} INFO - Setting next_dagrun for example_external_task_marker_child to None, run_after=None
[2024-10-08T12:44:34.840+0000] {logging_mixin.py:190} INFO - [2024-10-08T12:44:34.840+0000] {dag.py:4180} INFO - Setting next_dagrun for example_external_task_marker_parent to None, run_after=None
[2024-10-08T12:44:34.865+0000] {processor.py:208} INFO - Processing /home/airflow/.local/lib/python3.12/site-packages/airflow/example_dags/example_external_task_marker_dag.py took 0.090 seconds
[2024-10-08T12:45:05.203+0000] {processor.py:186} INFO - Started process (PID=1289) to work on /home/airflow/.local/lib/python3.12/site-packages/airflow/example_dags/example_external_task_marker_dag.py
[2024-10-08T12:45:05.204+0000] {processor.py:914} INFO - Processing file /home/airflow/.local/lib/python3.12/site-packages/airflow/example_dags/example_external_task_marker_dag.py for tasks to queue
[2024-10-08T12:45:05.206+0000] {logging_mixin.py:190} INFO - [2024-10-08T12:45:05.205+0000] {dagbag.py:588} INFO - Filling up the DagBag from /home/airflow/.local/lib/python3.12/site-packages/airflow/example_dags/example_external_task_marker_dag.py
[2024-10-08T12:45:05.216+0000] {processor.py:925} INFO - DAG(s) 'example_external_task_marker_child', 'example_external_task_marker_parent' retrieved from /home/airflow/.local/lib/python3.12/site-packages/airflow/example_dags/example_external_task_marker_dag.py
[2024-10-08T12:45:05.242+0000] {logging_mixin.py:190} INFO - [2024-10-08T12:45:05.242+0000] {dag.py:3239} INFO - Sync 2 DAGs
[2024-10-08T12:45:05.259+0000] {logging_mixin.py:190} INFO - [2024-10-08T12:45:05.259+0000] {dag.py:4180} INFO - Setting next_dagrun for example_external_task_marker_child to None, run_after=None
[2024-10-08T12:45:05.264+0000] {logging_mixin.py:190} INFO - [2024-10-08T12:45:05.263+0000] {dag.py:4180} INFO - Setting next_dagrun for example_external_task_marker_parent to None, run_after=None
[2024-10-08T12:45:05.287+0000] {processor.py:208} INFO - Processing /home/airflow/.local/lib/python3.12/site-packages/airflow/example_dags/example_external_task_marker_dag.py took 0.090 seconds
[2024-10-08T12:45:35.615+0000] {processor.py:186} INFO - Started process (PID=1352) to work on /home/airflow/.local/lib/python3.12/site-packages/airflow/example_dags/example_external_task_marker_dag.py
[2024-10-08T12:45:35.616+0000] {processor.py:914} INFO - Processing file /home/airflow/.local/lib/python3.12/site-packages/airflow/example_dags/example_external_task_marker_dag.py for tasks to queue
[2024-10-08T12:45:35.617+0000] {logging_mixin.py:190} INFO - [2024-10-08T12:45:35.617+0000] {dagbag.py:588} INFO - Filling up the DagBag from /home/airflow/.local/lib/python3.12/site-packages/airflow/example_dags/example_external_task_marker_dag.py
[2024-10-08T12:45:35.625+0000] {processor.py:925} INFO - DAG(s) 'example_external_task_marker_parent', 'example_external_task_marker_child' retrieved from /home/airflow/.local/lib/python3.12/site-packages/airflow/example_dags/example_external_task_marker_dag.py
[2024-10-08T12:45:35.650+0000] {logging_mixin.py:190} INFO - [2024-10-08T12:45:35.649+0000] {dag.py:3239} INFO - Sync 2 DAGs
[2024-10-08T12:45:35.666+0000] {logging_mixin.py:190} INFO - [2024-10-08T12:45:35.666+0000] {dag.py:4180} INFO - Setting next_dagrun for example_external_task_marker_child to None, run_after=None
[2024-10-08T12:45:35.669+0000] {logging_mixin.py:190} INFO - [2024-10-08T12:45:35.669+0000] {dag.py:4180} INFO - Setting next_dagrun for example_external_task_marker_parent to None, run_after=None
[2024-10-08T12:45:35.685+0000] {processor.py:208} INFO - Processing /home/airflow/.local/lib/python3.12/site-packages/airflow/example_dags/example_external_task_marker_dag.py took 0.075 seconds
[2024-10-08T12:46:41.712+0000] {processor.py:186} INFO - Started process (PID=1440) to work on /home/airflow/.local/lib/python3.12/site-packages/airflow/example_dags/example_external_task_marker_dag.py
[2024-10-08T12:46:41.713+0000] {processor.py:914} INFO - Processing file /home/airflow/.local/lib/python3.12/site-packages/airflow/example_dags/example_external_task_marker_dag.py for tasks to queue
[2024-10-08T12:46:41.715+0000] {logging_mixin.py:190} INFO - [2024-10-08T12:46:41.714+0000] {dagbag.py:588} INFO - Filling up the DagBag from /home/airflow/.local/lib/python3.12/site-packages/airflow/example_dags/example_external_task_marker_dag.py
[2024-10-08T12:46:41.723+0000] {processor.py:925} INFO - DAG(s) 'example_external_task_marker_parent', 'example_external_task_marker_child' retrieved from /home/airflow/.local/lib/python3.12/site-packages/airflow/example_dags/example_external_task_marker_dag.py
[2024-10-08T12:46:41.751+0000] {logging_mixin.py:190} INFO - [2024-10-08T12:46:41.750+0000] {dag.py:3239} INFO - Sync 2 DAGs
[2024-10-08T12:46:41.766+0000] {logging_mixin.py:190} INFO - [2024-10-08T12:46:41.765+0000] {dag.py:4180} INFO - Setting next_dagrun for example_external_task_marker_child to None, run_after=None
[2024-10-08T12:46:41.769+0000] {logging_mixin.py:190} INFO - [2024-10-08T12:46:41.769+0000] {dag.py:4180} INFO - Setting next_dagrun for example_external_task_marker_parent to None, run_after=None
[2024-10-08T12:46:41.787+0000] {processor.py:208} INFO - Processing /home/airflow/.local/lib/python3.12/site-packages/airflow/example_dags/example_external_task_marker_dag.py took 0.081 seconds
[2024-10-08T12:47:39.861+0000] {processor.py:186} INFO - Started process (PID=1512) to work on /home/airflow/.local/lib/python3.12/site-packages/airflow/example_dags/example_external_task_marker_dag.py
[2024-10-08T12:47:39.862+0000] {processor.py:914} INFO - Processing file /home/airflow/.local/lib/python3.12/site-packages/airflow/example_dags/example_external_task_marker_dag.py for tasks to queue
[2024-10-08T12:47:39.864+0000] {logging_mixin.py:190} INFO - [2024-10-08T12:47:39.863+0000] {dagbag.py:588} INFO - Filling up the DagBag from /home/airflow/.local/lib/python3.12/site-packages/airflow/example_dags/example_external_task_marker_dag.py
[2024-10-08T12:47:39.873+0000] {processor.py:925} INFO - DAG(s) 'example_external_task_marker_child', 'example_external_task_marker_parent' retrieved from /home/airflow/.local/lib/python3.12/site-packages/airflow/example_dags/example_external_task_marker_dag.py
[2024-10-08T12:47:39.895+0000] {logging_mixin.py:190} INFO - [2024-10-08T12:47:39.895+0000] {dag.py:3239} INFO - Sync 2 DAGs
[2024-10-08T12:47:39.910+0000] {logging_mixin.py:190} INFO - [2024-10-08T12:47:39.910+0000] {dag.py:4180} INFO - Setting next_dagrun for example_external_task_marker_child to None, run_after=None
[2024-10-08T12:47:39.915+0000] {logging_mixin.py:190} INFO - [2024-10-08T12:47:39.914+0000] {dag.py:4180} INFO - Setting next_dagrun for example_external_task_marker_parent to None, run_after=None
[2024-10-08T12:47:39.936+0000] {processor.py:208} INFO - Processing /home/airflow/.local/lib/python3.12/site-packages/airflow/example_dags/example_external_task_marker_dag.py took 0.081 seconds
[2024-10-08T12:48:10.542+0000] {processor.py:186} INFO - Started process (PID=1575) to work on /home/airflow/.local/lib/python3.12/site-packages/airflow/example_dags/example_external_task_marker_dag.py
[2024-10-08T12:48:10.543+0000] {processor.py:914} INFO - Processing file /home/airflow/.local/lib/python3.12/site-packages/airflow/example_dags/example_external_task_marker_dag.py for tasks to queue
[2024-10-08T12:48:10.544+0000] {logging_mixin.py:190} INFO - [2024-10-08T12:48:10.544+0000] {dagbag.py:588} INFO - Filling up the DagBag from /home/airflow/.local/lib/python3.12/site-packages/airflow/example_dags/example_external_task_marker_dag.py
[2024-10-08T12:48:10.553+0000] {processor.py:925} INFO - DAG(s) 'example_external_task_marker_parent', 'example_external_task_marker_child' retrieved from /home/airflow/.local/lib/python3.12/site-packages/airflow/example_dags/example_external_task_marker_dag.py
[2024-10-08T12:48:10.579+0000] {logging_mixin.py:190} INFO - [2024-10-08T12:48:10.579+0000] {dag.py:3239} INFO - Sync 2 DAGs
[2024-10-08T12:48:10.599+0000] {logging_mixin.py:190} INFO - [2024-10-08T12:48:10.598+0000] {dag.py:4180} INFO - Setting next_dagrun for example_external_task_marker_child to None, run_after=None
[2024-10-08T12:48:10.603+0000] {logging_mixin.py:190} INFO - [2024-10-08T12:48:10.602+0000] {dag.py:4180} INFO - Setting next_dagrun for example_external_task_marker_parent to None, run_after=None
[2024-10-08T12:48:10.624+0000] {processor.py:208} INFO - Processing /home/airflow/.local/lib/python3.12/site-packages/airflow/example_dags/example_external_task_marker_dag.py took 0.089 seconds
[2024-10-08T12:48:41.882+0000] {processor.py:186} INFO - Started process (PID=1644) to work on /home/airflow/.local/lib/python3.12/site-packages/airflow/example_dags/example_external_task_marker_dag.py
[2024-10-08T12:48:41.883+0000] {processor.py:914} INFO - Processing file /home/airflow/.local/lib/python3.12/site-packages/airflow/example_dags/example_external_task_marker_dag.py for tasks to queue
[2024-10-08T12:48:41.885+0000] {logging_mixin.py:190} INFO - [2024-10-08T12:48:41.884+0000] {dagbag.py:588} INFO - Filling up the DagBag from /home/airflow/.local/lib/python3.12/site-packages/airflow/example_dags/example_external_task_marker_dag.py
[2024-10-08T12:48:41.894+0000] {processor.py:925} INFO - DAG(s) 'example_external_task_marker_child', 'example_external_task_marker_parent' retrieved from /home/airflow/.local/lib/python3.12/site-packages/airflow/example_dags/example_external_task_marker_dag.py
[2024-10-08T12:48:41.917+0000] {logging_mixin.py:190} INFO - [2024-10-08T12:48:41.916+0000] {dag.py:3239} INFO - Sync 2 DAGs
[2024-10-08T12:48:41.932+0000] {logging_mixin.py:190} INFO - [2024-10-08T12:48:41.931+0000] {dag.py:4180} INFO - Setting next_dagrun for example_external_task_marker_child to None, run_after=None
[2024-10-08T12:48:41.936+0000] {logging_mixin.py:190} INFO - [2024-10-08T12:48:41.935+0000] {dag.py:4180} INFO - Setting next_dagrun for example_external_task_marker_parent to None, run_after=None
[2024-10-08T12:48:41.955+0000] {processor.py:208} INFO - Processing /home/airflow/.local/lib/python3.12/site-packages/airflow/example_dags/example_external_task_marker_dag.py took 0.078 seconds
[2024-10-08T12:49:29.309+0000] {processor.py:186} INFO - Started process (PID=1714) to work on /home/airflow/.local/lib/python3.12/site-packages/airflow/example_dags/example_external_task_marker_dag.py
[2024-10-08T12:49:29.310+0000] {processor.py:914} INFO - Processing file /home/airflow/.local/lib/python3.12/site-packages/airflow/example_dags/example_external_task_marker_dag.py for tasks to queue
[2024-10-08T12:49:29.311+0000] {logging_mixin.py:190} INFO - [2024-10-08T12:49:29.311+0000] {dagbag.py:588} INFO - Filling up the DagBag from /home/airflow/.local/lib/python3.12/site-packages/airflow/example_dags/example_external_task_marker_dag.py
[2024-10-08T12:49:29.321+0000] {processor.py:925} INFO - DAG(s) 'example_external_task_marker_child', 'example_external_task_marker_parent' retrieved from /home/airflow/.local/lib/python3.12/site-packages/airflow/example_dags/example_external_task_marker_dag.py
[2024-10-08T12:49:29.346+0000] {logging_mixin.py:190} INFO - [2024-10-08T12:49:29.346+0000] {dag.py:3239} INFO - Sync 2 DAGs
[2024-10-08T12:49:29.366+0000] {logging_mixin.py:190} INFO - [2024-10-08T12:49:29.365+0000] {dag.py:4180} INFO - Setting next_dagrun for example_external_task_marker_child to None, run_after=None
[2024-10-08T12:49:29.370+0000] {logging_mixin.py:190} INFO - [2024-10-08T12:49:29.370+0000] {dag.py:4180} INFO - Setting next_dagrun for example_external_task_marker_parent to None, run_after=None
[2024-10-08T12:49:29.387+0000] {processor.py:208} INFO - Processing /home/airflow/.local/lib/python3.12/site-packages/airflow/example_dags/example_external_task_marker_dag.py took 0.084 seconds
