[2024-10-08T12:08:30.509+0000] {processor.py:186} INFO - Started process (PID=81) to work on /home/airflow/.local/lib/python3.12/site-packages/airflow/example_dags/example_bash_operator.py
[2024-10-08T12:08:30.510+0000] {processor.py:914} INFO - Processing file /home/airflow/.local/lib/python3.12/site-packages/airflow/example_dags/example_bash_operator.py for tasks to queue
[2024-10-08T12:08:30.512+0000] {logging_mixin.py:190} INFO - [2024-10-08T12:08:30.512+0000] {dagbag.py:588} INFO - Filling up the DagBag from /home/airflow/.local/lib/python3.12/site-packages/airflow/example_dags/example_bash_operator.py
[2024-10-08T12:08:30.528+0000] {processor.py:925} INFO - DAG(s) 'example_bash_operator' retrieved from /home/airflow/.local/lib/python3.12/site-packages/airflow/example_dags/example_bash_operator.py
[2024-10-08T12:08:31.076+0000] {logging_mixin.py:190} INFO - [2024-10-08T12:08:31.076+0000] {override.py:1900} INFO - Created Permission View: can delete on DAG:example_bash_operator
[2024-10-08T12:08:31.486+0000] {logging_mixin.py:190} INFO - [2024-10-08T12:08:31.485+0000] {override.py:1900} INFO - Created Permission View: can read on DAG:example_bash_operator
[2024-10-08T12:08:31.759+0000] {logging_mixin.py:190} INFO - [2024-10-08T12:08:31.759+0000] {override.py:1900} INFO - Created Permission View: can edit on DAG:example_bash_operator
[2024-10-08T12:08:31.775+0000] {logging_mixin.py:190} INFO - [2024-10-08T12:08:31.775+0000] {override.py:1900} INFO - Created Permission View: can create on DAG Run:example_bash_operator
[2024-10-08T12:08:31.787+0000] {logging_mixin.py:190} INFO - [2024-10-08T12:08:31.786+0000] {override.py:1900} INFO - Created Permission View: can delete on DAG Run:example_bash_operator
[2024-10-08T12:08:31.799+0000] {logging_mixin.py:190} INFO - [2024-10-08T12:08:31.798+0000] {override.py:1900} INFO - Created Permission View: menu access on DAG Run:example_bash_operator
[2024-10-08T12:08:31.808+0000] {logging_mixin.py:190} INFO - [2024-10-08T12:08:31.808+0000] {override.py:1900} INFO - Created Permission View: can read on DAG Run:example_bash_operator
[2024-10-08T12:08:31.809+0000] {logging_mixin.py:190} INFO - [2024-10-08T12:08:31.809+0000] {dag.py:3239} INFO - Sync 1 DAGs
[2024-10-08T12:08:31.827+0000] {logging_mixin.py:190} INFO - [2024-10-08T12:08:31.827+0000] {dag.py:3262} INFO - Creating ORM DAG for example_bash_operator
[2024-10-08T12:08:31.842+0000] {logging_mixin.py:190} INFO - [2024-10-08T12:08:31.841+0000] {dag.py:4180} INFO - Setting next_dagrun for example_bash_operator to 2024-10-07 00:00:00+00:00, run_after=2024-10-08 00:00:00+00:00
[2024-10-08T12:08:31.861+0000] {processor.py:208} INFO - Processing /home/airflow/.local/lib/python3.12/site-packages/airflow/example_dags/example_bash_operator.py took 1.359 seconds
[2024-10-08T12:09:01.987+0000] {processor.py:186} INFO - Started process (PID=145) to work on /home/airflow/.local/lib/python3.12/site-packages/airflow/example_dags/example_bash_operator.py
[2024-10-08T12:09:01.989+0000] {processor.py:914} INFO - Processing file /home/airflow/.local/lib/python3.12/site-packages/airflow/example_dags/example_bash_operator.py for tasks to queue
[2024-10-08T12:09:01.992+0000] {logging_mixin.py:190} INFO - [2024-10-08T12:09:01.991+0000] {dagbag.py:588} INFO - Filling up the DagBag from /home/airflow/.local/lib/python3.12/site-packages/airflow/example_dags/example_bash_operator.py
[2024-10-08T12:09:02.013+0000] {processor.py:925} INFO - DAG(s) 'example_bash_operator' retrieved from /home/airflow/.local/lib/python3.12/site-packages/airflow/example_dags/example_bash_operator.py
[2024-10-08T12:09:02.058+0000] {logging_mixin.py:190} INFO - [2024-10-08T12:09:02.058+0000] {dag.py:3239} INFO - Sync 1 DAGs
[2024-10-08T12:09:02.089+0000] {logging_mixin.py:190} INFO - [2024-10-08T12:09:02.088+0000] {dag.py:4180} INFO - Setting next_dagrun for example_bash_operator to 2024-10-07 00:00:00+00:00, run_after=2024-10-08 00:00:00+00:00
[2024-10-08T12:09:02.110+0000] {processor.py:208} INFO - Processing /home/airflow/.local/lib/python3.12/site-packages/airflow/example_dags/example_bash_operator.py took 0.131 seconds
[2024-10-08T12:09:36.474+0000] {processor.py:186} INFO - Started process (PID=208) to work on /home/airflow/.local/lib/python3.12/site-packages/airflow/example_dags/example_bash_operator.py
[2024-10-08T12:09:36.475+0000] {processor.py:914} INFO - Processing file /home/airflow/.local/lib/python3.12/site-packages/airflow/example_dags/example_bash_operator.py for tasks to queue
[2024-10-08T12:09:36.479+0000] {logging_mixin.py:190} INFO - [2024-10-08T12:09:36.478+0000] {dagbag.py:588} INFO - Filling up the DagBag from /home/airflow/.local/lib/python3.12/site-packages/airflow/example_dags/example_bash_operator.py
[2024-10-08T12:09:36.498+0000] {processor.py:925} INFO - DAG(s) 'example_bash_operator' retrieved from /home/airflow/.local/lib/python3.12/site-packages/airflow/example_dags/example_bash_operator.py
[2024-10-08T12:09:36.542+0000] {logging_mixin.py:190} INFO - [2024-10-08T12:09:36.542+0000] {dag.py:3239} INFO - Sync 1 DAGs
[2024-10-08T12:09:36.575+0000] {logging_mixin.py:190} INFO - [2024-10-08T12:09:36.575+0000] {dag.py:4180} INFO - Setting next_dagrun for example_bash_operator to 2024-10-07 00:00:00+00:00, run_after=2024-10-08 00:00:00+00:00
[2024-10-08T12:09:36.613+0000] {processor.py:208} INFO - Processing /home/airflow/.local/lib/python3.12/site-packages/airflow/example_dags/example_bash_operator.py took 0.146 seconds
[2024-10-08T12:10:06.909+0000] {processor.py:186} INFO - Started process (PID=271) to work on /home/airflow/.local/lib/python3.12/site-packages/airflow/example_dags/example_bash_operator.py
[2024-10-08T12:10:06.910+0000] {processor.py:914} INFO - Processing file /home/airflow/.local/lib/python3.12/site-packages/airflow/example_dags/example_bash_operator.py for tasks to queue
[2024-10-08T12:10:06.912+0000] {logging_mixin.py:190} INFO - [2024-10-08T12:10:06.912+0000] {dagbag.py:588} INFO - Filling up the DagBag from /home/airflow/.local/lib/python3.12/site-packages/airflow/example_dags/example_bash_operator.py
[2024-10-08T12:10:06.925+0000] {processor.py:925} INFO - DAG(s) 'example_bash_operator' retrieved from /home/airflow/.local/lib/python3.12/site-packages/airflow/example_dags/example_bash_operator.py
[2024-10-08T12:10:06.951+0000] {logging_mixin.py:190} INFO - [2024-10-08T12:10:06.951+0000] {dag.py:3239} INFO - Sync 1 DAGs
[2024-10-08T12:10:06.977+0000] {logging_mixin.py:190} INFO - [2024-10-08T12:10:06.977+0000] {dag.py:4180} INFO - Setting next_dagrun for example_bash_operator to 2024-10-07 00:00:00+00:00, run_after=2024-10-08 00:00:00+00:00
[2024-10-08T12:10:07.019+0000] {processor.py:208} INFO - Processing /home/airflow/.local/lib/python3.12/site-packages/airflow/example_dags/example_bash_operator.py took 0.115 seconds
[2024-10-08T12:10:37.112+0000] {processor.py:186} INFO - Started process (PID=334) to work on /home/airflow/.local/lib/python3.12/site-packages/airflow/example_dags/example_bash_operator.py
[2024-10-08T12:10:37.113+0000] {processor.py:914} INFO - Processing file /home/airflow/.local/lib/python3.12/site-packages/airflow/example_dags/example_bash_operator.py for tasks to queue
[2024-10-08T12:10:37.115+0000] {logging_mixin.py:190} INFO - [2024-10-08T12:10:37.115+0000] {dagbag.py:588} INFO - Filling up the DagBag from /home/airflow/.local/lib/python3.12/site-packages/airflow/example_dags/example_bash_operator.py
[2024-10-08T12:10:37.131+0000] {processor.py:925} INFO - DAG(s) 'example_bash_operator' retrieved from /home/airflow/.local/lib/python3.12/site-packages/airflow/example_dags/example_bash_operator.py
[2024-10-08T12:10:37.161+0000] {logging_mixin.py:190} INFO - [2024-10-08T12:10:37.161+0000] {dag.py:3239} INFO - Sync 1 DAGs
[2024-10-08T12:10:37.191+0000] {logging_mixin.py:190} INFO - [2024-10-08T12:10:37.190+0000] {dag.py:4180} INFO - Setting next_dagrun for example_bash_operator to 2024-10-07 00:00:00+00:00, run_after=2024-10-08 00:00:00+00:00
[2024-10-08T12:10:37.215+0000] {processor.py:208} INFO - Processing /home/airflow/.local/lib/python3.12/site-packages/airflow/example_dags/example_bash_operator.py took 0.109 seconds
[2024-10-08T12:11:08.063+0000] {processor.py:186} INFO - Started process (PID=397) to work on /home/airflow/.local/lib/python3.12/site-packages/airflow/example_dags/example_bash_operator.py
[2024-10-08T12:11:08.064+0000] {processor.py:914} INFO - Processing file /home/airflow/.local/lib/python3.12/site-packages/airflow/example_dags/example_bash_operator.py for tasks to queue
[2024-10-08T12:11:08.066+0000] {logging_mixin.py:190} INFO - [2024-10-08T12:11:08.066+0000] {dagbag.py:588} INFO - Filling up the DagBag from /home/airflow/.local/lib/python3.12/site-packages/airflow/example_dags/example_bash_operator.py
[2024-10-08T12:11:08.078+0000] {processor.py:925} INFO - DAG(s) 'example_bash_operator' retrieved from /home/airflow/.local/lib/python3.12/site-packages/airflow/example_dags/example_bash_operator.py
[2024-10-08T12:11:08.104+0000] {logging_mixin.py:190} INFO - [2024-10-08T12:11:08.104+0000] {dag.py:3239} INFO - Sync 1 DAGs
[2024-10-08T12:11:08.125+0000] {logging_mixin.py:190} INFO - [2024-10-08T12:11:08.125+0000] {dag.py:4180} INFO - Setting next_dagrun for example_bash_operator to 2024-10-07 00:00:00+00:00, run_after=2024-10-08 00:00:00+00:00
[2024-10-08T12:11:08.143+0000] {processor.py:208} INFO - Processing /home/airflow/.local/lib/python3.12/site-packages/airflow/example_dags/example_bash_operator.py took 0.085 seconds
[2024-10-08T12:11:38.558+0000] {processor.py:186} INFO - Started process (PID=460) to work on /home/airflow/.local/lib/python3.12/site-packages/airflow/example_dags/example_bash_operator.py
[2024-10-08T12:11:38.559+0000] {processor.py:914} INFO - Processing file /home/airflow/.local/lib/python3.12/site-packages/airflow/example_dags/example_bash_operator.py for tasks to queue
[2024-10-08T12:11:38.562+0000] {logging_mixin.py:190} INFO - [2024-10-08T12:11:38.561+0000] {dagbag.py:588} INFO - Filling up the DagBag from /home/airflow/.local/lib/python3.12/site-packages/airflow/example_dags/example_bash_operator.py
[2024-10-08T12:11:38.576+0000] {processor.py:925} INFO - DAG(s) 'example_bash_operator' retrieved from /home/airflow/.local/lib/python3.12/site-packages/airflow/example_dags/example_bash_operator.py
[2024-10-08T12:11:38.604+0000] {logging_mixin.py:190} INFO - [2024-10-08T12:11:38.604+0000] {dag.py:3239} INFO - Sync 1 DAGs
[2024-10-08T12:11:38.629+0000] {logging_mixin.py:190} INFO - [2024-10-08T12:11:38.629+0000] {dag.py:4180} INFO - Setting next_dagrun for example_bash_operator to 2024-10-07 00:00:00+00:00, run_after=2024-10-08 00:00:00+00:00
[2024-10-08T12:11:38.651+0000] {processor.py:208} INFO - Processing /home/airflow/.local/lib/python3.12/site-packages/airflow/example_dags/example_bash_operator.py took 0.099 seconds
[2024-10-08T12:12:09.315+0000] {processor.py:186} INFO - Started process (PID=523) to work on /home/airflow/.local/lib/python3.12/site-packages/airflow/example_dags/example_bash_operator.py
[2024-10-08T12:12:09.316+0000] {processor.py:914} INFO - Processing file /home/airflow/.local/lib/python3.12/site-packages/airflow/example_dags/example_bash_operator.py for tasks to queue
[2024-10-08T12:12:09.318+0000] {logging_mixin.py:190} INFO - [2024-10-08T12:12:09.318+0000] {dagbag.py:588} INFO - Filling up the DagBag from /home/airflow/.local/lib/python3.12/site-packages/airflow/example_dags/example_bash_operator.py
[2024-10-08T12:12:09.330+0000] {processor.py:925} INFO - DAG(s) 'example_bash_operator' retrieved from /home/airflow/.local/lib/python3.12/site-packages/airflow/example_dags/example_bash_operator.py
[2024-10-08T12:12:09.354+0000] {logging_mixin.py:190} INFO - [2024-10-08T12:12:09.354+0000] {dag.py:3239} INFO - Sync 1 DAGs
[2024-10-08T12:12:09.377+0000] {logging_mixin.py:190} INFO - [2024-10-08T12:12:09.377+0000] {dag.py:4180} INFO - Setting next_dagrun for example_bash_operator to 2024-10-07 00:00:00+00:00, run_after=2024-10-08 00:00:00+00:00
[2024-10-08T12:12:09.396+0000] {processor.py:208} INFO - Processing /home/airflow/.local/lib/python3.12/site-packages/airflow/example_dags/example_bash_operator.py took 0.087 seconds
[2024-10-08T12:12:40.311+0000] {processor.py:186} INFO - Started process (PID=586) to work on /home/airflow/.local/lib/python3.12/site-packages/airflow/example_dags/example_bash_operator.py
[2024-10-08T12:12:40.313+0000] {processor.py:914} INFO - Processing file /home/airflow/.local/lib/python3.12/site-packages/airflow/example_dags/example_bash_operator.py for tasks to queue
[2024-10-08T12:12:40.315+0000] {logging_mixin.py:190} INFO - [2024-10-08T12:12:40.315+0000] {dagbag.py:588} INFO - Filling up the DagBag from /home/airflow/.local/lib/python3.12/site-packages/airflow/example_dags/example_bash_operator.py
[2024-10-08T12:12:40.334+0000] {processor.py:925} INFO - DAG(s) 'example_bash_operator' retrieved from /home/airflow/.local/lib/python3.12/site-packages/airflow/example_dags/example_bash_operator.py
[2024-10-08T12:12:40.367+0000] {logging_mixin.py:190} INFO - [2024-10-08T12:12:40.367+0000] {dag.py:3239} INFO - Sync 1 DAGs
[2024-10-08T12:12:40.396+0000] {logging_mixin.py:190} INFO - [2024-10-08T12:12:40.395+0000] {dag.py:4180} INFO - Setting next_dagrun for example_bash_operator to 2024-10-07 00:00:00+00:00, run_after=2024-10-08 00:00:00+00:00
[2024-10-08T12:12:40.418+0000] {processor.py:208} INFO - Processing /home/airflow/.local/lib/python3.12/site-packages/airflow/example_dags/example_bash_operator.py took 0.115 seconds
[2024-10-08T12:13:11.643+0000] {processor.py:186} INFO - Started process (PID=649) to work on /home/airflow/.local/lib/python3.12/site-packages/airflow/example_dags/example_bash_operator.py
[2024-10-08T12:13:11.644+0000] {processor.py:914} INFO - Processing file /home/airflow/.local/lib/python3.12/site-packages/airflow/example_dags/example_bash_operator.py for tasks to queue
[2024-10-08T12:13:11.646+0000] {logging_mixin.py:190} INFO - [2024-10-08T12:13:11.646+0000] {dagbag.py:588} INFO - Filling up the DagBag from /home/airflow/.local/lib/python3.12/site-packages/airflow/example_dags/example_bash_operator.py
[2024-10-08T12:13:11.662+0000] {processor.py:925} INFO - DAG(s) 'example_bash_operator' retrieved from /home/airflow/.local/lib/python3.12/site-packages/airflow/example_dags/example_bash_operator.py
[2024-10-08T12:13:11.692+0000] {logging_mixin.py:190} INFO - [2024-10-08T12:13:11.692+0000] {dag.py:3239} INFO - Sync 1 DAGs
[2024-10-08T12:13:11.721+0000] {logging_mixin.py:190} INFO - [2024-10-08T12:13:11.721+0000] {dag.py:4180} INFO - Setting next_dagrun for example_bash_operator to 2024-10-07 00:00:00+00:00, run_after=2024-10-08 00:00:00+00:00
[2024-10-08T12:13:11.742+0000] {processor.py:208} INFO - Processing /home/airflow/.local/lib/python3.12/site-packages/airflow/example_dags/example_bash_operator.py took 0.106 seconds
[2024-10-08T12:13:42.455+0000] {processor.py:186} INFO - Started process (PID=712) to work on /home/airflow/.local/lib/python3.12/site-packages/airflow/example_dags/example_bash_operator.py
[2024-10-08T12:13:42.456+0000] {processor.py:914} INFO - Processing file /home/airflow/.local/lib/python3.12/site-packages/airflow/example_dags/example_bash_operator.py for tasks to queue
[2024-10-08T12:13:42.458+0000] {logging_mixin.py:190} INFO - [2024-10-08T12:13:42.458+0000] {dagbag.py:588} INFO - Filling up the DagBag from /home/airflow/.local/lib/python3.12/site-packages/airflow/example_dags/example_bash_operator.py
[2024-10-08T12:13:42.475+0000] {processor.py:925} INFO - DAG(s) 'example_bash_operator' retrieved from /home/airflow/.local/lib/python3.12/site-packages/airflow/example_dags/example_bash_operator.py
[2024-10-08T12:13:42.502+0000] {logging_mixin.py:190} INFO - [2024-10-08T12:13:42.502+0000] {dag.py:3239} INFO - Sync 1 DAGs
[2024-10-08T12:13:42.523+0000] {logging_mixin.py:190} INFO - [2024-10-08T12:13:42.523+0000] {dag.py:4180} INFO - Setting next_dagrun for example_bash_operator to 2024-10-07 00:00:00+00:00, run_after=2024-10-08 00:00:00+00:00
[2024-10-08T12:13:42.541+0000] {processor.py:208} INFO - Processing /home/airflow/.local/lib/python3.12/site-packages/airflow/example_dags/example_bash_operator.py took 0.092 seconds
[2024-10-08T12:14:12.941+0000] {processor.py:186} INFO - Started process (PID=775) to work on /home/airflow/.local/lib/python3.12/site-packages/airflow/example_dags/example_bash_operator.py
[2024-10-08T12:14:12.942+0000] {processor.py:914} INFO - Processing file /home/airflow/.local/lib/python3.12/site-packages/airflow/example_dags/example_bash_operator.py for tasks to queue
[2024-10-08T12:14:12.943+0000] {logging_mixin.py:190} INFO - [2024-10-08T12:14:12.943+0000] {dagbag.py:588} INFO - Filling up the DagBag from /home/airflow/.local/lib/python3.12/site-packages/airflow/example_dags/example_bash_operator.py
[2024-10-08T12:14:12.957+0000] {processor.py:925} INFO - DAG(s) 'example_bash_operator' retrieved from /home/airflow/.local/lib/python3.12/site-packages/airflow/example_dags/example_bash_operator.py
[2024-10-08T12:14:12.983+0000] {logging_mixin.py:190} INFO - [2024-10-08T12:14:12.982+0000] {dag.py:3239} INFO - Sync 1 DAGs
[2024-10-08T12:14:13.007+0000] {logging_mixin.py:190} INFO - [2024-10-08T12:14:13.006+0000] {dag.py:4180} INFO - Setting next_dagrun for example_bash_operator to 2024-10-07 00:00:00+00:00, run_after=2024-10-08 00:00:00+00:00
[2024-10-08T12:14:13.025+0000] {processor.py:208} INFO - Processing /home/airflow/.local/lib/python3.12/site-packages/airflow/example_dags/example_bash_operator.py took 0.090 seconds
[2024-10-08T12:14:43.635+0000] {processor.py:186} INFO - Started process (PID=838) to work on /home/airflow/.local/lib/python3.12/site-packages/airflow/example_dags/example_bash_operator.py
[2024-10-08T12:14:43.636+0000] {processor.py:914} INFO - Processing file /home/airflow/.local/lib/python3.12/site-packages/airflow/example_dags/example_bash_operator.py for tasks to queue
[2024-10-08T12:14:43.639+0000] {logging_mixin.py:190} INFO - [2024-10-08T12:14:43.638+0000] {dagbag.py:588} INFO - Filling up the DagBag from /home/airflow/.local/lib/python3.12/site-packages/airflow/example_dags/example_bash_operator.py
[2024-10-08T12:14:43.653+0000] {processor.py:925} INFO - DAG(s) 'example_bash_operator' retrieved from /home/airflow/.local/lib/python3.12/site-packages/airflow/example_dags/example_bash_operator.py
[2024-10-08T12:14:43.681+0000] {logging_mixin.py:190} INFO - [2024-10-08T12:14:43.681+0000] {dag.py:3239} INFO - Sync 1 DAGs
[2024-10-08T12:14:43.707+0000] {logging_mixin.py:190} INFO - [2024-10-08T12:14:43.706+0000] {dag.py:4180} INFO - Setting next_dagrun for example_bash_operator to 2024-10-07 00:00:00+00:00, run_after=2024-10-08 00:00:00+00:00
[2024-10-08T12:14:43.726+0000] {processor.py:208} INFO - Processing /home/airflow/.local/lib/python3.12/site-packages/airflow/example_dags/example_bash_operator.py took 0.096 seconds
[2024-10-08T12:15:14.161+0000] {processor.py:186} INFO - Started process (PID=901) to work on /home/airflow/.local/lib/python3.12/site-packages/airflow/example_dags/example_bash_operator.py
[2024-10-08T12:15:14.162+0000] {processor.py:914} INFO - Processing file /home/airflow/.local/lib/python3.12/site-packages/airflow/example_dags/example_bash_operator.py for tasks to queue
[2024-10-08T12:15:14.164+0000] {logging_mixin.py:190} INFO - [2024-10-08T12:15:14.163+0000] {dagbag.py:588} INFO - Filling up the DagBag from /home/airflow/.local/lib/python3.12/site-packages/airflow/example_dags/example_bash_operator.py
[2024-10-08T12:15:14.176+0000] {processor.py:925} INFO - DAG(s) 'example_bash_operator' retrieved from /home/airflow/.local/lib/python3.12/site-packages/airflow/example_dags/example_bash_operator.py
[2024-10-08T12:15:14.204+0000] {logging_mixin.py:190} INFO - [2024-10-08T12:15:14.203+0000] {dag.py:3239} INFO - Sync 1 DAGs
[2024-10-08T12:15:14.227+0000] {logging_mixin.py:190} INFO - [2024-10-08T12:15:14.227+0000] {dag.py:4180} INFO - Setting next_dagrun for example_bash_operator to 2024-10-07 00:00:00+00:00, run_after=2024-10-08 00:00:00+00:00
[2024-10-08T12:15:14.246+0000] {processor.py:208} INFO - Processing /home/airflow/.local/lib/python3.12/site-packages/airflow/example_dags/example_bash_operator.py took 0.092 seconds
[2024-10-08T12:15:44.865+0000] {processor.py:186} INFO - Started process (PID=965) to work on /home/airflow/.local/lib/python3.12/site-packages/airflow/example_dags/example_bash_operator.py
[2024-10-08T12:15:44.866+0000] {processor.py:914} INFO - Processing file /home/airflow/.local/lib/python3.12/site-packages/airflow/example_dags/example_bash_operator.py for tasks to queue
[2024-10-08T12:15:44.869+0000] {logging_mixin.py:190} INFO - [2024-10-08T12:15:44.868+0000] {dagbag.py:588} INFO - Filling up the DagBag from /home/airflow/.local/lib/python3.12/site-packages/airflow/example_dags/example_bash_operator.py
[2024-10-08T12:15:44.881+0000] {processor.py:925} INFO - DAG(s) 'example_bash_operator' retrieved from /home/airflow/.local/lib/python3.12/site-packages/airflow/example_dags/example_bash_operator.py
[2024-10-08T12:15:44.904+0000] {logging_mixin.py:190} INFO - [2024-10-08T12:15:44.904+0000] {dag.py:3239} INFO - Sync 1 DAGs
[2024-10-08T12:15:44.929+0000] {logging_mixin.py:190} INFO - [2024-10-08T12:15:44.929+0000] {dag.py:4180} INFO - Setting next_dagrun for example_bash_operator to 2024-10-07 00:00:00+00:00, run_after=2024-10-08 00:00:00+00:00
[2024-10-08T12:15:44.949+0000] {processor.py:208} INFO - Processing /home/airflow/.local/lib/python3.12/site-packages/airflow/example_dags/example_bash_operator.py took 0.091 seconds
[2024-10-08T12:16:15.463+0000] {processor.py:186} INFO - Started process (PID=1028) to work on /home/airflow/.local/lib/python3.12/site-packages/airflow/example_dags/example_bash_operator.py
[2024-10-08T12:16:15.464+0000] {processor.py:914} INFO - Processing file /home/airflow/.local/lib/python3.12/site-packages/airflow/example_dags/example_bash_operator.py for tasks to queue
[2024-10-08T12:16:15.467+0000] {logging_mixin.py:190} INFO - [2024-10-08T12:16:15.466+0000] {dagbag.py:588} INFO - Filling up the DagBag from /home/airflow/.local/lib/python3.12/site-packages/airflow/example_dags/example_bash_operator.py
[2024-10-08T12:16:15.479+0000] {processor.py:925} INFO - DAG(s) 'example_bash_operator' retrieved from /home/airflow/.local/lib/python3.12/site-packages/airflow/example_dags/example_bash_operator.py
[2024-10-08T12:16:15.505+0000] {logging_mixin.py:190} INFO - [2024-10-08T12:16:15.504+0000] {dag.py:3239} INFO - Sync 1 DAGs
[2024-10-08T12:16:15.527+0000] {logging_mixin.py:190} INFO - [2024-10-08T12:16:15.527+0000] {dag.py:4180} INFO - Setting next_dagrun for example_bash_operator to 2024-10-07 00:00:00+00:00, run_after=2024-10-08 00:00:00+00:00
[2024-10-08T12:16:15.546+0000] {processor.py:208} INFO - Processing /home/airflow/.local/lib/python3.12/site-packages/airflow/example_dags/example_bash_operator.py took 0.089 seconds
[2024-10-08T12:16:46.166+0000] {processor.py:186} INFO - Started process (PID=1091) to work on /home/airflow/.local/lib/python3.12/site-packages/airflow/example_dags/example_bash_operator.py
[2024-10-08T12:16:46.168+0000] {processor.py:914} INFO - Processing file /home/airflow/.local/lib/python3.12/site-packages/airflow/example_dags/example_bash_operator.py for tasks to queue
[2024-10-08T12:16:46.171+0000] {logging_mixin.py:190} INFO - [2024-10-08T12:16:46.171+0000] {dagbag.py:588} INFO - Filling up the DagBag from /home/airflow/.local/lib/python3.12/site-packages/airflow/example_dags/example_bash_operator.py
[2024-10-08T12:16:46.191+0000] {processor.py:925} INFO - DAG(s) 'example_bash_operator' retrieved from /home/airflow/.local/lib/python3.12/site-packages/airflow/example_dags/example_bash_operator.py
[2024-10-08T12:16:46.226+0000] {logging_mixin.py:190} INFO - [2024-10-08T12:16:46.225+0000] {dag.py:3239} INFO - Sync 1 DAGs
[2024-10-08T12:16:46.256+0000] {logging_mixin.py:190} INFO - [2024-10-08T12:16:46.255+0000] {dag.py:4180} INFO - Setting next_dagrun for example_bash_operator to 2024-10-07 00:00:00+00:00, run_after=2024-10-08 00:00:00+00:00
[2024-10-08T12:16:46.281+0000] {processor.py:208} INFO - Processing /home/airflow/.local/lib/python3.12/site-packages/airflow/example_dags/example_bash_operator.py took 0.121 seconds
[2024-10-08T12:17:16.876+0000] {processor.py:186} INFO - Started process (PID=1154) to work on /home/airflow/.local/lib/python3.12/site-packages/airflow/example_dags/example_bash_operator.py
[2024-10-08T12:17:16.877+0000] {processor.py:914} INFO - Processing file /home/airflow/.local/lib/python3.12/site-packages/airflow/example_dags/example_bash_operator.py for tasks to queue
[2024-10-08T12:17:16.879+0000] {logging_mixin.py:190} INFO - [2024-10-08T12:17:16.879+0000] {dagbag.py:588} INFO - Filling up the DagBag from /home/airflow/.local/lib/python3.12/site-packages/airflow/example_dags/example_bash_operator.py
[2024-10-08T12:17:16.892+0000] {processor.py:925} INFO - DAG(s) 'example_bash_operator' retrieved from /home/airflow/.local/lib/python3.12/site-packages/airflow/example_dags/example_bash_operator.py
[2024-10-08T12:17:16.918+0000] {logging_mixin.py:190} INFO - [2024-10-08T12:17:16.918+0000] {dag.py:3239} INFO - Sync 1 DAGs
[2024-10-08T12:17:16.941+0000] {logging_mixin.py:190} INFO - [2024-10-08T12:17:16.941+0000] {dag.py:4180} INFO - Setting next_dagrun for example_bash_operator to 2024-10-07 00:00:00+00:00, run_after=2024-10-08 00:00:00+00:00
[2024-10-08T12:17:16.963+0000] {processor.py:208} INFO - Processing /home/airflow/.local/lib/python3.12/site-packages/airflow/example_dags/example_bash_operator.py took 0.093 seconds
[2024-10-08T12:17:47.600+0000] {processor.py:186} INFO - Started process (PID=1218) to work on /home/airflow/.local/lib/python3.12/site-packages/airflow/example_dags/example_bash_operator.py
[2024-10-08T12:17:47.601+0000] {processor.py:914} INFO - Processing file /home/airflow/.local/lib/python3.12/site-packages/airflow/example_dags/example_bash_operator.py for tasks to queue
[2024-10-08T12:17:47.603+0000] {logging_mixin.py:190} INFO - [2024-10-08T12:17:47.603+0000] {dagbag.py:588} INFO - Filling up the DagBag from /home/airflow/.local/lib/python3.12/site-packages/airflow/example_dags/example_bash_operator.py
[2024-10-08T12:17:47.616+0000] {processor.py:925} INFO - DAG(s) 'example_bash_operator' retrieved from /home/airflow/.local/lib/python3.12/site-packages/airflow/example_dags/example_bash_operator.py
[2024-10-08T12:17:47.642+0000] {logging_mixin.py:190} INFO - [2024-10-08T12:17:47.642+0000] {dag.py:3239} INFO - Sync 1 DAGs
[2024-10-08T12:17:47.665+0000] {logging_mixin.py:190} INFO - [2024-10-08T12:17:47.665+0000] {dag.py:4180} INFO - Setting next_dagrun for example_bash_operator to 2024-10-07 00:00:00+00:00, run_after=2024-10-08 00:00:00+00:00
[2024-10-08T12:17:47.687+0000] {processor.py:208} INFO - Processing /home/airflow/.local/lib/python3.12/site-packages/airflow/example_dags/example_bash_operator.py took 0.092 seconds
[2024-10-08T12:18:18.351+0000] {processor.py:186} INFO - Started process (PID=1281) to work on /home/airflow/.local/lib/python3.12/site-packages/airflow/example_dags/example_bash_operator.py
[2024-10-08T12:18:18.353+0000] {processor.py:914} INFO - Processing file /home/airflow/.local/lib/python3.12/site-packages/airflow/example_dags/example_bash_operator.py for tasks to queue
[2024-10-08T12:18:18.355+0000] {logging_mixin.py:190} INFO - [2024-10-08T12:18:18.355+0000] {dagbag.py:588} INFO - Filling up the DagBag from /home/airflow/.local/lib/python3.12/site-packages/airflow/example_dags/example_bash_operator.py
[2024-10-08T12:18:18.368+0000] {processor.py:925} INFO - DAG(s) 'example_bash_operator' retrieved from /home/airflow/.local/lib/python3.12/site-packages/airflow/example_dags/example_bash_operator.py
[2024-10-08T12:18:18.395+0000] {logging_mixin.py:190} INFO - [2024-10-08T12:18:18.395+0000] {dag.py:3239} INFO - Sync 1 DAGs
[2024-10-08T12:18:18.421+0000] {logging_mixin.py:190} INFO - [2024-10-08T12:18:18.421+0000] {dag.py:4180} INFO - Setting next_dagrun for example_bash_operator to 2024-10-07 00:00:00+00:00, run_after=2024-10-08 00:00:00+00:00
[2024-10-08T12:18:18.442+0000] {processor.py:208} INFO - Processing /home/airflow/.local/lib/python3.12/site-packages/airflow/example_dags/example_bash_operator.py took 0.096 seconds
[2024-10-08T12:18:49.282+0000] {processor.py:186} INFO - Started process (PID=1344) to work on /home/airflow/.local/lib/python3.12/site-packages/airflow/example_dags/example_bash_operator.py
[2024-10-08T12:18:49.283+0000] {processor.py:914} INFO - Processing file /home/airflow/.local/lib/python3.12/site-packages/airflow/example_dags/example_bash_operator.py for tasks to queue
[2024-10-08T12:18:49.286+0000] {logging_mixin.py:190} INFO - [2024-10-08T12:18:49.285+0000] {dagbag.py:588} INFO - Filling up the DagBag from /home/airflow/.local/lib/python3.12/site-packages/airflow/example_dags/example_bash_operator.py
[2024-10-08T12:18:49.299+0000] {processor.py:925} INFO - DAG(s) 'example_bash_operator' retrieved from /home/airflow/.local/lib/python3.12/site-packages/airflow/example_dags/example_bash_operator.py
[2024-10-08T12:18:49.323+0000] {logging_mixin.py:190} INFO - [2024-10-08T12:18:49.323+0000] {dag.py:3239} INFO - Sync 1 DAGs
[2024-10-08T12:18:49.347+0000] {logging_mixin.py:190} INFO - [2024-10-08T12:18:49.347+0000] {dag.py:4180} INFO - Setting next_dagrun for example_bash_operator to 2024-10-07 00:00:00+00:00, run_after=2024-10-08 00:00:00+00:00
[2024-10-08T12:18:49.366+0000] {processor.py:208} INFO - Processing /home/airflow/.local/lib/python3.12/site-packages/airflow/example_dags/example_bash_operator.py took 0.090 seconds
[2024-10-08T12:19:19.632+0000] {processor.py:186} INFO - Started process (PID=1411) to work on /home/airflow/.local/lib/python3.12/site-packages/airflow/example_dags/example_bash_operator.py
[2024-10-08T12:19:19.634+0000] {processor.py:914} INFO - Processing file /home/airflow/.local/lib/python3.12/site-packages/airflow/example_dags/example_bash_operator.py for tasks to queue
[2024-10-08T12:19:19.636+0000] {logging_mixin.py:190} INFO - [2024-10-08T12:19:19.636+0000] {dagbag.py:588} INFO - Filling up the DagBag from /home/airflow/.local/lib/python3.12/site-packages/airflow/example_dags/example_bash_operator.py
[2024-10-08T12:19:19.649+0000] {processor.py:925} INFO - DAG(s) 'example_bash_operator' retrieved from /home/airflow/.local/lib/python3.12/site-packages/airflow/example_dags/example_bash_operator.py
[2024-10-08T12:19:19.677+0000] {logging_mixin.py:190} INFO - [2024-10-08T12:19:19.676+0000] {dag.py:3239} INFO - Sync 1 DAGs
[2024-10-08T12:19:19.704+0000] {logging_mixin.py:190} INFO - [2024-10-08T12:19:19.703+0000] {dag.py:4180} INFO - Setting next_dagrun for example_bash_operator to 2024-10-07 00:00:00+00:00, run_after=2024-10-08 00:00:00+00:00
[2024-10-08T12:19:19.728+0000] {processor.py:208} INFO - Processing /home/airflow/.local/lib/python3.12/site-packages/airflow/example_dags/example_bash_operator.py took 0.103 seconds
[2024-10-08T12:19:50.525+0000] {processor.py:186} INFO - Started process (PID=1474) to work on /home/airflow/.local/lib/python3.12/site-packages/airflow/example_dags/example_bash_operator.py
[2024-10-08T12:19:50.526+0000] {processor.py:914} INFO - Processing file /home/airflow/.local/lib/python3.12/site-packages/airflow/example_dags/example_bash_operator.py for tasks to queue
[2024-10-08T12:19:50.529+0000] {logging_mixin.py:190} INFO - [2024-10-08T12:19:50.528+0000] {dagbag.py:588} INFO - Filling up the DagBag from /home/airflow/.local/lib/python3.12/site-packages/airflow/example_dags/example_bash_operator.py
[2024-10-08T12:19:50.541+0000] {processor.py:925} INFO - DAG(s) 'example_bash_operator' retrieved from /home/airflow/.local/lib/python3.12/site-packages/airflow/example_dags/example_bash_operator.py
[2024-10-08T12:19:50.567+0000] {logging_mixin.py:190} INFO - [2024-10-08T12:19:50.567+0000] {dag.py:3239} INFO - Sync 1 DAGs
[2024-10-08T12:19:50.595+0000] {logging_mixin.py:190} INFO - [2024-10-08T12:19:50.595+0000] {dag.py:4180} INFO - Setting next_dagrun for example_bash_operator to 2024-10-07 00:00:00+00:00, run_after=2024-10-08 00:00:00+00:00
[2024-10-08T12:19:50.618+0000] {processor.py:208} INFO - Processing /home/airflow/.local/lib/python3.12/site-packages/airflow/example_dags/example_bash_operator.py took 0.099 seconds
[2024-10-08T12:34:12.396+0000] {processor.py:186} INFO - Started process (PID=74) to work on /home/airflow/.local/lib/python3.12/site-packages/airflow/example_dags/example_bash_operator.py
[2024-10-08T12:34:12.397+0000] {processor.py:914} INFO - Processing file /home/airflow/.local/lib/python3.12/site-packages/airflow/example_dags/example_bash_operator.py for tasks to queue
[2024-10-08T12:34:12.400+0000] {logging_mixin.py:190} INFO - [2024-10-08T12:34:12.400+0000] {dagbag.py:588} INFO - Filling up the DagBag from /home/airflow/.local/lib/python3.12/site-packages/airflow/example_dags/example_bash_operator.py
[2024-10-08T12:34:12.413+0000] {processor.py:925} INFO - DAG(s) 'example_bash_operator' retrieved from /home/airflow/.local/lib/python3.12/site-packages/airflow/example_dags/example_bash_operator.py
[2024-10-08T12:34:12.445+0000] {logging_mixin.py:190} INFO - [2024-10-08T12:34:12.445+0000] {dag.py:3239} INFO - Sync 1 DAGs
[2024-10-08T12:34:12.470+0000] {logging_mixin.py:190} INFO - [2024-10-08T12:34:12.470+0000] {dag.py:4180} INFO - Setting next_dagrun for example_bash_operator to 2024-10-07 00:00:00+00:00, run_after=2024-10-08 00:00:00+00:00
[2024-10-08T12:34:12.492+0000] {processor.py:208} INFO - Processing /home/airflow/.local/lib/python3.12/site-packages/airflow/example_dags/example_bash_operator.py took 0.101 seconds
[2024-10-08T12:34:42.644+0000] {processor.py:186} INFO - Started process (PID=137) to work on /home/airflow/.local/lib/python3.12/site-packages/airflow/example_dags/example_bash_operator.py
[2024-10-08T12:34:42.645+0000] {processor.py:914} INFO - Processing file /home/airflow/.local/lib/python3.12/site-packages/airflow/example_dags/example_bash_operator.py for tasks to queue
[2024-10-08T12:34:42.648+0000] {logging_mixin.py:190} INFO - [2024-10-08T12:34:42.648+0000] {dagbag.py:588} INFO - Filling up the DagBag from /home/airflow/.local/lib/python3.12/site-packages/airflow/example_dags/example_bash_operator.py
[2024-10-08T12:34:42.662+0000] {processor.py:925} INFO - DAG(s) 'example_bash_operator' retrieved from /home/airflow/.local/lib/python3.12/site-packages/airflow/example_dags/example_bash_operator.py
[2024-10-08T12:34:42.687+0000] {logging_mixin.py:190} INFO - [2024-10-08T12:34:42.687+0000] {dag.py:3239} INFO - Sync 1 DAGs
[2024-10-08T12:34:42.714+0000] {logging_mixin.py:190} INFO - [2024-10-08T12:34:42.714+0000] {dag.py:4180} INFO - Setting next_dagrun for example_bash_operator to 2024-10-07 00:00:00+00:00, run_after=2024-10-08 00:00:00+00:00
[2024-10-08T12:34:42.733+0000] {processor.py:208} INFO - Processing /home/airflow/.local/lib/python3.12/site-packages/airflow/example_dags/example_bash_operator.py took 0.096 seconds
[2024-10-08T12:35:13.376+0000] {processor.py:186} INFO - Started process (PID=200) to work on /home/airflow/.local/lib/python3.12/site-packages/airflow/example_dags/example_bash_operator.py
[2024-10-08T12:35:13.377+0000] {processor.py:914} INFO - Processing file /home/airflow/.local/lib/python3.12/site-packages/airflow/example_dags/example_bash_operator.py for tasks to queue
[2024-10-08T12:35:13.379+0000] {logging_mixin.py:190} INFO - [2024-10-08T12:35:13.379+0000] {dagbag.py:588} INFO - Filling up the DagBag from /home/airflow/.local/lib/python3.12/site-packages/airflow/example_dags/example_bash_operator.py
[2024-10-08T12:35:13.394+0000] {processor.py:925} INFO - DAG(s) 'example_bash_operator' retrieved from /home/airflow/.local/lib/python3.12/site-packages/airflow/example_dags/example_bash_operator.py
[2024-10-08T12:35:13.421+0000] {logging_mixin.py:190} INFO - [2024-10-08T12:35:13.420+0000] {dag.py:3239} INFO - Sync 1 DAGs
[2024-10-08T12:35:13.444+0000] {logging_mixin.py:190} INFO - [2024-10-08T12:35:13.444+0000] {dag.py:4180} INFO - Setting next_dagrun for example_bash_operator to 2024-10-07 00:00:00+00:00, run_after=2024-10-08 00:00:00+00:00
[2024-10-08T12:35:13.465+0000] {processor.py:208} INFO - Processing /home/airflow/.local/lib/python3.12/site-packages/airflow/example_dags/example_bash_operator.py took 0.096 seconds
[2024-10-08T12:35:56.402+0000] {processor.py:186} INFO - Started process (PID=263) to work on /home/airflow/.local/lib/python3.12/site-packages/airflow/example_dags/example_bash_operator.py
[2024-10-08T12:35:56.404+0000] {processor.py:914} INFO - Processing file /home/airflow/.local/lib/python3.12/site-packages/airflow/example_dags/example_bash_operator.py for tasks to queue
[2024-10-08T12:35:56.407+0000] {logging_mixin.py:190} INFO - [2024-10-08T12:35:56.406+0000] {dagbag.py:588} INFO - Filling up the DagBag from /home/airflow/.local/lib/python3.12/site-packages/airflow/example_dags/example_bash_operator.py
[2024-10-08T12:35:56.421+0000] {processor.py:925} INFO - DAG(s) 'example_bash_operator' retrieved from /home/airflow/.local/lib/python3.12/site-packages/airflow/example_dags/example_bash_operator.py
[2024-10-08T12:35:56.453+0000] {logging_mixin.py:190} INFO - [2024-10-08T12:35:56.453+0000] {dag.py:3239} INFO - Sync 1 DAGs
[2024-10-08T12:35:56.477+0000] {logging_mixin.py:190} INFO - [2024-10-08T12:35:56.476+0000] {dag.py:4180} INFO - Setting next_dagrun for example_bash_operator to 2024-10-07 00:00:00+00:00, run_after=2024-10-08 00:00:00+00:00
[2024-10-08T12:35:56.507+0000] {processor.py:208} INFO - Processing /home/airflow/.local/lib/python3.12/site-packages/airflow/example_dags/example_bash_operator.py took 0.110 seconds
[2024-10-08T12:36:42.900+0000] {processor.py:186} INFO - Started process (PID=326) to work on /home/airflow/.local/lib/python3.12/site-packages/airflow/example_dags/example_bash_operator.py
[2024-10-08T12:36:42.902+0000] {processor.py:914} INFO - Processing file /home/airflow/.local/lib/python3.12/site-packages/airflow/example_dags/example_bash_operator.py for tasks to queue
[2024-10-08T12:36:42.904+0000] {logging_mixin.py:190} INFO - [2024-10-08T12:36:42.904+0000] {dagbag.py:588} INFO - Filling up the DagBag from /home/airflow/.local/lib/python3.12/site-packages/airflow/example_dags/example_bash_operator.py
[2024-10-08T12:36:42.919+0000] {processor.py:925} INFO - DAG(s) 'example_bash_operator' retrieved from /home/airflow/.local/lib/python3.12/site-packages/airflow/example_dags/example_bash_operator.py
[2024-10-08T12:36:42.959+0000] {logging_mixin.py:190} INFO - [2024-10-08T12:36:42.958+0000] {dag.py:3239} INFO - Sync 1 DAGs
[2024-10-08T12:36:42.997+0000] {logging_mixin.py:190} INFO - [2024-10-08T12:36:42.996+0000] {dag.py:4180} INFO - Setting next_dagrun for example_bash_operator to 2024-10-07 00:00:00+00:00, run_after=2024-10-08 00:00:00+00:00
[2024-10-08T12:36:43.027+0000] {processor.py:208} INFO - Processing /home/airflow/.local/lib/python3.12/site-packages/airflow/example_dags/example_bash_operator.py took 0.133 seconds
[2024-10-08T12:37:13.317+0000] {processor.py:186} INFO - Started process (PID=389) to work on /home/airflow/.local/lib/python3.12/site-packages/airflow/example_dags/example_bash_operator.py
[2024-10-08T12:37:13.319+0000] {processor.py:914} INFO - Processing file /home/airflow/.local/lib/python3.12/site-packages/airflow/example_dags/example_bash_operator.py for tasks to queue
[2024-10-08T12:37:13.323+0000] {logging_mixin.py:190} INFO - [2024-10-08T12:37:13.322+0000] {dagbag.py:588} INFO - Filling up the DagBag from /home/airflow/.local/lib/python3.12/site-packages/airflow/example_dags/example_bash_operator.py
[2024-10-08T12:37:13.339+0000] {processor.py:925} INFO - DAG(s) 'example_bash_operator' retrieved from /home/airflow/.local/lib/python3.12/site-packages/airflow/example_dags/example_bash_operator.py
[2024-10-08T12:37:13.367+0000] {logging_mixin.py:190} INFO - [2024-10-08T12:37:13.367+0000] {dag.py:3239} INFO - Sync 1 DAGs
[2024-10-08T12:37:13.401+0000] {logging_mixin.py:190} INFO - [2024-10-08T12:37:13.401+0000] {dag.py:4180} INFO - Setting next_dagrun for example_bash_operator to 2024-10-07 00:00:00+00:00, run_after=2024-10-08 00:00:00+00:00
[2024-10-08T12:37:13.426+0000] {processor.py:208} INFO - Processing /home/airflow/.local/lib/python3.12/site-packages/airflow/example_dags/example_bash_operator.py took 0.115 seconds
[2024-10-08T12:37:43.944+0000] {processor.py:186} INFO - Started process (PID=457) to work on /home/airflow/.local/lib/python3.12/site-packages/airflow/example_dags/example_bash_operator.py
[2024-10-08T12:37:43.946+0000] {processor.py:914} INFO - Processing file /home/airflow/.local/lib/python3.12/site-packages/airflow/example_dags/example_bash_operator.py for tasks to queue
[2024-10-08T12:37:43.948+0000] {logging_mixin.py:190} INFO - [2024-10-08T12:37:43.948+0000] {dagbag.py:588} INFO - Filling up the DagBag from /home/airflow/.local/lib/python3.12/site-packages/airflow/example_dags/example_bash_operator.py
[2024-10-08T12:37:43.962+0000] {processor.py:925} INFO - DAG(s) 'example_bash_operator' retrieved from /home/airflow/.local/lib/python3.12/site-packages/airflow/example_dags/example_bash_operator.py
[2024-10-08T12:37:43.998+0000] {logging_mixin.py:190} INFO - [2024-10-08T12:37:43.997+0000] {dag.py:3239} INFO - Sync 1 DAGs
[2024-10-08T12:37:44.035+0000] {logging_mixin.py:190} INFO - [2024-10-08T12:37:44.034+0000] {dag.py:4180} INFO - Setting next_dagrun for example_bash_operator to 2024-10-07 00:00:00+00:00, run_after=2024-10-08 00:00:00+00:00
[2024-10-08T12:37:44.056+0000] {processor.py:208} INFO - Processing /home/airflow/.local/lib/python3.12/site-packages/airflow/example_dags/example_bash_operator.py took 0.117 seconds
[2024-10-08T12:38:14.189+0000] {processor.py:186} INFO - Started process (PID=514) to work on /home/airflow/.local/lib/python3.12/site-packages/airflow/example_dags/example_bash_operator.py
[2024-10-08T12:38:14.190+0000] {processor.py:914} INFO - Processing file /home/airflow/.local/lib/python3.12/site-packages/airflow/example_dags/example_bash_operator.py for tasks to queue
[2024-10-08T12:38:14.193+0000] {logging_mixin.py:190} INFO - [2024-10-08T12:38:14.192+0000] {dagbag.py:588} INFO - Filling up the DagBag from /home/airflow/.local/lib/python3.12/site-packages/airflow/example_dags/example_bash_operator.py
[2024-10-08T12:38:14.206+0000] {processor.py:925} INFO - DAG(s) 'example_bash_operator' retrieved from /home/airflow/.local/lib/python3.12/site-packages/airflow/example_dags/example_bash_operator.py
[2024-10-08T12:38:14.234+0000] {logging_mixin.py:190} INFO - [2024-10-08T12:38:14.234+0000] {dag.py:3239} INFO - Sync 1 DAGs
[2024-10-08T12:38:14.259+0000] {logging_mixin.py:190} INFO - [2024-10-08T12:38:14.259+0000] {dag.py:4180} INFO - Setting next_dagrun for example_bash_operator to 2024-10-07 00:00:00+00:00, run_after=2024-10-08 00:00:00+00:00
[2024-10-08T12:38:14.281+0000] {processor.py:208} INFO - Processing /home/airflow/.local/lib/python3.12/site-packages/airflow/example_dags/example_bash_operator.py took 0.098 seconds
[2024-10-08T12:38:46.567+0000] {processor.py:186} INFO - Started process (PID=577) to work on /home/airflow/.local/lib/python3.12/site-packages/airflow/example_dags/example_bash_operator.py
[2024-10-08T12:38:46.568+0000] {processor.py:914} INFO - Processing file /home/airflow/.local/lib/python3.12/site-packages/airflow/example_dags/example_bash_operator.py for tasks to queue
[2024-10-08T12:38:46.571+0000] {logging_mixin.py:190} INFO - [2024-10-08T12:38:46.571+0000] {dagbag.py:588} INFO - Filling up the DagBag from /home/airflow/.local/lib/python3.12/site-packages/airflow/example_dags/example_bash_operator.py
[2024-10-08T12:38:46.590+0000] {processor.py:925} INFO - DAG(s) 'example_bash_operator' retrieved from /home/airflow/.local/lib/python3.12/site-packages/airflow/example_dags/example_bash_operator.py
[2024-10-08T12:38:46.622+0000] {logging_mixin.py:190} INFO - [2024-10-08T12:38:46.621+0000] {dag.py:3239} INFO - Sync 1 DAGs
[2024-10-08T12:38:46.645+0000] {logging_mixin.py:190} INFO - [2024-10-08T12:38:46.645+0000] {dag.py:4180} INFO - Setting next_dagrun for example_bash_operator to 2024-10-07 00:00:00+00:00, run_after=2024-10-08 00:00:00+00:00
[2024-10-08T12:38:46.666+0000] {processor.py:208} INFO - Processing /home/airflow/.local/lib/python3.12/site-packages/airflow/example_dags/example_bash_operator.py took 0.107 seconds
[2024-10-08T12:39:16.871+0000] {processor.py:186} INFO - Started process (PID=646) to work on /home/airflow/.local/lib/python3.12/site-packages/airflow/example_dags/example_bash_operator.py
[2024-10-08T12:39:16.872+0000] {processor.py:914} INFO - Processing file /home/airflow/.local/lib/python3.12/site-packages/airflow/example_dags/example_bash_operator.py for tasks to queue
[2024-10-08T12:39:16.876+0000] {logging_mixin.py:190} INFO - [2024-10-08T12:39:16.875+0000] {dagbag.py:588} INFO - Filling up the DagBag from /home/airflow/.local/lib/python3.12/site-packages/airflow/example_dags/example_bash_operator.py
[2024-10-08T12:39:16.898+0000] {processor.py:925} INFO - DAG(s) 'example_bash_operator' retrieved from /home/airflow/.local/lib/python3.12/site-packages/airflow/example_dags/example_bash_operator.py
[2024-10-08T12:39:16.945+0000] {logging_mixin.py:190} INFO - [2024-10-08T12:39:16.945+0000] {dag.py:3239} INFO - Sync 1 DAGs
[2024-10-08T12:39:16.973+0000] {logging_mixin.py:190} INFO - [2024-10-08T12:39:16.973+0000] {dag.py:4180} INFO - Setting next_dagrun for example_bash_operator to 2024-10-07 00:00:00+00:00, run_after=2024-10-08 00:00:00+00:00
[2024-10-08T12:39:16.996+0000] {processor.py:208} INFO - Processing /home/airflow/.local/lib/python3.12/site-packages/airflow/example_dags/example_bash_operator.py took 0.134 seconds
[2024-10-08T12:39:47.223+0000] {processor.py:186} INFO - Started process (PID=703) to work on /home/airflow/.local/lib/python3.12/site-packages/airflow/example_dags/example_bash_operator.py
[2024-10-08T12:39:47.224+0000] {processor.py:914} INFO - Processing file /home/airflow/.local/lib/python3.12/site-packages/airflow/example_dags/example_bash_operator.py for tasks to queue
[2024-10-08T12:39:47.227+0000] {logging_mixin.py:190} INFO - [2024-10-08T12:39:47.226+0000] {dagbag.py:588} INFO - Filling up the DagBag from /home/airflow/.local/lib/python3.12/site-packages/airflow/example_dags/example_bash_operator.py
[2024-10-08T12:39:47.244+0000] {processor.py:925} INFO - DAG(s) 'example_bash_operator' retrieved from /home/airflow/.local/lib/python3.12/site-packages/airflow/example_dags/example_bash_operator.py
[2024-10-08T12:39:47.276+0000] {logging_mixin.py:190} INFO - [2024-10-08T12:39:47.276+0000] {dag.py:3239} INFO - Sync 1 DAGs
[2024-10-08T12:39:47.303+0000] {logging_mixin.py:190} INFO - [2024-10-08T12:39:47.303+0000] {dag.py:4180} INFO - Setting next_dagrun for example_bash_operator to 2024-10-07 00:00:00+00:00, run_after=2024-10-08 00:00:00+00:00
[2024-10-08T12:39:47.330+0000] {processor.py:208} INFO - Processing /home/airflow/.local/lib/python3.12/site-packages/airflow/example_dags/example_bash_operator.py took 0.113 seconds
[2024-10-08T12:40:17.826+0000] {processor.py:186} INFO - Started process (PID=772) to work on /home/airflow/.local/lib/python3.12/site-packages/airflow/example_dags/example_bash_operator.py
[2024-10-08T12:40:17.828+0000] {processor.py:914} INFO - Processing file /home/airflow/.local/lib/python3.12/site-packages/airflow/example_dags/example_bash_operator.py for tasks to queue
[2024-10-08T12:40:17.830+0000] {logging_mixin.py:190} INFO - [2024-10-08T12:40:17.830+0000] {dagbag.py:588} INFO - Filling up the DagBag from /home/airflow/.local/lib/python3.12/site-packages/airflow/example_dags/example_bash_operator.py
[2024-10-08T12:40:17.843+0000] {processor.py:925} INFO - DAG(s) 'example_bash_operator' retrieved from /home/airflow/.local/lib/python3.12/site-packages/airflow/example_dags/example_bash_operator.py
[2024-10-08T12:40:17.870+0000] {logging_mixin.py:190} INFO - [2024-10-08T12:40:17.870+0000] {dag.py:3239} INFO - Sync 1 DAGs
[2024-10-08T12:40:17.894+0000] {logging_mixin.py:190} INFO - [2024-10-08T12:40:17.894+0000] {dag.py:4180} INFO - Setting next_dagrun for example_bash_operator to 2024-10-07 00:00:00+00:00, run_after=2024-10-08 00:00:00+00:00
[2024-10-08T12:40:17.912+0000] {processor.py:208} INFO - Processing /home/airflow/.local/lib/python3.12/site-packages/airflow/example_dags/example_bash_operator.py took 0.091 seconds
[2024-10-08T12:41:00.065+0000] {processor.py:186} INFO - Started process (PID=835) to work on /home/airflow/.local/lib/python3.12/site-packages/airflow/example_dags/example_bash_operator.py
[2024-10-08T12:41:00.066+0000] {processor.py:914} INFO - Processing file /home/airflow/.local/lib/python3.12/site-packages/airflow/example_dags/example_bash_operator.py for tasks to queue
[2024-10-08T12:41:00.068+0000] {logging_mixin.py:190} INFO - [2024-10-08T12:41:00.068+0000] {dagbag.py:588} INFO - Filling up the DagBag from /home/airflow/.local/lib/python3.12/site-packages/airflow/example_dags/example_bash_operator.py
[2024-10-08T12:41:00.083+0000] {processor.py:925} INFO - DAG(s) 'example_bash_operator' retrieved from /home/airflow/.local/lib/python3.12/site-packages/airflow/example_dags/example_bash_operator.py
[2024-10-08T12:41:00.113+0000] {logging_mixin.py:190} INFO - [2024-10-08T12:41:00.113+0000] {dag.py:3239} INFO - Sync 1 DAGs
[2024-10-08T12:41:00.148+0000] {logging_mixin.py:190} INFO - [2024-10-08T12:41:00.148+0000] {dag.py:4180} INFO - Setting next_dagrun for example_bash_operator to 2024-10-07 00:00:00+00:00, run_after=2024-10-08 00:00:00+00:00
[2024-10-08T12:41:00.168+0000] {processor.py:208} INFO - Processing /home/airflow/.local/lib/python3.12/site-packages/airflow/example_dags/example_bash_operator.py took 0.110 seconds
[2024-10-08T12:41:45.480+0000] {processor.py:186} INFO - Started process (PID=898) to work on /home/airflow/.local/lib/python3.12/site-packages/airflow/example_dags/example_bash_operator.py
[2024-10-08T12:41:45.482+0000] {processor.py:914} INFO - Processing file /home/airflow/.local/lib/python3.12/site-packages/airflow/example_dags/example_bash_operator.py for tasks to queue
[2024-10-08T12:41:45.485+0000] {logging_mixin.py:190} INFO - [2024-10-08T12:41:45.484+0000] {dagbag.py:588} INFO - Filling up the DagBag from /home/airflow/.local/lib/python3.12/site-packages/airflow/example_dags/example_bash_operator.py
[2024-10-08T12:41:45.498+0000] {processor.py:925} INFO - DAG(s) 'example_bash_operator' retrieved from /home/airflow/.local/lib/python3.12/site-packages/airflow/example_dags/example_bash_operator.py
[2024-10-08T12:41:45.523+0000] {logging_mixin.py:190} INFO - [2024-10-08T12:41:45.523+0000] {dag.py:3239} INFO - Sync 1 DAGs
[2024-10-08T12:41:45.546+0000] {logging_mixin.py:190} INFO - [2024-10-08T12:41:45.546+0000] {dag.py:4180} INFO - Setting next_dagrun for example_bash_operator to 2024-10-07 00:00:00+00:00, run_after=2024-10-08 00:00:00+00:00
[2024-10-08T12:41:45.567+0000] {processor.py:208} INFO - Processing /home/airflow/.local/lib/python3.12/site-packages/airflow/example_dags/example_bash_operator.py took 0.093 seconds
[2024-10-08T12:42:15.790+0000] {processor.py:186} INFO - Started process (PID=962) to work on /home/airflow/.local/lib/python3.12/site-packages/airflow/example_dags/example_bash_operator.py
[2024-10-08T12:42:15.791+0000] {processor.py:914} INFO - Processing file /home/airflow/.local/lib/python3.12/site-packages/airflow/example_dags/example_bash_operator.py for tasks to queue
[2024-10-08T12:42:15.793+0000] {logging_mixin.py:190} INFO - [2024-10-08T12:42:15.793+0000] {dagbag.py:588} INFO - Filling up the DagBag from /home/airflow/.local/lib/python3.12/site-packages/airflow/example_dags/example_bash_operator.py
[2024-10-08T12:42:15.808+0000] {processor.py:925} INFO - DAG(s) 'example_bash_operator' retrieved from /home/airflow/.local/lib/python3.12/site-packages/airflow/example_dags/example_bash_operator.py
[2024-10-08T12:42:15.835+0000] {logging_mixin.py:190} INFO - [2024-10-08T12:42:15.835+0000] {dag.py:3239} INFO - Sync 1 DAGs
[2024-10-08T12:42:15.858+0000] {logging_mixin.py:190} INFO - [2024-10-08T12:42:15.858+0000] {dag.py:4180} INFO - Setting next_dagrun for example_bash_operator to 2024-10-07 00:00:00+00:00, run_after=2024-10-08 00:00:00+00:00
[2024-10-08T12:42:15.880+0000] {processor.py:208} INFO - Processing /home/airflow/.local/lib/python3.12/site-packages/airflow/example_dags/example_bash_operator.py took 0.096 seconds
[2024-10-08T12:42:46.768+0000] {processor.py:186} INFO - Started process (PID=1025) to work on /home/airflow/.local/lib/python3.12/site-packages/airflow/example_dags/example_bash_operator.py
[2024-10-08T12:42:46.769+0000] {processor.py:914} INFO - Processing file /home/airflow/.local/lib/python3.12/site-packages/airflow/example_dags/example_bash_operator.py for tasks to queue
[2024-10-08T12:42:46.771+0000] {logging_mixin.py:190} INFO - [2024-10-08T12:42:46.771+0000] {dagbag.py:588} INFO - Filling up the DagBag from /home/airflow/.local/lib/python3.12/site-packages/airflow/example_dags/example_bash_operator.py
[2024-10-08T12:42:46.784+0000] {processor.py:925} INFO - DAG(s) 'example_bash_operator' retrieved from /home/airflow/.local/lib/python3.12/site-packages/airflow/example_dags/example_bash_operator.py
[2024-10-08T12:42:46.809+0000] {logging_mixin.py:190} INFO - [2024-10-08T12:42:46.808+0000] {dag.py:3239} INFO - Sync 1 DAGs
[2024-10-08T12:42:46.832+0000] {logging_mixin.py:190} INFO - [2024-10-08T12:42:46.832+0000] {dag.py:4180} INFO - Setting next_dagrun for example_bash_operator to 2024-10-07 00:00:00+00:00, run_after=2024-10-08 00:00:00+00:00
[2024-10-08T12:42:46.852+0000] {processor.py:208} INFO - Processing /home/airflow/.local/lib/python3.12/site-packages/airflow/example_dags/example_bash_operator.py took 0.091 seconds
[2024-10-08T12:43:17.727+0000] {processor.py:186} INFO - Started process (PID=1088) to work on /home/airflow/.local/lib/python3.12/site-packages/airflow/example_dags/example_bash_operator.py
[2024-10-08T12:43:17.728+0000] {processor.py:914} INFO - Processing file /home/airflow/.local/lib/python3.12/site-packages/airflow/example_dags/example_bash_operator.py for tasks to queue
[2024-10-08T12:43:17.730+0000] {logging_mixin.py:190} INFO - [2024-10-08T12:43:17.730+0000] {dagbag.py:588} INFO - Filling up the DagBag from /home/airflow/.local/lib/python3.12/site-packages/airflow/example_dags/example_bash_operator.py
[2024-10-08T12:43:17.745+0000] {processor.py:925} INFO - DAG(s) 'example_bash_operator' retrieved from /home/airflow/.local/lib/python3.12/site-packages/airflow/example_dags/example_bash_operator.py
[2024-10-08T12:43:17.775+0000] {logging_mixin.py:190} INFO - [2024-10-08T12:43:17.774+0000] {dag.py:3239} INFO - Sync 1 DAGs
[2024-10-08T12:43:17.801+0000] {logging_mixin.py:190} INFO - [2024-10-08T12:43:17.800+0000] {dag.py:4180} INFO - Setting next_dagrun for example_bash_operator to 2024-10-07 00:00:00+00:00, run_after=2024-10-08 00:00:00+00:00
[2024-10-08T12:43:17.820+0000] {processor.py:208} INFO - Processing /home/airflow/.local/lib/python3.12/site-packages/airflow/example_dags/example_bash_operator.py took 0.099 seconds
[2024-10-08T12:44:03.488+0000] {processor.py:186} INFO - Started process (PID=1151) to work on /home/airflow/.local/lib/python3.12/site-packages/airflow/example_dags/example_bash_operator.py
[2024-10-08T12:44:03.489+0000] {processor.py:914} INFO - Processing file /home/airflow/.local/lib/python3.12/site-packages/airflow/example_dags/example_bash_operator.py for tasks to queue
[2024-10-08T12:44:03.491+0000] {logging_mixin.py:190} INFO - [2024-10-08T12:44:03.491+0000] {dagbag.py:588} INFO - Filling up the DagBag from /home/airflow/.local/lib/python3.12/site-packages/airflow/example_dags/example_bash_operator.py
[2024-10-08T12:44:03.507+0000] {processor.py:925} INFO - DAG(s) 'example_bash_operator' retrieved from /home/airflow/.local/lib/python3.12/site-packages/airflow/example_dags/example_bash_operator.py
[2024-10-08T12:44:03.533+0000] {logging_mixin.py:190} INFO - [2024-10-08T12:44:03.533+0000] {dag.py:3239} INFO - Sync 1 DAGs
[2024-10-08T12:44:03.561+0000] {logging_mixin.py:190} INFO - [2024-10-08T12:44:03.561+0000] {dag.py:4180} INFO - Setting next_dagrun for example_bash_operator to 2024-10-07 00:00:00+00:00, run_after=2024-10-08 00:00:00+00:00
[2024-10-08T12:44:03.586+0000] {processor.py:208} INFO - Processing /home/airflow/.local/lib/python3.12/site-packages/airflow/example_dags/example_bash_operator.py took 0.103 seconds
[2024-10-08T12:44:34.146+0000] {processor.py:186} INFO - Started process (PID=1215) to work on /home/airflow/.local/lib/python3.12/site-packages/airflow/example_dags/example_bash_operator.py
[2024-10-08T12:44:34.147+0000] {processor.py:914} INFO - Processing file /home/airflow/.local/lib/python3.12/site-packages/airflow/example_dags/example_bash_operator.py for tasks to queue
[2024-10-08T12:44:34.148+0000] {logging_mixin.py:190} INFO - [2024-10-08T12:44:34.148+0000] {dagbag.py:588} INFO - Filling up the DagBag from /home/airflow/.local/lib/python3.12/site-packages/airflow/example_dags/example_bash_operator.py
[2024-10-08T12:44:34.164+0000] {processor.py:925} INFO - DAG(s) 'example_bash_operator' retrieved from /home/airflow/.local/lib/python3.12/site-packages/airflow/example_dags/example_bash_operator.py
[2024-10-08T12:44:34.195+0000] {logging_mixin.py:190} INFO - [2024-10-08T12:44:34.195+0000] {dag.py:3239} INFO - Sync 1 DAGs
[2024-10-08T12:44:34.224+0000] {logging_mixin.py:190} INFO - [2024-10-08T12:44:34.224+0000] {dag.py:4180} INFO - Setting next_dagrun for example_bash_operator to 2024-10-07 00:00:00+00:00, run_after=2024-10-08 00:00:00+00:00
[2024-10-08T12:44:34.246+0000] {processor.py:208} INFO - Processing /home/airflow/.local/lib/python3.12/site-packages/airflow/example_dags/example_bash_operator.py took 0.106 seconds
[2024-10-08T12:45:04.637+0000] {processor.py:186} INFO - Started process (PID=1278) to work on /home/airflow/.local/lib/python3.12/site-packages/airflow/example_dags/example_bash_operator.py
[2024-10-08T12:45:04.638+0000] {processor.py:914} INFO - Processing file /home/airflow/.local/lib/python3.12/site-packages/airflow/example_dags/example_bash_operator.py for tasks to queue
[2024-10-08T12:45:04.640+0000] {logging_mixin.py:190} INFO - [2024-10-08T12:45:04.639+0000] {dagbag.py:588} INFO - Filling up the DagBag from /home/airflow/.local/lib/python3.12/site-packages/airflow/example_dags/example_bash_operator.py
[2024-10-08T12:45:04.654+0000] {processor.py:925} INFO - DAG(s) 'example_bash_operator' retrieved from /home/airflow/.local/lib/python3.12/site-packages/airflow/example_dags/example_bash_operator.py
[2024-10-08T12:45:04.678+0000] {logging_mixin.py:190} INFO - [2024-10-08T12:45:04.678+0000] {dag.py:3239} INFO - Sync 1 DAGs
[2024-10-08T12:45:04.702+0000] {logging_mixin.py:190} INFO - [2024-10-08T12:45:04.702+0000] {dag.py:4180} INFO - Setting next_dagrun for example_bash_operator to 2024-10-07 00:00:00+00:00, run_after=2024-10-08 00:00:00+00:00
[2024-10-08T12:45:04.719+0000] {processor.py:208} INFO - Processing /home/airflow/.local/lib/python3.12/site-packages/airflow/example_dags/example_bash_operator.py took 0.088 seconds
[2024-10-08T12:45:35.047+0000] {processor.py:186} INFO - Started process (PID=1341) to work on /home/airflow/.local/lib/python3.12/site-packages/airflow/example_dags/example_bash_operator.py
[2024-10-08T12:45:35.049+0000] {processor.py:914} INFO - Processing file /home/airflow/.local/lib/python3.12/site-packages/airflow/example_dags/example_bash_operator.py for tasks to queue
[2024-10-08T12:45:35.050+0000] {logging_mixin.py:190} INFO - [2024-10-08T12:45:35.050+0000] {dagbag.py:588} INFO - Filling up the DagBag from /home/airflow/.local/lib/python3.12/site-packages/airflow/example_dags/example_bash_operator.py
[2024-10-08T12:45:35.064+0000] {processor.py:925} INFO - DAG(s) 'example_bash_operator' retrieved from /home/airflow/.local/lib/python3.12/site-packages/airflow/example_dags/example_bash_operator.py
[2024-10-08T12:45:35.092+0000] {logging_mixin.py:190} INFO - [2024-10-08T12:45:35.092+0000] {dag.py:3239} INFO - Sync 1 DAGs
[2024-10-08T12:45:35.115+0000] {logging_mixin.py:190} INFO - [2024-10-08T12:45:35.115+0000] {dag.py:4180} INFO - Setting next_dagrun for example_bash_operator to 2024-10-07 00:00:00+00:00, run_after=2024-10-08 00:00:00+00:00
[2024-10-08T12:45:35.136+0000] {processor.py:208} INFO - Processing /home/airflow/.local/lib/python3.12/site-packages/airflow/example_dags/example_bash_operator.py took 0.095 seconds
[2024-10-08T12:46:41.086+0000] {processor.py:186} INFO - Started process (PID=1429) to work on /home/airflow/.local/lib/python3.12/site-packages/airflow/example_dags/example_bash_operator.py
[2024-10-08T12:46:41.088+0000] {processor.py:914} INFO - Processing file /home/airflow/.local/lib/python3.12/site-packages/airflow/example_dags/example_bash_operator.py for tasks to queue
[2024-10-08T12:46:41.089+0000] {logging_mixin.py:190} INFO - [2024-10-08T12:46:41.089+0000] {dagbag.py:588} INFO - Filling up the DagBag from /home/airflow/.local/lib/python3.12/site-packages/airflow/example_dags/example_bash_operator.py
[2024-10-08T12:46:41.105+0000] {processor.py:925} INFO - DAG(s) 'example_bash_operator' retrieved from /home/airflow/.local/lib/python3.12/site-packages/airflow/example_dags/example_bash_operator.py
[2024-10-08T12:46:41.135+0000] {logging_mixin.py:190} INFO - [2024-10-08T12:46:41.135+0000] {dag.py:3239} INFO - Sync 1 DAGs
[2024-10-08T12:46:41.167+0000] {logging_mixin.py:190} INFO - [2024-10-08T12:46:41.166+0000] {dag.py:4180} INFO - Setting next_dagrun for example_bash_operator to 2024-10-07 00:00:00+00:00, run_after=2024-10-08 00:00:00+00:00
[2024-10-08T12:46:41.188+0000] {processor.py:208} INFO - Processing /home/airflow/.local/lib/python3.12/site-packages/airflow/example_dags/example_bash_operator.py took 0.107 seconds
[2024-10-08T12:47:39.226+0000] {processor.py:186} INFO - Started process (PID=1501) to work on /home/airflow/.local/lib/python3.12/site-packages/airflow/example_dags/example_bash_operator.py
[2024-10-08T12:47:39.227+0000] {processor.py:914} INFO - Processing file /home/airflow/.local/lib/python3.12/site-packages/airflow/example_dags/example_bash_operator.py for tasks to queue
[2024-10-08T12:47:39.228+0000] {logging_mixin.py:190} INFO - [2024-10-08T12:47:39.228+0000] {dagbag.py:588} INFO - Filling up the DagBag from /home/airflow/.local/lib/python3.12/site-packages/airflow/example_dags/example_bash_operator.py
[2024-10-08T12:47:39.243+0000] {processor.py:925} INFO - DAG(s) 'example_bash_operator' retrieved from /home/airflow/.local/lib/python3.12/site-packages/airflow/example_dags/example_bash_operator.py
[2024-10-08T12:47:39.272+0000] {logging_mixin.py:190} INFO - [2024-10-08T12:47:39.271+0000] {dag.py:3239} INFO - Sync 1 DAGs
[2024-10-08T12:47:39.299+0000] {logging_mixin.py:190} INFO - [2024-10-08T12:47:39.299+0000] {dag.py:4180} INFO - Setting next_dagrun for example_bash_operator to 2024-10-07 00:00:00+00:00, run_after=2024-10-08 00:00:00+00:00
[2024-10-08T12:47:39.322+0000] {processor.py:208} INFO - Processing /home/airflow/.local/lib/python3.12/site-packages/airflow/example_dags/example_bash_operator.py took 0.102 seconds
[2024-10-08T12:48:09.814+0000] {processor.py:186} INFO - Started process (PID=1564) to work on /home/airflow/.local/lib/python3.12/site-packages/airflow/example_dags/example_bash_operator.py
[2024-10-08T12:48:09.815+0000] {processor.py:914} INFO - Processing file /home/airflow/.local/lib/python3.12/site-packages/airflow/example_dags/example_bash_operator.py for tasks to queue
[2024-10-08T12:48:09.816+0000] {logging_mixin.py:190} INFO - [2024-10-08T12:48:09.816+0000] {dagbag.py:588} INFO - Filling up the DagBag from /home/airflow/.local/lib/python3.12/site-packages/airflow/example_dags/example_bash_operator.py
[2024-10-08T12:48:09.830+0000] {processor.py:925} INFO - DAG(s) 'example_bash_operator' retrieved from /home/airflow/.local/lib/python3.12/site-packages/airflow/example_dags/example_bash_operator.py
[2024-10-08T12:48:09.870+0000] {logging_mixin.py:190} INFO - [2024-10-08T12:48:09.870+0000] {dag.py:3239} INFO - Sync 1 DAGs
[2024-10-08T12:48:09.896+0000] {logging_mixin.py:190} INFO - [2024-10-08T12:48:09.895+0000] {dag.py:4180} INFO - Setting next_dagrun for example_bash_operator to 2024-10-07 00:00:00+00:00, run_after=2024-10-08 00:00:00+00:00
[2024-10-08T12:48:09.918+0000] {processor.py:208} INFO - Processing /home/airflow/.local/lib/python3.12/site-packages/airflow/example_dags/example_bash_operator.py took 0.110 seconds
[2024-10-08T12:48:40.853+0000] {processor.py:186} INFO - Started process (PID=1627) to work on /home/airflow/.local/lib/python3.12/site-packages/airflow/example_dags/example_bash_operator.py
[2024-10-08T12:48:40.855+0000] {processor.py:914} INFO - Processing file /home/airflow/.local/lib/python3.12/site-packages/airflow/example_dags/example_bash_operator.py for tasks to queue
[2024-10-08T12:48:40.856+0000] {logging_mixin.py:190} INFO - [2024-10-08T12:48:40.856+0000] {dagbag.py:588} INFO - Filling up the DagBag from /home/airflow/.local/lib/python3.12/site-packages/airflow/example_dags/example_bash_operator.py
[2024-10-08T12:48:40.872+0000] {processor.py:925} INFO - DAG(s) 'example_bash_operator' retrieved from /home/airflow/.local/lib/python3.12/site-packages/airflow/example_dags/example_bash_operator.py
[2024-10-08T12:48:40.899+0000] {logging_mixin.py:190} INFO - [2024-10-08T12:48:40.899+0000] {dag.py:3239} INFO - Sync 1 DAGs
[2024-10-08T12:48:40.924+0000] {logging_mixin.py:190} INFO - [2024-10-08T12:48:40.923+0000] {dag.py:4180} INFO - Setting next_dagrun for example_bash_operator to 2024-10-07 00:00:00+00:00, run_after=2024-10-08 00:00:00+00:00
[2024-10-08T12:48:40.945+0000] {processor.py:208} INFO - Processing /home/airflow/.local/lib/python3.12/site-packages/airflow/example_dags/example_bash_operator.py took 0.098 seconds
[2024-10-08T12:49:27.446+0000] {processor.py:186} INFO - Started process (PID=1690) to work on /home/airflow/.local/lib/python3.12/site-packages/airflow/example_dags/example_bash_operator.py
[2024-10-08T12:49:27.447+0000] {processor.py:914} INFO - Processing file /home/airflow/.local/lib/python3.12/site-packages/airflow/example_dags/example_bash_operator.py for tasks to queue
[2024-10-08T12:49:27.449+0000] {logging_mixin.py:190} INFO - [2024-10-08T12:49:27.448+0000] {dagbag.py:588} INFO - Filling up the DagBag from /home/airflow/.local/lib/python3.12/site-packages/airflow/example_dags/example_bash_operator.py
[2024-10-08T12:49:27.467+0000] {processor.py:925} INFO - DAG(s) 'example_bash_operator' retrieved from /home/airflow/.local/lib/python3.12/site-packages/airflow/example_dags/example_bash_operator.py
[2024-10-08T12:49:27.500+0000] {logging_mixin.py:190} INFO - [2024-10-08T12:49:27.499+0000] {dag.py:3239} INFO - Sync 1 DAGs
[2024-10-08T12:49:27.530+0000] {logging_mixin.py:190} INFO - [2024-10-08T12:49:27.530+0000] {dag.py:4180} INFO - Setting next_dagrun for example_bash_operator to 2024-10-07 00:00:00+00:00, run_after=2024-10-08 00:00:00+00:00
[2024-10-08T12:49:27.555+0000] {processor.py:208} INFO - Processing /home/airflow/.local/lib/python3.12/site-packages/airflow/example_dags/example_bash_operator.py took 0.116 seconds
[2024-10-08T12:49:58.161+0000] {processor.py:186} INFO - Started process (PID=1753) to work on /home/airflow/.local/lib/python3.12/site-packages/airflow/example_dags/example_bash_operator.py
[2024-10-08T12:49:58.163+0000] {processor.py:914} INFO - Processing file /home/airflow/.local/lib/python3.12/site-packages/airflow/example_dags/example_bash_operator.py for tasks to queue
[2024-10-08T12:49:58.165+0000] {logging_mixin.py:190} INFO - [2024-10-08T12:49:58.164+0000] {dagbag.py:588} INFO - Filling up the DagBag from /home/airflow/.local/lib/python3.12/site-packages/airflow/example_dags/example_bash_operator.py
[2024-10-08T12:49:58.181+0000] {processor.py:925} INFO - DAG(s) 'example_bash_operator' retrieved from /home/airflow/.local/lib/python3.12/site-packages/airflow/example_dags/example_bash_operator.py
[2024-10-08T12:49:58.214+0000] {logging_mixin.py:190} INFO - [2024-10-08T12:49:58.214+0000] {dag.py:3239} INFO - Sync 1 DAGs
[2024-10-08T12:49:58.244+0000] {logging_mixin.py:190} INFO - [2024-10-08T12:49:58.244+0000] {dag.py:4180} INFO - Setting next_dagrun for example_bash_operator to 2024-10-07 00:00:00+00:00, run_after=2024-10-08 00:00:00+00:00
[2024-10-08T12:49:58.267+0000] {processor.py:208} INFO - Processing /home/airflow/.local/lib/python3.12/site-packages/airflow/example_dags/example_bash_operator.py took 0.114 seconds
